[1.852s] Invoking command in '/home/daniel/danbot_v1_ws/build/controlador_motores_v1': DEBUGINFOD_URLS=https://debuginfod.ubuntu.com PYTHONPATH=/home/daniel/danbot_v1_ws/build/controlador_motores_v1/prefix_override:/usr/lib/python3/dist-packages/colcon_core/task/python/colcon_distutils_commands:/home/daniel/danbot_v1_ws/install/controlador_motores_v1/lib/python3.12/site-packages:${PYTHONPATH} /usr/bin/python3 -W ignore:setup.py install is deprecated setup.py develop --editable --build-directory /home/daniel/danbot_v1_ws/build/controlador_motores_v1/build --no-deps symlink_data
[2.486s] running develop
[2.486s] /usr/lib/python3/dist-packages/setuptools/command/develop.py:40: EasyInstallDeprecationWarning: easy_install command is deprecated.
[2.486s] !!
[2.487s] 
[2.487s]         ********************************************************************************
[2.487s]         Please avoid running ``setup.py`` and ``easy_install``.
[2.487s]         Instead, use pypa/build, pypa/installer or other
[2.487s]         standards-based tools.
[2.487s] 
[2.487s]         See https://github.com/pypa/setuptools/issues/917 for details.
[2.487s]         ********************************************************************************
[2.487s] 
[2.487s] !!
[2.488s]   easy_install.initialize_options(self)
[2.798s] running egg_info
[2.827s] writing controlador_motores_v1.egg-info/PKG-INFO
[2.827s] writing dependency_links to controlador_motores_v1.egg-info/dependency_links.txt
[2.827s] writing entry points to controlador_motores_v1.egg-info/entry_points.txt
[2.827s] writing requirements to controlador_motores_v1.egg-info/requires.txt
[2.828s] writing top-level names to controlador_motores_v1.egg-info/top_level.txt
[2.884s] reading manifest file 'controlador_motores_v1.egg-info/SOURCES.txt'
[2.885s] writing manifest file 'controlador_motores_v1.egg-info/SOURCES.txt'
[2.914s] running build_ext
[2.915s] Creating /home/daniel/danbot_v1_ws/install/controlador_motores_v1/lib/python3.12/site-packages/controlador-motores-v1.egg-link (link to .)
[2.915s] Installing motor_controller script to /home/daniel/danbot_v1_ws/install/controlador_motores_v1/lib/controlador_motores_v1
[2.915s] 
[2.915s] Installed /home/daniel/danbot_v1_ws/build/controlador_motores_v1
[2.919s] running symlink_data
[2.970s] Invoked command in '/home/daniel/danbot_v1_ws/build/controlador_motores_v1' returned '0': DEBUGINFOD_URLS=https://debuginfod.ubuntu.com PYTHONPATH=/home/daniel/danbot_v1_ws/build/controlador_motores_v1/prefix_override:/usr/lib/python3/dist-packages/colcon_core/task/python/colcon_distutils_commands:/home/daniel/danbot_v1_ws/install/controlador_motores_v1/lib/python3.12/site-packages:${PYTHONPATH} /usr/bin/python3 -W ignore:setup.py install is deprecated setup.py develop --editable --build-directory /home/daniel/danbot_v1_ws/build/controlador_motores_v1/build --no-deps symlink_data
