[1.044s] Invoking command in '/home/daniel/danbot_v1_ws/build/controlador_motores_v1': DEBUGINFOD_URLS=https://debuginfod.ubuntu.com PYTHONPATH=/home/daniel/danbot_v1_ws/build/controlador_motores_v1/prefix_override:/usr/lib/python3/dist-packages/colcon_core/task/python/colcon_distutils_commands:/home/daniel/danbot_v1_ws/install/controlador_motores_v1/lib/python3.12/site-packages:${PYTHONPATH} /usr/bin/python3 -W ignore:setup.py install is deprecated setup.py develop --uninstall --editable --build-directory /home/daniel/danbot_v1_ws/build/controlador_motores_v1/build
[1.398s] running develop
[1.399s] /usr/lib/python3/dist-packages/setuptools/command/develop.py:40: EasyInstallDeprecationWarning: easy_install command is deprecated.
[1.399s] !!
[1.399s] 
[1.399s]         ********************************************************************************
[1.399s]         Please avoid running ``setup.py`` and ``easy_install``.
[1.399s]         Instead, use pypa/build, pypa/installer or other
[1.399s]         standards-based tools.
[1.399s] 
[1.399s]         See https://github.com/pypa/setuptools/issues/917 for details.
[1.399s]         ********************************************************************************
[1.400s] 
[1.400s] !!
[1.400s]   easy_install.initialize_options(self)
[1.635s] Removing /home/daniel/danbot_v1_ws/install/controlador_motores_v1/lib/python3.12/site-packages/controlador-motores-v1.egg-link (link to .)
[1.675s] Invoked command in '/home/daniel/danbot_v1_ws/build/controlador_motores_v1' returned '0': DEBUGINFOD_URLS=https://debuginfod.ubuntu.com PYTHONPATH=/home/daniel/danbot_v1_ws/build/controlador_motores_v1/prefix_override:/usr/lib/python3/dist-packages/colcon_core/task/python/colcon_distutils_commands:/home/daniel/danbot_v1_ws/install/controlador_motores_v1/lib/python3.12/site-packages:${PYTHONPATH} /usr/bin/python3 -W ignore:setup.py install is deprecated setup.py develop --uninstall --editable --build-directory /home/daniel/danbot_v1_ws/build/controlador_motores_v1/build
[1.676s] Invoking command in '/home/daniel/danbot_v1_ws/src/controlador_motores_v1': DEBUGINFOD_URLS=https://debuginfod.ubuntu.com PYTHONPATH=/home/daniel/danbot_v1_ws/build/controlador_motores_v1/prefix_override:/usr/lib/python3/dist-packages/colcon_core/task/python/colcon_distutils_commands:/home/daniel/danbot_v1_ws/install/controlador_motores_v1/lib/python3.12/site-packages:${PYTHONPATH} /usr/bin/python3 -W ignore:setup.py install is deprecated setup.py egg_info --egg-base ../../build/controlador_motores_v1 build --build-base /home/daniel/danbot_v1_ws/build/controlador_motores_v1/build install --record /home/daniel/danbot_v1_ws/build/controlador_motores_v1/install.log --single-version-externally-managed install_data --force
[1.986s] running egg_info
[2.009s] writing ../../build/controlador_motores_v1/controlador_motores_v1.egg-info/PKG-INFO
[2.010s] writing dependency_links to ../../build/controlador_motores_v1/controlador_motores_v1.egg-info/dependency_links.txt
[2.010s] writing entry points to ../../build/controlador_motores_v1/controlador_motores_v1.egg-info/entry_points.txt
[2.011s] writing requirements to ../../build/controlador_motores_v1/controlador_motores_v1.egg-info/requires.txt
[2.011s] writing top-level names to ../../build/controlador_motores_v1/controlador_motores_v1.egg-info/top_level.txt
[2.060s] reading manifest file '../../build/controlador_motores_v1/controlador_motores_v1.egg-info/SOURCES.txt'
[2.060s] writing manifest file '../../build/controlador_motores_v1/controlador_motores_v1.egg-info/SOURCES.txt'
[2.061s] running build
[2.061s] running build_py
[2.061s] creating /home/daniel/danbot_v1_ws/build/controlador_motores_v1/build
[2.061s] creating /home/daniel/danbot_v1_ws/build/controlador_motores_v1/build/lib
[2.061s] creating /home/daniel/danbot_v1_ws/build/controlador_motores_v1/build/lib/controlador_motores_v1
[2.061s] copying controlador_motores_v1/__init__.py -> /home/daniel/danbot_v1_ws/build/controlador_motores_v1/build/lib/controlador_motores_v1
[2.061s] copying controlador_motores_v1/controlador_motores_v1.py -> /home/daniel/danbot_v1_ws/build/controlador_motores_v1/build/lib/controlador_motores_v1
[2.062s] running install
[2.068s] running install_lib
[2.093s] creating /home/daniel/danbot_v1_ws/install/controlador_motores_v1/lib/python3.12/site-packages/controlador_motores_v1
[2.094s] copying /home/daniel/danbot_v1_ws/build/controlador_motores_v1/build/lib/controlador_motores_v1/__init__.py -> /home/daniel/danbot_v1_ws/install/controlador_motores_v1/lib/python3.12/site-packages/controlador_motores_v1
[2.094s] copying /home/daniel/danbot_v1_ws/build/controlador_motores_v1/build/lib/controlador_motores_v1/controlador_motores_v1.py -> /home/daniel/danbot_v1_ws/install/controlador_motores_v1/lib/python3.12/site-packages/controlador_motores_v1
[2.094s] byte-compiling /home/daniel/danbot_v1_ws/install/controlador_motores_v1/lib/python3.12/site-packages/controlador_motores_v1/__init__.py to __init__.cpython-312.pyc
[2.095s] byte-compiling /home/daniel/danbot_v1_ws/install/controlador_motores_v1/lib/python3.12/site-packages/controlador_motores_v1/controlador_motores_v1.py to controlador_motores_v1.cpython-312.pyc
[2.096s] running install_data
[2.096s] copying resource/controlador_motores_v1 -> /home/daniel/danbot_v1_ws/install/controlador_motores_v1/share/ament_index/resource_index/packages
[2.096s] copying package.xml -> /home/daniel/danbot_v1_ws/install/controlador_motores_v1/share/controlador_motores_v1
[2.097s] running install_egg_info
[2.125s] Copying ../../build/controlador_motores_v1/controlador_motores_v1.egg-info to /home/daniel/danbot_v1_ws/install/controlador_motores_v1/lib/python3.12/site-packages/controlador_motores_v1-0.0.0-py3.12.egg-info
[2.126s] running install_scripts
[2.290s] Installing motor_controller script to /home/daniel/danbot_v1_ws/install/controlador_motores_v1/lib/controlador_motores_v1
[2.290s] writing list of installed files to '/home/daniel/danbot_v1_ws/build/controlador_motores_v1/install.log'
[2.332s] Invoked command in '/home/daniel/danbot_v1_ws/src/controlador_motores_v1' returned '0': DEBUGINFOD_URLS=https://debuginfod.ubuntu.com PYTHONPATH=/home/daniel/danbot_v1_ws/build/controlador_motores_v1/prefix_override:/usr/lib/python3/dist-packages/colcon_core/task/python/colcon_distutils_commands:/home/daniel/danbot_v1_ws/install/controlador_motores_v1/lib/python3.12/site-packages:${PYTHONPATH} /usr/bin/python3 -W ignore:setup.py install is deprecated setup.py egg_info --egg-base ../../build/controlador_motores_v1 build --build-base /home/daniel/danbot_v1_ws/build/controlador_motores_v1/build install --record /home/daniel/danbot_v1_ws/build/controlador_motores_v1/install.log --single-version-externally-managed install_data --force
