[0.019s] Invoking command in '/home/daniel/danbot_v1_ws/build/rf2o_laser_odometry': CMAKE_PREFIX_PATH=${CMAKE_PREFIX_PATH}:/home/daniel/danbot_v1_ws/install/cinematica_v1:/home/daniel/danbot_v1_ws/install/controlador_motores_v2:/home/daniel/danbot_v1_ws/install/controlador_motores_v1:/opt/ros/jazzy DEBUGINFOD_URLS=https://debuginfod.ubuntu.com /usr/bin/cmake --build /home/daniel/danbot_v1_ws/build/rf2o_laser_odometry -- -j4 -l4
[0.178s] [ 40%] Built target rf2o_laser_odometry
[0.192s] [100%] Built target rf2o_laser_odometry_node
[0.238s] Invoked command in '/home/daniel/danbot_v1_ws/build/rf2o_laser_odometry' returned '0': CMAKE_PREFIX_PATH=${CMAKE_PREFIX_PATH}:/home/daniel/danbot_v1_ws/install/cinematica_v1:/home/daniel/danbot_v1_ws/install/controlador_motores_v2:/home/daniel/danbot_v1_ws/install/controlador_motores_v1:/opt/ros/jazzy DEBUGINFOD_URLS=https://debuginfod.ubuntu.com /usr/bin/cmake --build /home/daniel/danbot_v1_ws/build/rf2o_laser_odometry -- -j4 -l4
[0.287s] Invoking command in '/home/daniel/danbot_v1_ws/build/rf2o_laser_odometry': CMAKE_PREFIX_PATH=${CMAKE_PREFIX_PATH}:/home/daniel/danbot_v1_ws/install/cinematica_v1:/home/daniel/danbot_v1_ws/install/controlador_motores_v2:/home/daniel/danbot_v1_ws/install/controlador_motores_v1:/opt/ros/jazzy DEBUGINFOD_URLS=https://debuginfod.ubuntu.com /usr/bin/cmake --install /home/daniel/danbot_v1_ws/build/rf2o_laser_odometry
[0.319s] -- Install configuration: ""
[0.320s] -- Execute custom install script
[0.320s] -- Up-to-date symlink: /home/daniel/danbot_v1_ws/install/rf2o_laser_odometry/lib/rf2o_laser_odometry/rf2o_laser_odometry_node
[0.321s] -- Up-to-date symlink: /home/daniel/danbot_v1_ws/install/rf2o_laser_odometry/share/rf2o_laser_odometry/launch/rf2o_laser_odometry.launch.py
[0.322s] -- Up-to-date symlink: /home/daniel/danbot_v1_ws/install/rf2o_laser_odometry/share/ament_index/resource_index/package_run_dependencies/rf2o_laser_odometry
[0.323s] -- Up-to-date symlink: /home/daniel/danbot_v1_ws/install/rf2o_laser_odometry/share/ament_index/resource_index/parent_prefix_path/rf2o_laser_odometry
[0.323s] -- Up-to-date symlink: /home/daniel/danbot_v1_ws/install/rf2o_laser_odometry/share/rf2o_laser_odometry/environment/ament_prefix_path.sh
[0.323s] -- Up-to-date symlink: /home/daniel/danbot_v1_ws/install/rf2o_laser_odometry/share/rf2o_laser_odometry/environment/ament_prefix_path.dsv
[0.323s] -- Up-to-date symlink: /home/daniel/danbot_v1_ws/install/rf2o_laser_odometry/share/rf2o_laser_odometry/environment/path.sh
[0.323s] -- Up-to-date symlink: /home/daniel/danbot_v1_ws/install/rf2o_laser_odometry/share/rf2o_laser_odometry/environment/path.dsv
[0.323s] -- Up-to-date symlink: /home/daniel/danbot_v1_ws/install/rf2o_laser_odometry/share/rf2o_laser_odometry/local_setup.bash
[0.323s] -- Up-to-date symlink: /home/daniel/danbot_v1_ws/install/rf2o_laser_odometry/share/rf2o_laser_odometry/local_setup.sh
[0.324s] -- Up-to-date symlink: /home/daniel/danbot_v1_ws/install/rf2o_laser_odometry/share/rf2o_laser_odometry/local_setup.zsh
[0.325s] -- Up-to-date symlink: /home/daniel/danbot_v1_ws/install/rf2o_laser_odometry/share/rf2o_laser_odometry/local_setup.dsv
[0.327s] -- Symlinking: /home/daniel/danbot_v1_ws/install/rf2o_laser_odometry/share/rf2o_laser_odometry/package.dsv
[0.344s] -- Up-to-date symlink: /home/daniel/danbot_v1_ws/install/rf2o_laser_odometry/share/ament_index/resource_index/packages/rf2o_laser_odometry
[0.345s] -- Up-to-date symlink: /home/daniel/danbot_v1_ws/install/rf2o_laser_odometry/share/rf2o_laser_odometry/cmake/rf2o_laser_odometryConfig.cmake
[0.346s] -- Up-to-date symlink: /home/daniel/danbot_v1_ws/install/rf2o_laser_odometry/share/rf2o_laser_odometry/cmake/rf2o_laser_odometryConfig-version.cmake
[0.349s] -- Up-to-date symlink: /home/daniel/danbot_v1_ws/install/rf2o_laser_odometry/share/rf2o_laser_odometry/package.xml
[0.351s] Invoked command in '/home/daniel/danbot_v1_ws/build/rf2o_laser_odometry' returned '0': CMAKE_PREFIX_PATH=${CMAKE_PREFIX_PATH}:/home/daniel/danbot_v1_ws/install/cinematica_v1:/home/daniel/danbot_v1_ws/install/controlador_motores_v2:/home/daniel/danbot_v1_ws/install/controlador_motores_v1:/opt/ros/jazzy DEBUGINFOD_URLS=https://debuginfod.ubuntu.com /usr/bin/cmake --install /home/daniel/danbot_v1_ws/build/rf2o_laser_odometry
