[0.024s] Invoking command in '/home/daniel/danbot_v1_ws/build/gazebo_simulation': CMAKE_PREFIX_PATH=${CMAKE_PREFIX_PATH}:/opt/ros/jazzy DEBUGINFOD_URLS=https://debuginfod.ubuntu.com /usr/bin/cmake /home/daniel/danbot_v1_ws/src/omni_navigation/src/gazebo_simulation -DAMENT_CMAKE_SYMLINK_INSTALL=1 -DCMAKE_INSTALL_PREFIX=/home/daniel/danbot_v1_ws/install/gazebo_simulation
[0.152s] -- The C compiler identification is GNU 13.2.0
[0.287s] -- The CXX compiler identification is GNU 13.2.0
[0.330s] -- Detecting C compiler ABI info
[0.582s] -- Detecting C compiler ABI info - done
[0.641s] -- Check for working C compiler: /usr/bin/cc - skipped
[0.641s] -- Detecting C compile features
[0.645s] -- Detecting C compile features - done
[0.670s] -- Detecting CXX compiler ABI info
[0.944s] -- Detecting CXX compiler ABI info - done
[1.026s] -- Check for working CXX compiler: /usr/bin/c++ - skipped
[1.026s] -- Detecting CXX compile features
[1.030s] -- Detecting CXX compile features - done
[1.049s] -- Found ament_cmake: 2.5.2 (/opt/ros/jazzy/share/ament_cmake/cmake)
[1.494s] -- Found Python3: /usr/bin/python3 (found version "3.12.3") found components: Interpreter 
[1.695s] -- Override CMake install command with custom implementation using symlinks instead of copying resources
[1.838s] [31mCMake Error at CMakeLists.txt:20 (find_package):
[1.838s]   By not providing "Findgazebo.cmake" in CMAKE_MODULE_PATH this project has
[1.841s]   asked CMake to find a package configuration file provided by "gazebo", but
[1.842s]   CMake did not find one.
[1.842s] 
[1.842s]   Could not find a package configuration file provided by "gazebo" with any
[1.842s]   of the following names:
[1.842s] 
[1.843s]     gazeboConfig.cmake
[1.843s]     gazebo-config.cmake
[1.843s] 
[1.843s]   Add the installation prefix of "gazebo" to CMAKE_PREFIX_PATH or set
[1.844s]   "gazebo_DIR" to a directory containing one of the above files.  If "gazebo"
[1.845s]   provides a separate development package or SDK, be sure it has been
[1.846s]   installed.
[1.846s] 
[1.846s] [0m
[1.846s] -- Configuring incomplete, errors occurred!
[1.873s] Invoked command in '/home/daniel/danbot_v1_ws/build/gazebo_simulation' returned '1': CMAKE_PREFIX_PATH=${CMAKE_PREFIX_PATH}:/opt/ros/jazzy DEBUGINFOD_URLS=https://debuginfod.ubuntu.com /usr/bin/cmake /home/daniel/danbot_v1_ws/src/omni_navigation/src/gazebo_simulation -DAMENT_CMAKE_SYMLINK_INSTALL=1 -DCMAKE_INSTALL_PREFIX=/home/daniel/danbot_v1_ws/install/gazebo_simulation
