[0.016s] Invoking command in '/home/daniel/danbot_v1_ws/build/omni_control': CMAKE_PREFIX_PATH=${CMAKE_PREFIX_PATH}:/opt/ros/jazzy DEBUGINFOD_URLS=https://debuginfod.ubuntu.com /usr/bin/cmake /home/daniel/danbot_v1_ws/src/omni_navigation/src/omni_control -DAMENT_CMAKE_SYMLINK_INSTALL=1 -DCMAKE_INSTALL_PREFIX=/home/daniel/danbot_v1_ws/install/omni_control
[0.126s] -- The C compiler identification is GNU 13.2.0
[0.248s] -- The CXX compiler identification is GNU 13.2.0
[0.293s] -- Detecting C compiler ABI info
[0.481s] -- Detecting C compiler ABI info - done
[0.506s] -- Check for working C compiler: /usr/bin/cc - skipped
[0.507s] -- Detecting C compile features
[0.508s] -- Detecting C compile features - done
[0.529s] -- Detecting CXX compiler ABI info
[0.875s] -- Detecting CXX compiler ABI info - done
[0.932s] -- Check for working CXX compiler: /usr/bin/c++ - skipped
[0.932s] -- Detecting CXX compile features
[0.937s] -- Detecting CXX compile features - done
[0.964s] -- Found ament_cmake: 2.5.2 (/opt/ros/jazzy/share/ament_cmake/cmake)
[1.318s] -- Found Python3: /usr/bin/python3 (found version "3.12.3") found components: Interpreter 
[1.514s] -- Override CMake install command with custom implementation using symlinks instead of copying resources
[1.697s] -- Found ament_lint_auto: 0.17.1 (/opt/ros/jazzy/share/ament_lint_auto/cmake)
[1.979s] -- Added test 'copyright' to check source files copyright and LICENSE
[1.982s] -- Added test 'flake8' to check Python code syntax and style conventions
[1.982s] -- Configured 'flake8' exclude dirs and/or files: 
[1.983s] -- Added test 'lint_cmake' to check CMake code style
[1.984s] -- Added test 'pep257' to check Python code against some of the docstring style conventions in PEP 257
[1.986s] -- Added test 'xmllint' to check XML markup files
[1.989s] -- Configuring done (2.0s)
[1.994s] -- Generating done (0.0s)
[1.996s] -- Build files have been written to: /home/daniel/danbot_v1_ws/build/omni_control
