running develop
/usr/lib/python3/dist-packages/setuptools/command/develop.py:40: EasyInstallDeprecationWarning: easy_install command is deprecated.
!!

        ********************************************************************************
        Please avoid running ``setup.py`` and ``easy_install``.
        Instead, use pypa/build, pypa/installer or other
        standards-based tools.

        See https://github.com/pypa/setuptools/issues/917 for details.
        ********************************************************************************

!!
  easy_install.initialize_options(self)
running egg_info
writing cinematica_v1.egg-info/PKG-INFO
writing dependency_links to cinematica_v1.egg-info/dependency_links.txt
writing requirements to cinematica_v1.egg-info/requires.txt
writing top-level names to cinematica_v1.egg-info/top_level.txt
reading manifest file 'cinematica_v1.egg-info/SOURCES.txt'
writing manifest file 'cinematica_v1.egg-info/SOURCES.txt'
running build_ext
Creating /home/daniel/danbot_v1_ws/install/cinematica_v1/lib/python3.12/site-packages/cinematica-v1.egg-link (link to .)

Installed /home/daniel/danbot_v1_ws/build/cinematica_v1
running symlink_data
