[0.028s] Invoking command in '/home/daniel/danbot_v1_ws/build/omni_robot_description': CMAKE_PREFIX_PATH=${CMAKE_PREFIX_PATH}:/home/daniel/danbot_v1_ws/install/controlador_motores_v2:/home/daniel/danbot_v1_ws/install/controlador_motores_v1:/opt/ros/jazzy DEBUGINFOD_URLS=https://debuginfod.ubuntu.com /usr/bin/cmake --build /home/daniel/danbot_v1_ws/build/omni_robot_description -- -j4 -l4
[0.162s] Invoked command in '/home/daniel/danbot_v1_ws/build/omni_robot_description' returned '0': CMAKE_PREFIX_PATH=${CMAKE_PREFIX_PATH}:/home/daniel/danbot_v1_ws/install/controlador_motores_v2:/home/daniel/danbot_v1_ws/install/controlador_motores_v1:/opt/ros/jazzy DEBUGINFOD_URLS=https://debuginfod.ubuntu.com /usr/bin/cmake --build /home/daniel/danbot_v1_ws/build/omni_robot_description -- -j4 -l4
[0.228s] Invoking command in '/home/daniel/danbot_v1_ws/build/omni_robot_description': CMAKE_PREFIX_PATH=${CMAKE_PREFIX_PATH}:/home/daniel/danbot_v1_ws/install/controlador_motores_v2:/home/daniel/danbot_v1_ws/install/controlador_motores_v1:/opt/ros/jazzy DEBUGINFOD_URLS=https://debuginfod.ubuntu.com /usr/bin/cmake --install /home/daniel/danbot_v1_ws/build/omni_robot_description
[0.242s] -- Install configuration: ""
[0.243s] -- Execute custom install script
[0.244s] -- Up-to-date symlink: /home/daniel/danbot_v1_ws/install/omni_robot_description/share/omni_robot_description/robots/omni_robot.urdf.xacro
[0.244s] -- Up-to-date symlink: /home/daniel/danbot_v1_ws/install/omni_robot_description/share/omni_robot_description/robots/robot.sdf
[0.245s] -- Up-to-date symlink: /home/daniel/danbot_v1_ws/install/omni_robot_description/share/omni_robot_description/robots/rs_robot.urdf
[0.246s] -- Up-to-date symlink: /home/daniel/danbot_v1_ws/install/omni_robot_description/share/omni_robot_description/urdf/base/base.gazebo.xacro
[0.246s] -- Up-to-date symlink: /home/daniel/danbot_v1_ws/install/omni_robot_description/share/omni_robot_description/urdf/base/base.urdf.xacro
[0.247s] -- Up-to-date symlink: /home/daniel/danbot_v1_ws/install/omni_robot_description/share/omni_robot_description/urdf/lrf/lrf.gazebo.xacro
[0.249s] -- Up-to-date symlink: /home/daniel/danbot_v1_ws/install/omni_robot_description/share/omni_robot_description/urdf/lrf/lrf.urdf.xacro
[0.249s] -- Up-to-date symlink: /home/daniel/danbot_v1_ws/install/omni_robot_description/share/omni_robot_description/urdf/omni_wheel/omni_wheel.gazebo.xacro
[0.249s] -- Up-to-date symlink: /home/daniel/danbot_v1_ws/install/omni_robot_description/share/omni_robot_description/urdf/omni_wheel/omni_wheel.transmission.xacro
[0.250s] -- Up-to-date symlink: /home/daniel/danbot_v1_ws/install/omni_robot_description/share/omni_robot_description/urdf/omni_wheel/omni_wheel.urdf.xacro
[0.250s] -- Up-to-date symlink: /home/daniel/danbot_v1_ws/install/omni_robot_description/share/omni_robot_description/urdf/projectile.xacro
[0.250s] -- Up-to-date symlink: /home/daniel/danbot_v1_ws/install/omni_robot_description/share/omni_robot_description/urdf/roller/roller.gazebo.xacro
[0.250s] -- Up-to-date symlink: /home/daniel/danbot_v1_ws/install/omni_robot_description/share/omni_robot_description/urdf/roller/roller.transmission.xacro
[0.250s] -- Up-to-date symlink: /home/daniel/danbot_v1_ws/install/omni_robot_description/share/omni_robot_description/urdf/roller/roller.urdf.xacro
[0.250s] -- Up-to-date symlink: /home/daniel/danbot_v1_ws/install/omni_robot_description/share/ament_index/resource_index/package_run_dependencies/omni_robot_description
[0.250s] -- Up-to-date symlink: /home/daniel/danbot_v1_ws/install/omni_robot_description/share/ament_index/resource_index/parent_prefix_path/omni_robot_description
[0.251s] -- Up-to-date symlink: /home/daniel/danbot_v1_ws/install/omni_robot_description/share/omni_robot_description/environment/ament_prefix_path.sh
[0.251s] -- Up-to-date symlink: /home/daniel/danbot_v1_ws/install/omni_robot_description/share/omni_robot_description/environment/ament_prefix_path.dsv
[0.252s] -- Up-to-date symlink: /home/daniel/danbot_v1_ws/install/omni_robot_description/share/omni_robot_description/environment/path.sh
[0.252s] -- Up-to-date symlink: /home/daniel/danbot_v1_ws/install/omni_robot_description/share/omni_robot_description/environment/path.dsv
[0.253s] -- Up-to-date symlink: /home/daniel/danbot_v1_ws/install/omni_robot_description/share/omni_robot_description/local_setup.bash
[0.253s] -- Up-to-date symlink: /home/daniel/danbot_v1_ws/install/omni_robot_description/share/omni_robot_description/local_setup.sh
[0.254s] -- Up-to-date symlink: /home/daniel/danbot_v1_ws/install/omni_robot_description/share/omni_robot_description/local_setup.zsh
[0.254s] -- Up-to-date symlink: /home/daniel/danbot_v1_ws/install/omni_robot_description/share/omni_robot_description/local_setup.dsv
[0.260s] -- Symlinking: /home/daniel/danbot_v1_ws/install/omni_robot_description/share/omni_robot_description/package.dsv
[0.280s] -- Up-to-date symlink: /home/daniel/danbot_v1_ws/install/omni_robot_description/share/ament_index/resource_index/packages/omni_robot_description
[0.282s] -- Up-to-date symlink: /home/daniel/danbot_v1_ws/install/omni_robot_description/share/omni_robot_description/cmake/omni_robot_descriptionConfig.cmake
[0.283s] -- Up-to-date symlink: /home/daniel/danbot_v1_ws/install/omni_robot_description/share/omni_robot_description/cmake/omni_robot_descriptionConfig-version.cmake
[0.285s] -- Up-to-date symlink: /home/daniel/danbot_v1_ws/install/omni_robot_description/share/omni_robot_description/package.xml
[0.286s] Invoked command in '/home/daniel/danbot_v1_ws/build/omni_robot_description' returned '0': CMAKE_PREFIX_PATH=${CMAKE_PREFIX_PATH}:/home/daniel/danbot_v1_ws/install/controlador_motores_v2:/home/daniel/danbot_v1_ws/install/controlador_motores_v1:/opt/ros/jazzy DEBUGINFOD_URLS=https://debuginfod.ubuntu.com /usr/bin/cmake --install /home/daniel/danbot_v1_ws/build/omni_robot_description
