[1.091s] Invoking command in '/home/daniel/danbot_v1_ws/build/controlador_motores_v1': DEBUGINFOD_URLS=https://debuginfod.ubuntu.com PYTHONPATH=/home/daniel/danbot_v1_ws/build/controlador_motores_v1/prefix_override:/usr/lib/python3/dist-packages/colcon_core/task/python/colcon_distutils_commands:/home/daniel/danbot_v1_ws/install/controlador_motores_v1/lib/python3.12/site-packages:${PYTHONPATH} /usr/bin/python3 -W ignore:setup.py install is deprecated setup.py develop --editable --build-directory /home/daniel/danbot_v1_ws/build/controlador_motores_v1/build --no-deps symlink_data
[1.436s] running develop
[1.436s] /usr/lib/python3/dist-packages/setuptools/command/develop.py:40: EasyInstallDeprecationWarning: easy_install command is deprecated.
[1.436s] !!
[1.436s] 
[1.436s]         ********************************************************************************
[1.436s]         Please avoid running ``setup.py`` and ``easy_install``.
[1.436s]         Instead, use pypa/build, pypa/installer or other
[1.437s]         standards-based tools.
[1.437s] 
[1.437s]         See https://github.com/pypa/setuptools/issues/917 for details.
[1.437s]         ********************************************************************************
[1.437s] 
[1.437s] !!
[1.437s]   easy_install.initialize_options(self)
[1.650s] running egg_info
[1.670s] writing controlador_motores_v1.egg-info/PKG-INFO
[1.670s] writing dependency_links to controlador_motores_v1.egg-info/dependency_links.txt
[1.670s] writing entry points to controlador_motores_v1.egg-info/entry_points.txt
[1.670s] writing requirements to controlador_motores_v1.egg-info/requires.txt
[1.670s] writing top-level names to controlador_motores_v1.egg-info/top_level.txt
[1.710s] reading manifest file 'controlador_motores_v1.egg-info/SOURCES.txt'
[1.711s] writing manifest file 'controlador_motores_v1.egg-info/SOURCES.txt'
[1.739s] running build_ext
[1.739s] Creating /home/daniel/danbot_v1_ws/install/controlador_motores_v1/lib/python3.12/site-packages/controlador-motores-v1.egg-link (link to .)
[1.739s] Installing motor_controller script to /home/daniel/danbot_v1_ws/install/controlador_motores_v1/lib/controlador_motores_v1
[1.740s] 
[1.740s] Installed /home/daniel/danbot_v1_ws/build/controlador_motores_v1
[1.740s] running symlink_data
[1.778s] Invoked command in '/home/daniel/danbot_v1_ws/build/controlador_motores_v1' returned '0': DEBUGINFOD_URLS=https://debuginfod.ubuntu.com PYTHONPATH=/home/daniel/danbot_v1_ws/build/controlador_motores_v1/prefix_override:/usr/lib/python3/dist-packages/colcon_core/task/python/colcon_distutils_commands:/home/daniel/danbot_v1_ws/install/controlador_motores_v1/lib/python3.12/site-packages:${PYTHONPATH} /usr/bin/python3 -W ignore:setup.py install is deprecated setup.py develop --editable --build-directory /home/daniel/danbot_v1_ws/build/controlador_motores_v1/build --no-deps symlink_data
