[1.593s] Invoking command in '/home/daniel/danbot_v1_ws/build/controlador_motores_v1': DEBUGINFOD_URLS=https://debuginfod.ubuntu.com PYTHONPATH=/home/daniel/danbot_v1_ws/build/controlador_motores_v1/prefix_override:/usr/lib/python3/dist-packages/colcon_core/task/python/colcon_distutils_commands:/home/daniel/danbot_v1_ws/install/controlador_motores_v1/lib/python3.12/site-packages:${PYTHONPATH} /usr/bin/python3 -W ignore:setup.py install is deprecated setup.py develop --editable --build-directory /home/daniel/danbot_v1_ws/build/controlador_motores_v1/build --no-deps symlink_data
[2.008s] running develop
[2.009s] /usr/lib/python3/dist-packages/setuptools/command/develop.py:40: EasyInstallDeprecationWarning: easy_install command is deprecated.
[2.009s] !!
[2.009s] 
[2.009s]         ********************************************************************************
[2.009s]         Please avoid running ``setup.py`` and ``easy_install``.
[2.009s]         Instead, use pypa/build, pypa/installer or other
[2.009s]         standards-based tools.
[2.009s] 
[2.009s]         See https://github.com/pypa/setuptools/issues/917 for details.
[2.009s]         ********************************************************************************
[2.010s] 
[2.010s] !!
[2.010s]   easy_install.initialize_options(self)
[2.325s] running egg_info
[2.351s] writing controlador_motores_v1.egg-info/PKG-INFO
[2.351s] writing dependency_links to controlador_motores_v1.egg-info/dependency_links.txt
[2.351s] writing entry points to controlador_motores_v1.egg-info/entry_points.txt
[2.352s] writing requirements to controlador_motores_v1.egg-info/requires.txt
[2.352s] writing top-level names to controlador_motores_v1.egg-info/top_level.txt
[2.401s] reading manifest file 'controlador_motores_v1.egg-info/SOURCES.txt'
[2.402s] writing manifest file 'controlador_motores_v1.egg-info/SOURCES.txt'
[2.431s] running build_ext
[2.432s] Creating /home/daniel/danbot_v1_ws/install/controlador_motores_v1/lib/python3.12/site-packages/controlador-motores-v1.egg-link (link to .)
[2.433s] Installing motor_controller script to /home/daniel/danbot_v1_ws/install/controlador_motores_v1/lib/controlador_motores_v1
[2.433s] 
[2.433s] Installed /home/daniel/danbot_v1_ws/build/controlador_motores_v1
[2.433s] running symlink_data
[2.485s] Invoked command in '/home/daniel/danbot_v1_ws/build/controlador_motores_v1' returned '0': DEBUGINFOD_URLS=https://debuginfod.ubuntu.com PYTHONPATH=/home/daniel/danbot_v1_ws/build/controlador_motores_v1/prefix_override:/usr/lib/python3/dist-packages/colcon_core/task/python/colcon_distutils_commands:/home/daniel/danbot_v1_ws/install/controlador_motores_v1/lib/python3.12/site-packages:${PYTHONPATH} /usr/bin/python3 -W ignore:setup.py install is deprecated setup.py develop --editable --build-directory /home/daniel/danbot_v1_ws/build/controlador_motores_v1/build --no-deps symlink_data
