[0.113s] DEBUG:colcon:Command line arguments: ['/usr/bin/colcon', 'build', '--symlink-install']
[0.113s] DEBUG:colcon:Parsed command line arguments: Namespace(log_base=None, log_level=None, verb_name='build', build_base='build', install_base='install', merge_install=False, symlink_install=True, test_result_base=None, continue_on_error=False, executor='parallel', parallel_workers=4, event_handlers=None, ignore_user_meta=False, metas=['./colcon.meta'], base_paths=['.'], packages_ignore=None, packages_ignore_regex=None, paths=None, packages_up_to=None, packages_up_to_regex=None, packages_above=None, packages_above_and_dependencies=None, packages_above_depth=None, packages_select_by_dep=None, packages_skip_by_dep=None, packages_skip_up_to=None, packages_select_build_failed=False, packages_skip_build_finished=False, packages_select_test_failures=False, packages_skip_test_passed=False, packages_select=None, packages_skip=None, packages_select_regex=None, packages_skip_regex=None, packages_start=None, packages_end=None, allow_overriding=[], cmake_args=None, cmake_target=None, cmake_target_skip_unavailable=False, cmake_clean_cache=False, cmake_clean_first=False, cmake_force_configure=False, ament_cmake_args=None, catkin_cmake_args=None, catkin_skip_building_tests=False, mixin_files=None, mixin=None, verb_parser=<colcon_mixin.mixin.mixin_argument.MixinArgumentDecorator object at 0x7ecbc8b8f4a0>, verb_extension=<colcon_core.verb.build.BuildVerb object at 0x7ecbc8b8f080>, main=<bound method BuildVerb.main of <colcon_core.verb.build.BuildVerb object at 0x7ecbc8b8f080>>, mixin_verb=('build',))
[0.152s] Level 1:colcon.colcon_core.package_discovery:discover_packages(colcon_meta) check parameters
[0.153s] Level 1:colcon.colcon_core.package_discovery:discover_packages(recursive) check parameters
[0.153s] Level 1:colcon.colcon_core.package_discovery:discover_packages(ignore) check parameters
[0.153s] Level 1:colcon.colcon_core.package_discovery:discover_packages(path) check parameters
[0.153s] Level 1:colcon.colcon_core.package_discovery:discover_packages(colcon_meta) discover
[0.153s] Level 1:colcon.colcon_core.package_discovery:discover_packages(recursive) discover
[0.153s] INFO:colcon.colcon_core.package_discovery:Crawling recursively for packages in '/home/daniel/danbot_v1_ws'
[0.153s] Level 1:colcon.colcon_core.package_identification:_identify(.) by extensions ['ignore', 'ignore_ament_install']
[0.153s] Level 1:colcon.colcon_core.package_identification:_identify(.) by extension 'ignore'
[0.153s] Level 1:colcon.colcon_core.package_identification:_identify(.) by extension 'ignore_ament_install'
[0.153s] Level 1:colcon.colcon_core.package_identification:_identify(.) by extensions ['colcon_pkg']
[0.153s] Level 1:colcon.colcon_core.package_identification:_identify(.) by extension 'colcon_pkg'
[0.153s] Level 1:colcon.colcon_core.package_identification:_identify(.) by extensions ['colcon_meta']
[0.153s] Level 1:colcon.colcon_core.package_identification:_identify(.) by extension 'colcon_meta'
[0.153s] Level 1:colcon.colcon_core.package_identification:_identify(.) by extensions ['ros']
[0.153s] Level 1:colcon.colcon_core.package_identification:_identify(.) by extension 'ros'
[0.181s] Level 1:colcon.colcon_core.package_identification:_identify(.) by extensions ['cmake', 'python']
[0.181s] Level 1:colcon.colcon_core.package_identification:_identify(.) by extension 'cmake'
[0.181s] Level 1:colcon.colcon_core.package_identification:_identify(.) by extension 'python'
[0.181s] Level 1:colcon.colcon_core.package_identification:_identify(.) by extensions ['python_setup_py']
[0.181s] Level 1:colcon.colcon_core.package_identification:_identify(.) by extension 'python_setup_py'
[0.181s] Level 1:colcon.colcon_core.package_identification:_identify(build) by extensions ['ignore', 'ignore_ament_install']
[0.181s] Level 1:colcon.colcon_core.package_identification:_identify(build) by extension 'ignore'
[0.181s] Level 1:colcon.colcon_core.package_identification:_identify(build) ignored
[0.181s] Level 1:colcon.colcon_core.package_identification:_identify(install) by extensions ['ignore', 'ignore_ament_install']
[0.182s] Level 1:colcon.colcon_core.package_identification:_identify(install) by extension 'ignore'
[0.182s] Level 1:colcon.colcon_core.package_identification:_identify(install) ignored
[0.182s] Level 1:colcon.colcon_core.package_identification:_identify(log) by extensions ['ignore', 'ignore_ament_install']
[0.182s] Level 1:colcon.colcon_core.package_identification:_identify(log) by extension 'ignore'
[0.182s] Level 1:colcon.colcon_core.package_identification:_identify(log) ignored
[0.182s] Level 1:colcon.colcon_core.package_identification:_identify(src) by extensions ['ignore', 'ignore_ament_install']
[0.182s] Level 1:colcon.colcon_core.package_identification:_identify(src) by extension 'ignore'
[0.182s] Level 1:colcon.colcon_core.package_identification:_identify(src) by extension 'ignore_ament_install'
[0.182s] Level 1:colcon.colcon_core.package_identification:_identify(src) by extensions ['colcon_pkg']
[0.182s] Level 1:colcon.colcon_core.package_identification:_identify(src) by extension 'colcon_pkg'
[0.182s] Level 1:colcon.colcon_core.package_identification:_identify(src) by extensions ['colcon_meta']
[0.182s] Level 1:colcon.colcon_core.package_identification:_identify(src) by extension 'colcon_meta'
[0.182s] Level 1:colcon.colcon_core.package_identification:_identify(src) by extensions ['ros']
[0.183s] Level 1:colcon.colcon_core.package_identification:_identify(src) by extension 'ros'
[0.183s] Level 1:colcon.colcon_core.package_identification:_identify(src) by extensions ['cmake', 'python']
[0.183s] Level 1:colcon.colcon_core.package_identification:_identify(src) by extension 'cmake'
[0.183s] Level 1:colcon.colcon_core.package_identification:_identify(src) by extension 'python'
[0.183s] Level 1:colcon.colcon_core.package_identification:_identify(src) by extensions ['python_setup_py']
[0.183s] Level 1:colcon.colcon_core.package_identification:_identify(src) by extension 'python_setup_py'
[0.183s] Level 1:colcon.colcon_core.package_identification:_identify(src/cinematica_v1) by extensions ['ignore', 'ignore_ament_install']
[0.183s] Level 1:colcon.colcon_core.package_identification:_identify(src/cinematica_v1) by extension 'ignore'
[0.183s] Level 1:colcon.colcon_core.package_identification:_identify(src/cinematica_v1) by extension 'ignore_ament_install'
[0.183s] Level 1:colcon.colcon_core.package_identification:_identify(src/cinematica_v1) by extensions ['colcon_pkg']
[0.183s] Level 1:colcon.colcon_core.package_identification:_identify(src/cinematica_v1) by extension 'colcon_pkg'
[0.183s] Level 1:colcon.colcon_core.package_identification:_identify(src/cinematica_v1) by extensions ['colcon_meta']
[0.183s] Level 1:colcon.colcon_core.package_identification:_identify(src/cinematica_v1) by extension 'colcon_meta'
[0.183s] Level 1:colcon.colcon_core.package_identification:_identify(src/cinematica_v1) by extensions ['ros']
[0.183s] Level 1:colcon.colcon_core.package_identification:_identify(src/cinematica_v1) by extension 'ros'
[0.186s] DEBUG:colcon.colcon_core.package_identification:Package 'src/cinematica_v1' with type 'ros.ament_python' and name 'cinematica_v1'
[0.186s] Level 1:colcon.colcon_core.package_identification:_identify(src/controlador_motores_v1) by extensions ['ignore', 'ignore_ament_install']
[0.186s] Level 1:colcon.colcon_core.package_identification:_identify(src/controlador_motores_v1) by extension 'ignore'
[0.186s] Level 1:colcon.colcon_core.package_identification:_identify(src/controlador_motores_v1) by extension 'ignore_ament_install'
[0.187s] Level 1:colcon.colcon_core.package_identification:_identify(src/controlador_motores_v1) by extensions ['colcon_pkg']
[0.187s] Level 1:colcon.colcon_core.package_identification:_identify(src/controlador_motores_v1) by extension 'colcon_pkg'
[0.187s] Level 1:colcon.colcon_core.package_identification:_identify(src/controlador_motores_v1) by extensions ['colcon_meta']
[0.187s] Level 1:colcon.colcon_core.package_identification:_identify(src/controlador_motores_v1) by extension 'colcon_meta'
[0.187s] Level 1:colcon.colcon_core.package_identification:_identify(src/controlador_motores_v1) by extensions ['ros']
[0.187s] Level 1:colcon.colcon_core.package_identification:_identify(src/controlador_motores_v1) by extension 'ros'
[0.187s] DEBUG:colcon.colcon_core.package_identification:Package 'src/controlador_motores_v1' with type 'ros.ament_python' and name 'controlador_motores_v1'
[0.188s] Level 1:colcon.colcon_core.package_identification:_identify(src/controlador_motores_v2) by extensions ['ignore', 'ignore_ament_install']
[0.188s] Level 1:colcon.colcon_core.package_identification:_identify(src/controlador_motores_v2) by extension 'ignore'
[0.188s] Level 1:colcon.colcon_core.package_identification:_identify(src/controlador_motores_v2) by extension 'ignore_ament_install'
[0.188s] Level 1:colcon.colcon_core.package_identification:_identify(src/controlador_motores_v2) by extensions ['colcon_pkg']
[0.188s] Level 1:colcon.colcon_core.package_identification:_identify(src/controlador_motores_v2) by extension 'colcon_pkg'
[0.188s] Level 1:colcon.colcon_core.package_identification:_identify(src/controlador_motores_v2) by extensions ['colcon_meta']
[0.188s] Level 1:colcon.colcon_core.package_identification:_identify(src/controlador_motores_v2) by extension 'colcon_meta'
[0.188s] Level 1:colcon.colcon_core.package_identification:_identify(src/controlador_motores_v2) by extensions ['ros']
[0.188s] Level 1:colcon.colcon_core.package_identification:_identify(src/controlador_motores_v2) by extension 'ros'
[0.189s] DEBUG:colcon.colcon_core.package_identification:Package 'src/controlador_motores_v2' with type 'ros.ament_python' and name 'controlador_motores_v2'
[0.189s] Level 1:colcon.colcon_core.package_identification:_identify(src/omni_navigation) by extensions ['ignore', 'ignore_ament_install']
[0.189s] Level 1:colcon.colcon_core.package_identification:_identify(src/omni_navigation) by extension 'ignore'
[0.189s] Level 1:colcon.colcon_core.package_identification:_identify(src/omni_navigation) by extension 'ignore_ament_install'
[0.189s] Level 1:colcon.colcon_core.package_identification:_identify(src/omni_navigation) by extensions ['colcon_pkg']
[0.189s] Level 1:colcon.colcon_core.package_identification:_identify(src/omni_navigation) by extension 'colcon_pkg'
[0.189s] Level 1:colcon.colcon_core.package_identification:_identify(src/omni_navigation) by extensions ['colcon_meta']
[0.189s] Level 1:colcon.colcon_core.package_identification:_identify(src/omni_navigation) by extension 'colcon_meta'
[0.189s] Level 1:colcon.colcon_core.package_identification:_identify(src/omni_navigation) by extensions ['ros']
[0.189s] Level 1:colcon.colcon_core.package_identification:_identify(src/omni_navigation) by extension 'ros'
[0.189s] Level 1:colcon.colcon_core.package_identification:_identify(src/omni_navigation) by extensions ['cmake', 'python']
[0.189s] Level 1:colcon.colcon_core.package_identification:_identify(src/omni_navigation) by extension 'cmake'
[0.189s] Level 1:colcon.colcon_core.package_identification:_identify(src/omni_navigation) by extension 'python'
[0.189s] Level 1:colcon.colcon_core.package_identification:_identify(src/omni_navigation) by extensions ['python_setup_py']
[0.189s] Level 1:colcon.colcon_core.package_identification:_identify(src/omni_navigation) by extension 'python_setup_py'
[0.190s] Level 1:colcon.colcon_core.package_identification:_identify(src/omni_navigation/omni_stage) by extensions ['ignore', 'ignore_ament_install']
[0.190s] Level 1:colcon.colcon_core.package_identification:_identify(src/omni_navigation/omni_stage) by extension 'ignore'
[0.190s] Level 1:colcon.colcon_core.package_identification:_identify(src/omni_navigation/omni_stage) by extension 'ignore_ament_install'
[0.190s] Level 1:colcon.colcon_core.package_identification:_identify(src/omni_navigation/omni_stage) by extensions ['colcon_pkg']
[0.190s] Level 1:colcon.colcon_core.package_identification:_identify(src/omni_navigation/omni_stage) by extension 'colcon_pkg'
[0.190s] Level 1:colcon.colcon_core.package_identification:_identify(src/omni_navigation/omni_stage) by extensions ['colcon_meta']
[0.190s] Level 1:colcon.colcon_core.package_identification:_identify(src/omni_navigation/omni_stage) by extension 'colcon_meta'
[0.190s] Level 1:colcon.colcon_core.package_identification:_identify(src/omni_navigation/omni_stage) by extensions ['ros']
[0.190s] Level 1:colcon.colcon_core.package_identification:_identify(src/omni_navigation/omni_stage) by extension 'ros'
[0.190s] Level 1:colcon.colcon_core.package_identification:_identify(src/omni_navigation/omni_stage) by extensions ['cmake', 'python']
[0.190s] Level 1:colcon.colcon_core.package_identification:_identify(src/omni_navigation/omni_stage) by extension 'cmake'
[0.190s] Level 1:colcon.colcon_core.package_identification:_identify(src/omni_navigation/omni_stage) by extension 'python'
[0.190s] Level 1:colcon.colcon_core.package_identification:_identify(src/omni_navigation/omni_stage) by extensions ['python_setup_py']
[0.190s] Level 1:colcon.colcon_core.package_identification:_identify(src/omni_navigation/omni_stage) by extension 'python_setup_py'
[0.190s] Level 1:colcon.colcon_core.package_identification:_identify(src/omni_navigation/omni_stage/materials) by extensions ['ignore', 'ignore_ament_install']
[0.191s] Level 1:colcon.colcon_core.package_identification:_identify(src/omni_navigation/omni_stage/materials) by extension 'ignore'
[0.191s] Level 1:colcon.colcon_core.package_identification:_identify(src/omni_navigation/omni_stage/materials) by extension 'ignore_ament_install'
[0.191s] Level 1:colcon.colcon_core.package_identification:_identify(src/omni_navigation/omni_stage/materials) by extensions ['colcon_pkg']
[0.191s] Level 1:colcon.colcon_core.package_identification:_identify(src/omni_navigation/omni_stage/materials) by extension 'colcon_pkg'
[0.191s] Level 1:colcon.colcon_core.package_identification:_identify(src/omni_navigation/omni_stage/materials) by extensions ['colcon_meta']
[0.191s] Level 1:colcon.colcon_core.package_identification:_identify(src/omni_navigation/omni_stage/materials) by extension 'colcon_meta'
[0.191s] Level 1:colcon.colcon_core.package_identification:_identify(src/omni_navigation/omni_stage/materials) by extensions ['ros']
[0.191s] Level 1:colcon.colcon_core.package_identification:_identify(src/omni_navigation/omni_stage/materials) by extension 'ros'
[0.191s] Level 1:colcon.colcon_core.package_identification:_identify(src/omni_navigation/omni_stage/materials) by extensions ['cmake', 'python']
[0.191s] Level 1:colcon.colcon_core.package_identification:_identify(src/omni_navigation/omni_stage/materials) by extension 'cmake'
[0.191s] Level 1:colcon.colcon_core.package_identification:_identify(src/omni_navigation/omni_stage/materials) by extension 'python'
[0.191s] Level 1:colcon.colcon_core.package_identification:_identify(src/omni_navigation/omni_stage/materials) by extensions ['python_setup_py']
[0.191s] Level 1:colcon.colcon_core.package_identification:_identify(src/omni_navigation/omni_stage/materials) by extension 'python_setup_py'
[0.191s] Level 1:colcon.colcon_core.package_identification:_identify(src/omni_navigation/omni_stage/meshes) by extensions ['ignore', 'ignore_ament_install']
[0.191s] Level 1:colcon.colcon_core.package_identification:_identify(src/omni_navigation/omni_stage/meshes) by extension 'ignore'
[0.191s] Level 1:colcon.colcon_core.package_identification:_identify(src/omni_navigation/omni_stage/meshes) by extension 'ignore_ament_install'
[0.191s] Level 1:colcon.colcon_core.package_identification:_identify(src/omni_navigation/omni_stage/meshes) by extensions ['colcon_pkg']
[0.192s] Level 1:colcon.colcon_core.package_identification:_identify(src/omni_navigation/omni_stage/meshes) by extension 'colcon_pkg'
[0.192s] Level 1:colcon.colcon_core.package_identification:_identify(src/omni_navigation/omni_stage/meshes) by extensions ['colcon_meta']
[0.192s] Level 1:colcon.colcon_core.package_identification:_identify(src/omni_navigation/omni_stage/meshes) by extension 'colcon_meta'
[0.192s] Level 1:colcon.colcon_core.package_identification:_identify(src/omni_navigation/omni_stage/meshes) by extensions ['ros']
[0.192s] Level 1:colcon.colcon_core.package_identification:_identify(src/omni_navigation/omni_stage/meshes) by extension 'ros'
[0.192s] Level 1:colcon.colcon_core.package_identification:_identify(src/omni_navigation/omni_stage/meshes) by extensions ['cmake', 'python']
[0.192s] Level 1:colcon.colcon_core.package_identification:_identify(src/omni_navigation/omni_stage/meshes) by extension 'cmake'
[0.192s] Level 1:colcon.colcon_core.package_identification:_identify(src/omni_navigation/omni_stage/meshes) by extension 'python'
[0.192s] Level 1:colcon.colcon_core.package_identification:_identify(src/omni_navigation/omni_stage/meshes) by extensions ['python_setup_py']
[0.192s] Level 1:colcon.colcon_core.package_identification:_identify(src/omni_navigation/omni_stage/meshes) by extension 'python_setup_py'
[0.192s] Level 1:colcon.colcon_core.package_identification:_identify(src/omni_navigation/src) by extensions ['ignore', 'ignore_ament_install']
[0.192s] Level 1:colcon.colcon_core.package_identification:_identify(src/omni_navigation/src) by extension 'ignore'
[0.192s] Level 1:colcon.colcon_core.package_identification:_identify(src/omni_navigation/src) by extension 'ignore_ament_install'
[0.192s] Level 1:colcon.colcon_core.package_identification:_identify(src/omni_navigation/src) by extensions ['colcon_pkg']
[0.192s] Level 1:colcon.colcon_core.package_identification:_identify(src/omni_navigation/src) by extension 'colcon_pkg'
[0.192s] Level 1:colcon.colcon_core.package_identification:_identify(src/omni_navigation/src) by extensions ['colcon_meta']
[0.192s] Level 1:colcon.colcon_core.package_identification:_identify(src/omni_navigation/src) by extension 'colcon_meta'
[0.192s] Level 1:colcon.colcon_core.package_identification:_identify(src/omni_navigation/src) by extensions ['ros']
[0.192s] Level 1:colcon.colcon_core.package_identification:_identify(src/omni_navigation/src) by extension 'ros'
[0.193s] Level 1:colcon.colcon_core.package_identification:_identify(src/omni_navigation/src) by extensions ['cmake', 'python']
[0.193s] Level 1:colcon.colcon_core.package_identification:_identify(src/omni_navigation/src) by extension 'cmake'
[0.193s] Level 1:colcon.colcon_core.package_identification:_identify(src/omni_navigation/src) by extension 'python'
[0.193s] Level 1:colcon.colcon_core.package_identification:_identify(src/omni_navigation/src) by extensions ['python_setup_py']
[0.193s] Level 1:colcon.colcon_core.package_identification:_identify(src/omni_navigation/src) by extension 'python_setup_py'
[0.193s] Level 1:colcon.colcon_core.package_identification:_identify(src/omni_navigation/src/omni_cartographer) by extensions ['ignore', 'ignore_ament_install']
[0.193s] Level 1:colcon.colcon_core.package_identification:_identify(src/omni_navigation/src/omni_cartographer) by extension 'ignore'
[0.193s] Level 1:colcon.colcon_core.package_identification:_identify(src/omni_navigation/src/omni_cartographer) by extension 'ignore_ament_install'
[0.193s] Level 1:colcon.colcon_core.package_identification:_identify(src/omni_navigation/src/omni_cartographer) by extensions ['colcon_pkg']
[0.193s] Level 1:colcon.colcon_core.package_identification:_identify(src/omni_navigation/src/omni_cartographer) by extension 'colcon_pkg'
[0.193s] Level 1:colcon.colcon_core.package_identification:_identify(src/omni_navigation/src/omni_cartographer) by extensions ['colcon_meta']
[0.193s] Level 1:colcon.colcon_core.package_identification:_identify(src/omni_navigation/src/omni_cartographer) by extension 'colcon_meta'
[0.193s] Level 1:colcon.colcon_core.package_identification:_identify(src/omni_navigation/src/omni_cartographer) by extensions ['ros']
[0.193s] Level 1:colcon.colcon_core.package_identification:_identify(src/omni_navigation/src/omni_cartographer) by extension 'ros'
[0.194s] DEBUG:colcon.colcon_core.package_identification:Package 'src/omni_navigation/src/omni_cartographer' with type 'ros.ament_cmake' and name 'omni_cartographer'
[0.194s] Level 1:colcon.colcon_core.package_identification:_identify(src/omni_navigation/src/omni_control) by extensions ['ignore', 'ignore_ament_install']
[0.194s] Level 1:colcon.colcon_core.package_identification:_identify(src/omni_navigation/src/omni_control) by extension 'ignore'
[0.194s] Level 1:colcon.colcon_core.package_identification:_identify(src/omni_navigation/src/omni_control) by extension 'ignore_ament_install'
[0.194s] Level 1:colcon.colcon_core.package_identification:_identify(src/omni_navigation/src/omni_control) by extensions ['colcon_pkg']
[0.194s] Level 1:colcon.colcon_core.package_identification:_identify(src/omni_navigation/src/omni_control) by extension 'colcon_pkg'
[0.194s] Level 1:colcon.colcon_core.package_identification:_identify(src/omni_navigation/src/omni_control) by extensions ['colcon_meta']
[0.194s] Level 1:colcon.colcon_core.package_identification:_identify(src/omni_navigation/src/omni_control) by extension 'colcon_meta'
[0.194s] Level 1:colcon.colcon_core.package_identification:_identify(src/omni_navigation/src/omni_control) by extensions ['ros']
[0.194s] Level 1:colcon.colcon_core.package_identification:_identify(src/omni_navigation/src/omni_control) by extension 'ros'
[0.195s] DEBUG:colcon.colcon_core.package_identification:Package 'src/omni_navigation/src/omni_control' with type 'ros.ament_cmake' and name 'omni_control'
[0.195s] Level 1:colcon.colcon_core.package_identification:_identify(src/omni_navigation/src/omni_robot_description) by extensions ['ignore', 'ignore_ament_install']
[0.195s] Level 1:colcon.colcon_core.package_identification:_identify(src/omni_navigation/src/omni_robot_description) by extension 'ignore'
[0.195s] Level 1:colcon.colcon_core.package_identification:_identify(src/omni_navigation/src/omni_robot_description) by extension 'ignore_ament_install'
[0.195s] Level 1:colcon.colcon_core.package_identification:_identify(src/omni_navigation/src/omni_robot_description) by extensions ['colcon_pkg']
[0.195s] Level 1:colcon.colcon_core.package_identification:_identify(src/omni_navigation/src/omni_robot_description) by extension 'colcon_pkg'
[0.195s] Level 1:colcon.colcon_core.package_identification:_identify(src/omni_navigation/src/omni_robot_description) by extensions ['colcon_meta']
[0.195s] Level 1:colcon.colcon_core.package_identification:_identify(src/omni_navigation/src/omni_robot_description) by extension 'colcon_meta'
[0.195s] Level 1:colcon.colcon_core.package_identification:_identify(src/omni_navigation/src/omni_robot_description) by extensions ['ros']
[0.195s] Level 1:colcon.colcon_core.package_identification:_identify(src/omni_navigation/src/omni_robot_description) by extension 'ros'
[0.196s] DEBUG:colcon.colcon_core.package_identification:Package 'src/omni_navigation/src/omni_robot_description' with type 'ros.ament_cmake' and name 'omni_robot_description'
[0.196s] Level 1:colcon.colcon_core.package_identification:_identify(src/omni_navigation/src/rf2o_laser_odometry) by extensions ['ignore', 'ignore_ament_install']
[0.196s] Level 1:colcon.colcon_core.package_identification:_identify(src/omni_navigation/src/rf2o_laser_odometry) by extension 'ignore'
[0.196s] Level 1:colcon.colcon_core.package_identification:_identify(src/omni_navigation/src/rf2o_laser_odometry) by extension 'ignore_ament_install'
[0.196s] Level 1:colcon.colcon_core.package_identification:_identify(src/omni_navigation/src/rf2o_laser_odometry) by extensions ['colcon_pkg']
[0.196s] Level 1:colcon.colcon_core.package_identification:_identify(src/omni_navigation/src/rf2o_laser_odometry) by extension 'colcon_pkg'
[0.196s] Level 1:colcon.colcon_core.package_identification:_identify(src/omni_navigation/src/rf2o_laser_odometry) by extensions ['colcon_meta']
[0.196s] Level 1:colcon.colcon_core.package_identification:_identify(src/omni_navigation/src/rf2o_laser_odometry) by extension 'colcon_meta'
[0.196s] Level 1:colcon.colcon_core.package_identification:_identify(src/omni_navigation/src/rf2o_laser_odometry) by extensions ['ros']
[0.196s] Level 1:colcon.colcon_core.package_identification:_identify(src/omni_navigation/src/rf2o_laser_odometry) by extension 'ros'
[0.197s] DEBUG:colcon.colcon_core.package_identification:Package 'src/omni_navigation/src/rf2o_laser_odometry' with type 'ros.ament_cmake' and name 'rf2o_laser_odometry'
[0.197s] Level 1:colcon.colcon_core.package_identification:_identify(src/test_ground) by extensions ['ignore', 'ignore_ament_install']
[0.197s] Level 1:colcon.colcon_core.package_identification:_identify(src/test_ground) by extension 'ignore'
[0.197s] Level 1:colcon.colcon_core.package_identification:_identify(src/test_ground) by extension 'ignore_ament_install'
[0.197s] Level 1:colcon.colcon_core.package_identification:_identify(src/test_ground) by extensions ['colcon_pkg']
[0.197s] Level 1:colcon.colcon_core.package_identification:_identify(src/test_ground) by extension 'colcon_pkg'
[0.198s] Level 1:colcon.colcon_core.package_identification:_identify(src/test_ground) by extensions ['colcon_meta']
[0.198s] Level 1:colcon.colcon_core.package_identification:_identify(src/test_ground) by extension 'colcon_meta'
[0.198s] Level 1:colcon.colcon_core.package_identification:_identify(src/test_ground) by extensions ['ros']
[0.198s] Level 1:colcon.colcon_core.package_identification:_identify(src/test_ground) by extension 'ros'
[0.198s] DEBUG:colcon.colcon_core.package_identification:Package 'src/test_ground' with type 'ros.ament_cmake' and name 'test_ground'
[0.198s] Level 1:colcon.colcon_core.package_discovery:discover_packages(recursive) using defaults
[0.198s] Level 1:colcon.colcon_core.package_discovery:discover_packages(ignore) discover
[0.198s] Level 1:colcon.colcon_core.package_discovery:discover_packages(ignore) using defaults
[0.198s] Level 1:colcon.colcon_core.package_discovery:discover_packages(path) discover
[0.198s] Level 1:colcon.colcon_core.package_discovery:discover_packages(path) using defaults
[0.217s] Level 1:colcon.colcon_core.package_discovery:discover_packages(prefix_path) check parameters
[0.217s] Level 1:colcon.colcon_core.package_discovery:discover_packages(prefix_path) discover
[0.220s] DEBUG:colcon.colcon_installed_package_information.package_discovery:Found 10 installed packages in /home/daniel/danbot_v1_ws/install
[0.222s] DEBUG:colcon.colcon_installed_package_information.package_discovery:Found 299 installed packages in /opt/ros/jazzy
[0.224s] Level 1:colcon.colcon_core.package_discovery:discover_packages(prefix_path) using defaults
[0.271s] Level 5:colcon.colcon_core.verb:set package 'cinematica_v1' build argument 'cmake_args' from command line to 'None'
[0.271s] Level 5:colcon.colcon_core.verb:set package 'cinematica_v1' build argument 'cmake_target' from command line to 'None'
[0.271s] Level 5:colcon.colcon_core.verb:set package 'cinematica_v1' build argument 'cmake_target_skip_unavailable' from command line to 'False'
[0.271s] Level 5:colcon.colcon_core.verb:set package 'cinematica_v1' build argument 'cmake_clean_cache' from command line to 'False'
[0.271s] Level 5:colcon.colcon_core.verb:set package 'cinematica_v1' build argument 'cmake_clean_first' from command line to 'False'
[0.271s] Level 5:colcon.colcon_core.verb:set package 'cinematica_v1' build argument 'cmake_force_configure' from command line to 'False'
[0.271s] Level 5:colcon.colcon_core.verb:set package 'cinematica_v1' build argument 'ament_cmake_args' from command line to 'None'
[0.271s] Level 5:colcon.colcon_core.verb:set package 'cinematica_v1' build argument 'catkin_cmake_args' from command line to 'None'
[0.271s] Level 5:colcon.colcon_core.verb:set package 'cinematica_v1' build argument 'catkin_skip_building_tests' from command line to 'False'
[0.271s] DEBUG:colcon.colcon_core.verb:Building package 'cinematica_v1' with the following arguments: {'ament_cmake_args': None, 'build_base': '/home/daniel/danbot_v1_ws/build/cinematica_v1', 'catkin_cmake_args': None, 'catkin_skip_building_tests': False, 'cmake_args': None, 'cmake_clean_cache': False, 'cmake_clean_first': False, 'cmake_force_configure': False, 'cmake_target': None, 'cmake_target_skip_unavailable': False, 'install_base': '/home/daniel/danbot_v1_ws/install/cinematica_v1', 'merge_install': False, 'path': '/home/daniel/danbot_v1_ws/src/cinematica_v1', 'symlink_install': True, 'test_result_base': None}
[0.272s] Level 5:colcon.colcon_core.verb:set package 'controlador_motores_v1' build argument 'cmake_args' from command line to 'None'
[0.272s] Level 5:colcon.colcon_core.verb:set package 'controlador_motores_v1' build argument 'cmake_target' from command line to 'None'
[0.272s] Level 5:colcon.colcon_core.verb:set package 'controlador_motores_v1' build argument 'cmake_target_skip_unavailable' from command line to 'False'
[0.272s] Level 5:colcon.colcon_core.verb:set package 'controlador_motores_v1' build argument 'cmake_clean_cache' from command line to 'False'
[0.272s] Level 5:colcon.colcon_core.verb:set package 'controlador_motores_v1' build argument 'cmake_clean_first' from command line to 'False'
[0.272s] Level 5:colcon.colcon_core.verb:set package 'controlador_motores_v1' build argument 'cmake_force_configure' from command line to 'False'
[0.272s] Level 5:colcon.colcon_core.verb:set package 'controlador_motores_v1' build argument 'ament_cmake_args' from command line to 'None'
[0.272s] Level 5:colcon.colcon_core.verb:set package 'controlador_motores_v1' build argument 'catkin_cmake_args' from command line to 'None'
[0.272s] Level 5:colcon.colcon_core.verb:set package 'controlador_motores_v1' build argument 'catkin_skip_building_tests' from command line to 'False'
[0.272s] DEBUG:colcon.colcon_core.verb:Building package 'controlador_motores_v1' with the following arguments: {'ament_cmake_args': None, 'build_base': '/home/daniel/danbot_v1_ws/build/controlador_motores_v1', 'catkin_cmake_args': None, 'catkin_skip_building_tests': False, 'cmake_args': None, 'cmake_clean_cache': False, 'cmake_clean_first': False, 'cmake_force_configure': False, 'cmake_target': None, 'cmake_target_skip_unavailable': False, 'install_base': '/home/daniel/danbot_v1_ws/install/controlador_motores_v1', 'merge_install': False, 'path': '/home/daniel/danbot_v1_ws/src/controlador_motores_v1', 'symlink_install': True, 'test_result_base': None}
[0.272s] Level 5:colcon.colcon_core.verb:set package 'controlador_motores_v2' build argument 'cmake_args' from command line to 'None'
[0.272s] Level 5:colcon.colcon_core.verb:set package 'controlador_motores_v2' build argument 'cmake_target' from command line to 'None'
[0.272s] Level 5:colcon.colcon_core.verb:set package 'controlador_motores_v2' build argument 'cmake_target_skip_unavailable' from command line to 'False'
[0.272s] Level 5:colcon.colcon_core.verb:set package 'controlador_motores_v2' build argument 'cmake_clean_cache' from command line to 'False'
[0.272s] Level 5:colcon.colcon_core.verb:set package 'controlador_motores_v2' build argument 'cmake_clean_first' from command line to 'False'
[0.272s] Level 5:colcon.colcon_core.verb:set package 'controlador_motores_v2' build argument 'cmake_force_configure' from command line to 'False'
[0.272s] Level 5:colcon.colcon_core.verb:set package 'controlador_motores_v2' build argument 'ament_cmake_args' from command line to 'None'
[0.272s] Level 5:colcon.colcon_core.verb:set package 'controlador_motores_v2' build argument 'catkin_cmake_args' from command line to 'None'
[0.272s] Level 5:colcon.colcon_core.verb:set package 'controlador_motores_v2' build argument 'catkin_skip_building_tests' from command line to 'False'
[0.272s] DEBUG:colcon.colcon_core.verb:Building package 'controlador_motores_v2' with the following arguments: {'ament_cmake_args': None, 'build_base': '/home/daniel/danbot_v1_ws/build/controlador_motores_v2', 'catkin_cmake_args': None, 'catkin_skip_building_tests': False, 'cmake_args': None, 'cmake_clean_cache': False, 'cmake_clean_first': False, 'cmake_force_configure': False, 'cmake_target': None, 'cmake_target_skip_unavailable': False, 'install_base': '/home/daniel/danbot_v1_ws/install/controlador_motores_v2', 'merge_install': False, 'path': '/home/daniel/danbot_v1_ws/src/controlador_motores_v2', 'symlink_install': True, 'test_result_base': None}
[0.273s] Level 5:colcon.colcon_core.verb:set package 'omni_cartographer' build argument 'cmake_args' from command line to 'None'
[0.273s] Level 5:colcon.colcon_core.verb:set package 'omni_cartographer' build argument 'cmake_target' from command line to 'None'
[0.273s] Level 5:colcon.colcon_core.verb:set package 'omni_cartographer' build argument 'cmake_target_skip_unavailable' from command line to 'False'
[0.273s] Level 5:colcon.colcon_core.verb:set package 'omni_cartographer' build argument 'cmake_clean_cache' from command line to 'False'
[0.273s] Level 5:colcon.colcon_core.verb:set package 'omni_cartographer' build argument 'cmake_clean_first' from command line to 'False'
[0.273s] Level 5:colcon.colcon_core.verb:set package 'omni_cartographer' build argument 'cmake_force_configure' from command line to 'False'
[0.273s] Level 5:colcon.colcon_core.verb:set package 'omni_cartographer' build argument 'ament_cmake_args' from command line to 'None'
[0.273s] Level 5:colcon.colcon_core.verb:set package 'omni_cartographer' build argument 'catkin_cmake_args' from command line to 'None'
[0.273s] Level 5:colcon.colcon_core.verb:set package 'omni_cartographer' build argument 'catkin_skip_building_tests' from command line to 'False'
[0.273s] DEBUG:colcon.colcon_core.verb:Building package 'omni_cartographer' with the following arguments: {'ament_cmake_args': None, 'build_base': '/home/daniel/danbot_v1_ws/build/omni_cartographer', 'catkin_cmake_args': None, 'catkin_skip_building_tests': False, 'cmake_args': None, 'cmake_clean_cache': False, 'cmake_clean_first': False, 'cmake_force_configure': False, 'cmake_target': None, 'cmake_target_skip_unavailable': False, 'install_base': '/home/daniel/danbot_v1_ws/install/omni_cartographer', 'merge_install': False, 'path': '/home/daniel/danbot_v1_ws/src/omni_navigation/src/omni_cartographer', 'symlink_install': True, 'test_result_base': None}
[0.273s] Level 5:colcon.colcon_core.verb:set package 'omni_control' build argument 'cmake_args' from command line to 'None'
[0.273s] Level 5:colcon.colcon_core.verb:set package 'omni_control' build argument 'cmake_target' from command line to 'None'
[0.273s] Level 5:colcon.colcon_core.verb:set package 'omni_control' build argument 'cmake_target_skip_unavailable' from command line to 'False'
[0.273s] Level 5:colcon.colcon_core.verb:set package 'omni_control' build argument 'cmake_clean_cache' from command line to 'False'
[0.273s] Level 5:colcon.colcon_core.verb:set package 'omni_control' build argument 'cmake_clean_first' from command line to 'False'
[0.273s] Level 5:colcon.colcon_core.verb:set package 'omni_control' build argument 'cmake_force_configure' from command line to 'False'
[0.273s] Level 5:colcon.colcon_core.verb:set package 'omni_control' build argument 'ament_cmake_args' from command line to 'None'
[0.273s] Level 5:colcon.colcon_core.verb:set package 'omni_control' build argument 'catkin_cmake_args' from command line to 'None'
[0.273s] Level 5:colcon.colcon_core.verb:set package 'omni_control' build argument 'catkin_skip_building_tests' from command line to 'False'
[0.273s] DEBUG:colcon.colcon_core.verb:Building package 'omni_control' with the following arguments: {'ament_cmake_args': None, 'build_base': '/home/daniel/danbot_v1_ws/build/omni_control', 'catkin_cmake_args': None, 'catkin_skip_building_tests': False, 'cmake_args': None, 'cmake_clean_cache': False, 'cmake_clean_first': False, 'cmake_force_configure': False, 'cmake_target': None, 'cmake_target_skip_unavailable': False, 'install_base': '/home/daniel/danbot_v1_ws/install/omni_control', 'merge_install': False, 'path': '/home/daniel/danbot_v1_ws/src/omni_navigation/src/omni_control', 'symlink_install': True, 'test_result_base': None}
[0.274s] Level 5:colcon.colcon_core.verb:set package 'omni_robot_description' build argument 'cmake_args' from command line to 'None'
[0.274s] Level 5:colcon.colcon_core.verb:set package 'omni_robot_description' build argument 'cmake_target' from command line to 'None'
[0.274s] Level 5:colcon.colcon_core.verb:set package 'omni_robot_description' build argument 'cmake_target_skip_unavailable' from command line to 'False'
[0.274s] Level 5:colcon.colcon_core.verb:set package 'omni_robot_description' build argument 'cmake_clean_cache' from command line to 'False'
[0.274s] Level 5:colcon.colcon_core.verb:set package 'omni_robot_description' build argument 'cmake_clean_first' from command line to 'False'
[0.274s] Level 5:colcon.colcon_core.verb:set package 'omni_robot_description' build argument 'cmake_force_configure' from command line to 'False'
[0.274s] Level 5:colcon.colcon_core.verb:set package 'omni_robot_description' build argument 'ament_cmake_args' from command line to 'None'
[0.274s] Level 5:colcon.colcon_core.verb:set package 'omni_robot_description' build argument 'catkin_cmake_args' from command line to 'None'
[0.274s] Level 5:colcon.colcon_core.verb:set package 'omni_robot_description' build argument 'catkin_skip_building_tests' from command line to 'False'
[0.274s] DEBUG:colcon.colcon_core.verb:Building package 'omni_robot_description' with the following arguments: {'ament_cmake_args': None, 'build_base': '/home/daniel/danbot_v1_ws/build/omni_robot_description', 'catkin_cmake_args': None, 'catkin_skip_building_tests': False, 'cmake_args': None, 'cmake_clean_cache': False, 'cmake_clean_first': False, 'cmake_force_configure': False, 'cmake_target': None, 'cmake_target_skip_unavailable': False, 'install_base': '/home/daniel/danbot_v1_ws/install/omni_robot_description', 'merge_install': False, 'path': '/home/daniel/danbot_v1_ws/src/omni_navigation/src/omni_robot_description', 'symlink_install': True, 'test_result_base': None}
[0.274s] Level 5:colcon.colcon_core.verb:set package 'rf2o_laser_odometry' build argument 'cmake_args' from command line to 'None'
[0.274s] Level 5:colcon.colcon_core.verb:set package 'rf2o_laser_odometry' build argument 'cmake_target' from command line to 'None'
[0.274s] Level 5:colcon.colcon_core.verb:set package 'rf2o_laser_odometry' build argument 'cmake_target_skip_unavailable' from command line to 'False'
[0.274s] Level 5:colcon.colcon_core.verb:set package 'rf2o_laser_odometry' build argument 'cmake_clean_cache' from command line to 'False'
[0.274s] Level 5:colcon.colcon_core.verb:set package 'rf2o_laser_odometry' build argument 'cmake_clean_first' from command line to 'False'
[0.274s] Level 5:colcon.colcon_core.verb:set package 'rf2o_laser_odometry' build argument 'cmake_force_configure' from command line to 'False'
[0.274s] Level 5:colcon.colcon_core.verb:set package 'rf2o_laser_odometry' build argument 'ament_cmake_args' from command line to 'None'
[0.274s] Level 5:colcon.colcon_core.verb:set package 'rf2o_laser_odometry' build argument 'catkin_cmake_args' from command line to 'None'
[0.274s] Level 5:colcon.colcon_core.verb:set package 'rf2o_laser_odometry' build argument 'catkin_skip_building_tests' from command line to 'False'
[0.274s] DEBUG:colcon.colcon_core.verb:Building package 'rf2o_laser_odometry' with the following arguments: {'ament_cmake_args': None, 'build_base': '/home/daniel/danbot_v1_ws/build/rf2o_laser_odometry', 'catkin_cmake_args': None, 'catkin_skip_building_tests': False, 'cmake_args': None, 'cmake_clean_cache': False, 'cmake_clean_first': False, 'cmake_force_configure': False, 'cmake_target': None, 'cmake_target_skip_unavailable': False, 'install_base': '/home/daniel/danbot_v1_ws/install/rf2o_laser_odometry', 'merge_install': False, 'path': '/home/daniel/danbot_v1_ws/src/omni_navigation/src/rf2o_laser_odometry', 'symlink_install': True, 'test_result_base': None}
[0.275s] Level 5:colcon.colcon_core.verb:set package 'test_ground' build argument 'cmake_args' from command line to 'None'
[0.275s] Level 5:colcon.colcon_core.verb:set package 'test_ground' build argument 'cmake_target' from command line to 'None'
[0.275s] Level 5:colcon.colcon_core.verb:set package 'test_ground' build argument 'cmake_target_skip_unavailable' from command line to 'False'
[0.275s] Level 5:colcon.colcon_core.verb:set package 'test_ground' build argument 'cmake_clean_cache' from command line to 'False'
[0.275s] Level 5:colcon.colcon_core.verb:set package 'test_ground' build argument 'cmake_clean_first' from command line to 'False'
[0.275s] Level 5:colcon.colcon_core.verb:set package 'test_ground' build argument 'cmake_force_configure' from command line to 'False'
[0.275s] Level 5:colcon.colcon_core.verb:set package 'test_ground' build argument 'ament_cmake_args' from command line to 'None'
[0.275s] Level 5:colcon.colcon_core.verb:set package 'test_ground' build argument 'catkin_cmake_args' from command line to 'None'
[0.275s] Level 5:colcon.colcon_core.verb:set package 'test_ground' build argument 'catkin_skip_building_tests' from command line to 'False'
[0.275s] DEBUG:colcon.colcon_core.verb:Building package 'test_ground' with the following arguments: {'ament_cmake_args': None, 'build_base': '/home/daniel/danbot_v1_ws/build/test_ground', 'catkin_cmake_args': None, 'catkin_skip_building_tests': False, 'cmake_args': None, 'cmake_clean_cache': False, 'cmake_clean_first': False, 'cmake_force_configure': False, 'cmake_target': None, 'cmake_target_skip_unavailable': False, 'install_base': '/home/daniel/danbot_v1_ws/install/test_ground', 'merge_install': False, 'path': '/home/daniel/danbot_v1_ws/src/test_ground', 'symlink_install': True, 'test_result_base': None}
[0.275s] INFO:colcon.colcon_core.executor:Executing jobs using 'parallel' executor
[0.276s] DEBUG:colcon.colcon_parallel_executor.executor.parallel:run_until_complete
[0.276s] INFO:colcon.colcon_ros.task.ament_python.build:Building ROS package in '/home/daniel/danbot_v1_ws/src/cinematica_v1' with build type 'ament_python'
[0.276s] Level 1:colcon.colcon_core.shell:create_environment_hook('cinematica_v1', 'ament_prefix_path')
[0.279s] INFO:colcon.colcon_core.plugin_system:Skipping extension 'colcon_core.shell.bat': Not used on non-Windows systems
[0.279s] INFO:colcon.colcon_core.shell:Creating environment hook '/home/daniel/danbot_v1_ws/install/cinematica_v1/share/cinematica_v1/hook/ament_prefix_path.ps1'
[0.280s] INFO:colcon.colcon_core.shell:Creating environment descriptor '/home/daniel/danbot_v1_ws/install/cinematica_v1/share/cinematica_v1/hook/ament_prefix_path.dsv'
[0.280s] INFO:colcon.colcon_core.shell:Creating environment hook '/home/daniel/danbot_v1_ws/install/cinematica_v1/share/cinematica_v1/hook/ament_prefix_path.sh'
[0.281s] INFO:colcon.colcon_core.shell:Skip shell extension 'powershell' for command environment: Not usable outside of PowerShell
[0.281s] DEBUG:colcon.colcon_core.shell:Skip shell extension 'dsv' for command environment
[0.286s] INFO:colcon.colcon_ros.task.ament_python.build:Building ROS package in '/home/daniel/danbot_v1_ws/src/controlador_motores_v1' with build type 'ament_python'
[0.286s] Level 1:colcon.colcon_core.shell:create_environment_hook('controlador_motores_v1', 'ament_prefix_path')
[0.287s] INFO:colcon.colcon_core.shell:Creating environment hook '/home/daniel/danbot_v1_ws/install/controlador_motores_v1/share/controlador_motores_v1/hook/ament_prefix_path.ps1'
[0.287s] INFO:colcon.colcon_core.shell:Creating environment descriptor '/home/daniel/danbot_v1_ws/install/controlador_motores_v1/share/controlador_motores_v1/hook/ament_prefix_path.dsv'
[0.288s] INFO:colcon.colcon_core.shell:Creating environment hook '/home/daniel/danbot_v1_ws/install/controlador_motores_v1/share/controlador_motores_v1/hook/ament_prefix_path.sh'
[0.288s] INFO:colcon.colcon_core.shell:Skip shell extension 'powershell' for command environment: Not usable outside of PowerShell
[0.289s] DEBUG:colcon.colcon_core.shell:Skip shell extension 'dsv' for command environment
[0.294s] INFO:colcon.colcon_ros.task.ament_python.build:Building ROS package in '/home/daniel/danbot_v1_ws/src/controlador_motores_v2' with build type 'ament_python'
[0.295s] Level 1:colcon.colcon_core.shell:create_environment_hook('controlador_motores_v2', 'ament_prefix_path')
[0.295s] INFO:colcon.colcon_core.shell:Creating environment hook '/home/daniel/danbot_v1_ws/install/controlador_motores_v2/share/controlador_motores_v2/hook/ament_prefix_path.ps1'
[0.296s] INFO:colcon.colcon_core.shell:Creating environment descriptor '/home/daniel/danbot_v1_ws/install/controlador_motores_v2/share/controlador_motores_v2/hook/ament_prefix_path.dsv'
[0.296s] INFO:colcon.colcon_core.shell:Creating environment hook '/home/daniel/danbot_v1_ws/install/controlador_motores_v2/share/controlador_motores_v2/hook/ament_prefix_path.sh'
[0.297s] INFO:colcon.colcon_core.shell:Skip shell extension 'powershell' for command environment: Not usable outside of PowerShell
[0.297s] DEBUG:colcon.colcon_core.shell:Skip shell extension 'dsv' for command environment
[0.301s] INFO:colcon.colcon_ros.task.ament_cmake.build:Building ROS package in '/home/daniel/danbot_v1_ws/src/omni_navigation/src/omni_cartographer' with build type 'ament_cmake'
[0.301s] INFO:colcon.colcon_cmake.task.cmake.build:Building CMake package in '/home/daniel/danbot_v1_ws/src/omni_navigation/src/omni_cartographer'
[0.302s] INFO:colcon.colcon_core.shell:Skip shell extension 'powershell' for command environment: Not usable outside of PowerShell
[0.302s] DEBUG:colcon.colcon_core.shell:Skip shell extension 'dsv' for command environment
[0.554s] INFO:colcon.colcon_core.task.python.build:Building Python package in '/home/daniel/danbot_v1_ws/src/cinematica_v1'
[0.555s] INFO:colcon.colcon_core.shell:Skip shell extension 'powershell' for command environment: Not usable outside of PowerShell
[0.555s] DEBUG:colcon.colcon_core.shell:Skip shell extension 'dsv' for command environment
[0.806s] INFO:colcon.colcon_core.task.python.build:Building Python package in '/home/daniel/danbot_v1_ws/src/controlador_motores_v1'
[0.806s] INFO:colcon.colcon_core.shell:Skip shell extension 'powershell' for command environment: Not usable outside of PowerShell
[0.806s] DEBUG:colcon.colcon_core.shell:Skip shell extension 'dsv' for command environment
[1.058s] INFO:colcon.colcon_core.task.python.build:Building Python package in '/home/daniel/danbot_v1_ws/src/controlador_motores_v2'
[1.059s] INFO:colcon.colcon_core.shell:Skip shell extension 'powershell' for command environment: Not usable outside of PowerShell
[1.059s] DEBUG:colcon.colcon_core.shell:Skip shell extension 'dsv' for command environment
[1.067s] DEBUG:colcon.colcon_core.event_handler.log_command:Invoking command in '/home/daniel/danbot_v1_ws/build/omni_cartographer': CMAKE_PREFIX_PATH=${CMAKE_PREFIX_PATH}:/home/daniel/danbot_v1_ws/install/cinematica_v1:/home/daniel/danbot_v1_ws/install/controlador_motores_v2:/home/daniel/danbot_v1_ws/install/controlador_motores_v1:/opt/ros/jazzy DEBUGINFOD_URLS=https://debuginfod.ubuntu.com /usr/bin/cmake --build /home/daniel/danbot_v1_ws/build/omni_cartographer -- -j4 -l4
[1.127s] DEBUG:colcon.colcon_core.event_handler.log_command:Invoked command in '/home/daniel/danbot_v1_ws/build/omni_cartographer' returned '0': CMAKE_PREFIX_PATH=${CMAKE_PREFIX_PATH}:/home/daniel/danbot_v1_ws/install/cinematica_v1:/home/daniel/danbot_v1_ws/install/controlador_motores_v2:/home/daniel/danbot_v1_ws/install/controlador_motores_v1:/opt/ros/jazzy DEBUGINFOD_URLS=https://debuginfod.ubuntu.com /usr/bin/cmake --build /home/daniel/danbot_v1_ws/build/omni_cartographer -- -j4 -l4
[1.177s] DEBUG:colcon.colcon_core.event_handler.log_command:Invoking command in '/home/daniel/danbot_v1_ws/build/omni_cartographer': CMAKE_PREFIX_PATH=${CMAKE_PREFIX_PATH}:/home/daniel/danbot_v1_ws/install/cinematica_v1:/home/daniel/danbot_v1_ws/install/controlador_motores_v2:/home/daniel/danbot_v1_ws/install/controlador_motores_v1:/opt/ros/jazzy DEBUGINFOD_URLS=https://debuginfod.ubuntu.com /usr/bin/cmake --install /home/daniel/danbot_v1_ws/build/omni_cartographer
[1.220s] Level 1:colcon.colcon_core.environment:create_environment_scripts_only(omni_cartographer)
[1.223s] DEBUG:colcon.colcon_core.event_handler.log_command:Invoked command in '/home/daniel/danbot_v1_ws/build/omni_cartographer' returned '0': CMAKE_PREFIX_PATH=${CMAKE_PREFIX_PATH}:/home/daniel/danbot_v1_ws/install/cinematica_v1:/home/daniel/danbot_v1_ws/install/controlador_motores_v2:/home/daniel/danbot_v1_ws/install/controlador_motores_v1:/opt/ros/jazzy DEBUGINFOD_URLS=https://debuginfod.ubuntu.com /usr/bin/cmake --install /home/daniel/danbot_v1_ws/build/omni_cartographer
[1.225s] Level 1:colcon.colcon_core.environment:checking '/home/daniel/danbot_v1_ws/install/omni_cartographer' for CMake module files
[1.226s] Level 1:colcon.colcon_core.environment:checking '/home/daniel/danbot_v1_ws/install/omni_cartographer' for CMake config files
[1.227s] Level 1:colcon.colcon_core.shell:create_environment_hook('omni_cartographer', 'cmake_prefix_path')
[1.227s] INFO:colcon.colcon_core.shell:Creating environment hook '/home/daniel/danbot_v1_ws/install/omni_cartographer/share/omni_cartographer/hook/cmake_prefix_path.ps1'
[1.228s] INFO:colcon.colcon_core.shell:Creating environment descriptor '/home/daniel/danbot_v1_ws/install/omni_cartographer/share/omni_cartographer/hook/cmake_prefix_path.dsv'
[1.229s] INFO:colcon.colcon_core.shell:Creating environment hook '/home/daniel/danbot_v1_ws/install/omni_cartographer/share/omni_cartographer/hook/cmake_prefix_path.sh'
[1.230s] Level 1:colcon.colcon_core.environment:checking '/home/daniel/danbot_v1_ws/install/omni_cartographer/bin'
[1.230s] Level 1:colcon.colcon_core.environment:checking '/home/daniel/danbot_v1_ws/install/omni_cartographer/lib/pkgconfig/omni_cartographer.pc'
[1.231s] Level 1:colcon.colcon_core.environment:checking '/home/daniel/danbot_v1_ws/install/omni_cartographer/lib/python3.12/site-packages'
[1.231s] Level 1:colcon.colcon_core.environment:checking '/home/daniel/danbot_v1_ws/install/omni_cartographer/bin'
[1.231s] INFO:colcon.colcon_core.shell:Creating package script '/home/daniel/danbot_v1_ws/install/omni_cartographer/share/omni_cartographer/package.ps1'
[1.233s] INFO:colcon.colcon_core.shell:Creating package descriptor '/home/daniel/danbot_v1_ws/install/omni_cartographer/share/omni_cartographer/package.dsv'
[1.234s] INFO:colcon.colcon_core.shell:Creating package script '/home/daniel/danbot_v1_ws/install/omni_cartographer/share/omni_cartographer/package.sh'
[1.235s] INFO:colcon.colcon_core.shell:Creating package script '/home/daniel/danbot_v1_ws/install/omni_cartographer/share/omni_cartographer/package.bash'
[1.236s] INFO:colcon.colcon_core.shell:Creating package script '/home/daniel/danbot_v1_ws/install/omni_cartographer/share/omni_cartographer/package.zsh'
[1.237s] Level 1:colcon.colcon_core.environment:create_file_with_runtime_dependencies(/home/daniel/danbot_v1_ws/install/omni_cartographer/share/colcon-core/packages/omni_cartographer)
[1.272s] Level 1:colcon.colcon_core.environment:create_environment_scripts_only(omni_cartographer)
[1.273s] Level 1:colcon.colcon_core.environment:checking '/home/daniel/danbot_v1_ws/install/omni_cartographer' for CMake module files
[1.274s] Level 1:colcon.colcon_core.environment:checking '/home/daniel/danbot_v1_ws/install/omni_cartographer' for CMake config files
[1.274s] Level 1:colcon.colcon_core.shell:create_environment_hook('omni_cartographer', 'cmake_prefix_path')
[1.275s] INFO:colcon.colcon_core.shell:Creating environment hook '/home/daniel/danbot_v1_ws/install/omni_cartographer/share/omni_cartographer/hook/cmake_prefix_path.ps1'
[1.275s] INFO:colcon.colcon_core.shell:Creating environment descriptor '/home/daniel/danbot_v1_ws/install/omni_cartographer/share/omni_cartographer/hook/cmake_prefix_path.dsv'
[1.276s] INFO:colcon.colcon_core.shell:Creating environment hook '/home/daniel/danbot_v1_ws/install/omni_cartographer/share/omni_cartographer/hook/cmake_prefix_path.sh'
[1.277s] Level 1:colcon.colcon_core.environment:checking '/home/daniel/danbot_v1_ws/install/omni_cartographer/bin'
[1.277s] Level 1:colcon.colcon_core.environment:checking '/home/daniel/danbot_v1_ws/install/omni_cartographer/lib/pkgconfig/omni_cartographer.pc'
[1.278s] Level 1:colcon.colcon_core.environment:checking '/home/daniel/danbot_v1_ws/install/omni_cartographer/lib/python3.12/site-packages'
[1.278s] Level 1:colcon.colcon_core.environment:checking '/home/daniel/danbot_v1_ws/install/omni_cartographer/bin'
[1.279s] INFO:colcon.colcon_core.shell:Creating package script '/home/daniel/danbot_v1_ws/install/omni_cartographer/share/omni_cartographer/package.ps1'
[1.280s] INFO:colcon.colcon_core.shell:Creating package descriptor '/home/daniel/danbot_v1_ws/install/omni_cartographer/share/omni_cartographer/package.dsv'
[1.281s] INFO:colcon.colcon_core.shell:Creating package script '/home/daniel/danbot_v1_ws/install/omni_cartographer/share/omni_cartographer/package.sh'
[1.283s] INFO:colcon.colcon_core.shell:Creating package script '/home/daniel/danbot_v1_ws/install/omni_cartographer/share/omni_cartographer/package.bash'
[1.284s] INFO:colcon.colcon_core.shell:Creating package script '/home/daniel/danbot_v1_ws/install/omni_cartographer/share/omni_cartographer/package.zsh'
[1.284s] Level 1:colcon.colcon_core.environment:create_file_with_runtime_dependencies(/home/daniel/danbot_v1_ws/install/omni_cartographer/share/colcon-core/packages/omni_cartographer)
[1.285s] INFO:colcon.colcon_ros.task.ament_cmake.build:Building ROS package in '/home/daniel/danbot_v1_ws/src/omni_navigation/src/omni_control' with build type 'ament_cmake'
[1.287s] INFO:colcon.colcon_cmake.task.cmake.build:Building CMake package in '/home/daniel/danbot_v1_ws/src/omni_navigation/src/omni_control'
[1.287s] INFO:colcon.colcon_core.shell:Skip shell extension 'powershell' for command environment: Not usable outside of PowerShell
[1.287s] DEBUG:colcon.colcon_core.shell:Skip shell extension 'dsv' for command environment
[1.312s] DEBUG:colcon.colcon_core.event_handler.log_command:Invoking command in '/home/daniel/danbot_v1_ws/build/omni_control': CMAKE_PREFIX_PATH=${CMAKE_PREFIX_PATH}:/home/daniel/danbot_v1_ws/install/cinematica_v1:/home/daniel/danbot_v1_ws/install/controlador_motores_v2:/home/daniel/danbot_v1_ws/install/controlador_motores_v1:/opt/ros/jazzy DEBUGINFOD_URLS=https://debuginfod.ubuntu.com /usr/bin/cmake --build /home/daniel/danbot_v1_ws/build/omni_control -- -j4 -l4
[1.412s] DEBUG:colcon.colcon_core.event_handler.log_command:Invoked command in '/home/daniel/danbot_v1_ws/build/omni_control' returned '0': CMAKE_PREFIX_PATH=${CMAKE_PREFIX_PATH}:/home/daniel/danbot_v1_ws/install/cinematica_v1:/home/daniel/danbot_v1_ws/install/controlador_motores_v2:/home/daniel/danbot_v1_ws/install/controlador_motores_v1:/opt/ros/jazzy DEBUGINFOD_URLS=https://debuginfod.ubuntu.com /usr/bin/cmake --build /home/daniel/danbot_v1_ws/build/omni_control -- -j4 -l4
[1.464s] DEBUG:colcon.colcon_core.event_handler.log_command:Invoking command in '/home/daniel/danbot_v1_ws/build/omni_control': CMAKE_PREFIX_PATH=${CMAKE_PREFIX_PATH}:/home/daniel/danbot_v1_ws/install/cinematica_v1:/home/daniel/danbot_v1_ws/install/controlador_motores_v2:/home/daniel/danbot_v1_ws/install/controlador_motores_v1:/opt/ros/jazzy DEBUGINFOD_URLS=https://debuginfod.ubuntu.com /usr/bin/cmake --install /home/daniel/danbot_v1_ws/build/omni_control
[1.527s] Level 1:colcon.colcon_core.environment:create_environment_scripts_only(omni_control)
[1.527s] Level 1:colcon.colcon_core.environment:checking '/home/daniel/danbot_v1_ws/install/omni_control' for CMake module files
[1.528s] Level 1:colcon.colcon_core.environment:checking '/home/daniel/danbot_v1_ws/install/omni_control' for CMake config files
[1.529s] DEBUG:colcon.colcon_core.event_handler.log_command:Invoked command in '/home/daniel/danbot_v1_ws/build/omni_control' returned '0': CMAKE_PREFIX_PATH=${CMAKE_PREFIX_PATH}:/home/daniel/danbot_v1_ws/install/cinematica_v1:/home/daniel/danbot_v1_ws/install/controlador_motores_v2:/home/daniel/danbot_v1_ws/install/controlador_motores_v1:/opt/ros/jazzy DEBUGINFOD_URLS=https://debuginfod.ubuntu.com /usr/bin/cmake --install /home/daniel/danbot_v1_ws/build/omni_control
[1.529s] Level 1:colcon.colcon_core.shell:create_environment_hook('omni_control', 'cmake_prefix_path')
[1.530s] INFO:colcon.colcon_core.shell:Creating environment hook '/home/daniel/danbot_v1_ws/install/omni_control/share/omni_control/hook/cmake_prefix_path.ps1'
[1.531s] INFO:colcon.colcon_core.shell:Creating environment descriptor '/home/daniel/danbot_v1_ws/install/omni_control/share/omni_control/hook/cmake_prefix_path.dsv'
[1.531s] INFO:colcon.colcon_core.shell:Creating environment hook '/home/daniel/danbot_v1_ws/install/omni_control/share/omni_control/hook/cmake_prefix_path.sh'
[1.532s] Level 1:colcon.colcon_core.environment:checking '/home/daniel/danbot_v1_ws/install/omni_control/lib'
[1.533s] Level 1:colcon.colcon_core.environment:checking '/home/daniel/danbot_v1_ws/install/omni_control/bin'
[1.533s] Level 1:colcon.colcon_core.environment:checking '/home/daniel/danbot_v1_ws/install/omni_control/lib/pkgconfig/omni_control.pc'
[1.533s] Level 1:colcon.colcon_core.environment:checking '/home/daniel/danbot_v1_ws/install/omni_control/lib/python3.12/site-packages'
[1.533s] Level 1:colcon.colcon_core.environment:checking '/home/daniel/danbot_v1_ws/install/omni_control/bin'
[1.534s] INFO:colcon.colcon_core.shell:Creating package script '/home/daniel/danbot_v1_ws/install/omni_control/share/omni_control/package.ps1'
[1.535s] INFO:colcon.colcon_core.shell:Creating package descriptor '/home/daniel/danbot_v1_ws/install/omni_control/share/omni_control/package.dsv'
[1.535s] INFO:colcon.colcon_core.shell:Creating package script '/home/daniel/danbot_v1_ws/install/omni_control/share/omni_control/package.sh'
[1.536s] INFO:colcon.colcon_core.shell:Creating package script '/home/daniel/danbot_v1_ws/install/omni_control/share/omni_control/package.bash'
[1.537s] INFO:colcon.colcon_core.shell:Creating package script '/home/daniel/danbot_v1_ws/install/omni_control/share/omni_control/package.zsh'
[1.537s] Level 1:colcon.colcon_core.environment:create_file_with_runtime_dependencies(/home/daniel/danbot_v1_ws/install/omni_control/share/colcon-core/packages/omni_control)
[1.573s] Level 1:colcon.colcon_core.environment:create_environment_scripts_only(omni_control)
[1.573s] Level 1:colcon.colcon_core.environment:checking '/home/daniel/danbot_v1_ws/install/omni_control' for CMake module files
[1.574s] Level 1:colcon.colcon_core.environment:checking '/home/daniel/danbot_v1_ws/install/omni_control' for CMake config files
[1.574s] Level 1:colcon.colcon_core.shell:create_environment_hook('omni_control', 'cmake_prefix_path')
[1.575s] INFO:colcon.colcon_core.shell:Creating environment hook '/home/daniel/danbot_v1_ws/install/omni_control/share/omni_control/hook/cmake_prefix_path.ps1'
[1.576s] INFO:colcon.colcon_core.shell:Creating environment descriptor '/home/daniel/danbot_v1_ws/install/omni_control/share/omni_control/hook/cmake_prefix_path.dsv'
[1.576s] INFO:colcon.colcon_core.shell:Creating environment hook '/home/daniel/danbot_v1_ws/install/omni_control/share/omni_control/hook/cmake_prefix_path.sh'
[1.577s] Level 1:colcon.colcon_core.environment:checking '/home/daniel/danbot_v1_ws/install/omni_control/lib'
[1.578s] Level 1:colcon.colcon_core.environment:checking '/home/daniel/danbot_v1_ws/install/omni_control/bin'
[1.578s] Level 1:colcon.colcon_core.environment:checking '/home/daniel/danbot_v1_ws/install/omni_control/lib/pkgconfig/omni_control.pc'
[1.578s] Level 1:colcon.colcon_core.environment:checking '/home/daniel/danbot_v1_ws/install/omni_control/lib/python3.12/site-packages'
[1.579s] Level 1:colcon.colcon_core.environment:checking '/home/daniel/danbot_v1_ws/install/omni_control/bin'
[1.579s] INFO:colcon.colcon_core.shell:Creating package script '/home/daniel/danbot_v1_ws/install/omni_control/share/omni_control/package.ps1'
[1.580s] INFO:colcon.colcon_core.shell:Creating package descriptor '/home/daniel/danbot_v1_ws/install/omni_control/share/omni_control/package.dsv'
[1.581s] INFO:colcon.colcon_core.shell:Creating package script '/home/daniel/danbot_v1_ws/install/omni_control/share/omni_control/package.sh'
[1.584s] INFO:colcon.colcon_core.shell:Creating package script '/home/daniel/danbot_v1_ws/install/omni_control/share/omni_control/package.bash'
[1.587s] INFO:colcon.colcon_core.shell:Creating package script '/home/daniel/danbot_v1_ws/install/omni_control/share/omni_control/package.zsh'
[1.590s] Level 1:colcon.colcon_core.environment:create_file_with_runtime_dependencies(/home/daniel/danbot_v1_ws/install/omni_control/share/colcon-core/packages/omni_control)
[1.591s] INFO:colcon.colcon_ros.task.ament_cmake.build:Building ROS package in '/home/daniel/danbot_v1_ws/src/omni_navigation/src/omni_robot_description' with build type 'ament_cmake'
[1.591s] INFO:colcon.colcon_cmake.task.cmake.build:Building CMake package in '/home/daniel/danbot_v1_ws/src/omni_navigation/src/omni_robot_description'
[1.591s] INFO:colcon.colcon_core.shell:Skip shell extension 'powershell' for command environment: Not usable outside of PowerShell
[1.591s] DEBUG:colcon.colcon_core.shell:Skip shell extension 'dsv' for command environment
[1.626s] DEBUG:colcon.colcon_core.event_handler.log_command:Invoking command in '/home/daniel/danbot_v1_ws/build/omni_robot_description': CMAKE_PREFIX_PATH=${CMAKE_PREFIX_PATH}:/home/daniel/danbot_v1_ws/install/cinematica_v1:/home/daniel/danbot_v1_ws/install/controlador_motores_v2:/home/daniel/danbot_v1_ws/install/controlador_motores_v1:/opt/ros/jazzy DEBUGINFOD_URLS=https://debuginfod.ubuntu.com /usr/bin/cmake --build /home/daniel/danbot_v1_ws/build/omni_robot_description -- -j4 -l4
[1.701s] DEBUG:colcon.colcon_core.event_handler.log_command:Invoked command in '/home/daniel/danbot_v1_ws/build/omni_robot_description' returned '0': CMAKE_PREFIX_PATH=${CMAKE_PREFIX_PATH}:/home/daniel/danbot_v1_ws/install/cinematica_v1:/home/daniel/danbot_v1_ws/install/controlador_motores_v2:/home/daniel/danbot_v1_ws/install/controlador_motores_v1:/opt/ros/jazzy DEBUGINFOD_URLS=https://debuginfod.ubuntu.com /usr/bin/cmake --build /home/daniel/danbot_v1_ws/build/omni_robot_description -- -j4 -l4
[1.757s] DEBUG:colcon.colcon_core.event_handler.log_command:Invoking command in '/home/daniel/danbot_v1_ws/build/omni_robot_description': CMAKE_PREFIX_PATH=${CMAKE_PREFIX_PATH}:/home/daniel/danbot_v1_ws/install/cinematica_v1:/home/daniel/danbot_v1_ws/install/controlador_motores_v2:/home/daniel/danbot_v1_ws/install/controlador_motores_v1:/opt/ros/jazzy DEBUGINFOD_URLS=https://debuginfod.ubuntu.com /usr/bin/cmake --install /home/daniel/danbot_v1_ws/build/omni_robot_description
[1.794s] Level 1:colcon.colcon_core.environment:create_environment_scripts_only(omni_robot_description)
[1.794s] Level 1:colcon.colcon_core.environment:checking '/home/daniel/danbot_v1_ws/install/omni_robot_description' for CMake module files
[1.798s] DEBUG:colcon.colcon_core.event_handler.log_command:Invoked command in '/home/daniel/danbot_v1_ws/build/omni_robot_description' returned '0': CMAKE_PREFIX_PATH=${CMAKE_PREFIX_PATH}:/home/daniel/danbot_v1_ws/install/cinematica_v1:/home/daniel/danbot_v1_ws/install/controlador_motores_v2:/home/daniel/danbot_v1_ws/install/controlador_motores_v1:/opt/ros/jazzy DEBUGINFOD_URLS=https://debuginfod.ubuntu.com /usr/bin/cmake --install /home/daniel/danbot_v1_ws/build/omni_robot_description
[1.798s] Level 1:colcon.colcon_core.environment:checking '/home/daniel/danbot_v1_ws/install/omni_robot_description' for CMake config files
[1.799s] Level 1:colcon.colcon_core.shell:create_environment_hook('omni_robot_description', 'cmake_prefix_path')
[1.799s] INFO:colcon.colcon_core.shell:Creating environment hook '/home/daniel/danbot_v1_ws/install/omni_robot_description/share/omni_robot_description/hook/cmake_prefix_path.ps1'
[1.802s] INFO:colcon.colcon_core.shell:Creating environment descriptor '/home/daniel/danbot_v1_ws/install/omni_robot_description/share/omni_robot_description/hook/cmake_prefix_path.dsv'
[1.803s] INFO:colcon.colcon_core.shell:Creating environment hook '/home/daniel/danbot_v1_ws/install/omni_robot_description/share/omni_robot_description/hook/cmake_prefix_path.sh'
[1.803s] Level 1:colcon.colcon_core.environment:checking '/home/daniel/danbot_v1_ws/install/omni_robot_description/bin'
[1.808s] Level 1:colcon.colcon_core.environment:checking '/home/daniel/danbot_v1_ws/install/omni_robot_description/lib/pkgconfig/omni_robot_description.pc'
[1.808s] Level 1:colcon.colcon_core.environment:checking '/home/daniel/danbot_v1_ws/install/omni_robot_description/lib/python3.12/site-packages'
[1.811s] Level 1:colcon.colcon_core.environment:checking '/home/daniel/danbot_v1_ws/install/omni_robot_description/bin'
[1.811s] INFO:colcon.colcon_core.shell:Creating package script '/home/daniel/danbot_v1_ws/install/omni_robot_description/share/omni_robot_description/package.ps1'
[1.812s] INFO:colcon.colcon_core.shell:Creating package descriptor '/home/daniel/danbot_v1_ws/install/omni_robot_description/share/omni_robot_description/package.dsv'
[1.813s] INFO:colcon.colcon_core.shell:Creating package script '/home/daniel/danbot_v1_ws/install/omni_robot_description/share/omni_robot_description/package.sh'
[1.813s] INFO:colcon.colcon_core.shell:Creating package script '/home/daniel/danbot_v1_ws/install/omni_robot_description/share/omni_robot_description/package.bash'
[1.815s] INFO:colcon.colcon_core.shell:Creating package script '/home/daniel/danbot_v1_ws/install/omni_robot_description/share/omni_robot_description/package.zsh'
[1.816s] Level 1:colcon.colcon_core.environment:create_file_with_runtime_dependencies(/home/daniel/danbot_v1_ws/install/omni_robot_description/share/colcon-core/packages/omni_robot_description)
[1.854s] Level 1:colcon.colcon_core.environment:create_environment_scripts_only(omni_robot_description)
[1.854s] Level 1:colcon.colcon_core.environment:checking '/home/daniel/danbot_v1_ws/install/omni_robot_description' for CMake module files
[1.855s] Level 1:colcon.colcon_core.environment:checking '/home/daniel/danbot_v1_ws/install/omni_robot_description' for CMake config files
[1.855s] Level 1:colcon.colcon_core.shell:create_environment_hook('omni_robot_description', 'cmake_prefix_path')
[1.856s] INFO:colcon.colcon_core.shell:Creating environment hook '/home/daniel/danbot_v1_ws/install/omni_robot_description/share/omni_robot_description/hook/cmake_prefix_path.ps1'
[1.857s] INFO:colcon.colcon_core.shell:Creating environment descriptor '/home/daniel/danbot_v1_ws/install/omni_robot_description/share/omni_robot_description/hook/cmake_prefix_path.dsv'
[1.857s] INFO:colcon.colcon_core.shell:Creating environment hook '/home/daniel/danbot_v1_ws/install/omni_robot_description/share/omni_robot_description/hook/cmake_prefix_path.sh'
[1.858s] Level 1:colcon.colcon_core.environment:checking '/home/daniel/danbot_v1_ws/install/omni_robot_description/bin'
[1.859s] Level 1:colcon.colcon_core.environment:checking '/home/daniel/danbot_v1_ws/install/omni_robot_description/lib/pkgconfig/omni_robot_description.pc'
[1.859s] Level 1:colcon.colcon_core.environment:checking '/home/daniel/danbot_v1_ws/install/omni_robot_description/lib/python3.12/site-packages'
[1.860s] Level 1:colcon.colcon_core.environment:checking '/home/daniel/danbot_v1_ws/install/omni_robot_description/bin'
[1.860s] INFO:colcon.colcon_core.shell:Creating package script '/home/daniel/danbot_v1_ws/install/omni_robot_description/share/omni_robot_description/package.ps1'
[1.861s] INFO:colcon.colcon_core.shell:Creating package descriptor '/home/daniel/danbot_v1_ws/install/omni_robot_description/share/omni_robot_description/package.dsv'
[1.862s] INFO:colcon.colcon_core.shell:Creating package script '/home/daniel/danbot_v1_ws/install/omni_robot_description/share/omni_robot_description/package.sh'
[1.863s] INFO:colcon.colcon_core.shell:Creating package script '/home/daniel/danbot_v1_ws/install/omni_robot_description/share/omni_robot_description/package.bash'
[1.863s] INFO:colcon.colcon_core.shell:Creating package script '/home/daniel/danbot_v1_ws/install/omni_robot_description/share/omni_robot_description/package.zsh'
[1.864s] Level 1:colcon.colcon_core.environment:create_file_with_runtime_dependencies(/home/daniel/danbot_v1_ws/install/omni_robot_description/share/colcon-core/packages/omni_robot_description)
[1.865s] INFO:colcon.colcon_ros.task.ament_cmake.build:Building ROS package in '/home/daniel/danbot_v1_ws/src/omni_navigation/src/rf2o_laser_odometry' with build type 'ament_cmake'
[1.866s] INFO:colcon.colcon_cmake.task.cmake.build:Building CMake package in '/home/daniel/danbot_v1_ws/src/omni_navigation/src/rf2o_laser_odometry'
[1.866s] INFO:colcon.colcon_core.shell:Skip shell extension 'powershell' for command environment: Not usable outside of PowerShell
[1.866s] DEBUG:colcon.colcon_core.shell:Skip shell extension 'dsv' for command environment
[1.908s] DEBUG:colcon.colcon_core.event_handler.log_command:Invoking command in '/home/daniel/danbot_v1_ws/build/rf2o_laser_odometry': CMAKE_PREFIX_PATH=${CMAKE_PREFIX_PATH}:/home/daniel/danbot_v1_ws/install/cinematica_v1:/home/daniel/danbot_v1_ws/install/controlador_motores_v2:/home/daniel/danbot_v1_ws/install/controlador_motores_v1:/opt/ros/jazzy DEBUGINFOD_URLS=https://debuginfod.ubuntu.com /usr/bin/cmake --build /home/daniel/danbot_v1_ws/build/rf2o_laser_odometry -- -j4 -l4
[2.183s] DEBUG:colcon.colcon_core.event_handler.log_command:Invoked command in '/home/daniel/danbot_v1_ws/build/rf2o_laser_odometry' returned '0': CMAKE_PREFIX_PATH=${CMAKE_PREFIX_PATH}:/home/daniel/danbot_v1_ws/install/cinematica_v1:/home/daniel/danbot_v1_ws/install/controlador_motores_v2:/home/daniel/danbot_v1_ws/install/controlador_motores_v1:/opt/ros/jazzy DEBUGINFOD_URLS=https://debuginfod.ubuntu.com /usr/bin/cmake --build /home/daniel/danbot_v1_ws/build/rf2o_laser_odometry -- -j4 -l4
[2.203s] DEBUG:colcon.colcon_core.event_handler.log_command:Invoking command in '/home/daniel/danbot_v1_ws/build/controlador_motores_v1': DEBUGINFOD_URLS=https://debuginfod.ubuntu.com PYTHONPATH=/home/daniel/danbot_v1_ws/build/controlador_motores_v1/prefix_override:/usr/lib/python3/dist-packages/colcon_core/task/python/colcon_distutils_commands:/home/daniel/danbot_v1_ws/install/controlador_motores_v1/lib/python3.12/site-packages:${PYTHONPATH} /usr/bin/python3 -W ignore:setup.py install is deprecated setup.py develop --editable --build-directory /home/daniel/danbot_v1_ws/build/controlador_motores_v1/build --no-deps symlink_data
[2.243s] DEBUG:colcon.colcon_core.event_handler.log_command:Invoking command in '/home/daniel/danbot_v1_ws/build/controlador_motores_v2': DEBUGINFOD_URLS=https://debuginfod.ubuntu.com PYTHONPATH=/home/daniel/danbot_v1_ws/build/controlador_motores_v2/prefix_override:/usr/lib/python3/dist-packages/colcon_core/task/python/colcon_distutils_commands:/home/daniel/danbot_v1_ws/install/controlador_motores_v2/lib/python3.12/site-packages:${PYTHONPATH} /usr/bin/python3 -W ignore:setup.py install is deprecated setup.py develop --editable --build-directory /home/daniel/danbot_v1_ws/build/controlador_motores_v2/build --no-deps symlink_data
[2.295s] DEBUG:colcon.colcon_core.event_handler.log_command:Invoking command in '/home/daniel/danbot_v1_ws/build/rf2o_laser_odometry': CMAKE_PREFIX_PATH=${CMAKE_PREFIX_PATH}:/home/daniel/danbot_v1_ws/install/cinematica_v1:/home/daniel/danbot_v1_ws/install/controlador_motores_v2:/home/daniel/danbot_v1_ws/install/controlador_motores_v1:/opt/ros/jazzy DEBUGINFOD_URLS=https://debuginfod.ubuntu.com /usr/bin/cmake --install /home/daniel/danbot_v1_ws/build/rf2o_laser_odometry
[2.328s] DEBUG:colcon.colcon_core.event_handler.log_command:Invoking command in '/home/daniel/danbot_v1_ws/build/cinematica_v1': DEBUGINFOD_URLS=https://debuginfod.ubuntu.com PYTHONPATH=/home/daniel/danbot_v1_ws/build/cinematica_v1/prefix_override:/usr/lib/python3/dist-packages/colcon_core/task/python/colcon_distutils_commands:/home/daniel/danbot_v1_ws/install/cinematica_v1/lib/python3.12/site-packages:${PYTHONPATH} /usr/bin/python3 -W ignore:setup.py install is deprecated setup.py develop --editable --build-directory /home/daniel/danbot_v1_ws/build/cinematica_v1/build --no-deps symlink_data
[2.339s] Level 1:colcon.colcon_core.environment:create_environment_scripts_only(rf2o_laser_odometry)
[2.339s] Level 1:colcon.colcon_core.environment:checking '/home/daniel/danbot_v1_ws/install/rf2o_laser_odometry' for CMake module files
[2.340s] Level 1:colcon.colcon_core.environment:checking '/home/daniel/danbot_v1_ws/install/rf2o_laser_odometry' for CMake config files
[2.340s] Level 1:colcon.colcon_core.shell:create_environment_hook('rf2o_laser_odometry', 'cmake_prefix_path')
[2.341s] INFO:colcon.colcon_core.shell:Creating environment hook '/home/daniel/danbot_v1_ws/install/rf2o_laser_odometry/share/rf2o_laser_odometry/hook/cmake_prefix_path.ps1'
[2.342s] INFO:colcon.colcon_core.shell:Creating environment descriptor '/home/daniel/danbot_v1_ws/install/rf2o_laser_odometry/share/rf2o_laser_odometry/hook/cmake_prefix_path.dsv'
[2.343s] DEBUG:colcon.colcon_core.event_handler.log_command:Invoked command in '/home/daniel/danbot_v1_ws/build/rf2o_laser_odometry' returned '0': CMAKE_PREFIX_PATH=${CMAKE_PREFIX_PATH}:/home/daniel/danbot_v1_ws/install/cinematica_v1:/home/daniel/danbot_v1_ws/install/controlador_motores_v2:/home/daniel/danbot_v1_ws/install/controlador_motores_v1:/opt/ros/jazzy DEBUGINFOD_URLS=https://debuginfod.ubuntu.com /usr/bin/cmake --install /home/daniel/danbot_v1_ws/build/rf2o_laser_odometry
[2.343s] INFO:colcon.colcon_core.shell:Creating environment hook '/home/daniel/danbot_v1_ws/install/rf2o_laser_odometry/share/rf2o_laser_odometry/hook/cmake_prefix_path.sh'
[2.344s] Level 1:colcon.colcon_core.environment:checking '/home/daniel/danbot_v1_ws/install/rf2o_laser_odometry/lib'
[2.344s] Level 1:colcon.colcon_core.environment:checking '/home/daniel/danbot_v1_ws/install/rf2o_laser_odometry/bin'
[2.345s] Level 1:colcon.colcon_core.environment:checking '/home/daniel/danbot_v1_ws/install/rf2o_laser_odometry/lib/pkgconfig/rf2o_laser_odometry.pc'
[2.345s] Level 1:colcon.colcon_core.environment:checking '/home/daniel/danbot_v1_ws/install/rf2o_laser_odometry/lib/python3.12/site-packages'
[2.345s] Level 1:colcon.colcon_core.environment:checking '/home/daniel/danbot_v1_ws/install/rf2o_laser_odometry/bin'
[2.346s] INFO:colcon.colcon_core.shell:Creating package script '/home/daniel/danbot_v1_ws/install/rf2o_laser_odometry/share/rf2o_laser_odometry/package.ps1'
[2.346s] INFO:colcon.colcon_core.shell:Creating package descriptor '/home/daniel/danbot_v1_ws/install/rf2o_laser_odometry/share/rf2o_laser_odometry/package.dsv'
[2.347s] INFO:colcon.colcon_core.shell:Creating package script '/home/daniel/danbot_v1_ws/install/rf2o_laser_odometry/share/rf2o_laser_odometry/package.sh'
[2.347s] INFO:colcon.colcon_core.shell:Creating package script '/home/daniel/danbot_v1_ws/install/rf2o_laser_odometry/share/rf2o_laser_odometry/package.bash'
[2.348s] INFO:colcon.colcon_core.shell:Creating package script '/home/daniel/danbot_v1_ws/install/rf2o_laser_odometry/share/rf2o_laser_odometry/package.zsh'
[2.349s] Level 1:colcon.colcon_core.environment:create_file_with_runtime_dependencies(/home/daniel/danbot_v1_ws/install/rf2o_laser_odometry/share/colcon-core/packages/rf2o_laser_odometry)
[2.401s] Level 1:colcon.colcon_core.environment:create_environment_scripts_only(rf2o_laser_odometry)
[2.402s] Level 1:colcon.colcon_core.environment:checking '/home/daniel/danbot_v1_ws/install/rf2o_laser_odometry' for CMake module files
[2.403s] Level 1:colcon.colcon_core.environment:checking '/home/daniel/danbot_v1_ws/install/rf2o_laser_odometry' for CMake config files
[2.403s] Level 1:colcon.colcon_core.shell:create_environment_hook('rf2o_laser_odometry', 'cmake_prefix_path')
[2.403s] INFO:colcon.colcon_core.shell:Creating environment hook '/home/daniel/danbot_v1_ws/install/rf2o_laser_odometry/share/rf2o_laser_odometry/hook/cmake_prefix_path.ps1'
[2.414s] INFO:colcon.colcon_core.shell:Creating environment descriptor '/home/daniel/danbot_v1_ws/install/rf2o_laser_odometry/share/rf2o_laser_odometry/hook/cmake_prefix_path.dsv'
[2.414s] INFO:colcon.colcon_core.shell:Creating environment hook '/home/daniel/danbot_v1_ws/install/rf2o_laser_odometry/share/rf2o_laser_odometry/hook/cmake_prefix_path.sh'
[2.418s] Level 1:colcon.colcon_core.environment:checking '/home/daniel/danbot_v1_ws/install/rf2o_laser_odometry/lib'
[2.418s] Level 1:colcon.colcon_core.environment:checking '/home/daniel/danbot_v1_ws/install/rf2o_laser_odometry/bin'
[2.418s] Level 1:colcon.colcon_core.environment:checking '/home/daniel/danbot_v1_ws/install/rf2o_laser_odometry/lib/pkgconfig/rf2o_laser_odometry.pc'
[2.418s] Level 1:colcon.colcon_core.environment:checking '/home/daniel/danbot_v1_ws/install/rf2o_laser_odometry/lib/python3.12/site-packages'
[2.419s] Level 1:colcon.colcon_core.environment:checking '/home/daniel/danbot_v1_ws/install/rf2o_laser_odometry/bin'
[2.419s] INFO:colcon.colcon_core.shell:Creating package script '/home/daniel/danbot_v1_ws/install/rf2o_laser_odometry/share/rf2o_laser_odometry/package.ps1'
[2.429s] INFO:colcon.colcon_core.shell:Creating package descriptor '/home/daniel/danbot_v1_ws/install/rf2o_laser_odometry/share/rf2o_laser_odometry/package.dsv'
[2.431s] INFO:colcon.colcon_core.shell:Creating package script '/home/daniel/danbot_v1_ws/install/rf2o_laser_odometry/share/rf2o_laser_odometry/package.sh'
[2.435s] INFO:colcon.colcon_core.shell:Creating package script '/home/daniel/danbot_v1_ws/install/rf2o_laser_odometry/share/rf2o_laser_odometry/package.bash'
[2.438s] INFO:colcon.colcon_core.shell:Creating package script '/home/daniel/danbot_v1_ws/install/rf2o_laser_odometry/share/rf2o_laser_odometry/package.zsh'
[2.443s] Level 1:colcon.colcon_core.environment:create_file_with_runtime_dependencies(/home/daniel/danbot_v1_ws/install/rf2o_laser_odometry/share/colcon-core/packages/rf2o_laser_odometry)
[2.446s] INFO:colcon.colcon_ros.task.ament_cmake.build:Building ROS package in '/home/daniel/danbot_v1_ws/src/test_ground' with build type 'ament_cmake'
[2.446s] INFO:colcon.colcon_cmake.task.cmake.build:Building CMake package in '/home/daniel/danbot_v1_ws/src/test_ground'
[2.447s] INFO:colcon.colcon_core.shell:Skip shell extension 'powershell' for command environment: Not usable outside of PowerShell
[2.447s] DEBUG:colcon.colcon_core.shell:Skip shell extension 'dsv' for command environment
[2.473s] DEBUG:colcon.colcon_core.event_handler.log_command:Invoking command in '/home/daniel/danbot_v1_ws/build/test_ground': CMAKE_PREFIX_PATH=${CMAKE_PREFIX_PATH}:/home/daniel/danbot_v1_ws/install/cinematica_v1:/home/daniel/danbot_v1_ws/install/controlador_motores_v2:/home/daniel/danbot_v1_ws/install/controlador_motores_v1:/opt/ros/jazzy DEBUGINFOD_URLS=https://debuginfod.ubuntu.com /usr/bin/cmake --build /home/daniel/danbot_v1_ws/build/test_ground -- -j4 -l4
[2.661s] DEBUG:colcon.colcon_core.event_handler.log_command:Invoked command in '/home/daniel/danbot_v1_ws/build/test_ground' returned '0': CMAKE_PREFIX_PATH=${CMAKE_PREFIX_PATH}:/home/daniel/danbot_v1_ws/install/cinematica_v1:/home/daniel/danbot_v1_ws/install/controlador_motores_v2:/home/daniel/danbot_v1_ws/install/controlador_motores_v1:/opt/ros/jazzy DEBUGINFOD_URLS=https://debuginfod.ubuntu.com /usr/bin/cmake --build /home/daniel/danbot_v1_ws/build/test_ground -- -j4 -l4
[2.732s] DEBUG:colcon.colcon_core.event_handler.log_command:Invoking command in '/home/daniel/danbot_v1_ws/build/test_ground': CMAKE_PREFIX_PATH=${CMAKE_PREFIX_PATH}:/home/daniel/danbot_v1_ws/install/cinematica_v1:/home/daniel/danbot_v1_ws/install/controlador_motores_v2:/home/daniel/danbot_v1_ws/install/controlador_motores_v1:/opt/ros/jazzy DEBUGINFOD_URLS=https://debuginfod.ubuntu.com /usr/bin/cmake --install /home/daniel/danbot_v1_ws/build/test_ground
[2.780s] Level 1:colcon.colcon_core.environment:create_environment_scripts_only(test_ground)
[2.781s] Level 1:colcon.colcon_core.environment:checking '/home/daniel/danbot_v1_ws/install/test_ground' for CMake module files
[2.782s] Level 1:colcon.colcon_core.environment:checking '/home/daniel/danbot_v1_ws/install/test_ground' for CMake config files
[2.782s] Level 1:colcon.colcon_core.shell:create_environment_hook('test_ground', 'cmake_prefix_path')
[2.785s] INFO:colcon.colcon_core.shell:Creating environment hook '/home/daniel/danbot_v1_ws/install/test_ground/share/test_ground/hook/cmake_prefix_path.ps1'
[2.785s] DEBUG:colcon.colcon_core.event_handler.log_command:Invoked command in '/home/daniel/danbot_v1_ws/build/test_ground' returned '0': CMAKE_PREFIX_PATH=${CMAKE_PREFIX_PATH}:/home/daniel/danbot_v1_ws/install/cinematica_v1:/home/daniel/danbot_v1_ws/install/controlador_motores_v2:/home/daniel/danbot_v1_ws/install/controlador_motores_v1:/opt/ros/jazzy DEBUGINFOD_URLS=https://debuginfod.ubuntu.com /usr/bin/cmake --install /home/daniel/danbot_v1_ws/build/test_ground
[2.788s] INFO:colcon.colcon_core.shell:Creating environment descriptor '/home/daniel/danbot_v1_ws/install/test_ground/share/test_ground/hook/cmake_prefix_path.dsv'
[2.789s] INFO:colcon.colcon_core.shell:Creating environment hook '/home/daniel/danbot_v1_ws/install/test_ground/share/test_ground/hook/cmake_prefix_path.sh'
[2.790s] Level 1:colcon.colcon_core.environment:checking '/home/daniel/danbot_v1_ws/install/test_ground/lib'
[2.790s] Level 1:colcon.colcon_core.environment:checking '/home/daniel/danbot_v1_ws/install/test_ground/bin'
[2.790s] Level 1:colcon.colcon_core.environment:checking '/home/daniel/danbot_v1_ws/install/test_ground/lib/pkgconfig/test_ground.pc'
[2.791s] Level 1:colcon.colcon_core.environment:checking '/home/daniel/danbot_v1_ws/install/test_ground/lib/python3.12/site-packages'
[2.791s] Level 1:colcon.colcon_core.environment:checking '/home/daniel/danbot_v1_ws/install/test_ground/bin'
[2.791s] INFO:colcon.colcon_core.shell:Creating package script '/home/daniel/danbot_v1_ws/install/test_ground/share/test_ground/package.ps1'
[2.792s] INFO:colcon.colcon_core.shell:Creating package descriptor '/home/daniel/danbot_v1_ws/install/test_ground/share/test_ground/package.dsv'
[2.793s] INFO:colcon.colcon_core.shell:Creating package script '/home/daniel/danbot_v1_ws/install/test_ground/share/test_ground/package.sh'
[2.794s] INFO:colcon.colcon_core.shell:Creating package script '/home/daniel/danbot_v1_ws/install/test_ground/share/test_ground/package.bash'
[2.795s] INFO:colcon.colcon_core.shell:Creating package script '/home/daniel/danbot_v1_ws/install/test_ground/share/test_ground/package.zsh'
[2.795s] Level 1:colcon.colcon_core.environment:create_file_with_runtime_dependencies(/home/daniel/danbot_v1_ws/install/test_ground/share/colcon-core/packages/test_ground)
[2.853s] Level 1:colcon.colcon_core.environment:create_environment_scripts_only(test_ground)
[2.854s] Level 1:colcon.colcon_core.environment:checking '/home/daniel/danbot_v1_ws/install/test_ground' for CMake module files
[2.855s] Level 1:colcon.colcon_core.environment:checking '/home/daniel/danbot_v1_ws/install/test_ground' for CMake config files
[2.856s] Level 1:colcon.colcon_core.shell:create_environment_hook('test_ground', 'cmake_prefix_path')
[2.856s] INFO:colcon.colcon_core.shell:Creating environment hook '/home/daniel/danbot_v1_ws/install/test_ground/share/test_ground/hook/cmake_prefix_path.ps1'
[2.857s] INFO:colcon.colcon_core.shell:Creating environment descriptor '/home/daniel/danbot_v1_ws/install/test_ground/share/test_ground/hook/cmake_prefix_path.dsv'
[2.858s] INFO:colcon.colcon_core.shell:Creating environment hook '/home/daniel/danbot_v1_ws/install/test_ground/share/test_ground/hook/cmake_prefix_path.sh'
[2.859s] Level 1:colcon.colcon_core.environment:checking '/home/daniel/danbot_v1_ws/install/test_ground/lib'
[2.860s] Level 1:colcon.colcon_core.environment:checking '/home/daniel/danbot_v1_ws/install/test_ground/bin'
[2.860s] Level 1:colcon.colcon_core.environment:checking '/home/daniel/danbot_v1_ws/install/test_ground/lib/pkgconfig/test_ground.pc'
[2.860s] Level 1:colcon.colcon_core.environment:checking '/home/daniel/danbot_v1_ws/install/test_ground/lib/python3.12/site-packages'
[2.861s] Level 1:colcon.colcon_core.environment:checking '/home/daniel/danbot_v1_ws/install/test_ground/bin'
[2.861s] INFO:colcon.colcon_core.shell:Creating package script '/home/daniel/danbot_v1_ws/install/test_ground/share/test_ground/package.ps1'
[2.862s] INFO:colcon.colcon_core.shell:Creating package descriptor '/home/daniel/danbot_v1_ws/install/test_ground/share/test_ground/package.dsv'
[2.863s] INFO:colcon.colcon_core.shell:Creating package script '/home/daniel/danbot_v1_ws/install/test_ground/share/test_ground/package.sh'
[2.864s] INFO:colcon.colcon_core.shell:Creating package script '/home/daniel/danbot_v1_ws/install/test_ground/share/test_ground/package.bash'
[2.865s] INFO:colcon.colcon_core.shell:Creating package script '/home/daniel/danbot_v1_ws/install/test_ground/share/test_ground/package.zsh'
[2.866s] Level 1:colcon.colcon_core.environment:create_file_with_runtime_dependencies(/home/daniel/danbot_v1_ws/install/test_ground/share/colcon-core/packages/test_ground)
[3.364s] Level 1:colcon.colcon_core.shell:create_environment_hook('controlador_motores_v2', 'pythonpath_develop')
[3.364s] INFO:colcon.colcon_core.shell:Creating environment hook '/home/daniel/danbot_v1_ws/build/controlador_motores_v2/share/controlador_motores_v2/hook/pythonpath_develop.ps1'
[3.365s] DEBUG:colcon.colcon_core.event_handler.log_command:Invoked command in '/home/daniel/danbot_v1_ws/build/controlador_motores_v2' returned '0': DEBUGINFOD_URLS=https://debuginfod.ubuntu.com PYTHONPATH=/home/daniel/danbot_v1_ws/build/controlador_motores_v2/prefix_override:/usr/lib/python3/dist-packages/colcon_core/task/python/colcon_distutils_commands:/home/daniel/danbot_v1_ws/install/controlador_motores_v2/lib/python3.12/site-packages:${PYTHONPATH} /usr/bin/python3 -W ignore:setup.py install is deprecated setup.py develop --editable --build-directory /home/daniel/danbot_v1_ws/build/controlador_motores_v2/build --no-deps symlink_data
[3.365s] INFO:colcon.colcon_core.shell:Creating environment descriptor '/home/daniel/danbot_v1_ws/build/controlador_motores_v2/share/controlador_motores_v2/hook/pythonpath_develop.dsv'
[3.366s] INFO:colcon.colcon_core.shell:Creating environment hook '/home/daniel/danbot_v1_ws/build/controlador_motores_v2/share/controlador_motores_v2/hook/pythonpath_develop.sh'
[3.367s] Level 1:colcon.colcon_core.environment:checking '/home/daniel/danbot_v1_ws/install/controlador_motores_v2' for CMake module files
[3.367s] Level 1:colcon.colcon_core.environment:checking '/home/daniel/danbot_v1_ws/install/controlador_motores_v2' for CMake config files
[3.369s] Level 1:colcon.colcon_core.environment:checking '/home/daniel/danbot_v1_ws/install/controlador_motores_v2/lib'
[3.369s] Level 1:colcon.colcon_core.environment:checking '/home/daniel/danbot_v1_ws/install/controlador_motores_v2/bin'
[3.369s] Level 1:colcon.colcon_core.environment:checking '/home/daniel/danbot_v1_ws/install/controlador_motores_v2/lib/pkgconfig/controlador_motores_v2.pc'
[3.369s] Level 1:colcon.colcon_core.environment:checking '/home/daniel/danbot_v1_ws/install/controlador_motores_v2/lib/python3.12/site-packages'
[3.369s] Level 1:colcon.colcon_core.shell:create_environment_hook('controlador_motores_v2', 'pythonpath')
[3.370s] INFO:colcon.colcon_core.shell:Creating environment hook '/home/daniel/danbot_v1_ws/install/controlador_motores_v2/share/controlador_motores_v2/hook/pythonpath.ps1'
[3.370s] INFO:colcon.colcon_core.shell:Creating environment descriptor '/home/daniel/danbot_v1_ws/install/controlador_motores_v2/share/controlador_motores_v2/hook/pythonpath.dsv'
[3.371s] INFO:colcon.colcon_core.shell:Creating environment hook '/home/daniel/danbot_v1_ws/install/controlador_motores_v2/share/controlador_motores_v2/hook/pythonpath.sh'
[3.372s] Level 1:colcon.colcon_core.environment:checking '/home/daniel/danbot_v1_ws/install/controlador_motores_v2/bin'
[3.372s] Level 1:colcon.colcon_core.environment:create_environment_scripts_only(controlador_motores_v2)
[3.372s] INFO:colcon.colcon_core.shell:Creating package script '/home/daniel/danbot_v1_ws/install/controlador_motores_v2/share/controlador_motores_v2/package.ps1'
[3.373s] INFO:colcon.colcon_core.shell:Creating package descriptor '/home/daniel/danbot_v1_ws/install/controlador_motores_v2/share/controlador_motores_v2/package.dsv'
[3.374s] INFO:colcon.colcon_core.shell:Creating package script '/home/daniel/danbot_v1_ws/install/controlador_motores_v2/share/controlador_motores_v2/package.sh'
[3.375s] INFO:colcon.colcon_core.shell:Creating package script '/home/daniel/danbot_v1_ws/install/controlador_motores_v2/share/controlador_motores_v2/package.bash'
[3.375s] INFO:colcon.colcon_core.shell:Creating package script '/home/daniel/danbot_v1_ws/install/controlador_motores_v2/share/controlador_motores_v2/package.zsh'
[3.376s] Level 1:colcon.colcon_core.environment:create_file_with_runtime_dependencies(/home/daniel/danbot_v1_ws/install/controlador_motores_v2/share/colcon-core/packages/controlador_motores_v2)
[3.385s] Level 1:colcon.colcon_core.shell:create_environment_hook('controlador_motores_v1', 'pythonpath_develop')
[3.385s] DEBUG:colcon.colcon_core.event_handler.log_command:Invoked command in '/home/daniel/danbot_v1_ws/build/controlador_motores_v1' returned '0': DEBUGINFOD_URLS=https://debuginfod.ubuntu.com PYTHONPATH=/home/daniel/danbot_v1_ws/build/controlador_motores_v1/prefix_override:/usr/lib/python3/dist-packages/colcon_core/task/python/colcon_distutils_commands:/home/daniel/danbot_v1_ws/install/controlador_motores_v1/lib/python3.12/site-packages:${PYTHONPATH} /usr/bin/python3 -W ignore:setup.py install is deprecated setup.py develop --editable --build-directory /home/daniel/danbot_v1_ws/build/controlador_motores_v1/build --no-deps symlink_data
[3.385s] INFO:colcon.colcon_core.shell:Creating environment hook '/home/daniel/danbot_v1_ws/build/controlador_motores_v1/share/controlador_motores_v1/hook/pythonpath_develop.ps1'
[3.386s] INFO:colcon.colcon_core.shell:Creating environment descriptor '/home/daniel/danbot_v1_ws/build/controlador_motores_v1/share/controlador_motores_v1/hook/pythonpath_develop.dsv'
[3.387s] INFO:colcon.colcon_core.shell:Creating environment hook '/home/daniel/danbot_v1_ws/build/controlador_motores_v1/share/controlador_motores_v1/hook/pythonpath_develop.sh'
[3.388s] Level 1:colcon.colcon_core.environment:checking '/home/daniel/danbot_v1_ws/install/controlador_motores_v1' for CMake module files
[3.388s] Level 1:colcon.colcon_core.environment:checking '/home/daniel/danbot_v1_ws/install/controlador_motores_v1' for CMake config files
[3.389s] Level 1:colcon.colcon_core.environment:checking '/home/daniel/danbot_v1_ws/install/controlador_motores_v1/lib'
[3.389s] Level 1:colcon.colcon_core.environment:checking '/home/daniel/danbot_v1_ws/install/controlador_motores_v1/bin'
[3.389s] Level 1:colcon.colcon_core.environment:checking '/home/daniel/danbot_v1_ws/install/controlador_motores_v1/lib/pkgconfig/controlador_motores_v1.pc'
[3.390s] Level 1:colcon.colcon_core.environment:checking '/home/daniel/danbot_v1_ws/install/controlador_motores_v1/lib/python3.12/site-packages'
[3.390s] Level 1:colcon.colcon_core.shell:create_environment_hook('controlador_motores_v1', 'pythonpath')
[3.390s] INFO:colcon.colcon_core.shell:Creating environment hook '/home/daniel/danbot_v1_ws/install/controlador_motores_v1/share/controlador_motores_v1/hook/pythonpath.ps1'
[3.391s] INFO:colcon.colcon_core.shell:Creating environment descriptor '/home/daniel/danbot_v1_ws/install/controlador_motores_v1/share/controlador_motores_v1/hook/pythonpath.dsv'
[3.391s] INFO:colcon.colcon_core.shell:Creating environment hook '/home/daniel/danbot_v1_ws/install/controlador_motores_v1/share/controlador_motores_v1/hook/pythonpath.sh'
[3.392s] Level 1:colcon.colcon_core.environment:checking '/home/daniel/danbot_v1_ws/install/controlador_motores_v1/bin'
[3.392s] Level 1:colcon.colcon_core.environment:create_environment_scripts_only(controlador_motores_v1)
[3.393s] INFO:colcon.colcon_core.shell:Creating package script '/home/daniel/danbot_v1_ws/install/controlador_motores_v1/share/controlador_motores_v1/package.ps1'
[3.394s] INFO:colcon.colcon_core.shell:Creating package descriptor '/home/daniel/danbot_v1_ws/install/controlador_motores_v1/share/controlador_motores_v1/package.dsv'
[3.395s] INFO:colcon.colcon_core.shell:Creating package script '/home/daniel/danbot_v1_ws/install/controlador_motores_v1/share/controlador_motores_v1/package.sh'
[3.396s] INFO:colcon.colcon_core.shell:Creating package script '/home/daniel/danbot_v1_ws/install/controlador_motores_v1/share/controlador_motores_v1/package.bash'
[3.397s] INFO:colcon.colcon_core.shell:Creating package script '/home/daniel/danbot_v1_ws/install/controlador_motores_v1/share/controlador_motores_v1/package.zsh'
[3.398s] Level 1:colcon.colcon_core.environment:create_file_with_runtime_dependencies(/home/daniel/danbot_v1_ws/install/controlador_motores_v1/share/colcon-core/packages/controlador_motores_v1)
[3.399s] Level 1:colcon.colcon_core.shell:create_environment_hook('cinematica_v1', 'pythonpath_develop')
[3.400s] INFO:colcon.colcon_core.shell:Creating environment hook '/home/daniel/danbot_v1_ws/build/cinematica_v1/share/cinematica_v1/hook/pythonpath_develop.ps1'
[3.401s] INFO:colcon.colcon_core.shell:Creating environment descriptor '/home/daniel/danbot_v1_ws/build/cinematica_v1/share/cinematica_v1/hook/pythonpath_develop.dsv'
[3.401s] DEBUG:colcon.colcon_core.event_handler.log_command:Invoked command in '/home/daniel/danbot_v1_ws/build/cinematica_v1' returned '0': DEBUGINFOD_URLS=https://debuginfod.ubuntu.com PYTHONPATH=/home/daniel/danbot_v1_ws/build/cinematica_v1/prefix_override:/usr/lib/python3/dist-packages/colcon_core/task/python/colcon_distutils_commands:/home/daniel/danbot_v1_ws/install/cinematica_v1/lib/python3.12/site-packages:${PYTHONPATH} /usr/bin/python3 -W ignore:setup.py install is deprecated setup.py develop --editable --build-directory /home/daniel/danbot_v1_ws/build/cinematica_v1/build --no-deps symlink_data
[3.401s] INFO:colcon.colcon_core.shell:Creating environment hook '/home/daniel/danbot_v1_ws/build/cinematica_v1/share/cinematica_v1/hook/pythonpath_develop.sh'
[3.402s] Level 1:colcon.colcon_core.environment:checking '/home/daniel/danbot_v1_ws/install/cinematica_v1' for CMake module files
[3.403s] Level 1:colcon.colcon_core.environment:checking '/home/daniel/danbot_v1_ws/install/cinematica_v1' for CMake config files
[3.404s] Level 1:colcon.colcon_core.environment:checking '/home/daniel/danbot_v1_ws/install/cinematica_v1/lib'
[3.404s] Level 1:colcon.colcon_core.environment:checking '/home/daniel/danbot_v1_ws/install/cinematica_v1/bin'
[3.404s] Level 1:colcon.colcon_core.environment:checking '/home/daniel/danbot_v1_ws/install/cinematica_v1/lib/pkgconfig/cinematica_v1.pc'
[3.405s] Level 1:colcon.colcon_core.environment:checking '/home/daniel/danbot_v1_ws/install/cinematica_v1/lib/python3.12/site-packages'
[3.405s] Level 1:colcon.colcon_core.shell:create_environment_hook('cinematica_v1', 'pythonpath')
[3.405s] INFO:colcon.colcon_core.shell:Creating environment hook '/home/daniel/danbot_v1_ws/install/cinematica_v1/share/cinematica_v1/hook/pythonpath.ps1'
[3.406s] INFO:colcon.colcon_core.shell:Creating environment descriptor '/home/daniel/danbot_v1_ws/install/cinematica_v1/share/cinematica_v1/hook/pythonpath.dsv'
[3.407s] INFO:colcon.colcon_core.shell:Creating environment hook '/home/daniel/danbot_v1_ws/install/cinematica_v1/share/cinematica_v1/hook/pythonpath.sh'
[3.408s] Level 1:colcon.colcon_core.environment:checking '/home/daniel/danbot_v1_ws/install/cinematica_v1/bin'
[3.408s] Level 1:colcon.colcon_core.environment:create_environment_scripts_only(cinematica_v1)
[3.408s] INFO:colcon.colcon_core.shell:Creating package script '/home/daniel/danbot_v1_ws/install/cinematica_v1/share/cinematica_v1/package.ps1'
[3.409s] INFO:colcon.colcon_core.shell:Creating package descriptor '/home/daniel/danbot_v1_ws/install/cinematica_v1/share/cinematica_v1/package.dsv'
[3.410s] INFO:colcon.colcon_core.shell:Creating package script '/home/daniel/danbot_v1_ws/install/cinematica_v1/share/cinematica_v1/package.sh'
[3.411s] INFO:colcon.colcon_core.shell:Creating package script '/home/daniel/danbot_v1_ws/install/cinematica_v1/share/cinematica_v1/package.bash'
[3.411s] INFO:colcon.colcon_core.shell:Creating package script '/home/daniel/danbot_v1_ws/install/cinematica_v1/share/cinematica_v1/package.zsh'
[3.412s] Level 1:colcon.colcon_core.environment:create_file_with_runtime_dependencies(/home/daniel/danbot_v1_ws/install/cinematica_v1/share/colcon-core/packages/cinematica_v1)
[3.412s] DEBUG:colcon.colcon_parallel_executor.executor.parallel:closing loop
[3.413s] DEBUG:colcon.colcon_parallel_executor.executor.parallel:loop closed
[3.413s] DEBUG:colcon.colcon_parallel_executor.executor.parallel:run_until_complete finished with '0'
[3.413s] DEBUG:colcon.colcon_core.event_reactor:joining thread
[3.422s] INFO:colcon.colcon_core.plugin_system:Skipping extension 'colcon_notification.desktop_notification.terminal_notifier': Not used on non-Darwin systems
[3.422s] INFO:colcon.colcon_core.plugin_system:Skipping extension 'colcon_notification.desktop_notification.win32': Not used on non-Windows systems
[3.422s] INFO:colcon.colcon_notification.desktop_notification:Sending desktop notification using 'notify2'
[3.444s] DEBUG:colcon.colcon_core.event_reactor:joined thread
[3.445s] INFO:colcon.colcon_core.shell:Creating prefix script '/home/daniel/danbot_v1_ws/install/local_setup.ps1'
[3.446s] INFO:colcon.colcon_core.shell:Creating prefix util module '/home/daniel/danbot_v1_ws/install/_local_setup_util_ps1.py'
[3.447s] INFO:colcon.colcon_core.shell:Creating prefix chain script '/home/daniel/danbot_v1_ws/install/setup.ps1'
[3.449s] INFO:colcon.colcon_core.shell:Creating prefix script '/home/daniel/danbot_v1_ws/install/local_setup.sh'
[3.450s] INFO:colcon.colcon_core.shell:Creating prefix util module '/home/daniel/danbot_v1_ws/install/_local_setup_util_sh.py'
[3.450s] INFO:colcon.colcon_core.shell:Creating prefix chain script '/home/daniel/danbot_v1_ws/install/setup.sh'
[3.452s] INFO:colcon.colcon_core.shell:Creating prefix script '/home/daniel/danbot_v1_ws/install/local_setup.bash'
[3.452s] INFO:colcon.colcon_core.shell:Creating prefix chain script '/home/daniel/danbot_v1_ws/install/setup.bash'
[3.454s] INFO:colcon.colcon_core.shell:Creating prefix script '/home/daniel/danbot_v1_ws/install/local_setup.zsh'
[3.455s] INFO:colcon.colcon_core.shell:Creating prefix chain script '/home/daniel/danbot_v1_ws/install/setup.zsh'
