[0.021s] Invoking command in '/home/daniel/danbot_v1_ws/build/rf2o_laser_odometry': CMAKE_PREFIX_PATH=${CMAKE_PREFIX_PATH}:/opt/ros/jazzy DEBUGINFOD_URLS=https://debuginfod.ubuntu.com /usr/bin/cmake /home/daniel/danbot_v1_ws/src/omni_navigation/src/rf2o_laser_odometry -DAMENT_CMAKE_SYMLINK_INSTALL=1 -DCMAKE_INSTALL_PREFIX=/home/daniel/danbot_v1_ws/install/rf2o_laser_odometry
[0.104s] -- The C compiler identification is GNU 13.2.0
[0.223s] -- The CXX compiler identification is GNU 13.2.0
[0.249s] -- Detecting C compiler ABI info
[0.494s] -- Detecting C compiler ABI info - done
[0.532s] -- Check for working C compiler: /usr/bin/cc - skipped
[0.533s] -- Detecting C compile features
[0.533s] -- Detecting C compile features - done
[0.561s] -- Detecting CXX compiler ABI info
[0.849s] -- Detecting CXX compiler ABI info - done
[0.865s] -- Check for working CXX compiler: /usr/bin/c++ - skipped
[0.865s] -- Detecting CXX compile features
[0.866s] -- Detecting CXX compile features - done
[0.871s] -- Found ament_cmake: 2.5.2 (/opt/ros/jazzy/share/ament_cmake/cmake)
[1.075s] -- Found Python3: /usr/bin/python3 (found version "3.12.3") found components: Interpreter 
[1.156s] -- Override CMake install command with custom implementation using symlinks instead of copying resources
[1.206s] -- Found rclcpp: 28.1.5 (/opt/ros/jazzy/share/rclcpp/cmake)
[1.265s] -- Found rosidl_generator_c: 4.6.4 (/opt/ros/jazzy/share/rosidl_generator_c/cmake)
[1.286s] -- Found rosidl_generator_cpp: 4.6.4 (/opt/ros/jazzy/share/rosidl_generator_cpp/cmake)
[1.308s] -- Using all available rosidl_typesupport_c: rosidl_typesupport_fastrtps_c;rosidl_typesupport_introspection_c
[1.334s] -- Using all available rosidl_typesupport_cpp: rosidl_typesupport_fastrtps_cpp;rosidl_typesupport_introspection_cpp
[1.450s] -- Found rmw_implementation_cmake: 7.3.1 (/opt/ros/jazzy/share/rmw_implementation_cmake/cmake)
[1.454s] -- Found rmw_fastrtps_cpp: 8.4.1 (/opt/ros/jazzy/share/rmw_fastrtps_cpp/cmake)
[1.567s] -- Found OpenSSL: /usr/lib/x86_64-linux-gnu/libcrypto.so (found version "3.0.13")  
[1.593s] -- Found FastRTPS: /opt/ros/jazzy/include (Required is at least version "2.13") 
[1.623s] -- Using RMW implementation 'rmw_fastrtps_cpp' as default
[1.741s] -- Found std_msgs: 5.3.5 (/opt/ros/jazzy/share/std_msgs/cmake)
[1.764s] -- Found geometry_msgs: 5.3.5 (/opt/ros/jazzy/share/geometry_msgs/cmake)
[1.794s] -- Found tf2_geometry_msgs: 0.36.4 (/opt/ros/jazzy/share/tf2_geometry_msgs/cmake)
[1.822s] -- Found eigen3_cmake_module: 0.3.0 (/opt/ros/jazzy/share/eigen3_cmake_module/cmake)
[1.824s] -- Found Eigen3: TRUE (found version "3.4.0") 
[1.824s] -- Ensuring Eigen3 include directory is part of orocos-kdl CMake target
[2.089s] -- Found sensor_msgs: 5.3.5 (/opt/ros/jazzy/share/sensor_msgs/cmake)
[2.135s] -- Found nav_msgs: 5.3.5 (/opt/ros/jazzy/share/nav_msgs/cmake)
[2.190s] -- Found Boost: /usr/lib/x86_64-linux-gnu/cmake/Boost-1.83.0/BoostConfig.cmake (found version "1.83.0")  
[2.300s] -- Configuring done (2.3s)
[2.322s] -- Generating done (0.0s)
[2.325s] -- Build files have been written to: /home/daniel/danbot_v1_ws/build/rf2o_laser_odometry
[2.337s] Invoked command in '/home/daniel/danbot_v1_ws/build/rf2o_laser_odometry' returned '0': CMAKE_PREFIX_PATH=${CMAKE_PREFIX_PATH}:/opt/ros/jazzy DEBUGINFOD_URLS=https://debuginfod.ubuntu.com /usr/bin/cmake /home/daniel/danbot_v1_ws/src/omni_navigation/src/rf2o_laser_odometry -DAMENT_CMAKE_SYMLINK_INSTALL=1 -DCMAKE_INSTALL_PREFIX=/home/daniel/danbot_v1_ws/install/rf2o_laser_odometry
[2.338s] Invoking command in '/home/daniel/danbot_v1_ws/build/rf2o_laser_odometry': CMAKE_PREFIX_PATH=${CMAKE_PREFIX_PATH}:/opt/ros/jazzy DEBUGINFOD_URLS=https://debuginfod.ubuntu.com /usr/bin/cmake --build /home/daniel/danbot_v1_ws/build/rf2o_laser_odometry -- -j4 -l4
[2.398s] [ 20%] [32mBuilding CXX object CMakeFiles/rf2o_laser_odometry_node.dir/src/CLaserOdometry2D.cpp.o[0m
[2.398s] [ 40%] [32mBuilding CXX object CMakeFiles/rf2o_laser_odometry_node.dir/src/CLaserOdometry2DNode.cpp.o[0m
[2.399s] [ 60%] [32mBuilding CXX object CMakeFiles/rf2o_laser_odometry.dir/src/CLaserOdometry2D.cpp.o[0m
[32.551s] [ 80%] [32m[1mLinking CXX executable rf2o_laser_odometry_node[0m
[32.680s] [100%] [32m[1mLinking CXX static library librf2o_laser_odometry.a[0m
[33.008s] [100%] Built target rf2o_laser_odometry
[34.100s] [100%] Built target rf2o_laser_odometry_node
[34.113s] Invoked command in '/home/daniel/danbot_v1_ws/build/rf2o_laser_odometry' returned '0': CMAKE_PREFIX_PATH=${CMAKE_PREFIX_PATH}:/opt/ros/jazzy DEBUGINFOD_URLS=https://debuginfod.ubuntu.com /usr/bin/cmake --build /home/daniel/danbot_v1_ws/build/rf2o_laser_odometry -- -j4 -l4
[34.149s] Invoking command in '/home/daniel/danbot_v1_ws/build/rf2o_laser_odometry': CMAKE_PREFIX_PATH=${CMAKE_PREFIX_PATH}:/opt/ros/jazzy DEBUGINFOD_URLS=https://debuginfod.ubuntu.com /usr/bin/cmake --install /home/daniel/danbot_v1_ws/build/rf2o_laser_odometry
[34.158s] -- Install configuration: ""
[34.159s] -- Execute custom install script
[34.159s] -- Symlinking: /home/daniel/danbot_v1_ws/install/rf2o_laser_odometry/lib/rf2o_laser_odometry/rf2o_laser_odometry_node
[34.171s] -- Symlinking: /home/daniel/danbot_v1_ws/install/rf2o_laser_odometry/share/rf2o_laser_odometry/launch/rf2o_laser_odometry.launch.py
[34.181s] -- Symlinking: /home/daniel/danbot_v1_ws/install/rf2o_laser_odometry/share/ament_index/resource_index/package_run_dependencies/rf2o_laser_odometry
[34.192s] -- Symlinking: /home/daniel/danbot_v1_ws/install/rf2o_laser_odometry/share/ament_index/resource_index/parent_prefix_path/rf2o_laser_odometry
[34.202s] -- Symlinking: /home/daniel/danbot_v1_ws/install/rf2o_laser_odometry/share/rf2o_laser_odometry/environment/ament_prefix_path.sh
[34.212s] -- Symlinking: /home/daniel/danbot_v1_ws/install/rf2o_laser_odometry/share/rf2o_laser_odometry/environment/ament_prefix_path.dsv
[34.223s] -- Symlinking: /home/daniel/danbot_v1_ws/install/rf2o_laser_odometry/share/rf2o_laser_odometry/environment/path.sh
[34.235s] -- Symlinking: /home/daniel/danbot_v1_ws/install/rf2o_laser_odometry/share/rf2o_laser_odometry/environment/path.dsv
[34.246s] -- Symlinking: /home/daniel/danbot_v1_ws/install/rf2o_laser_odometry/share/rf2o_laser_odometry/local_setup.bash
[34.257s] -- Symlinking: /home/daniel/danbot_v1_ws/install/rf2o_laser_odometry/share/rf2o_laser_odometry/local_setup.sh
[34.268s] -- Symlinking: /home/daniel/danbot_v1_ws/install/rf2o_laser_odometry/share/rf2o_laser_odometry/local_setup.zsh
[34.280s] -- Symlinking: /home/daniel/danbot_v1_ws/install/rf2o_laser_odometry/share/rf2o_laser_odometry/local_setup.dsv
[34.292s] -- Symlinking: /home/daniel/danbot_v1_ws/install/rf2o_laser_odometry/share/rf2o_laser_odometry/package.dsv
[34.303s] -- Symlinking: /home/daniel/danbot_v1_ws/install/rf2o_laser_odometry/share/ament_index/resource_index/packages/rf2o_laser_odometry
[34.314s] -- Symlinking: /home/daniel/danbot_v1_ws/install/rf2o_laser_odometry/share/rf2o_laser_odometry/cmake/rf2o_laser_odometryConfig.cmake
[34.325s] -- Symlinking: /home/daniel/danbot_v1_ws/install/rf2o_laser_odometry/share/rf2o_laser_odometry/cmake/rf2o_laser_odometryConfig-version.cmake
[34.335s] -- Symlinking: /home/daniel/danbot_v1_ws/install/rf2o_laser_odometry/share/rf2o_laser_odometry/package.xml
[34.349s] Invoked command in '/home/daniel/danbot_v1_ws/build/rf2o_laser_odometry' returned '0': CMAKE_PREFIX_PATH=${CMAKE_PREFIX_PATH}:/opt/ros/jazzy DEBUGINFOD_URLS=https://debuginfod.ubuntu.com /usr/bin/cmake --install /home/daniel/danbot_v1_ws/build/rf2o_laser_odometry
