[0.128s] DEBUG:colcon:Command line arguments: ['/usr/bin/colcon', 'build', '--symlink-install']
[0.128s] DEBUG:colcon:Parsed command line arguments: Namespace(log_base=None, log_level=None, verb_name='build', build_base='build', install_base='install', merge_install=False, symlink_install=True, test_result_base=None, continue_on_error=False, executor='parallel', parallel_workers=4, event_handlers=None, ignore_user_meta=False, metas=['./colcon.meta'], base_paths=['.'], packages_ignore=None, packages_ignore_regex=None, paths=None, packages_up_to=None, packages_up_to_regex=None, packages_above=None, packages_above_and_dependencies=None, packages_above_depth=None, packages_select_by_dep=None, packages_skip_by_dep=None, packages_skip_up_to=None, packages_select_build_failed=False, packages_skip_build_finished=False, packages_select_test_failures=False, packages_skip_test_passed=False, packages_select=None, packages_skip=None, packages_select_regex=None, packages_skip_regex=None, packages_start=None, packages_end=None, allow_overriding=[], cmake_args=None, cmake_target=None, cmake_target_skip_unavailable=False, cmake_clean_cache=False, cmake_clean_first=False, cmake_force_configure=False, ament_cmake_args=None, catkin_cmake_args=None, catkin_skip_building_tests=False, mixin_files=None, mixin=None, verb_parser=<colcon_mixin.mixin.mixin_argument.MixinArgumentDecorator object at 0x74941057eb10>, verb_extension=<colcon_core.verb.build.BuildVerb object at 0x74941057e6f0>, main=<bound method BuildVerb.main of <colcon_core.verb.build.BuildVerb object at 0x74941057e6f0>>, mixin_verb=('build',))
[0.166s] Level 1:colcon.colcon_core.package_discovery:discover_packages(colcon_meta) check parameters
[0.166s] Level 1:colcon.colcon_core.package_discovery:discover_packages(recursive) check parameters
[0.166s] Level 1:colcon.colcon_core.package_discovery:discover_packages(ignore) check parameters
[0.167s] Level 1:colcon.colcon_core.package_discovery:discover_packages(path) check parameters
[0.167s] Level 1:colcon.colcon_core.package_discovery:discover_packages(colcon_meta) discover
[0.167s] Level 1:colcon.colcon_core.package_discovery:discover_packages(recursive) discover
[0.167s] INFO:colcon.colcon_core.package_discovery:Crawling recursively for packages in '/home/daniel/danbot_v1_ws'
[0.167s] Level 1:colcon.colcon_core.package_identification:_identify(.) by extensions ['ignore', 'ignore_ament_install']
[0.167s] Level 1:colcon.colcon_core.package_identification:_identify(.) by extension 'ignore'
[0.167s] Level 1:colcon.colcon_core.package_identification:_identify(.) by extension 'ignore_ament_install'
[0.167s] Level 1:colcon.colcon_core.package_identification:_identify(.) by extensions ['colcon_pkg']
[0.167s] Level 1:colcon.colcon_core.package_identification:_identify(.) by extension 'colcon_pkg'
[0.167s] Level 1:colcon.colcon_core.package_identification:_identify(.) by extensions ['colcon_meta']
[0.167s] Level 1:colcon.colcon_core.package_identification:_identify(.) by extension 'colcon_meta'
[0.167s] Level 1:colcon.colcon_core.package_identification:_identify(.) by extensions ['ros']
[0.167s] Level 1:colcon.colcon_core.package_identification:_identify(.) by extension 'ros'
[0.194s] Level 1:colcon.colcon_core.package_identification:_identify(.) by extensions ['cmake', 'python']
[0.194s] Level 1:colcon.colcon_core.package_identification:_identify(.) by extension 'cmake'
[0.194s] Level 1:colcon.colcon_core.package_identification:_identify(.) by extension 'python'
[0.194s] Level 1:colcon.colcon_core.package_identification:_identify(.) by extensions ['python_setup_py']
[0.195s] Level 1:colcon.colcon_core.package_identification:_identify(.) by extension 'python_setup_py'
[0.195s] Level 1:colcon.colcon_core.package_identification:_identify(build) by extensions ['ignore', 'ignore_ament_install']
[0.195s] Level 1:colcon.colcon_core.package_identification:_identify(build) by extension 'ignore'
[0.195s] Level 1:colcon.colcon_core.package_identification:_identify(build) ignored
[0.195s] Level 1:colcon.colcon_core.package_identification:_identify(install) by extensions ['ignore', 'ignore_ament_install']
[0.195s] Level 1:colcon.colcon_core.package_identification:_identify(install) by extension 'ignore'
[0.195s] Level 1:colcon.colcon_core.package_identification:_identify(install) ignored
[0.195s] Level 1:colcon.colcon_core.package_identification:_identify(log) by extensions ['ignore', 'ignore_ament_install']
[0.196s] Level 1:colcon.colcon_core.package_identification:_identify(log) by extension 'ignore'
[0.196s] Level 1:colcon.colcon_core.package_identification:_identify(log) ignored
[0.196s] Level 1:colcon.colcon_core.package_identification:_identify(src) by extensions ['ignore', 'ignore_ament_install']
[0.196s] Level 1:colcon.colcon_core.package_identification:_identify(src) by extension 'ignore'
[0.196s] Level 1:colcon.colcon_core.package_identification:_identify(src) by extension 'ignore_ament_install'
[0.196s] Level 1:colcon.colcon_core.package_identification:_identify(src) by extensions ['colcon_pkg']
[0.196s] Level 1:colcon.colcon_core.package_identification:_identify(src) by extension 'colcon_pkg'
[0.196s] Level 1:colcon.colcon_core.package_identification:_identify(src) by extensions ['colcon_meta']
[0.196s] Level 1:colcon.colcon_core.package_identification:_identify(src) by extension 'colcon_meta'
[0.196s] Level 1:colcon.colcon_core.package_identification:_identify(src) by extensions ['ros']
[0.196s] Level 1:colcon.colcon_core.package_identification:_identify(src) by extension 'ros'
[0.196s] Level 1:colcon.colcon_core.package_identification:_identify(src) by extensions ['cmake', 'python']
[0.196s] Level 1:colcon.colcon_core.package_identification:_identify(src) by extension 'cmake'
[0.196s] Level 1:colcon.colcon_core.package_identification:_identify(src) by extension 'python'
[0.196s] Level 1:colcon.colcon_core.package_identification:_identify(src) by extensions ['python_setup_py']
[0.196s] Level 1:colcon.colcon_core.package_identification:_identify(src) by extension 'python_setup_py'
[0.196s] Level 1:colcon.colcon_core.package_identification:_identify(src/controlador_motores_v1) by extensions ['ignore', 'ignore_ament_install']
[0.197s] Level 1:colcon.colcon_core.package_identification:_identify(src/controlador_motores_v1) by extension 'ignore'
[0.197s] Level 1:colcon.colcon_core.package_identification:_identify(src/controlador_motores_v1) by extension 'ignore_ament_install'
[0.197s] Level 1:colcon.colcon_core.package_identification:_identify(src/controlador_motores_v1) by extensions ['colcon_pkg']
[0.197s] Level 1:colcon.colcon_core.package_identification:_identify(src/controlador_motores_v1) by extension 'colcon_pkg'
[0.197s] Level 1:colcon.colcon_core.package_identification:_identify(src/controlador_motores_v1) by extensions ['colcon_meta']
[0.197s] Level 1:colcon.colcon_core.package_identification:_identify(src/controlador_motores_v1) by extension 'colcon_meta'
[0.197s] Level 1:colcon.colcon_core.package_identification:_identify(src/controlador_motores_v1) by extensions ['ros']
[0.197s] Level 1:colcon.colcon_core.package_identification:_identify(src/controlador_motores_v1) by extension 'ros'
[0.200s] DEBUG:colcon.colcon_core.package_identification:Package 'src/controlador_motores_v1' with type 'ros.ament_python' and name 'controlador_motores_v1'
[0.200s] Level 1:colcon.colcon_core.package_identification:_identify(src/omni_navigation) by extensions ['ignore', 'ignore_ament_install']
[0.200s] Level 1:colcon.colcon_core.package_identification:_identify(src/omni_navigation) by extension 'ignore'
[0.200s] Level 1:colcon.colcon_core.package_identification:_identify(src/omni_navigation) by extension 'ignore_ament_install'
[0.200s] Level 1:colcon.colcon_core.package_identification:_identify(src/omni_navigation) by extensions ['colcon_pkg']
[0.200s] Level 1:colcon.colcon_core.package_identification:_identify(src/omni_navigation) by extension 'colcon_pkg'
[0.200s] Level 1:colcon.colcon_core.package_identification:_identify(src/omni_navigation) by extensions ['colcon_meta']
[0.200s] Level 1:colcon.colcon_core.package_identification:_identify(src/omni_navigation) by extension 'colcon_meta'
[0.200s] Level 1:colcon.colcon_core.package_identification:_identify(src/omni_navigation) by extensions ['ros']
[0.200s] Level 1:colcon.colcon_core.package_identification:_identify(src/omni_navigation) by extension 'ros'
[0.201s] Level 1:colcon.colcon_core.package_identification:_identify(src/omni_navigation) by extensions ['cmake', 'python']
[0.201s] Level 1:colcon.colcon_core.package_identification:_identify(src/omni_navigation) by extension 'cmake'
[0.201s] Level 1:colcon.colcon_core.package_identification:_identify(src/omni_navigation) by extension 'python'
[0.201s] Level 1:colcon.colcon_core.package_identification:_identify(src/omni_navigation) by extensions ['python_setup_py']
[0.201s] Level 1:colcon.colcon_core.package_identification:_identify(src/omni_navigation) by extension 'python_setup_py'
[0.201s] Level 1:colcon.colcon_core.package_identification:_identify(src/omni_navigation/omni_stage) by extensions ['ignore', 'ignore_ament_install']
[0.201s] Level 1:colcon.colcon_core.package_identification:_identify(src/omni_navigation/omni_stage) by extension 'ignore'
[0.201s] Level 1:colcon.colcon_core.package_identification:_identify(src/omni_navigation/omni_stage) by extension 'ignore_ament_install'
[0.201s] Level 1:colcon.colcon_core.package_identification:_identify(src/omni_navigation/omni_stage) by extensions ['colcon_pkg']
[0.201s] Level 1:colcon.colcon_core.package_identification:_identify(src/omni_navigation/omni_stage) by extension 'colcon_pkg'
[0.201s] Level 1:colcon.colcon_core.package_identification:_identify(src/omni_navigation/omni_stage) by extensions ['colcon_meta']
[0.201s] Level 1:colcon.colcon_core.package_identification:_identify(src/omni_navigation/omni_stage) by extension 'colcon_meta'
[0.201s] Level 1:colcon.colcon_core.package_identification:_identify(src/omni_navigation/omni_stage) by extensions ['ros']
[0.201s] Level 1:colcon.colcon_core.package_identification:_identify(src/omni_navigation/omni_stage) by extension 'ros'
[0.201s] Level 1:colcon.colcon_core.package_identification:_identify(src/omni_navigation/omni_stage) by extensions ['cmake', 'python']
[0.201s] Level 1:colcon.colcon_core.package_identification:_identify(src/omni_navigation/omni_stage) by extension 'cmake'
[0.201s] Level 1:colcon.colcon_core.package_identification:_identify(src/omni_navigation/omni_stage) by extension 'python'
[0.202s] Level 1:colcon.colcon_core.package_identification:_identify(src/omni_navigation/omni_stage) by extensions ['python_setup_py']
[0.202s] Level 1:colcon.colcon_core.package_identification:_identify(src/omni_navigation/omni_stage) by extension 'python_setup_py'
[0.202s] Level 1:colcon.colcon_core.package_identification:_identify(src/omni_navigation/omni_stage/materials) by extensions ['ignore', 'ignore_ament_install']
[0.202s] Level 1:colcon.colcon_core.package_identification:_identify(src/omni_navigation/omni_stage/materials) by extension 'ignore'
[0.202s] Level 1:colcon.colcon_core.package_identification:_identify(src/omni_navigation/omni_stage/materials) by extension 'ignore_ament_install'
[0.202s] Level 1:colcon.colcon_core.package_identification:_identify(src/omni_navigation/omni_stage/materials) by extensions ['colcon_pkg']
[0.202s] Level 1:colcon.colcon_core.package_identification:_identify(src/omni_navigation/omni_stage/materials) by extension 'colcon_pkg'
[0.202s] Level 1:colcon.colcon_core.package_identification:_identify(src/omni_navigation/omni_stage/materials) by extensions ['colcon_meta']
[0.202s] Level 1:colcon.colcon_core.package_identification:_identify(src/omni_navigation/omni_stage/materials) by extension 'colcon_meta'
[0.202s] Level 1:colcon.colcon_core.package_identification:_identify(src/omni_navigation/omni_stage/materials) by extensions ['ros']
[0.202s] Level 1:colcon.colcon_core.package_identification:_identify(src/omni_navigation/omni_stage/materials) by extension 'ros'
[0.202s] Level 1:colcon.colcon_core.package_identification:_identify(src/omni_navigation/omni_stage/materials) by extensions ['cmake', 'python']
[0.202s] Level 1:colcon.colcon_core.package_identification:_identify(src/omni_navigation/omni_stage/materials) by extension 'cmake'
[0.202s] Level 1:colcon.colcon_core.package_identification:_identify(src/omni_navigation/omni_stage/materials) by extension 'python'
[0.202s] Level 1:colcon.colcon_core.package_identification:_identify(src/omni_navigation/omni_stage/materials) by extensions ['python_setup_py']
[0.202s] Level 1:colcon.colcon_core.package_identification:_identify(src/omni_navigation/omni_stage/materials) by extension 'python_setup_py'
[0.202s] Level 1:colcon.colcon_core.package_identification:_identify(src/omni_navigation/omni_stage/meshes) by extensions ['ignore', 'ignore_ament_install']
[0.203s] Level 1:colcon.colcon_core.package_identification:_identify(src/omni_navigation/omni_stage/meshes) by extension 'ignore'
[0.203s] Level 1:colcon.colcon_core.package_identification:_identify(src/omni_navigation/omni_stage/meshes) by extension 'ignore_ament_install'
[0.203s] Level 1:colcon.colcon_core.package_identification:_identify(src/omni_navigation/omni_stage/meshes) by extensions ['colcon_pkg']
[0.203s] Level 1:colcon.colcon_core.package_identification:_identify(src/omni_navigation/omni_stage/meshes) by extension 'colcon_pkg'
[0.203s] Level 1:colcon.colcon_core.package_identification:_identify(src/omni_navigation/omni_stage/meshes) by extensions ['colcon_meta']
[0.203s] Level 1:colcon.colcon_core.package_identification:_identify(src/omni_navigation/omni_stage/meshes) by extension 'colcon_meta'
[0.203s] Level 1:colcon.colcon_core.package_identification:_identify(src/omni_navigation/omni_stage/meshes) by extensions ['ros']
[0.203s] Level 1:colcon.colcon_core.package_identification:_identify(src/omni_navigation/omni_stage/meshes) by extension 'ros'
[0.203s] Level 1:colcon.colcon_core.package_identification:_identify(src/omni_navigation/omni_stage/meshes) by extensions ['cmake', 'python']
[0.203s] Level 1:colcon.colcon_core.package_identification:_identify(src/omni_navigation/omni_stage/meshes) by extension 'cmake'
[0.203s] Level 1:colcon.colcon_core.package_identification:_identify(src/omni_navigation/omni_stage/meshes) by extension 'python'
[0.203s] Level 1:colcon.colcon_core.package_identification:_identify(src/omni_navigation/omni_stage/meshes) by extensions ['python_setup_py']
[0.203s] Level 1:colcon.colcon_core.package_identification:_identify(src/omni_navigation/omni_stage/meshes) by extension 'python_setup_py'
[0.203s] Level 1:colcon.colcon_core.package_identification:_identify(src/omni_navigation/src) by extensions ['ignore', 'ignore_ament_install']
[0.203s] Level 1:colcon.colcon_core.package_identification:_identify(src/omni_navigation/src) by extension 'ignore'
[0.203s] Level 1:colcon.colcon_core.package_identification:_identify(src/omni_navigation/src) by extension 'ignore_ament_install'
[0.204s] Level 1:colcon.colcon_core.package_identification:_identify(src/omni_navigation/src) by extensions ['colcon_pkg']
[0.204s] Level 1:colcon.colcon_core.package_identification:_identify(src/omni_navigation/src) by extension 'colcon_pkg'
[0.204s] Level 1:colcon.colcon_core.package_identification:_identify(src/omni_navigation/src) by extensions ['colcon_meta']
[0.204s] Level 1:colcon.colcon_core.package_identification:_identify(src/omni_navigation/src) by extension 'colcon_meta'
[0.204s] Level 1:colcon.colcon_core.package_identification:_identify(src/omni_navigation/src) by extensions ['ros']
[0.204s] Level 1:colcon.colcon_core.package_identification:_identify(src/omni_navigation/src) by extension 'ros'
[0.204s] Level 1:colcon.colcon_core.package_identification:_identify(src/omni_navigation/src) by extensions ['cmake', 'python']
[0.204s] Level 1:colcon.colcon_core.package_identification:_identify(src/omni_navigation/src) by extension 'cmake'
[0.204s] Level 1:colcon.colcon_core.package_identification:_identify(src/omni_navigation/src) by extension 'python'
[0.204s] Level 1:colcon.colcon_core.package_identification:_identify(src/omni_navigation/src) by extensions ['python_setup_py']
[0.204s] Level 1:colcon.colcon_core.package_identification:_identify(src/omni_navigation/src) by extension 'python_setup_py'
[0.204s] Level 1:colcon.colcon_core.package_identification:_identify(src/omni_navigation/src/omni_cartographer) by extensions ['ignore', 'ignore_ament_install']
[0.204s] Level 1:colcon.colcon_core.package_identification:_identify(src/omni_navigation/src/omni_cartographer) by extension 'ignore'
[0.204s] Level 1:colcon.colcon_core.package_identification:_identify(src/omni_navigation/src/omni_cartographer) by extension 'ignore_ament_install'
[0.204s] Level 1:colcon.colcon_core.package_identification:_identify(src/omni_navigation/src/omni_cartographer) by extensions ['colcon_pkg']
[0.204s] Level 1:colcon.colcon_core.package_identification:_identify(src/omni_navigation/src/omni_cartographer) by extension 'colcon_pkg'
[0.205s] Level 1:colcon.colcon_core.package_identification:_identify(src/omni_navigation/src/omni_cartographer) by extensions ['colcon_meta']
[0.205s] Level 1:colcon.colcon_core.package_identification:_identify(src/omni_navigation/src/omni_cartographer) by extension 'colcon_meta'
[0.205s] Level 1:colcon.colcon_core.package_identification:_identify(src/omni_navigation/src/omni_cartographer) by extensions ['ros']
[0.205s] Level 1:colcon.colcon_core.package_identification:_identify(src/omni_navigation/src/omni_cartographer) by extension 'ros'
[0.205s] DEBUG:colcon.colcon_core.package_identification:Package 'src/omni_navigation/src/omni_cartographer' with type 'ros.ament_cmake' and name 'omni_cartographer'
[0.205s] Level 1:colcon.colcon_core.package_identification:_identify(src/omni_navigation/src/omni_control) by extensions ['ignore', 'ignore_ament_install']
[0.206s] Level 1:colcon.colcon_core.package_identification:_identify(src/omni_navigation/src/omni_control) by extension 'ignore'
[0.206s] Level 1:colcon.colcon_core.package_identification:_identify(src/omni_navigation/src/omni_control) by extension 'ignore_ament_install'
[0.206s] Level 1:colcon.colcon_core.package_identification:_identify(src/omni_navigation/src/omni_control) by extensions ['colcon_pkg']
[0.206s] Level 1:colcon.colcon_core.package_identification:_identify(src/omni_navigation/src/omni_control) by extension 'colcon_pkg'
[0.206s] Level 1:colcon.colcon_core.package_identification:_identify(src/omni_navigation/src/omni_control) by extensions ['colcon_meta']
[0.206s] Level 1:colcon.colcon_core.package_identification:_identify(src/omni_navigation/src/omni_control) by extension 'colcon_meta'
[0.206s] Level 1:colcon.colcon_core.package_identification:_identify(src/omni_navigation/src/omni_control) by extensions ['ros']
[0.206s] Level 1:colcon.colcon_core.package_identification:_identify(src/omni_navigation/src/omni_control) by extension 'ros'
[0.206s] DEBUG:colcon.colcon_core.package_identification:Package 'src/omni_navigation/src/omni_control' with type 'ros.ament_cmake' and name 'omni_control'
[0.206s] Level 1:colcon.colcon_core.package_identification:_identify(src/omni_navigation/src/omni_robot_description) by extensions ['ignore', 'ignore_ament_install']
[0.207s] Level 1:colcon.colcon_core.package_identification:_identify(src/omni_navigation/src/omni_robot_description) by extension 'ignore'
[0.207s] Level 1:colcon.colcon_core.package_identification:_identify(src/omni_navigation/src/omni_robot_description) by extension 'ignore_ament_install'
[0.207s] Level 1:colcon.colcon_core.package_identification:_identify(src/omni_navigation/src/omni_robot_description) by extensions ['colcon_pkg']
[0.207s] Level 1:colcon.colcon_core.package_identification:_identify(src/omni_navigation/src/omni_robot_description) by extension 'colcon_pkg'
[0.207s] Level 1:colcon.colcon_core.package_identification:_identify(src/omni_navigation/src/omni_robot_description) by extensions ['colcon_meta']
[0.207s] Level 1:colcon.colcon_core.package_identification:_identify(src/omni_navigation/src/omni_robot_description) by extension 'colcon_meta'
[0.207s] Level 1:colcon.colcon_core.package_identification:_identify(src/omni_navigation/src/omni_robot_description) by extensions ['ros']
[0.207s] Level 1:colcon.colcon_core.package_identification:_identify(src/omni_navigation/src/omni_robot_description) by extension 'ros'
[0.207s] DEBUG:colcon.colcon_core.package_identification:Package 'src/omni_navigation/src/omni_robot_description' with type 'ros.ament_cmake' and name 'omni_robot_description'
[0.207s] Level 1:colcon.colcon_core.package_identification:_identify(src/omni_navigation/src/rf2o_laser_odometry) by extensions ['ignore', 'ignore_ament_install']
[0.208s] Level 1:colcon.colcon_core.package_identification:_identify(src/omni_navigation/src/rf2o_laser_odometry) by extension 'ignore'
[0.208s] Level 1:colcon.colcon_core.package_identification:_identify(src/omni_navigation/src/rf2o_laser_odometry) by extension 'ignore_ament_install'
[0.208s] Level 1:colcon.colcon_core.package_identification:_identify(src/omni_navigation/src/rf2o_laser_odometry) by extensions ['colcon_pkg']
[0.208s] Level 1:colcon.colcon_core.package_identification:_identify(src/omni_navigation/src/rf2o_laser_odometry) by extension 'colcon_pkg'
[0.208s] Level 1:colcon.colcon_core.package_identification:_identify(src/omni_navigation/src/rf2o_laser_odometry) by extensions ['colcon_meta']
[0.208s] Level 1:colcon.colcon_core.package_identification:_identify(src/omni_navigation/src/rf2o_laser_odometry) by extension 'colcon_meta'
[0.208s] Level 1:colcon.colcon_core.package_identification:_identify(src/omni_navigation/src/rf2o_laser_odometry) by extensions ['ros']
[0.208s] Level 1:colcon.colcon_core.package_identification:_identify(src/omni_navigation/src/rf2o_laser_odometry) by extension 'ros'
[0.209s] DEBUG:colcon.colcon_core.package_identification:Package 'src/omni_navigation/src/rf2o_laser_odometry' with type 'ros.ament_cmake' and name 'rf2o_laser_odometry'
[0.209s] Level 1:colcon.colcon_core.package_identification:_identify(src/test_ground) by extensions ['ignore', 'ignore_ament_install']
[0.209s] Level 1:colcon.colcon_core.package_identification:_identify(src/test_ground) by extension 'ignore'
[0.209s] Level 1:colcon.colcon_core.package_identification:_identify(src/test_ground) by extension 'ignore_ament_install'
[0.209s] Level 1:colcon.colcon_core.package_identification:_identify(src/test_ground) by extensions ['colcon_pkg']
[0.209s] Level 1:colcon.colcon_core.package_identification:_identify(src/test_ground) by extension 'colcon_pkg'
[0.209s] Level 1:colcon.colcon_core.package_identification:_identify(src/test_ground) by extensions ['colcon_meta']
[0.209s] Level 1:colcon.colcon_core.package_identification:_identify(src/test_ground) by extension 'colcon_meta'
[0.209s] Level 1:colcon.colcon_core.package_identification:_identify(src/test_ground) by extensions ['ros']
[0.209s] Level 1:colcon.colcon_core.package_identification:_identify(src/test_ground) by extension 'ros'
[0.210s] DEBUG:colcon.colcon_core.package_identification:Package 'src/test_ground' with type 'ros.ament_cmake' and name 'test_ground'
[0.210s] Level 1:colcon.colcon_core.package_discovery:discover_packages(recursive) using defaults
[0.210s] Level 1:colcon.colcon_core.package_discovery:discover_packages(ignore) discover
[0.210s] Level 1:colcon.colcon_core.package_discovery:discover_packages(ignore) using defaults
[0.210s] Level 1:colcon.colcon_core.package_discovery:discover_packages(path) discover
[0.210s] Level 1:colcon.colcon_core.package_discovery:discover_packages(path) using defaults
[0.229s] Level 1:colcon.colcon_core.package_discovery:discover_packages(prefix_path) check parameters
[0.229s] Level 1:colcon.colcon_core.package_discovery:discover_packages(prefix_path) discover
[0.231s] DEBUG:colcon.colcon_installed_package_information.package_discovery:Found 8 installed packages in /home/daniel/danbot_v1_ws/install
[0.233s] DEBUG:colcon.colcon_installed_package_information.package_discovery:Found 299 installed packages in /opt/ros/jazzy
[0.235s] Level 1:colcon.colcon_core.package_discovery:discover_packages(prefix_path) using defaults
[0.284s] Level 5:colcon.colcon_core.verb:set package 'controlador_motores_v1' build argument 'cmake_args' from command line to 'None'
[0.285s] Level 5:colcon.colcon_core.verb:set package 'controlador_motores_v1' build argument 'cmake_target' from command line to 'None'
[0.285s] Level 5:colcon.colcon_core.verb:set package 'controlador_motores_v1' build argument 'cmake_target_skip_unavailable' from command line to 'False'
[0.285s] Level 5:colcon.colcon_core.verb:set package 'controlador_motores_v1' build argument 'cmake_clean_cache' from command line to 'False'
[0.285s] Level 5:colcon.colcon_core.verb:set package 'controlador_motores_v1' build argument 'cmake_clean_first' from command line to 'False'
[0.285s] Level 5:colcon.colcon_core.verb:set package 'controlador_motores_v1' build argument 'cmake_force_configure' from command line to 'False'
[0.285s] Level 5:colcon.colcon_core.verb:set package 'controlador_motores_v1' build argument 'ament_cmake_args' from command line to 'None'
[0.285s] Level 5:colcon.colcon_core.verb:set package 'controlador_motores_v1' build argument 'catkin_cmake_args' from command line to 'None'
[0.285s] Level 5:colcon.colcon_core.verb:set package 'controlador_motores_v1' build argument 'catkin_skip_building_tests' from command line to 'False'
[0.285s] DEBUG:colcon.colcon_core.verb:Building package 'controlador_motores_v1' with the following arguments: {'ament_cmake_args': None, 'build_base': '/home/daniel/danbot_v1_ws/build/controlador_motores_v1', 'catkin_cmake_args': None, 'catkin_skip_building_tests': False, 'cmake_args': None, 'cmake_clean_cache': False, 'cmake_clean_first': False, 'cmake_force_configure': False, 'cmake_target': None, 'cmake_target_skip_unavailable': False, 'install_base': '/home/daniel/danbot_v1_ws/install/controlador_motores_v1', 'merge_install': False, 'path': '/home/daniel/danbot_v1_ws/src/controlador_motores_v1', 'symlink_install': True, 'test_result_base': None}
[0.285s] Level 5:colcon.colcon_core.verb:set package 'omni_cartographer' build argument 'cmake_args' from command line to 'None'
[0.285s] Level 5:colcon.colcon_core.verb:set package 'omni_cartographer' build argument 'cmake_target' from command line to 'None'
[0.285s] Level 5:colcon.colcon_core.verb:set package 'omni_cartographer' build argument 'cmake_target_skip_unavailable' from command line to 'False'
[0.285s] Level 5:colcon.colcon_core.verb:set package 'omni_cartographer' build argument 'cmake_clean_cache' from command line to 'False'
[0.285s] Level 5:colcon.colcon_core.verb:set package 'omni_cartographer' build argument 'cmake_clean_first' from command line to 'False'
[0.285s] Level 5:colcon.colcon_core.verb:set package 'omni_cartographer' build argument 'cmake_force_configure' from command line to 'False'
[0.285s] Level 5:colcon.colcon_core.verb:set package 'omni_cartographer' build argument 'ament_cmake_args' from command line to 'None'
[0.285s] Level 5:colcon.colcon_core.verb:set package 'omni_cartographer' build argument 'catkin_cmake_args' from command line to 'None'
[0.285s] Level 5:colcon.colcon_core.verb:set package 'omni_cartographer' build argument 'catkin_skip_building_tests' from command line to 'False'
[0.285s] DEBUG:colcon.colcon_core.verb:Building package 'omni_cartographer' with the following arguments: {'ament_cmake_args': None, 'build_base': '/home/daniel/danbot_v1_ws/build/omni_cartographer', 'catkin_cmake_args': None, 'catkin_skip_building_tests': False, 'cmake_args': None, 'cmake_clean_cache': False, 'cmake_clean_first': False, 'cmake_force_configure': False, 'cmake_target': None, 'cmake_target_skip_unavailable': False, 'install_base': '/home/daniel/danbot_v1_ws/install/omni_cartographer', 'merge_install': False, 'path': '/home/daniel/danbot_v1_ws/src/omni_navigation/src/omni_cartographer', 'symlink_install': True, 'test_result_base': None}
[0.286s] Level 5:colcon.colcon_core.verb:set package 'omni_control' build argument 'cmake_args' from command line to 'None'
[0.286s] Level 5:colcon.colcon_core.verb:set package 'omni_control' build argument 'cmake_target' from command line to 'None'
[0.286s] Level 5:colcon.colcon_core.verb:set package 'omni_control' build argument 'cmake_target_skip_unavailable' from command line to 'False'
[0.286s] Level 5:colcon.colcon_core.verb:set package 'omni_control' build argument 'cmake_clean_cache' from command line to 'False'
[0.286s] Level 5:colcon.colcon_core.verb:set package 'omni_control' build argument 'cmake_clean_first' from command line to 'False'
[0.286s] Level 5:colcon.colcon_core.verb:set package 'omni_control' build argument 'cmake_force_configure' from command line to 'False'
[0.286s] Level 5:colcon.colcon_core.verb:set package 'omni_control' build argument 'ament_cmake_args' from command line to 'None'
[0.286s] Level 5:colcon.colcon_core.verb:set package 'omni_control' build argument 'catkin_cmake_args' from command line to 'None'
[0.286s] Level 5:colcon.colcon_core.verb:set package 'omni_control' build argument 'catkin_skip_building_tests' from command line to 'False'
[0.286s] DEBUG:colcon.colcon_core.verb:Building package 'omni_control' with the following arguments: {'ament_cmake_args': None, 'build_base': '/home/daniel/danbot_v1_ws/build/omni_control', 'catkin_cmake_args': None, 'catkin_skip_building_tests': False, 'cmake_args': None, 'cmake_clean_cache': False, 'cmake_clean_first': False, 'cmake_force_configure': False, 'cmake_target': None, 'cmake_target_skip_unavailable': False, 'install_base': '/home/daniel/danbot_v1_ws/install/omni_control', 'merge_install': False, 'path': '/home/daniel/danbot_v1_ws/src/omni_navigation/src/omni_control', 'symlink_install': True, 'test_result_base': None}
[0.286s] Level 5:colcon.colcon_core.verb:set package 'omni_robot_description' build argument 'cmake_args' from command line to 'None'
[0.286s] Level 5:colcon.colcon_core.verb:set package 'omni_robot_description' build argument 'cmake_target' from command line to 'None'
[0.286s] Level 5:colcon.colcon_core.verb:set package 'omni_robot_description' build argument 'cmake_target_skip_unavailable' from command line to 'False'
[0.286s] Level 5:colcon.colcon_core.verb:set package 'omni_robot_description' build argument 'cmake_clean_cache' from command line to 'False'
[0.286s] Level 5:colcon.colcon_core.verb:set package 'omni_robot_description' build argument 'cmake_clean_first' from command line to 'False'
[0.286s] Level 5:colcon.colcon_core.verb:set package 'omni_robot_description' build argument 'cmake_force_configure' from command line to 'False'
[0.286s] Level 5:colcon.colcon_core.verb:set package 'omni_robot_description' build argument 'ament_cmake_args' from command line to 'None'
[0.286s] Level 5:colcon.colcon_core.verb:set package 'omni_robot_description' build argument 'catkin_cmake_args' from command line to 'None'
[0.286s] Level 5:colcon.colcon_core.verb:set package 'omni_robot_description' build argument 'catkin_skip_building_tests' from command line to 'False'
[0.286s] DEBUG:colcon.colcon_core.verb:Building package 'omni_robot_description' with the following arguments: {'ament_cmake_args': None, 'build_base': '/home/daniel/danbot_v1_ws/build/omni_robot_description', 'catkin_cmake_args': None, 'catkin_skip_building_tests': False, 'cmake_args': None, 'cmake_clean_cache': False, 'cmake_clean_first': False, 'cmake_force_configure': False, 'cmake_target': None, 'cmake_target_skip_unavailable': False, 'install_base': '/home/daniel/danbot_v1_ws/install/omni_robot_description', 'merge_install': False, 'path': '/home/daniel/danbot_v1_ws/src/omni_navigation/src/omni_robot_description', 'symlink_install': True, 'test_result_base': None}
[0.287s] Level 5:colcon.colcon_core.verb:set package 'rf2o_laser_odometry' build argument 'cmake_args' from command line to 'None'
[0.287s] Level 5:colcon.colcon_core.verb:set package 'rf2o_laser_odometry' build argument 'cmake_target' from command line to 'None'
[0.287s] Level 5:colcon.colcon_core.verb:set package 'rf2o_laser_odometry' build argument 'cmake_target_skip_unavailable' from command line to 'False'
[0.287s] Level 5:colcon.colcon_core.verb:set package 'rf2o_laser_odometry' build argument 'cmake_clean_cache' from command line to 'False'
[0.287s] Level 5:colcon.colcon_core.verb:set package 'rf2o_laser_odometry' build argument 'cmake_clean_first' from command line to 'False'
[0.287s] Level 5:colcon.colcon_core.verb:set package 'rf2o_laser_odometry' build argument 'cmake_force_configure' from command line to 'False'
[0.287s] Level 5:colcon.colcon_core.verb:set package 'rf2o_laser_odometry' build argument 'ament_cmake_args' from command line to 'None'
[0.287s] Level 5:colcon.colcon_core.verb:set package 'rf2o_laser_odometry' build argument 'catkin_cmake_args' from command line to 'None'
[0.287s] Level 5:colcon.colcon_core.verb:set package 'rf2o_laser_odometry' build argument 'catkin_skip_building_tests' from command line to 'False'
[0.287s] DEBUG:colcon.colcon_core.verb:Building package 'rf2o_laser_odometry' with the following arguments: {'ament_cmake_args': None, 'build_base': '/home/daniel/danbot_v1_ws/build/rf2o_laser_odometry', 'catkin_cmake_args': None, 'catkin_skip_building_tests': False, 'cmake_args': None, 'cmake_clean_cache': False, 'cmake_clean_first': False, 'cmake_force_configure': False, 'cmake_target': None, 'cmake_target_skip_unavailable': False, 'install_base': '/home/daniel/danbot_v1_ws/install/rf2o_laser_odometry', 'merge_install': False, 'path': '/home/daniel/danbot_v1_ws/src/omni_navigation/src/rf2o_laser_odometry', 'symlink_install': True, 'test_result_base': None}
[0.287s] Level 5:colcon.colcon_core.verb:set package 'test_ground' build argument 'cmake_args' from command line to 'None'
[0.287s] Level 5:colcon.colcon_core.verb:set package 'test_ground' build argument 'cmake_target' from command line to 'None'
[0.287s] Level 5:colcon.colcon_core.verb:set package 'test_ground' build argument 'cmake_target_skip_unavailable' from command line to 'False'
[0.287s] Level 5:colcon.colcon_core.verb:set package 'test_ground' build argument 'cmake_clean_cache' from command line to 'False'
[0.287s] Level 5:colcon.colcon_core.verb:set package 'test_ground' build argument 'cmake_clean_first' from command line to 'False'
[0.287s] Level 5:colcon.colcon_core.verb:set package 'test_ground' build argument 'cmake_force_configure' from command line to 'False'
[0.287s] Level 5:colcon.colcon_core.verb:set package 'test_ground' build argument 'ament_cmake_args' from command line to 'None'
[0.287s] Level 5:colcon.colcon_core.verb:set package 'test_ground' build argument 'catkin_cmake_args' from command line to 'None'
[0.287s] Level 5:colcon.colcon_core.verb:set package 'test_ground' build argument 'catkin_skip_building_tests' from command line to 'False'
[0.287s] DEBUG:colcon.colcon_core.verb:Building package 'test_ground' with the following arguments: {'ament_cmake_args': None, 'build_base': '/home/daniel/danbot_v1_ws/build/test_ground', 'catkin_cmake_args': None, 'catkin_skip_building_tests': False, 'cmake_args': None, 'cmake_clean_cache': False, 'cmake_clean_first': False, 'cmake_force_configure': False, 'cmake_target': None, 'cmake_target_skip_unavailable': False, 'install_base': '/home/daniel/danbot_v1_ws/install/test_ground', 'merge_install': False, 'path': '/home/daniel/danbot_v1_ws/src/test_ground', 'symlink_install': True, 'test_result_base': None}
[0.288s] INFO:colcon.colcon_core.executor:Executing jobs using 'parallel' executor
[0.289s] DEBUG:colcon.colcon_parallel_executor.executor.parallel:run_until_complete
[0.289s] INFO:colcon.colcon_ros.task.ament_python.build:Building ROS package in '/home/daniel/danbot_v1_ws/src/controlador_motores_v1' with build type 'ament_python'
[0.289s] Level 1:colcon.colcon_core.shell:create_environment_hook('controlador_motores_v1', 'ament_prefix_path')
[0.291s] INFO:colcon.colcon_core.plugin_system:Skipping extension 'colcon_core.shell.bat': Not used on non-Windows systems
[0.291s] INFO:colcon.colcon_core.shell:Creating environment hook '/home/daniel/danbot_v1_ws/install/controlador_motores_v1/share/controlador_motores_v1/hook/ament_prefix_path.ps1'
[0.292s] INFO:colcon.colcon_core.shell:Creating environment descriptor '/home/daniel/danbot_v1_ws/install/controlador_motores_v1/share/controlador_motores_v1/hook/ament_prefix_path.dsv'
[0.292s] INFO:colcon.colcon_core.shell:Creating environment hook '/home/daniel/danbot_v1_ws/install/controlador_motores_v1/share/controlador_motores_v1/hook/ament_prefix_path.sh'
[0.293s] INFO:colcon.colcon_core.shell:Skip shell extension 'powershell' for command environment: Not usable outside of PowerShell
[0.293s] DEBUG:colcon.colcon_core.shell:Skip shell extension 'dsv' for command environment
[0.298s] INFO:colcon.colcon_ros.task.ament_cmake.build:Building ROS package in '/home/daniel/danbot_v1_ws/src/omni_navigation/src/omni_cartographer' with build type 'ament_cmake'
[0.298s] INFO:colcon.colcon_cmake.task.cmake.build:Building CMake package in '/home/daniel/danbot_v1_ws/src/omni_navigation/src/omni_cartographer'
[0.298s] INFO:colcon.colcon_core.shell:Skip shell extension 'powershell' for command environment: Not usable outside of PowerShell
[0.298s] DEBUG:colcon.colcon_core.shell:Skip shell extension 'dsv' for command environment
[0.304s] INFO:colcon.colcon_ros.task.ament_cmake.build:Building ROS package in '/home/daniel/danbot_v1_ws/src/omni_navigation/src/omni_control' with build type 'ament_cmake'
[0.304s] INFO:colcon.colcon_cmake.task.cmake.build:Building CMake package in '/home/daniel/danbot_v1_ws/src/omni_navigation/src/omni_control'
[0.304s] INFO:colcon.colcon_core.shell:Skip shell extension 'powershell' for command environment: Not usable outside of PowerShell
[0.304s] DEBUG:colcon.colcon_core.shell:Skip shell extension 'dsv' for command environment
[0.310s] INFO:colcon.colcon_ros.task.ament_cmake.build:Building ROS package in '/home/daniel/danbot_v1_ws/src/omni_navigation/src/omni_robot_description' with build type 'ament_cmake'
[0.310s] INFO:colcon.colcon_cmake.task.cmake.build:Building CMake package in '/home/daniel/danbot_v1_ws/src/omni_navigation/src/omni_robot_description'
[0.310s] INFO:colcon.colcon_core.shell:Skip shell extension 'powershell' for command environment: Not usable outside of PowerShell
[0.310s] DEBUG:colcon.colcon_core.shell:Skip shell extension 'dsv' for command environment
[0.568s] INFO:colcon.colcon_core.task.python.build:Building Python package in '/home/daniel/danbot_v1_ws/src/controlador_motores_v1'
[0.568s] INFO:colcon.colcon_core.shell:Skip shell extension 'powershell' for command environment: Not usable outside of PowerShell
[0.568s] DEBUG:colcon.colcon_core.shell:Skip shell extension 'dsv' for command environment
[0.576s] DEBUG:colcon.colcon_core.event_handler.log_command:Invoking command in '/home/daniel/danbot_v1_ws/build/omni_cartographer': CMAKE_PREFIX_PATH=${CMAKE_PREFIX_PATH}:/home/daniel/danbot_v1_ws/install/controlador_motores_v1:/opt/ros/jazzy DEBUGINFOD_URLS=https://debuginfod.ubuntu.com /usr/bin/cmake --build /home/daniel/danbot_v1_ws/build/omni_cartographer -- -j4 -l4
[0.579s] DEBUG:colcon.colcon_core.event_handler.log_command:Invoking command in '/home/daniel/danbot_v1_ws/build/omni_control': CMAKE_PREFIX_PATH=${CMAKE_PREFIX_PATH}:/home/daniel/danbot_v1_ws/install/controlador_motores_v1:/opt/ros/jazzy DEBUGINFOD_URLS=https://debuginfod.ubuntu.com /usr/bin/cmake --build /home/daniel/danbot_v1_ws/build/omni_control -- -j4 -l4
[0.585s] DEBUG:colcon.colcon_core.event_handler.log_command:Invoking command in '/home/daniel/danbot_v1_ws/build/omni_robot_description': CMAKE_PREFIX_PATH=${CMAKE_PREFIX_PATH}:/home/daniel/danbot_v1_ws/install/controlador_motores_v1:/opt/ros/jazzy DEBUGINFOD_URLS=https://debuginfod.ubuntu.com /usr/bin/cmake --build /home/daniel/danbot_v1_ws/build/omni_robot_description -- -j4 -l4
[0.633s] DEBUG:colcon.colcon_core.event_handler.log_command:Invoked command in '/home/daniel/danbot_v1_ws/build/omni_cartographer' returned '0': CMAKE_PREFIX_PATH=${CMAKE_PREFIX_PATH}:/home/daniel/danbot_v1_ws/install/controlador_motores_v1:/opt/ros/jazzy DEBUGINFOD_URLS=https://debuginfod.ubuntu.com /usr/bin/cmake --build /home/daniel/danbot_v1_ws/build/omni_cartographer -- -j4 -l4
[0.644s] DEBUG:colcon.colcon_core.event_handler.log_command:Invoked command in '/home/daniel/danbot_v1_ws/build/omni_control' returned '0': CMAKE_PREFIX_PATH=${CMAKE_PREFIX_PATH}:/home/daniel/danbot_v1_ws/install/controlador_motores_v1:/opt/ros/jazzy DEBUGINFOD_URLS=https://debuginfod.ubuntu.com /usr/bin/cmake --build /home/daniel/danbot_v1_ws/build/omni_control -- -j4 -l4
[0.651s] DEBUG:colcon.colcon_core.event_handler.log_command:Invoked command in '/home/daniel/danbot_v1_ws/build/omni_robot_description' returned '0': CMAKE_PREFIX_PATH=${CMAKE_PREFIX_PATH}:/home/daniel/danbot_v1_ws/install/controlador_motores_v1:/opt/ros/jazzy DEBUGINFOD_URLS=https://debuginfod.ubuntu.com /usr/bin/cmake --build /home/daniel/danbot_v1_ws/build/omni_robot_description -- -j4 -l4
[0.679s] DEBUG:colcon.colcon_core.event_handler.log_command:Invoking command in '/home/daniel/danbot_v1_ws/build/omni_cartographer': CMAKE_PREFIX_PATH=${CMAKE_PREFIX_PATH}:/home/daniel/danbot_v1_ws/install/controlador_motores_v1:/opt/ros/jazzy DEBUGINFOD_URLS=https://debuginfod.ubuntu.com /usr/bin/cmake --install /home/daniel/danbot_v1_ws/build/omni_cartographer
[0.681s] DEBUG:colcon.colcon_core.event_handler.log_command:Invoking command in '/home/daniel/danbot_v1_ws/build/omni_control': CMAKE_PREFIX_PATH=${CMAKE_PREFIX_PATH}:/home/daniel/danbot_v1_ws/install/controlador_motores_v1:/opt/ros/jazzy DEBUGINFOD_URLS=https://debuginfod.ubuntu.com /usr/bin/cmake --install /home/daniel/danbot_v1_ws/build/omni_control
[0.685s] DEBUG:colcon.colcon_core.event_handler.log_command:Invoking command in '/home/daniel/danbot_v1_ws/build/omni_robot_description': CMAKE_PREFIX_PATH=${CMAKE_PREFIX_PATH}:/home/daniel/danbot_v1_ws/install/controlador_motores_v1:/opt/ros/jazzy DEBUGINFOD_URLS=https://debuginfod.ubuntu.com /usr/bin/cmake --install /home/daniel/danbot_v1_ws/build/omni_robot_description
[0.719s] Level 1:colcon.colcon_core.environment:create_environment_scripts_only(omni_cartographer)
[0.728s] Level 1:colcon.colcon_core.environment:checking '/home/daniel/danbot_v1_ws/install/omni_cartographer' for CMake module files
[0.729s] Level 1:colcon.colcon_core.environment:checking '/home/daniel/danbot_v1_ws/install/omni_cartographer' for CMake config files
[0.730s] Level 1:colcon.colcon_core.shell:create_environment_hook('omni_cartographer', 'cmake_prefix_path')
[0.733s] INFO:colcon.colcon_core.shell:Creating environment hook '/home/daniel/danbot_v1_ws/install/omni_cartographer/share/omni_cartographer/hook/cmake_prefix_path.ps1'
[0.734s] DEBUG:colcon.colcon_core.event_handler.log_command:Invoked command in '/home/daniel/danbot_v1_ws/build/omni_cartographer' returned '0': CMAKE_PREFIX_PATH=${CMAKE_PREFIX_PATH}:/home/daniel/danbot_v1_ws/install/controlador_motores_v1:/opt/ros/jazzy DEBUGINFOD_URLS=https://debuginfod.ubuntu.com /usr/bin/cmake --install /home/daniel/danbot_v1_ws/build/omni_cartographer
[0.737s] INFO:colcon.colcon_core.shell:Creating environment descriptor '/home/daniel/danbot_v1_ws/install/omni_cartographer/share/omni_cartographer/hook/cmake_prefix_path.dsv'
[0.739s] INFO:colcon.colcon_core.shell:Creating environment hook '/home/daniel/danbot_v1_ws/install/omni_cartographer/share/omni_cartographer/hook/cmake_prefix_path.sh'
[0.740s] Level 1:colcon.colcon_core.environment:checking '/home/daniel/danbot_v1_ws/install/omni_cartographer/bin'
[0.740s] Level 1:colcon.colcon_core.environment:checking '/home/daniel/danbot_v1_ws/install/omni_cartographer/lib/pkgconfig/omni_cartographer.pc'
[0.740s] Level 1:colcon.colcon_core.environment:checking '/home/daniel/danbot_v1_ws/install/omni_cartographer/lib/python3.12/site-packages'
[0.740s] Level 1:colcon.colcon_core.environment:checking '/home/daniel/danbot_v1_ws/install/omni_cartographer/bin'
[0.741s] INFO:colcon.colcon_core.shell:Creating package script '/home/daniel/danbot_v1_ws/install/omni_cartographer/share/omni_cartographer/package.ps1'
[0.742s] INFO:colcon.colcon_core.shell:Creating package descriptor '/home/daniel/danbot_v1_ws/install/omni_cartographer/share/omni_cartographer/package.dsv'
[0.743s] INFO:colcon.colcon_core.shell:Creating package script '/home/daniel/danbot_v1_ws/install/omni_cartographer/share/omni_cartographer/package.sh'
[0.744s] INFO:colcon.colcon_core.shell:Creating package script '/home/daniel/danbot_v1_ws/install/omni_cartographer/share/omni_cartographer/package.bash'
[0.745s] INFO:colcon.colcon_core.shell:Creating package script '/home/daniel/danbot_v1_ws/install/omni_cartographer/share/omni_cartographer/package.zsh'
[0.745s] Level 1:colcon.colcon_core.environment:create_file_with_runtime_dependencies(/home/daniel/danbot_v1_ws/install/omni_cartographer/share/colcon-core/packages/omni_cartographer)
[0.748s] Level 1:colcon.colcon_core.environment:create_environment_scripts_only(omni_control)
[0.748s] Level 1:colcon.colcon_core.environment:checking '/home/daniel/danbot_v1_ws/install/omni_control' for CMake module files
[0.749s] DEBUG:colcon.colcon_core.event_handler.log_command:Invoked command in '/home/daniel/danbot_v1_ws/build/omni_control' returned '0': CMAKE_PREFIX_PATH=${CMAKE_PREFIX_PATH}:/home/daniel/danbot_v1_ws/install/controlador_motores_v1:/opt/ros/jazzy DEBUGINFOD_URLS=https://debuginfod.ubuntu.com /usr/bin/cmake --install /home/daniel/danbot_v1_ws/build/omni_control
[0.750s] Level 1:colcon.colcon_core.environment:checking '/home/daniel/danbot_v1_ws/install/omni_control' for CMake config files
[0.750s] Level 1:colcon.colcon_core.shell:create_environment_hook('omni_control', 'cmake_prefix_path')
[0.751s] INFO:colcon.colcon_core.shell:Creating environment hook '/home/daniel/danbot_v1_ws/install/omni_control/share/omni_control/hook/cmake_prefix_path.ps1'
[0.751s] INFO:colcon.colcon_core.shell:Creating environment descriptor '/home/daniel/danbot_v1_ws/install/omni_control/share/omni_control/hook/cmake_prefix_path.dsv'
[0.752s] INFO:colcon.colcon_core.shell:Creating environment hook '/home/daniel/danbot_v1_ws/install/omni_control/share/omni_control/hook/cmake_prefix_path.sh'
[0.753s] Level 1:colcon.colcon_core.environment:checking '/home/daniel/danbot_v1_ws/install/omni_control/lib'
[0.753s] Level 1:colcon.colcon_core.environment:checking '/home/daniel/danbot_v1_ws/install/omni_control/bin'
[0.753s] Level 1:colcon.colcon_core.environment:checking '/home/daniel/danbot_v1_ws/install/omni_control/lib/pkgconfig/omni_control.pc'
[0.754s] Level 1:colcon.colcon_core.environment:checking '/home/daniel/danbot_v1_ws/install/omni_control/lib/python3.12/site-packages'
[0.754s] Level 1:colcon.colcon_core.environment:checking '/home/daniel/danbot_v1_ws/install/omni_control/bin'
[0.754s] INFO:colcon.colcon_core.shell:Creating package script '/home/daniel/danbot_v1_ws/install/omni_control/share/omni_control/package.ps1'
[0.755s] INFO:colcon.colcon_core.shell:Creating package descriptor '/home/daniel/danbot_v1_ws/install/omni_control/share/omni_control/package.dsv'
[0.756s] INFO:colcon.colcon_core.shell:Creating package script '/home/daniel/danbot_v1_ws/install/omni_control/share/omni_control/package.sh'
[0.757s] INFO:colcon.colcon_core.shell:Creating package script '/home/daniel/danbot_v1_ws/install/omni_control/share/omni_control/package.bash'
[0.758s] INFO:colcon.colcon_core.shell:Creating package script '/home/daniel/danbot_v1_ws/install/omni_control/share/omni_control/package.zsh'
[0.758s] Level 1:colcon.colcon_core.environment:create_file_with_runtime_dependencies(/home/daniel/danbot_v1_ws/install/omni_control/share/colcon-core/packages/omni_control)
[0.760s] Level 1:colcon.colcon_core.environment:create_environment_scripts_only(omni_robot_description)
[0.761s] Level 1:colcon.colcon_core.environment:checking '/home/daniel/danbot_v1_ws/install/omni_robot_description' for CMake module files
[0.762s] Level 1:colcon.colcon_core.environment:checking '/home/daniel/danbot_v1_ws/install/omni_robot_description' for CMake config files
[0.762s] Level 1:colcon.colcon_core.shell:create_environment_hook('omni_robot_description', 'cmake_prefix_path')
[0.762s] INFO:colcon.colcon_core.shell:Creating environment hook '/home/daniel/danbot_v1_ws/install/omni_robot_description/share/omni_robot_description/hook/cmake_prefix_path.ps1'
[0.767s] INFO:colcon.colcon_core.shell:Creating environment descriptor '/home/daniel/danbot_v1_ws/install/omni_robot_description/share/omni_robot_description/hook/cmake_prefix_path.dsv'
[0.768s] INFO:colcon.colcon_core.shell:Creating environment hook '/home/daniel/danbot_v1_ws/install/omni_robot_description/share/omni_robot_description/hook/cmake_prefix_path.sh'
[0.769s] Level 1:colcon.colcon_core.environment:checking '/home/daniel/danbot_v1_ws/install/omni_robot_description/bin'
[0.769s] Level 1:colcon.colcon_core.environment:checking '/home/daniel/danbot_v1_ws/install/omni_robot_description/lib/pkgconfig/omni_robot_description.pc'
[0.769s] Level 1:colcon.colcon_core.environment:checking '/home/daniel/danbot_v1_ws/install/omni_robot_description/lib/python3.12/site-packages'
[0.769s] Level 1:colcon.colcon_core.environment:checking '/home/daniel/danbot_v1_ws/install/omni_robot_description/bin'
[0.770s] INFO:colcon.colcon_core.shell:Creating package script '/home/daniel/danbot_v1_ws/install/omni_robot_description/share/omni_robot_description/package.ps1'
[0.770s] DEBUG:colcon.colcon_core.event_handler.log_command:Invoked command in '/home/daniel/danbot_v1_ws/build/omni_robot_description' returned '0': CMAKE_PREFIX_PATH=${CMAKE_PREFIX_PATH}:/home/daniel/danbot_v1_ws/install/controlador_motores_v1:/opt/ros/jazzy DEBUGINFOD_URLS=https://debuginfod.ubuntu.com /usr/bin/cmake --install /home/daniel/danbot_v1_ws/build/omni_robot_description
[0.771s] INFO:colcon.colcon_core.shell:Creating package descriptor '/home/daniel/danbot_v1_ws/install/omni_robot_description/share/omni_robot_description/package.dsv'
[0.772s] INFO:colcon.colcon_core.shell:Creating package script '/home/daniel/danbot_v1_ws/install/omni_robot_description/share/omni_robot_description/package.sh'
[0.772s] INFO:colcon.colcon_core.shell:Creating package script '/home/daniel/danbot_v1_ws/install/omni_robot_description/share/omni_robot_description/package.bash'
[0.773s] INFO:colcon.colcon_core.shell:Creating package script '/home/daniel/danbot_v1_ws/install/omni_robot_description/share/omni_robot_description/package.zsh'
[0.773s] Level 1:colcon.colcon_core.environment:create_file_with_runtime_dependencies(/home/daniel/danbot_v1_ws/install/omni_robot_description/share/colcon-core/packages/omni_robot_description)
[0.784s] Level 1:colcon.colcon_core.environment:create_environment_scripts_only(omni_cartographer)
[0.785s] Level 1:colcon.colcon_core.environment:checking '/home/daniel/danbot_v1_ws/install/omni_cartographer' for CMake module files
[0.786s] Level 1:colcon.colcon_core.environment:checking '/home/daniel/danbot_v1_ws/install/omni_cartographer' for CMake config files
[0.786s] Level 1:colcon.colcon_core.shell:create_environment_hook('omni_cartographer', 'cmake_prefix_path')
[0.786s] INFO:colcon.colcon_core.shell:Creating environment hook '/home/daniel/danbot_v1_ws/install/omni_cartographer/share/omni_cartographer/hook/cmake_prefix_path.ps1'
[0.787s] INFO:colcon.colcon_core.shell:Creating environment descriptor '/home/daniel/danbot_v1_ws/install/omni_cartographer/share/omni_cartographer/hook/cmake_prefix_path.dsv'
[0.788s] INFO:colcon.colcon_core.shell:Creating environment hook '/home/daniel/danbot_v1_ws/install/omni_cartographer/share/omni_cartographer/hook/cmake_prefix_path.sh'
[0.788s] Level 1:colcon.colcon_core.environment:checking '/home/daniel/danbot_v1_ws/install/omni_cartographer/bin'
[0.789s] Level 1:colcon.colcon_core.environment:checking '/home/daniel/danbot_v1_ws/install/omni_cartographer/lib/pkgconfig/omni_cartographer.pc'
[0.789s] Level 1:colcon.colcon_core.environment:checking '/home/daniel/danbot_v1_ws/install/omni_cartographer/lib/python3.12/site-packages'
[0.789s] Level 1:colcon.colcon_core.environment:checking '/home/daniel/danbot_v1_ws/install/omni_cartographer/bin'
[0.790s] INFO:colcon.colcon_core.shell:Creating package script '/home/daniel/danbot_v1_ws/install/omni_cartographer/share/omni_cartographer/package.ps1'
[0.790s] INFO:colcon.colcon_core.shell:Creating package descriptor '/home/daniel/danbot_v1_ws/install/omni_cartographer/share/omni_cartographer/package.dsv'
[0.791s] INFO:colcon.colcon_core.shell:Creating package script '/home/daniel/danbot_v1_ws/install/omni_cartographer/share/omni_cartographer/package.sh'
[0.792s] INFO:colcon.colcon_core.shell:Creating package script '/home/daniel/danbot_v1_ws/install/omni_cartographer/share/omni_cartographer/package.bash'
[0.793s] INFO:colcon.colcon_core.shell:Creating package script '/home/daniel/danbot_v1_ws/install/omni_cartographer/share/omni_cartographer/package.zsh'
[0.793s] Level 1:colcon.colcon_core.environment:create_file_with_runtime_dependencies(/home/daniel/danbot_v1_ws/install/omni_cartographer/share/colcon-core/packages/omni_cartographer)
[0.794s] INFO:colcon.colcon_ros.task.ament_cmake.build:Building ROS package in '/home/daniel/danbot_v1_ws/src/omni_navigation/src/rf2o_laser_odometry' with build type 'ament_cmake'
[0.795s] INFO:colcon.colcon_cmake.task.cmake.build:Building CMake package in '/home/daniel/danbot_v1_ws/src/omni_navigation/src/rf2o_laser_odometry'
[0.795s] INFO:colcon.colcon_core.shell:Skip shell extension 'powershell' for command environment: Not usable outside of PowerShell
[0.795s] DEBUG:colcon.colcon_core.shell:Skip shell extension 'dsv' for command environment
[0.801s] Level 1:colcon.colcon_core.environment:create_environment_scripts_only(omni_control)
[0.802s] Level 1:colcon.colcon_core.environment:checking '/home/daniel/danbot_v1_ws/install/omni_control' for CMake module files
[0.803s] Level 1:colcon.colcon_core.environment:checking '/home/daniel/danbot_v1_ws/install/omni_control' for CMake config files
[0.804s] Level 1:colcon.colcon_core.shell:create_environment_hook('omni_control', 'cmake_prefix_path')
[0.804s] INFO:colcon.colcon_core.shell:Creating environment hook '/home/daniel/danbot_v1_ws/install/omni_control/share/omni_control/hook/cmake_prefix_path.ps1'
[0.805s] INFO:colcon.colcon_core.shell:Creating environment descriptor '/home/daniel/danbot_v1_ws/install/omni_control/share/omni_control/hook/cmake_prefix_path.dsv'
[0.806s] INFO:colcon.colcon_core.shell:Creating environment hook '/home/daniel/danbot_v1_ws/install/omni_control/share/omni_control/hook/cmake_prefix_path.sh'
[0.807s] Level 1:colcon.colcon_core.environment:checking '/home/daniel/danbot_v1_ws/install/omni_control/lib'
[0.807s] Level 1:colcon.colcon_core.environment:checking '/home/daniel/danbot_v1_ws/install/omni_control/bin'
[0.807s] Level 1:colcon.colcon_core.environment:checking '/home/daniel/danbot_v1_ws/install/omni_control/lib/pkgconfig/omni_control.pc'
[0.808s] Level 1:colcon.colcon_core.environment:checking '/home/daniel/danbot_v1_ws/install/omni_control/lib/python3.12/site-packages'
[0.808s] Level 1:colcon.colcon_core.environment:checking '/home/daniel/danbot_v1_ws/install/omni_control/bin'
[0.809s] INFO:colcon.colcon_core.shell:Creating package script '/home/daniel/danbot_v1_ws/install/omni_control/share/omni_control/package.ps1'
[0.810s] INFO:colcon.colcon_core.shell:Creating package descriptor '/home/daniel/danbot_v1_ws/install/omni_control/share/omni_control/package.dsv'
[0.810s] INFO:colcon.colcon_core.shell:Creating package script '/home/daniel/danbot_v1_ws/install/omni_control/share/omni_control/package.sh'
[0.811s] INFO:colcon.colcon_core.shell:Creating package script '/home/daniel/danbot_v1_ws/install/omni_control/share/omni_control/package.bash'
[0.812s] INFO:colcon.colcon_core.shell:Creating package script '/home/daniel/danbot_v1_ws/install/omni_control/share/omni_control/package.zsh'
[0.812s] Level 1:colcon.colcon_core.environment:create_file_with_runtime_dependencies(/home/daniel/danbot_v1_ws/install/omni_control/share/colcon-core/packages/omni_control)
[0.813s] INFO:colcon.colcon_ros.task.ament_cmake.build:Building ROS package in '/home/daniel/danbot_v1_ws/src/test_ground' with build type 'ament_cmake'
[0.813s] INFO:colcon.colcon_cmake.task.cmake.build:Building CMake package in '/home/daniel/danbot_v1_ws/src/test_ground'
[0.814s] INFO:colcon.colcon_core.shell:Skip shell extension 'powershell' for command environment: Not usable outside of PowerShell
[0.814s] DEBUG:colcon.colcon_core.shell:Skip shell extension 'dsv' for command environment
[0.824s] DEBUG:colcon.colcon_core.event_handler.log_command:Invoking command in '/home/daniel/danbot_v1_ws/build/rf2o_laser_odometry': CMAKE_PREFIX_PATH=${CMAKE_PREFIX_PATH}:/home/daniel/danbot_v1_ws/install/controlador_motores_v1:/opt/ros/jazzy DEBUGINFOD_URLS=https://debuginfod.ubuntu.com /usr/bin/cmake --build /home/daniel/danbot_v1_ws/build/rf2o_laser_odometry -- -j4 -l4
[0.828s] Level 1:colcon.colcon_core.environment:create_environment_scripts_only(omni_robot_description)
[0.829s] Level 1:colcon.colcon_core.environment:checking '/home/daniel/danbot_v1_ws/install/omni_robot_description' for CMake module files
[0.830s] Level 1:colcon.colcon_core.environment:checking '/home/daniel/danbot_v1_ws/install/omni_robot_description' for CMake config files
[0.830s] Level 1:colcon.colcon_core.shell:create_environment_hook('omni_robot_description', 'cmake_prefix_path')
[0.830s] INFO:colcon.colcon_core.shell:Creating environment hook '/home/daniel/danbot_v1_ws/install/omni_robot_description/share/omni_robot_description/hook/cmake_prefix_path.ps1'
[0.832s] INFO:colcon.colcon_core.shell:Creating environment descriptor '/home/daniel/danbot_v1_ws/install/omni_robot_description/share/omni_robot_description/hook/cmake_prefix_path.dsv'
[0.833s] INFO:colcon.colcon_core.shell:Creating environment hook '/home/daniel/danbot_v1_ws/install/omni_robot_description/share/omni_robot_description/hook/cmake_prefix_path.sh'
[0.834s] Level 1:colcon.colcon_core.environment:checking '/home/daniel/danbot_v1_ws/install/omni_robot_description/bin'
[0.834s] Level 1:colcon.colcon_core.environment:checking '/home/daniel/danbot_v1_ws/install/omni_robot_description/lib/pkgconfig/omni_robot_description.pc'
[0.834s] Level 1:colcon.colcon_core.environment:checking '/home/daniel/danbot_v1_ws/install/omni_robot_description/lib/python3.12/site-packages'
[0.835s] Level 1:colcon.colcon_core.environment:checking '/home/daniel/danbot_v1_ws/install/omni_robot_description/bin'
[0.836s] INFO:colcon.colcon_core.shell:Creating package script '/home/daniel/danbot_v1_ws/install/omni_robot_description/share/omni_robot_description/package.ps1'
[0.839s] INFO:colcon.colcon_core.shell:Creating package descriptor '/home/daniel/danbot_v1_ws/install/omni_robot_description/share/omni_robot_description/package.dsv'
[0.840s] INFO:colcon.colcon_core.shell:Creating package script '/home/daniel/danbot_v1_ws/install/omni_robot_description/share/omni_robot_description/package.sh'
[0.841s] INFO:colcon.colcon_core.shell:Creating package script '/home/daniel/danbot_v1_ws/install/omni_robot_description/share/omni_robot_description/package.bash'
[0.842s] INFO:colcon.colcon_core.shell:Creating package script '/home/daniel/danbot_v1_ws/install/omni_robot_description/share/omni_robot_description/package.zsh'
[0.843s] Level 1:colcon.colcon_core.environment:create_file_with_runtime_dependencies(/home/daniel/danbot_v1_ws/install/omni_robot_description/share/colcon-core/packages/omni_robot_description)
[0.849s] DEBUG:colcon.colcon_core.event_handler.log_command:Invoking command in '/home/daniel/danbot_v1_ws/build/test_ground': CMAKE_PREFIX_PATH=${CMAKE_PREFIX_PATH}:/home/daniel/danbot_v1_ws/install/controlador_motores_v1:/opt/ros/jazzy DEBUGINFOD_URLS=https://debuginfod.ubuntu.com /usr/bin/cmake --build /home/daniel/danbot_v1_ws/build/test_ground -- -j4 -l4
[0.999s] DEBUG:colcon.colcon_core.event_handler.log_command:Invoked command in '/home/daniel/danbot_v1_ws/build/rf2o_laser_odometry' returned '0': CMAKE_PREFIX_PATH=${CMAKE_PREFIX_PATH}:/home/daniel/danbot_v1_ws/install/controlador_motores_v1:/opt/ros/jazzy DEBUGINFOD_URLS=https://debuginfod.ubuntu.com /usr/bin/cmake --build /home/daniel/danbot_v1_ws/build/rf2o_laser_odometry -- -j4 -l4
[1.022s] DEBUG:colcon.colcon_core.event_handler.log_command:Invoked command in '/home/daniel/danbot_v1_ws/build/test_ground' returned '0': CMAKE_PREFIX_PATH=${CMAKE_PREFIX_PATH}:/home/daniel/danbot_v1_ws/install/controlador_motores_v1:/opt/ros/jazzy DEBUGINFOD_URLS=https://debuginfod.ubuntu.com /usr/bin/cmake --build /home/daniel/danbot_v1_ws/build/test_ground -- -j4 -l4
[1.053s] DEBUG:colcon.colcon_core.event_handler.log_command:Invoking command in '/home/daniel/danbot_v1_ws/build/rf2o_laser_odometry': CMAKE_PREFIX_PATH=${CMAKE_PREFIX_PATH}:/home/daniel/danbot_v1_ws/install/controlador_motores_v1:/opt/ros/jazzy DEBUGINFOD_URLS=https://debuginfod.ubuntu.com /usr/bin/cmake --install /home/daniel/danbot_v1_ws/build/rf2o_laser_odometry
[1.071s] DEBUG:colcon.colcon_core.event_handler.log_command:Invoking command in '/home/daniel/danbot_v1_ws/build/test_ground': CMAKE_PREFIX_PATH=${CMAKE_PREFIX_PATH}:/home/daniel/danbot_v1_ws/install/controlador_motores_v1:/opt/ros/jazzy DEBUGINFOD_URLS=https://debuginfod.ubuntu.com /usr/bin/cmake --install /home/daniel/danbot_v1_ws/build/test_ground
[1.090s] Level 1:colcon.colcon_core.environment:create_environment_scripts_only(rf2o_laser_odometry)
[1.090s] Level 1:colcon.colcon_core.environment:checking '/home/daniel/danbot_v1_ws/install/rf2o_laser_odometry' for CMake module files
[1.091s] DEBUG:colcon.colcon_core.event_handler.log_command:Invoked command in '/home/daniel/danbot_v1_ws/build/rf2o_laser_odometry' returned '0': CMAKE_PREFIX_PATH=${CMAKE_PREFIX_PATH}:/home/daniel/danbot_v1_ws/install/controlador_motores_v1:/opt/ros/jazzy DEBUGINFOD_URLS=https://debuginfod.ubuntu.com /usr/bin/cmake --install /home/daniel/danbot_v1_ws/build/rf2o_laser_odometry
[1.091s] Level 1:colcon.colcon_core.environment:checking '/home/daniel/danbot_v1_ws/install/rf2o_laser_odometry' for CMake config files
[1.092s] Level 1:colcon.colcon_core.shell:create_environment_hook('rf2o_laser_odometry', 'cmake_prefix_path')
[1.092s] INFO:colcon.colcon_core.shell:Creating environment hook '/home/daniel/danbot_v1_ws/install/rf2o_laser_odometry/share/rf2o_laser_odometry/hook/cmake_prefix_path.ps1'
[1.093s] INFO:colcon.colcon_core.shell:Creating environment descriptor '/home/daniel/danbot_v1_ws/install/rf2o_laser_odometry/share/rf2o_laser_odometry/hook/cmake_prefix_path.dsv'
[1.094s] INFO:colcon.colcon_core.shell:Creating environment hook '/home/daniel/danbot_v1_ws/install/rf2o_laser_odometry/share/rf2o_laser_odometry/hook/cmake_prefix_path.sh'
[1.094s] Level 1:colcon.colcon_core.environment:checking '/home/daniel/danbot_v1_ws/install/rf2o_laser_odometry/lib'
[1.095s] Level 1:colcon.colcon_core.environment:checking '/home/daniel/danbot_v1_ws/install/rf2o_laser_odometry/bin'
[1.095s] Level 1:colcon.colcon_core.environment:checking '/home/daniel/danbot_v1_ws/install/rf2o_laser_odometry/lib/pkgconfig/rf2o_laser_odometry.pc'
[1.095s] Level 1:colcon.colcon_core.environment:checking '/home/daniel/danbot_v1_ws/install/rf2o_laser_odometry/lib/python3.12/site-packages'
[1.095s] Level 1:colcon.colcon_core.environment:checking '/home/daniel/danbot_v1_ws/install/rf2o_laser_odometry/bin'
[1.096s] INFO:colcon.colcon_core.shell:Creating package script '/home/daniel/danbot_v1_ws/install/rf2o_laser_odometry/share/rf2o_laser_odometry/package.ps1'
[1.096s] INFO:colcon.colcon_core.shell:Creating package descriptor '/home/daniel/danbot_v1_ws/install/rf2o_laser_odometry/share/rf2o_laser_odometry/package.dsv'
[1.097s] INFO:colcon.colcon_core.shell:Creating package script '/home/daniel/danbot_v1_ws/install/rf2o_laser_odometry/share/rf2o_laser_odometry/package.sh'
[1.097s] INFO:colcon.colcon_core.shell:Creating package script '/home/daniel/danbot_v1_ws/install/rf2o_laser_odometry/share/rf2o_laser_odometry/package.bash'
[1.098s] INFO:colcon.colcon_core.shell:Creating package script '/home/daniel/danbot_v1_ws/install/rf2o_laser_odometry/share/rf2o_laser_odometry/package.zsh'
[1.098s] Level 1:colcon.colcon_core.environment:create_file_with_runtime_dependencies(/home/daniel/danbot_v1_ws/install/rf2o_laser_odometry/share/colcon-core/packages/rf2o_laser_odometry)
[1.106s] Level 1:colcon.colcon_core.environment:create_environment_scripts_only(test_ground)
[1.106s] Level 1:colcon.colcon_core.environment:checking '/home/daniel/danbot_v1_ws/install/test_ground' for CMake module files
[1.107s] Level 1:colcon.colcon_core.environment:checking '/home/daniel/danbot_v1_ws/install/test_ground' for CMake config files
[1.108s] Level 1:colcon.colcon_core.shell:create_environment_hook('test_ground', 'cmake_prefix_path')
[1.108s] INFO:colcon.colcon_core.shell:Creating environment hook '/home/daniel/danbot_v1_ws/install/test_ground/share/test_ground/hook/cmake_prefix_path.ps1'
[1.109s] DEBUG:colcon.colcon_core.event_handler.log_command:Invoked command in '/home/daniel/danbot_v1_ws/build/test_ground' returned '0': CMAKE_PREFIX_PATH=${CMAKE_PREFIX_PATH}:/home/daniel/danbot_v1_ws/install/controlador_motores_v1:/opt/ros/jazzy DEBUGINFOD_URLS=https://debuginfod.ubuntu.com /usr/bin/cmake --install /home/daniel/danbot_v1_ws/build/test_ground
[1.109s] INFO:colcon.colcon_core.shell:Creating environment descriptor '/home/daniel/danbot_v1_ws/install/test_ground/share/test_ground/hook/cmake_prefix_path.dsv'
[1.110s] INFO:colcon.colcon_core.shell:Creating environment hook '/home/daniel/danbot_v1_ws/install/test_ground/share/test_ground/hook/cmake_prefix_path.sh'
[1.112s] Level 1:colcon.colcon_core.environment:checking '/home/daniel/danbot_v1_ws/install/test_ground/lib'
[1.112s] Level 1:colcon.colcon_core.environment:checking '/home/daniel/danbot_v1_ws/install/test_ground/bin'
[1.112s] Level 1:colcon.colcon_core.environment:checking '/home/daniel/danbot_v1_ws/install/test_ground/lib/pkgconfig/test_ground.pc'
[1.112s] Level 1:colcon.colcon_core.environment:checking '/home/daniel/danbot_v1_ws/install/test_ground/lib/python3.12/site-packages'
[1.112s] Level 1:colcon.colcon_core.environment:checking '/home/daniel/danbot_v1_ws/install/test_ground/bin'
[1.113s] INFO:colcon.colcon_core.shell:Creating package script '/home/daniel/danbot_v1_ws/install/test_ground/share/test_ground/package.ps1'
[1.116s] INFO:colcon.colcon_core.shell:Creating package descriptor '/home/daniel/danbot_v1_ws/install/test_ground/share/test_ground/package.dsv'
[1.116s] INFO:colcon.colcon_core.shell:Creating package script '/home/daniel/danbot_v1_ws/install/test_ground/share/test_ground/package.sh'
[1.117s] INFO:colcon.colcon_core.shell:Creating package script '/home/daniel/danbot_v1_ws/install/test_ground/share/test_ground/package.bash'
[1.117s] INFO:colcon.colcon_core.shell:Creating package script '/home/daniel/danbot_v1_ws/install/test_ground/share/test_ground/package.zsh'
[1.118s] Level 1:colcon.colcon_core.environment:create_file_with_runtime_dependencies(/home/daniel/danbot_v1_ws/install/test_ground/share/colcon-core/packages/test_ground)
[1.139s] Level 1:colcon.colcon_core.environment:create_environment_scripts_only(rf2o_laser_odometry)
[1.140s] Level 1:colcon.colcon_core.environment:checking '/home/daniel/danbot_v1_ws/install/rf2o_laser_odometry' for CMake module files
[1.141s] Level 1:colcon.colcon_core.environment:checking '/home/daniel/danbot_v1_ws/install/rf2o_laser_odometry' for CMake config files
[1.141s] Level 1:colcon.colcon_core.shell:create_environment_hook('rf2o_laser_odometry', 'cmake_prefix_path')
[1.141s] INFO:colcon.colcon_core.shell:Creating environment hook '/home/daniel/danbot_v1_ws/install/rf2o_laser_odometry/share/rf2o_laser_odometry/hook/cmake_prefix_path.ps1'
[1.142s] INFO:colcon.colcon_core.shell:Creating environment descriptor '/home/daniel/danbot_v1_ws/install/rf2o_laser_odometry/share/rf2o_laser_odometry/hook/cmake_prefix_path.dsv'
[1.142s] INFO:colcon.colcon_core.shell:Creating environment hook '/home/daniel/danbot_v1_ws/install/rf2o_laser_odometry/share/rf2o_laser_odometry/hook/cmake_prefix_path.sh'
[1.143s] Level 1:colcon.colcon_core.environment:checking '/home/daniel/danbot_v1_ws/install/rf2o_laser_odometry/lib'
[1.143s] Level 1:colcon.colcon_core.environment:checking '/home/daniel/danbot_v1_ws/install/rf2o_laser_odometry/bin'
[1.143s] Level 1:colcon.colcon_core.environment:checking '/home/daniel/danbot_v1_ws/install/rf2o_laser_odometry/lib/pkgconfig/rf2o_laser_odometry.pc'
[1.144s] Level 1:colcon.colcon_core.environment:checking '/home/daniel/danbot_v1_ws/install/rf2o_laser_odometry/lib/python3.12/site-packages'
[1.144s] Level 1:colcon.colcon_core.environment:checking '/home/daniel/danbot_v1_ws/install/rf2o_laser_odometry/bin'
[1.144s] INFO:colcon.colcon_core.shell:Creating package script '/home/daniel/danbot_v1_ws/install/rf2o_laser_odometry/share/rf2o_laser_odometry/package.ps1'
[1.145s] INFO:colcon.colcon_core.shell:Creating package descriptor '/home/daniel/danbot_v1_ws/install/rf2o_laser_odometry/share/rf2o_laser_odometry/package.dsv'
[1.146s] INFO:colcon.colcon_core.shell:Creating package script '/home/daniel/danbot_v1_ws/install/rf2o_laser_odometry/share/rf2o_laser_odometry/package.sh'
[1.147s] INFO:colcon.colcon_core.shell:Creating package script '/home/daniel/danbot_v1_ws/install/rf2o_laser_odometry/share/rf2o_laser_odometry/package.bash'
[1.147s] INFO:colcon.colcon_core.shell:Creating package script '/home/daniel/danbot_v1_ws/install/rf2o_laser_odometry/share/rf2o_laser_odometry/package.zsh'
[1.148s] Level 1:colcon.colcon_core.environment:create_file_with_runtime_dependencies(/home/daniel/danbot_v1_ws/install/rf2o_laser_odometry/share/colcon-core/packages/rf2o_laser_odometry)
[1.163s] Level 1:colcon.colcon_core.environment:create_environment_scripts_only(test_ground)
[1.163s] Level 1:colcon.colcon_core.environment:checking '/home/daniel/danbot_v1_ws/install/test_ground' for CMake module files
[1.164s] Level 1:colcon.colcon_core.environment:checking '/home/daniel/danbot_v1_ws/install/test_ground' for CMake config files
[1.165s] Level 1:colcon.colcon_core.shell:create_environment_hook('test_ground', 'cmake_prefix_path')
[1.165s] INFO:colcon.colcon_core.shell:Creating environment hook '/home/daniel/danbot_v1_ws/install/test_ground/share/test_ground/hook/cmake_prefix_path.ps1'
[1.166s] INFO:colcon.colcon_core.shell:Creating environment descriptor '/home/daniel/danbot_v1_ws/install/test_ground/share/test_ground/hook/cmake_prefix_path.dsv'
[1.166s] INFO:colcon.colcon_core.shell:Creating environment hook '/home/daniel/danbot_v1_ws/install/test_ground/share/test_ground/hook/cmake_prefix_path.sh'
[1.167s] Level 1:colcon.colcon_core.environment:checking '/home/daniel/danbot_v1_ws/install/test_ground/lib'
[1.168s] Level 1:colcon.colcon_core.environment:checking '/home/daniel/danbot_v1_ws/install/test_ground/bin'
[1.168s] Level 1:colcon.colcon_core.environment:checking '/home/daniel/danbot_v1_ws/install/test_ground/lib/pkgconfig/test_ground.pc'
[1.168s] Level 1:colcon.colcon_core.environment:checking '/home/daniel/danbot_v1_ws/install/test_ground/lib/python3.12/site-packages'
[1.168s] Level 1:colcon.colcon_core.environment:checking '/home/daniel/danbot_v1_ws/install/test_ground/bin'
[1.168s] INFO:colcon.colcon_core.shell:Creating package script '/home/daniel/danbot_v1_ws/install/test_ground/share/test_ground/package.ps1'
[1.169s] INFO:colcon.colcon_core.shell:Creating package descriptor '/home/daniel/danbot_v1_ws/install/test_ground/share/test_ground/package.dsv'
[1.170s] INFO:colcon.colcon_core.shell:Creating package script '/home/daniel/danbot_v1_ws/install/test_ground/share/test_ground/package.sh'
[1.171s] INFO:colcon.colcon_core.shell:Creating package script '/home/daniel/danbot_v1_ws/install/test_ground/share/test_ground/package.bash'
[1.171s] INFO:colcon.colcon_core.shell:Creating package script '/home/daniel/danbot_v1_ws/install/test_ground/share/test_ground/package.zsh'
[1.172s] Level 1:colcon.colcon_core.environment:create_file_with_runtime_dependencies(/home/daniel/danbot_v1_ws/install/test_ground/share/colcon-core/packages/test_ground)
[1.462s] DEBUG:colcon.colcon_core.event_handler.log_command:Invoking command in '/home/daniel/danbot_v1_ws/build/controlador_motores_v1': DEBUGINFOD_URLS=https://debuginfod.ubuntu.com PYTHONPATH=/home/daniel/danbot_v1_ws/build/controlador_motores_v1/prefix_override:/usr/lib/python3/dist-packages/colcon_core/task/python/colcon_distutils_commands:/home/daniel/danbot_v1_ws/install/controlador_motores_v1/lib/python3.12/site-packages:${PYTHONPATH} /usr/bin/python3 -W ignore:setup.py install is deprecated setup.py develop --editable --build-directory /home/daniel/danbot_v1_ws/build/controlador_motores_v1/build --no-deps symlink_data
[2.174s] Level 1:colcon.colcon_core.shell:create_environment_hook('controlador_motores_v1', 'pythonpath_develop')
[2.175s] INFO:colcon.colcon_core.shell:Creating environment hook '/home/daniel/danbot_v1_ws/build/controlador_motores_v1/share/controlador_motores_v1/hook/pythonpath_develop.ps1'
[2.175s] DEBUG:colcon.colcon_core.event_handler.log_command:Invoked command in '/home/daniel/danbot_v1_ws/build/controlador_motores_v1' returned '0': DEBUGINFOD_URLS=https://debuginfod.ubuntu.com PYTHONPATH=/home/daniel/danbot_v1_ws/build/controlador_motores_v1/prefix_override:/usr/lib/python3/dist-packages/colcon_core/task/python/colcon_distutils_commands:/home/daniel/danbot_v1_ws/install/controlador_motores_v1/lib/python3.12/site-packages:${PYTHONPATH} /usr/bin/python3 -W ignore:setup.py install is deprecated setup.py develop --editable --build-directory /home/daniel/danbot_v1_ws/build/controlador_motores_v1/build --no-deps symlink_data
[2.176s] INFO:colcon.colcon_core.shell:Creating environment descriptor '/home/daniel/danbot_v1_ws/build/controlador_motores_v1/share/controlador_motores_v1/hook/pythonpath_develop.dsv'
[2.176s] INFO:colcon.colcon_core.shell:Creating environment hook '/home/daniel/danbot_v1_ws/build/controlador_motores_v1/share/controlador_motores_v1/hook/pythonpath_develop.sh'
[2.176s] Level 1:colcon.colcon_core.environment:checking '/home/daniel/danbot_v1_ws/install/controlador_motores_v1' for CMake module files
[2.177s] Level 1:colcon.colcon_core.environment:checking '/home/daniel/danbot_v1_ws/install/controlador_motores_v1' for CMake config files
[2.178s] Level 1:colcon.colcon_core.environment:checking '/home/daniel/danbot_v1_ws/install/controlador_motores_v1/lib'
[2.178s] Level 1:colcon.colcon_core.environment:checking '/home/daniel/danbot_v1_ws/install/controlador_motores_v1/bin'
[2.178s] Level 1:colcon.colcon_core.environment:checking '/home/daniel/danbot_v1_ws/install/controlador_motores_v1/lib/pkgconfig/controlador_motores_v1.pc'
[2.178s] Level 1:colcon.colcon_core.environment:checking '/home/daniel/danbot_v1_ws/install/controlador_motores_v1/lib/python3.12/site-packages'
[2.178s] Level 1:colcon.colcon_core.shell:create_environment_hook('controlador_motores_v1', 'pythonpath')
[2.178s] INFO:colcon.colcon_core.shell:Creating environment hook '/home/daniel/danbot_v1_ws/install/controlador_motores_v1/share/controlador_motores_v1/hook/pythonpath.ps1'
[2.179s] INFO:colcon.colcon_core.shell:Creating environment descriptor '/home/daniel/danbot_v1_ws/install/controlador_motores_v1/share/controlador_motores_v1/hook/pythonpath.dsv'
[2.179s] INFO:colcon.colcon_core.shell:Creating environment hook '/home/daniel/danbot_v1_ws/install/controlador_motores_v1/share/controlador_motores_v1/hook/pythonpath.sh'
[2.180s] Level 1:colcon.colcon_core.environment:checking '/home/daniel/danbot_v1_ws/install/controlador_motores_v1/bin'
[2.180s] Level 1:colcon.colcon_core.environment:create_environment_scripts_only(controlador_motores_v1)
[2.180s] INFO:colcon.colcon_core.shell:Creating package script '/home/daniel/danbot_v1_ws/install/controlador_motores_v1/share/controlador_motores_v1/package.ps1'
[2.181s] INFO:colcon.colcon_core.shell:Creating package descriptor '/home/daniel/danbot_v1_ws/install/controlador_motores_v1/share/controlador_motores_v1/package.dsv'
[2.181s] INFO:colcon.colcon_core.shell:Creating package script '/home/daniel/danbot_v1_ws/install/controlador_motores_v1/share/controlador_motores_v1/package.sh'
[2.182s] INFO:colcon.colcon_core.shell:Creating package script '/home/daniel/danbot_v1_ws/install/controlador_motores_v1/share/controlador_motores_v1/package.bash'
[2.182s] INFO:colcon.colcon_core.shell:Creating package script '/home/daniel/danbot_v1_ws/install/controlador_motores_v1/share/controlador_motores_v1/package.zsh'
[2.182s] Level 1:colcon.colcon_core.environment:create_file_with_runtime_dependencies(/home/daniel/danbot_v1_ws/install/controlador_motores_v1/share/colcon-core/packages/controlador_motores_v1)
[2.183s] DEBUG:colcon.colcon_parallel_executor.executor.parallel:closing loop
[2.183s] DEBUG:colcon.colcon_parallel_executor.executor.parallel:loop closed
[2.183s] DEBUG:colcon.colcon_parallel_executor.executor.parallel:run_until_complete finished with '0'
[2.183s] DEBUG:colcon.colcon_core.event_reactor:joining thread
[2.189s] INFO:colcon.colcon_core.plugin_system:Skipping extension 'colcon_notification.desktop_notification.terminal_notifier': Not used on non-Darwin systems
[2.189s] INFO:colcon.colcon_core.plugin_system:Skipping extension 'colcon_notification.desktop_notification.win32': Not used on non-Windows systems
[2.189s] INFO:colcon.colcon_notification.desktop_notification:Sending desktop notification using 'notify2'
[2.209s] DEBUG:colcon.colcon_core.event_reactor:joined thread
[2.210s] INFO:colcon.colcon_core.shell:Creating prefix script '/home/daniel/danbot_v1_ws/install/local_setup.ps1'
[2.211s] INFO:colcon.colcon_core.shell:Creating prefix util module '/home/daniel/danbot_v1_ws/install/_local_setup_util_ps1.py'
[2.213s] INFO:colcon.colcon_core.shell:Creating prefix chain script '/home/daniel/danbot_v1_ws/install/setup.ps1'
[2.214s] INFO:colcon.colcon_core.shell:Creating prefix script '/home/daniel/danbot_v1_ws/install/local_setup.sh'
[2.215s] INFO:colcon.colcon_core.shell:Creating prefix util module '/home/daniel/danbot_v1_ws/install/_local_setup_util_sh.py'
[2.216s] INFO:colcon.colcon_core.shell:Creating prefix chain script '/home/daniel/danbot_v1_ws/install/setup.sh'
[2.218s] INFO:colcon.colcon_core.shell:Creating prefix script '/home/daniel/danbot_v1_ws/install/local_setup.bash'
[2.218s] INFO:colcon.colcon_core.shell:Creating prefix chain script '/home/daniel/danbot_v1_ws/install/setup.bash'
[2.220s] INFO:colcon.colcon_core.shell:Creating prefix script '/home/daniel/danbot_v1_ws/install/local_setup.zsh'
[2.220s] INFO:colcon.colcon_core.shell:Creating prefix chain script '/home/daniel/danbot_v1_ws/install/setup.zsh'
