[2.051s] Invoking command in '/home/daniel/danbot_v1_ws/build/cinematica_v1': DEBUGINFOD_URLS=https://debuginfod.ubuntu.com PYTHONPATH=/home/daniel/danbot_v1_ws/build/cinematica_v1/prefix_override:/usr/lib/python3/dist-packages/colcon_core/task/python/colcon_distutils_commands:/home/daniel/danbot_v1_ws/install/cinematica_v1/lib/python3.12/site-packages:${PYTHONPATH} /usr/bin/python3 -W ignore:setup.py install is deprecated setup.py develop --editable --build-directory /home/daniel/danbot_v1_ws/build/cinematica_v1/build --no-deps symlink_data
[2.625s] running develop
[2.625s] /usr/lib/python3/dist-packages/setuptools/command/develop.py:40: EasyInstallDeprecationWarning: easy_install command is deprecated.
[2.625s] !!
[2.626s] 
[2.626s]         ********************************************************************************
[2.626s]         Please avoid running ``setup.py`` and ``easy_install``.
[2.626s]         Instead, use pypa/build, pypa/installer or other
[2.626s]         standards-based tools.
[2.626s] 
[2.626s]         See https://github.com/pypa/setuptools/issues/917 for details.
[2.626s]         ********************************************************************************
[2.627s] 
[2.627s] !!
[2.627s]   easy_install.initialize_options(self)
[2.933s] running egg_info
[2.964s] writing cinematica_v1.egg-info/PKG-INFO
[2.965s] writing dependency_links to cinematica_v1.egg-info/dependency_links.txt
[2.965s] writing entry points to cinematica_v1.egg-info/entry_points.txt
[2.965s] writing requirements to cinematica_v1.egg-info/requires.txt
[2.965s] writing top-level names to cinematica_v1.egg-info/top_level.txt
[3.020s] reading manifest file 'cinematica_v1.egg-info/SOURCES.txt'
[3.022s] writing manifest file 'cinematica_v1.egg-info/SOURCES.txt'
[3.060s] running build_ext
[3.060s] Creating /home/daniel/danbot_v1_ws/install/cinematica_v1/lib/python3.12/site-packages/cinematica-v1.egg-link (link to .)
[3.061s] Installing cinematica_directa_v1 script to /home/daniel/danbot_v1_ws/install/cinematica_v1/lib/cinematica_v1
[3.063s] 
[3.063s] Installed /home/daniel/danbot_v1_ws/build/cinematica_v1
[3.063s] running symlink_data
[3.124s] Invoked command in '/home/daniel/danbot_v1_ws/build/cinematica_v1' returned '0': DEBUGINFOD_URLS=https://debuginfod.ubuntu.com PYTHONPATH=/home/daniel/danbot_v1_ws/build/cinematica_v1/prefix_override:/usr/lib/python3/dist-packages/colcon_core/task/python/colcon_distutils_commands:/home/daniel/danbot_v1_ws/install/cinematica_v1/lib/python3.12/site-packages:${PYTHONPATH} /usr/bin/python3 -W ignore:setup.py install is deprecated setup.py develop --editable --build-directory /home/daniel/danbot_v1_ws/build/cinematica_v1/build --no-deps symlink_data
