[1.917s] Invoking command in '/home/daniel/danbot_v1_ws/build/controlador_motores_v1': DEBUGINFOD_URLS=https://debuginfod.ubuntu.com PYTHONPATH=/home/daniel/danbot_v1_ws/build/controlador_motores_v1/prefix_override:/usr/lib/python3/dist-packages/colcon_core/task/python/colcon_distutils_commands:/home/daniel/danbot_v1_ws/install/controlador_motores_v1/lib/python3.12/site-packages:${PYTHONPATH} /usr/bin/python3 -W ignore:setup.py install is deprecated setup.py develop --editable --build-directory /home/daniel/danbot_v1_ws/build/controlador_motores_v1/build --no-deps symlink_data
[2.620s] running develop
[2.620s] /usr/lib/python3/dist-packages/setuptools/command/develop.py:40: EasyInstallDeprecationWarning: easy_install command is deprecated.
[2.620s] !!
[2.620s] 
[2.620s]         ********************************************************************************
[2.620s]         Please avoid running ``setup.py`` and ``easy_install``.
[2.620s]         Instead, use pypa/build, pypa/installer or other
[2.620s]         standards-based tools.
[2.620s] 
[2.621s]         See https://github.com/pypa/setuptools/issues/917 for details.
[2.621s]         ********************************************************************************
[2.621s] 
[2.621s] !!
[2.621s]   easy_install.initialize_options(self)
[2.915s] running egg_info
[2.945s] writing controlador_motores_v1.egg-info/PKG-INFO
[2.946s] writing dependency_links to controlador_motores_v1.egg-info/dependency_links.txt
[2.946s] writing entry points to controlador_motores_v1.egg-info/entry_points.txt
[2.946s] writing requirements to controlador_motores_v1.egg-info/requires.txt
[2.948s] writing top-level names to controlador_motores_v1.egg-info/top_level.txt
[3.001s] reading manifest file 'controlador_motores_v1.egg-info/SOURCES.txt'
[3.002s] writing manifest file 'controlador_motores_v1.egg-info/SOURCES.txt'
[3.034s] running build_ext
[3.034s] Creating /home/daniel/danbot_v1_ws/install/controlador_motores_v1/lib/python3.12/site-packages/controlador-motores-v1.egg-link (link to .)
[3.036s] Installing motor_controller script to /home/daniel/danbot_v1_ws/install/controlador_motores_v1/lib/controlador_motores_v1
[3.037s] 
[3.037s] Installed /home/daniel/danbot_v1_ws/build/controlador_motores_v1
[3.037s] running symlink_data
[3.099s] Invoked command in '/home/daniel/danbot_v1_ws/build/controlador_motores_v1' returned '0': DEBUGINFOD_URLS=https://debuginfod.ubuntu.com PYTHONPATH=/home/daniel/danbot_v1_ws/build/controlador_motores_v1/prefix_override:/usr/lib/python3/dist-packages/colcon_core/task/python/colcon_distutils_commands:/home/daniel/danbot_v1_ws/install/controlador_motores_v1/lib/python3.12/site-packages:${PYTHONPATH} /usr/bin/python3 -W ignore:setup.py install is deprecated setup.py develop --editable --build-directory /home/daniel/danbot_v1_ws/build/controlador_motores_v1/build --no-deps symlink_data
