[1.567s] Invoking command in '/home/daniel/danbot_v1_ws/build/controlador_motores_v2': DEBUGINFOD_URLS=https://debuginfod.ubuntu.com PYTHONPATH=/home/daniel/danbot_v1_ws/build/controlador_motores_v2/prefix_override:/usr/lib/python3/dist-packages/colcon_core/task/python/colcon_distutils_commands:/home/daniel/danbot_v1_ws/install/controlador_motores_v2/lib/python3.12/site-packages:${PYTHONPATH} /usr/bin/python3 -W ignore:setup.py install is deprecated setup.py develop --editable --build-directory /home/daniel/danbot_v1_ws/build/controlador_motores_v2/build --no-deps symlink_data
[1.982s] running develop
[1.983s] /usr/lib/python3/dist-packages/setuptools/command/develop.py:40: EasyInstallDeprecationWarning: easy_install command is deprecated.
[1.983s] !!
[1.983s] 
[1.983s]         ********************************************************************************
[1.983s]         Please avoid running ``setup.py`` and ``easy_install``.
[1.983s]         Instead, use pypa/build, pypa/installer or other
[1.983s]         standards-based tools.
[1.983s] 
[1.983s]         See https://github.com/pypa/setuptools/issues/917 for details.
[1.984s]         ********************************************************************************
[1.984s] 
[1.984s] !!
[1.984s]   easy_install.initialize_options(self)
[2.291s] running egg_info
[2.321s] writing controlador_motores_v2.egg-info/PKG-INFO
[2.322s] writing dependency_links to controlador_motores_v2.egg-info/dependency_links.txt
[2.322s] writing entry points to controlador_motores_v2.egg-info/entry_points.txt
[2.322s] writing requirements to controlador_motores_v2.egg-info/requires.txt
[2.322s] writing top-level names to controlador_motores_v2.egg-info/top_level.txt
[2.370s] reading manifest file 'controlador_motores_v2.egg-info/SOURCES.txt'
[2.371s] writing manifest file 'controlador_motores_v2.egg-info/SOURCES.txt'
[2.397s] running build_ext
[2.397s] Creating /home/daniel/danbot_v1_ws/install/controlador_motores_v2/lib/python3.12/site-packages/controlador-motores-v2.egg-link (link to .)
[2.397s] Installing motor_controller script to /home/daniel/danbot_v1_ws/install/controlador_motores_v2/lib/controlador_motores_v2
[2.398s] 
[2.398s] Installed /home/daniel/danbot_v1_ws/build/controlador_motores_v2
[2.398s] running symlink_data
[2.453s] Invoked command in '/home/daniel/danbot_v1_ws/build/controlador_motores_v2' returned '0': DEBUGINFOD_URLS=https://debuginfod.ubuntu.com PYTHONPATH=/home/daniel/danbot_v1_ws/build/controlador_motores_v2/prefix_override:/usr/lib/python3/dist-packages/colcon_core/task/python/colcon_distutils_commands:/home/daniel/danbot_v1_ws/install/controlador_motores_v2/lib/python3.12/site-packages:${PYTHONPATH} /usr/bin/python3 -W ignore:setup.py install is deprecated setup.py develop --editable --build-directory /home/daniel/danbot_v1_ws/build/controlador_motores_v2/build --no-deps symlink_data
