[1.850s] Invoking command in '/home/daniel/danbot_v1_ws/build/controlador_motores_v2': DEBUGINFOD_URLS=https://debuginfod.ubuntu.com PYTHONPATH=/home/daniel/danbot_v1_ws/build/controlador_motores_v2/prefix_override:/usr/lib/python3/dist-packages/colcon_core/task/python/colcon_distutils_commands:/home/daniel/danbot_v1_ws/install/controlador_motores_v2/lib/python3.12/site-packages:${PYTHONPATH} /usr/bin/python3 -W ignore:setup.py install is deprecated setup.py develop --editable --build-directory /home/daniel/danbot_v1_ws/build/controlador_motores_v2/build --no-deps symlink_data
[2.567s] running develop
[2.567s] /usr/lib/python3/dist-packages/setuptools/command/develop.py:40: EasyInstallDeprecationWarning: easy_install command is deprecated.
[2.568s] !!
[2.568s] 
[2.568s]         ********************************************************************************
[2.568s]         Please avoid running ``setup.py`` and ``easy_install``.
[2.568s]         Instead, use pypa/build, pypa/installer or other
[2.568s]         standards-based tools.
[2.568s] 
[2.568s]         See https://github.com/pypa/setuptools/issues/917 for details.
[2.568s]         ********************************************************************************
[2.568s] 
[2.572s] !!
[2.572s]   easy_install.initialize_options(self)
[2.890s] running egg_info
[2.923s] writing controlador_motores_v2.egg-info/PKG-INFO
[2.923s] writing dependency_links to controlador_motores_v2.egg-info/dependency_links.txt
[2.923s] writing entry points to controlador_motores_v2.egg-info/entry_points.txt
[2.923s] writing requirements to controlador_motores_v2.egg-info/requires.txt
[2.923s] writing top-level names to controlador_motores_v2.egg-info/top_level.txt
[2.977s] reading manifest file 'controlador_motores_v2.egg-info/SOURCES.txt'
[2.978s] writing manifest file 'controlador_motores_v2.egg-info/SOURCES.txt'
[3.008s] running build_ext
[3.008s] Creating /home/daniel/danbot_v1_ws/install/controlador_motores_v2/lib/python3.12/site-packages/controlador-motores-v2.egg-link (link to .)
[3.009s] Installing motor_controller script to /home/daniel/danbot_v1_ws/install/controlador_motores_v2/lib/controlador_motores_v2
[3.009s] 
[3.009s] Installed /home/daniel/danbot_v1_ws/build/controlador_motores_v2
[3.011s] running symlink_data
[3.070s] Invoked command in '/home/daniel/danbot_v1_ws/build/controlador_motores_v2' returned '0': DEBUGINFOD_URLS=https://debuginfod.ubuntu.com PYTHONPATH=/home/daniel/danbot_v1_ws/build/controlador_motores_v2/prefix_override:/usr/lib/python3/dist-packages/colcon_core/task/python/colcon_distutils_commands:/home/daniel/danbot_v1_ws/install/controlador_motores_v2/lib/python3.12/site-packages:${PYTHONPATH} /usr/bin/python3 -W ignore:setup.py install is deprecated setup.py develop --editable --build-directory /home/daniel/danbot_v1_ws/build/controlador_motores_v2/build --no-deps symlink_data
