running develop
running egg_info
creating controlador_motores_v1.egg-info
writing controlador_motores_v1.egg-info/PKG-INFO
writing dependency_links to controlador_motores_v1.egg-info/dependency_links.txt
writing entry points to controlador_motores_v1.egg-info/entry_points.txt
writing requirements to controlador_motores_v1.egg-info/requires.txt
writing top-level names to controlador_motores_v1.egg-info/top_level.txt
writing manifest file 'controlador_motores_v1.egg-info/SOURCES.txt'
reading manifest file 'controlador_motores_v1.egg-info/SOURCES.txt'
writing manifest file 'controlador_motores_v1.egg-info/SOURCES.txt'
running build_ext
Creating /home/daniel/danbot_v1_ws/install/controlador_motores_v1/lib/python3.12/site-packages/controlador-motores-v1.egg-link (link to .)
Installing motor_controller script to /home/daniel/danbot_v1_ws/install/controlador_motores_v1/lib/controlador_motores_v1

Installed /home/daniel/danbot_v1_ws/build/controlador_motores_v1
running symlink_data
creating /home/daniel/danbot_v1_ws/install/controlador_motores_v1/share/ament_index
creating /home/daniel/danbot_v1_ws/install/controlador_motores_v1/share/ament_index/resource_index
creating /home/daniel/danbot_v1_ws/install/controlador_motores_v1/share/ament_index/resource_index/packages
symbolically linking /home/daniel/danbot_v1_ws/build/controlador_motores_v1/resource/controlador_motores_v1 -> /home/daniel/danbot_v1_ws/install/controlador_motores_v1/share/ament_index/resource_index/packages
symbolically linking /home/daniel/danbot_v1_ws/build/controlador_motores_v1/package.xml -> /home/daniel/danbot_v1_ws/install/controlador_motores_v1/share/controlador_motores_v1
