[0.108s] DEBUG:colcon:Command line arguments: ['/usr/bin/colcon', 'build', '--symlink-install']
[0.108s] DEBUG:colcon:Parsed command line arguments: Namespace(log_base=None, log_level=None, verb_name='build', build_base='build', install_base='install', merge_install=False, symlink_install=True, test_result_base=None, continue_on_error=False, executor='parallel', parallel_workers=4, event_handlers=None, ignore_user_meta=False, metas=['./colcon.meta'], base_paths=['.'], packages_ignore=None, packages_ignore_regex=None, paths=None, packages_up_to=None, packages_up_to_regex=None, packages_above=None, packages_above_and_dependencies=None, packages_above_depth=None, packages_select_by_dep=None, packages_skip_by_dep=None, packages_skip_up_to=None, packages_select_build_failed=False, packages_skip_build_finished=False, packages_select_test_failures=False, packages_skip_test_passed=False, packages_select=None, packages_skip=None, packages_select_regex=None, packages_skip_regex=None, packages_start=None, packages_end=None, allow_overriding=[], cmake_args=None, cmake_target=None, cmake_target_skip_unavailable=False, cmake_clean_cache=False, cmake_clean_first=False, cmake_force_configure=False, ament_cmake_args=None, catkin_cmake_args=None, catkin_skip_building_tests=False, mixin_files=None, mixin=None, verb_parser=<colcon_mixin.mixin.mixin_argument.MixinArgumentDecorator object at 0x70be93f7e8a0>, verb_extension=<colcon_core.verb.build.BuildVerb object at 0x70be93f7e450>, main=<bound method BuildVerb.main of <colcon_core.verb.build.BuildVerb object at 0x70be93f7e450>>, mixin_verb=('build',))
[0.145s] Level 1:colcon.colcon_core.package_discovery:discover_packages(colcon_meta) check parameters
[0.145s] Level 1:colcon.colcon_core.package_discovery:discover_packages(recursive) check parameters
[0.145s] Level 1:colcon.colcon_core.package_discovery:discover_packages(ignore) check parameters
[0.145s] Level 1:colcon.colcon_core.package_discovery:discover_packages(path) check parameters
[0.145s] Level 1:colcon.colcon_core.package_discovery:discover_packages(colcon_meta) discover
[0.146s] Level 1:colcon.colcon_core.package_discovery:discover_packages(recursive) discover
[0.146s] INFO:colcon.colcon_core.package_discovery:Crawling recursively for packages in '/home/daniel/danbot_v1_ws'
[0.146s] Level 1:colcon.colcon_core.package_identification:_identify(.) by extensions ['ignore', 'ignore_ament_install']
[0.146s] Level 1:colcon.colcon_core.package_identification:_identify(.) by extension 'ignore'
[0.146s] Level 1:colcon.colcon_core.package_identification:_identify(.) by extension 'ignore_ament_install'
[0.146s] Level 1:colcon.colcon_core.package_identification:_identify(.) by extensions ['colcon_pkg']
[0.146s] Level 1:colcon.colcon_core.package_identification:_identify(.) by extension 'colcon_pkg'
[0.146s] Level 1:colcon.colcon_core.package_identification:_identify(.) by extensions ['colcon_meta']
[0.146s] Level 1:colcon.colcon_core.package_identification:_identify(.) by extension 'colcon_meta'
[0.146s] Level 1:colcon.colcon_core.package_identification:_identify(.) by extensions ['ros']
[0.146s] Level 1:colcon.colcon_core.package_identification:_identify(.) by extension 'ros'
[0.173s] Level 1:colcon.colcon_core.package_identification:_identify(.) by extensions ['cmake', 'python']
[0.174s] Level 1:colcon.colcon_core.package_identification:_identify(.) by extension 'cmake'
[0.174s] Level 1:colcon.colcon_core.package_identification:_identify(.) by extension 'python'
[0.174s] Level 1:colcon.colcon_core.package_identification:_identify(.) by extensions ['python_setup_py']
[0.174s] Level 1:colcon.colcon_core.package_identification:_identify(.) by extension 'python_setup_py'
[0.174s] Level 1:colcon.colcon_core.package_identification:_identify(build) by extensions ['ignore', 'ignore_ament_install']
[0.174s] Level 1:colcon.colcon_core.package_identification:_identify(build) by extension 'ignore'
[0.174s] Level 1:colcon.colcon_core.package_identification:_identify(build) ignored
[0.174s] Level 1:colcon.colcon_core.package_identification:_identify(install) by extensions ['ignore', 'ignore_ament_install']
[0.174s] Level 1:colcon.colcon_core.package_identification:_identify(install) by extension 'ignore'
[0.175s] Level 1:colcon.colcon_core.package_identification:_identify(install) ignored
[0.175s] Level 1:colcon.colcon_core.package_identification:_identify(log) by extensions ['ignore', 'ignore_ament_install']
[0.175s] Level 1:colcon.colcon_core.package_identification:_identify(log) by extension 'ignore'
[0.175s] Level 1:colcon.colcon_core.package_identification:_identify(log) ignored
[0.175s] Level 1:colcon.colcon_core.package_identification:_identify(src) by extensions ['ignore', 'ignore_ament_install']
[0.175s] Level 1:colcon.colcon_core.package_identification:_identify(src) by extension 'ignore'
[0.175s] Level 1:colcon.colcon_core.package_identification:_identify(src) by extension 'ignore_ament_install'
[0.175s] Level 1:colcon.colcon_core.package_identification:_identify(src) by extensions ['colcon_pkg']
[0.175s] Level 1:colcon.colcon_core.package_identification:_identify(src) by extension 'colcon_pkg'
[0.175s] Level 1:colcon.colcon_core.package_identification:_identify(src) by extensions ['colcon_meta']
[0.175s] Level 1:colcon.colcon_core.package_identification:_identify(src) by extension 'colcon_meta'
[0.175s] Level 1:colcon.colcon_core.package_identification:_identify(src) by extensions ['ros']
[0.175s] Level 1:colcon.colcon_core.package_identification:_identify(src) by extension 'ros'
[0.175s] Level 1:colcon.colcon_core.package_identification:_identify(src) by extensions ['cmake', 'python']
[0.175s] Level 1:colcon.colcon_core.package_identification:_identify(src) by extension 'cmake'
[0.176s] Level 1:colcon.colcon_core.package_identification:_identify(src) by extension 'python'
[0.176s] Level 1:colcon.colcon_core.package_identification:_identify(src) by extensions ['python_setup_py']
[0.176s] Level 1:colcon.colcon_core.package_identification:_identify(src) by extension 'python_setup_py'
[0.176s] Level 1:colcon.colcon_core.package_identification:_identify(src/omni_navigation) by extensions ['ignore', 'ignore_ament_install']
[0.176s] Level 1:colcon.colcon_core.package_identification:_identify(src/omni_navigation) by extension 'ignore'
[0.176s] Level 1:colcon.colcon_core.package_identification:_identify(src/omni_navigation) by extension 'ignore_ament_install'
[0.176s] Level 1:colcon.colcon_core.package_identification:_identify(src/omni_navigation) by extensions ['colcon_pkg']
[0.176s] Level 1:colcon.colcon_core.package_identification:_identify(src/omni_navigation) by extension 'colcon_pkg'
[0.176s] Level 1:colcon.colcon_core.package_identification:_identify(src/omni_navigation) by extensions ['colcon_meta']
[0.176s] Level 1:colcon.colcon_core.package_identification:_identify(src/omni_navigation) by extension 'colcon_meta'
[0.176s] Level 1:colcon.colcon_core.package_identification:_identify(src/omni_navigation) by extensions ['ros']
[0.176s] Level 1:colcon.colcon_core.package_identification:_identify(src/omni_navigation) by extension 'ros'
[0.176s] Level 1:colcon.colcon_core.package_identification:_identify(src/omni_navigation) by extensions ['cmake', 'python']
[0.176s] Level 1:colcon.colcon_core.package_identification:_identify(src/omni_navigation) by extension 'cmake'
[0.176s] Level 1:colcon.colcon_core.package_identification:_identify(src/omni_navigation) by extension 'python'
[0.176s] Level 1:colcon.colcon_core.package_identification:_identify(src/omni_navigation) by extensions ['python_setup_py']
[0.176s] Level 1:colcon.colcon_core.package_identification:_identify(src/omni_navigation) by extension 'python_setup_py'
[0.176s] Level 1:colcon.colcon_core.package_identification:_identify(src/omni_navigation/omni_stage) by extensions ['ignore', 'ignore_ament_install']
[0.177s] Level 1:colcon.colcon_core.package_identification:_identify(src/omni_navigation/omni_stage) by extension 'ignore'
[0.177s] Level 1:colcon.colcon_core.package_identification:_identify(src/omni_navigation/omni_stage) by extension 'ignore_ament_install'
[0.177s] Level 1:colcon.colcon_core.package_identification:_identify(src/omni_navigation/omni_stage) by extensions ['colcon_pkg']
[0.177s] Level 1:colcon.colcon_core.package_identification:_identify(src/omni_navigation/omni_stage) by extension 'colcon_pkg'
[0.177s] Level 1:colcon.colcon_core.package_identification:_identify(src/omni_navigation/omni_stage) by extensions ['colcon_meta']
[0.177s] Level 1:colcon.colcon_core.package_identification:_identify(src/omni_navigation/omni_stage) by extension 'colcon_meta'
[0.177s] Level 1:colcon.colcon_core.package_identification:_identify(src/omni_navigation/omni_stage) by extensions ['ros']
[0.177s] Level 1:colcon.colcon_core.package_identification:_identify(src/omni_navigation/omni_stage) by extension 'ros'
[0.177s] Level 1:colcon.colcon_core.package_identification:_identify(src/omni_navigation/omni_stage) by extensions ['cmake', 'python']
[0.177s] Level 1:colcon.colcon_core.package_identification:_identify(src/omni_navigation/omni_stage) by extension 'cmake'
[0.177s] Level 1:colcon.colcon_core.package_identification:_identify(src/omni_navigation/omni_stage) by extension 'python'
[0.177s] Level 1:colcon.colcon_core.package_identification:_identify(src/omni_navigation/omni_stage) by extensions ['python_setup_py']
[0.177s] Level 1:colcon.colcon_core.package_identification:_identify(src/omni_navigation/omni_stage) by extension 'python_setup_py'
[0.177s] Level 1:colcon.colcon_core.package_identification:_identify(src/omni_navigation/omni_stage/materials) by extensions ['ignore', 'ignore_ament_install']
[0.177s] Level 1:colcon.colcon_core.package_identification:_identify(src/omni_navigation/omni_stage/materials) by extension 'ignore'
[0.177s] Level 1:colcon.colcon_core.package_identification:_identify(src/omni_navigation/omni_stage/materials) by extension 'ignore_ament_install'
[0.177s] Level 1:colcon.colcon_core.package_identification:_identify(src/omni_navigation/omni_stage/materials) by extensions ['colcon_pkg']
[0.178s] Level 1:colcon.colcon_core.package_identification:_identify(src/omni_navigation/omni_stage/materials) by extension 'colcon_pkg'
[0.178s] Level 1:colcon.colcon_core.package_identification:_identify(src/omni_navigation/omni_stage/materials) by extensions ['colcon_meta']
[0.178s] Level 1:colcon.colcon_core.package_identification:_identify(src/omni_navigation/omni_stage/materials) by extension 'colcon_meta'
[0.178s] Level 1:colcon.colcon_core.package_identification:_identify(src/omni_navigation/omni_stage/materials) by extensions ['ros']
[0.178s] Level 1:colcon.colcon_core.package_identification:_identify(src/omni_navigation/omni_stage/materials) by extension 'ros'
[0.178s] Level 1:colcon.colcon_core.package_identification:_identify(src/omni_navigation/omni_stage/materials) by extensions ['cmake', 'python']
[0.178s] Level 1:colcon.colcon_core.package_identification:_identify(src/omni_navigation/omni_stage/materials) by extension 'cmake'
[0.178s] Level 1:colcon.colcon_core.package_identification:_identify(src/omni_navigation/omni_stage/materials) by extension 'python'
[0.178s] Level 1:colcon.colcon_core.package_identification:_identify(src/omni_navigation/omni_stage/materials) by extensions ['python_setup_py']
[0.178s] Level 1:colcon.colcon_core.package_identification:_identify(src/omni_navigation/omni_stage/materials) by extension 'python_setup_py'
[0.178s] Level 1:colcon.colcon_core.package_identification:_identify(src/omni_navigation/omni_stage/meshes) by extensions ['ignore', 'ignore_ament_install']
[0.178s] Level 1:colcon.colcon_core.package_identification:_identify(src/omni_navigation/omni_stage/meshes) by extension 'ignore'
[0.178s] Level 1:colcon.colcon_core.package_identification:_identify(src/omni_navigation/omni_stage/meshes) by extension 'ignore_ament_install'
[0.178s] Level 1:colcon.colcon_core.package_identification:_identify(src/omni_navigation/omni_stage/meshes) by extensions ['colcon_pkg']
[0.178s] Level 1:colcon.colcon_core.package_identification:_identify(src/omni_navigation/omni_stage/meshes) by extension 'colcon_pkg'
[0.178s] Level 1:colcon.colcon_core.package_identification:_identify(src/omni_navigation/omni_stage/meshes) by extensions ['colcon_meta']
[0.178s] Level 1:colcon.colcon_core.package_identification:_identify(src/omni_navigation/omni_stage/meshes) by extension 'colcon_meta'
[0.178s] Level 1:colcon.colcon_core.package_identification:_identify(src/omni_navigation/omni_stage/meshes) by extensions ['ros']
[0.178s] Level 1:colcon.colcon_core.package_identification:_identify(src/omni_navigation/omni_stage/meshes) by extension 'ros'
[0.179s] Level 1:colcon.colcon_core.package_identification:_identify(src/omni_navigation/omni_stage/meshes) by extensions ['cmake', 'python']
[0.179s] Level 1:colcon.colcon_core.package_identification:_identify(src/omni_navigation/omni_stage/meshes) by extension 'cmake'
[0.179s] Level 1:colcon.colcon_core.package_identification:_identify(src/omni_navigation/omni_stage/meshes) by extension 'python'
[0.179s] Level 1:colcon.colcon_core.package_identification:_identify(src/omni_navigation/omni_stage/meshes) by extensions ['python_setup_py']
[0.179s] Level 1:colcon.colcon_core.package_identification:_identify(src/omni_navigation/omni_stage/meshes) by extension 'python_setup_py'
[0.179s] Level 1:colcon.colcon_core.package_identification:_identify(src/omni_navigation/src) by extensions ['ignore', 'ignore_ament_install']
[0.179s] Level 1:colcon.colcon_core.package_identification:_identify(src/omni_navigation/src) by extension 'ignore'
[0.179s] Level 1:colcon.colcon_core.package_identification:_identify(src/omni_navigation/src) by extension 'ignore_ament_install'
[0.179s] Level 1:colcon.colcon_core.package_identification:_identify(src/omni_navigation/src) by extensions ['colcon_pkg']
[0.179s] Level 1:colcon.colcon_core.package_identification:_identify(src/omni_navigation/src) by extension 'colcon_pkg'
[0.179s] Level 1:colcon.colcon_core.package_identification:_identify(src/omni_navigation/src) by extensions ['colcon_meta']
[0.179s] Level 1:colcon.colcon_core.package_identification:_identify(src/omni_navigation/src) by extension 'colcon_meta'
[0.179s] Level 1:colcon.colcon_core.package_identification:_identify(src/omni_navigation/src) by extensions ['ros']
[0.179s] Level 1:colcon.colcon_core.package_identification:_identify(src/omni_navigation/src) by extension 'ros'
[0.179s] Level 1:colcon.colcon_core.package_identification:_identify(src/omni_navigation/src) by extensions ['cmake', 'python']
[0.179s] Level 1:colcon.colcon_core.package_identification:_identify(src/omni_navigation/src) by extension 'cmake'
[0.179s] Level 1:colcon.colcon_core.package_identification:_identify(src/omni_navigation/src) by extension 'python'
[0.179s] Level 1:colcon.colcon_core.package_identification:_identify(src/omni_navigation/src) by extensions ['python_setup_py']
[0.179s] Level 1:colcon.colcon_core.package_identification:_identify(src/omni_navigation/src) by extension 'python_setup_py'
[0.180s] Level 1:colcon.colcon_core.package_identification:_identify(src/omni_navigation/src/omni_cartographer) by extensions ['ignore', 'ignore_ament_install']
[0.180s] Level 1:colcon.colcon_core.package_identification:_identify(src/omni_navigation/src/omni_cartographer) by extension 'ignore'
[0.180s] Level 1:colcon.colcon_core.package_identification:_identify(src/omni_navigation/src/omni_cartographer) by extension 'ignore_ament_install'
[0.180s] Level 1:colcon.colcon_core.package_identification:_identify(src/omni_navigation/src/omni_cartographer) by extensions ['colcon_pkg']
[0.180s] Level 1:colcon.colcon_core.package_identification:_identify(src/omni_navigation/src/omni_cartographer) by extension 'colcon_pkg'
[0.180s] Level 1:colcon.colcon_core.package_identification:_identify(src/omni_navigation/src/omni_cartographer) by extensions ['colcon_meta']
[0.180s] Level 1:colcon.colcon_core.package_identification:_identify(src/omni_navigation/src/omni_cartographer) by extension 'colcon_meta'
[0.180s] Level 1:colcon.colcon_core.package_identification:_identify(src/omni_navigation/src/omni_cartographer) by extensions ['ros']
[0.180s] Level 1:colcon.colcon_core.package_identification:_identify(src/omni_navigation/src/omni_cartographer) by extension 'ros'
[0.182s] DEBUG:colcon.colcon_core.package_identification:Package 'src/omni_navigation/src/omni_cartographer' with type 'ros.ament_cmake' and name 'omni_cartographer'
[0.183s] Level 1:colcon.colcon_core.package_identification:_identify(src/omni_navigation/src/omni_control) by extensions ['ignore', 'ignore_ament_install']
[0.183s] Level 1:colcon.colcon_core.package_identification:_identify(src/omni_navigation/src/omni_control) by extension 'ignore'
[0.183s] Level 1:colcon.colcon_core.package_identification:_identify(src/omni_navigation/src/omni_control) by extension 'ignore_ament_install'
[0.183s] Level 1:colcon.colcon_core.package_identification:_identify(src/omni_navigation/src/omni_control) by extensions ['colcon_pkg']
[0.183s] Level 1:colcon.colcon_core.package_identification:_identify(src/omni_navigation/src/omni_control) by extension 'colcon_pkg'
[0.183s] Level 1:colcon.colcon_core.package_identification:_identify(src/omni_navigation/src/omni_control) by extensions ['colcon_meta']
[0.183s] Level 1:colcon.colcon_core.package_identification:_identify(src/omni_navigation/src/omni_control) by extension 'colcon_meta'
[0.183s] Level 1:colcon.colcon_core.package_identification:_identify(src/omni_navigation/src/omni_control) by extensions ['ros']
[0.183s] Level 1:colcon.colcon_core.package_identification:_identify(src/omni_navigation/src/omni_control) by extension 'ros'
[0.184s] DEBUG:colcon.colcon_core.package_identification:Package 'src/omni_navigation/src/omni_control' with type 'ros.ament_cmake' and name 'omni_control'
[0.184s] Level 1:colcon.colcon_core.package_identification:_identify(src/omni_navigation/src/omni_robot_description) by extensions ['ignore', 'ignore_ament_install']
[0.184s] Level 1:colcon.colcon_core.package_identification:_identify(src/omni_navigation/src/omni_robot_description) by extension 'ignore'
[0.184s] Level 1:colcon.colcon_core.package_identification:_identify(src/omni_navigation/src/omni_robot_description) by extension 'ignore_ament_install'
[0.184s] Level 1:colcon.colcon_core.package_identification:_identify(src/omni_navigation/src/omni_robot_description) by extensions ['colcon_pkg']
[0.184s] Level 1:colcon.colcon_core.package_identification:_identify(src/omni_navigation/src/omni_robot_description) by extension 'colcon_pkg'
[0.184s] Level 1:colcon.colcon_core.package_identification:_identify(src/omni_navigation/src/omni_robot_description) by extensions ['colcon_meta']
[0.184s] Level 1:colcon.colcon_core.package_identification:_identify(src/omni_navigation/src/omni_robot_description) by extension 'colcon_meta'
[0.184s] Level 1:colcon.colcon_core.package_identification:_identify(src/omni_navigation/src/omni_robot_description) by extensions ['ros']
[0.184s] Level 1:colcon.colcon_core.package_identification:_identify(src/omni_navigation/src/omni_robot_description) by extension 'ros'
[0.185s] DEBUG:colcon.colcon_core.package_identification:Package 'src/omni_navigation/src/omni_robot_description' with type 'ros.ament_cmake' and name 'omni_robot_description'
[0.185s] Level 1:colcon.colcon_core.package_identification:_identify(src/omni_navigation/src/rf2o_laser_odometry) by extensions ['ignore', 'ignore_ament_install']
[0.185s] Level 1:colcon.colcon_core.package_identification:_identify(src/omni_navigation/src/rf2o_laser_odometry) by extension 'ignore'
[0.185s] Level 1:colcon.colcon_core.package_identification:_identify(src/omni_navigation/src/rf2o_laser_odometry) by extension 'ignore_ament_install'
[0.185s] Level 1:colcon.colcon_core.package_identification:_identify(src/omni_navigation/src/rf2o_laser_odometry) by extensions ['colcon_pkg']
[0.185s] Level 1:colcon.colcon_core.package_identification:_identify(src/omni_navigation/src/rf2o_laser_odometry) by extension 'colcon_pkg'
[0.185s] Level 1:colcon.colcon_core.package_identification:_identify(src/omni_navigation/src/rf2o_laser_odometry) by extensions ['colcon_meta']
[0.185s] Level 1:colcon.colcon_core.package_identification:_identify(src/omni_navigation/src/rf2o_laser_odometry) by extension 'colcon_meta'
[0.185s] Level 1:colcon.colcon_core.package_identification:_identify(src/omni_navigation/src/rf2o_laser_odometry) by extensions ['ros']
[0.185s] Level 1:colcon.colcon_core.package_identification:_identify(src/omni_navigation/src/rf2o_laser_odometry) by extension 'ros'
[0.186s] DEBUG:colcon.colcon_core.package_identification:Package 'src/omni_navigation/src/rf2o_laser_odometry' with type 'ros.ament_cmake' and name 'rf2o_laser_odometry'
[0.187s] Level 1:colcon.colcon_core.package_identification:_identify(src/test_ground) by extensions ['ignore', 'ignore_ament_install']
[0.187s] Level 1:colcon.colcon_core.package_identification:_identify(src/test_ground) by extension 'ignore'
[0.187s] Level 1:colcon.colcon_core.package_identification:_identify(src/test_ground) by extension 'ignore_ament_install'
[0.187s] Level 1:colcon.colcon_core.package_identification:_identify(src/test_ground) by extensions ['colcon_pkg']
[0.187s] Level 1:colcon.colcon_core.package_identification:_identify(src/test_ground) by extension 'colcon_pkg'
[0.187s] Level 1:colcon.colcon_core.package_identification:_identify(src/test_ground) by extensions ['colcon_meta']
[0.187s] Level 1:colcon.colcon_core.package_identification:_identify(src/test_ground) by extension 'colcon_meta'
[0.187s] Level 1:colcon.colcon_core.package_identification:_identify(src/test_ground) by extensions ['ros']
[0.187s] Level 1:colcon.colcon_core.package_identification:_identify(src/test_ground) by extension 'ros'
[0.188s] DEBUG:colcon.colcon_core.package_identification:Package 'src/test_ground' with type 'ros.ament_cmake' and name 'test_ground'
[0.188s] Level 1:colcon.colcon_core.package_discovery:discover_packages(recursive) using defaults
[0.188s] Level 1:colcon.colcon_core.package_discovery:discover_packages(ignore) discover
[0.188s] Level 1:colcon.colcon_core.package_discovery:discover_packages(ignore) using defaults
[0.188s] Level 1:colcon.colcon_core.package_discovery:discover_packages(path) discover
[0.188s] Level 1:colcon.colcon_core.package_discovery:discover_packages(path) using defaults
[0.206s] Level 1:colcon.colcon_core.package_discovery:discover_packages(prefix_path) check parameters
[0.206s] Level 1:colcon.colcon_core.package_discovery:discover_packages(prefix_path) discover
[0.209s] DEBUG:colcon.colcon_installed_package_information.package_discovery:Found 7 installed packages in /home/daniel/danbot_v1_ws/install
[0.210s] DEBUG:colcon.colcon_installed_package_information.package_discovery:Found 299 installed packages in /opt/ros/jazzy
[0.211s] Level 1:colcon.colcon_core.package_discovery:discover_packages(prefix_path) using defaults
[0.260s] Level 5:colcon.colcon_core.verb:set package 'omni_cartographer' build argument 'cmake_args' from command line to 'None'
[0.260s] Level 5:colcon.colcon_core.verb:set package 'omni_cartographer' build argument 'cmake_target' from command line to 'None'
[0.260s] Level 5:colcon.colcon_core.verb:set package 'omni_cartographer' build argument 'cmake_target_skip_unavailable' from command line to 'False'
[0.260s] Level 5:colcon.colcon_core.verb:set package 'omni_cartographer' build argument 'cmake_clean_cache' from command line to 'False'
[0.260s] Level 5:colcon.colcon_core.verb:set package 'omni_cartographer' build argument 'cmake_clean_first' from command line to 'False'
[0.260s] Level 5:colcon.colcon_core.verb:set package 'omni_cartographer' build argument 'cmake_force_configure' from command line to 'False'
[0.260s] Level 5:colcon.colcon_core.verb:set package 'omni_cartographer' build argument 'ament_cmake_args' from command line to 'None'
[0.260s] Level 5:colcon.colcon_core.verb:set package 'omni_cartographer' build argument 'catkin_cmake_args' from command line to 'None'
[0.260s] Level 5:colcon.colcon_core.verb:set package 'omni_cartographer' build argument 'catkin_skip_building_tests' from command line to 'False'
[0.260s] DEBUG:colcon.colcon_core.verb:Building package 'omni_cartographer' with the following arguments: {'ament_cmake_args': None, 'build_base': '/home/daniel/danbot_v1_ws/build/omni_cartographer', 'catkin_cmake_args': None, 'catkin_skip_building_tests': False, 'cmake_args': None, 'cmake_clean_cache': False, 'cmake_clean_first': False, 'cmake_force_configure': False, 'cmake_target': None, 'cmake_target_skip_unavailable': False, 'install_base': '/home/daniel/danbot_v1_ws/install/omni_cartographer', 'merge_install': False, 'path': '/home/daniel/danbot_v1_ws/src/omni_navigation/src/omni_cartographer', 'symlink_install': True, 'test_result_base': None}
[0.260s] Level 5:colcon.colcon_core.verb:set package 'omni_control' build argument 'cmake_args' from command line to 'None'
[0.261s] Level 5:colcon.colcon_core.verb:set package 'omni_control' build argument 'cmake_target' from command line to 'None'
[0.261s] Level 5:colcon.colcon_core.verb:set package 'omni_control' build argument 'cmake_target_skip_unavailable' from command line to 'False'
[0.261s] Level 5:colcon.colcon_core.verb:set package 'omni_control' build argument 'cmake_clean_cache' from command line to 'False'
[0.261s] Level 5:colcon.colcon_core.verb:set package 'omni_control' build argument 'cmake_clean_first' from command line to 'False'
[0.261s] Level 5:colcon.colcon_core.verb:set package 'omni_control' build argument 'cmake_force_configure' from command line to 'False'
[0.261s] Level 5:colcon.colcon_core.verb:set package 'omni_control' build argument 'ament_cmake_args' from command line to 'None'
[0.261s] Level 5:colcon.colcon_core.verb:set package 'omni_control' build argument 'catkin_cmake_args' from command line to 'None'
[0.261s] Level 5:colcon.colcon_core.verb:set package 'omni_control' build argument 'catkin_skip_building_tests' from command line to 'False'
[0.261s] DEBUG:colcon.colcon_core.verb:Building package 'omni_control' with the following arguments: {'ament_cmake_args': None, 'build_base': '/home/daniel/danbot_v1_ws/build/omni_control', 'catkin_cmake_args': None, 'catkin_skip_building_tests': False, 'cmake_args': None, 'cmake_clean_cache': False, 'cmake_clean_first': False, 'cmake_force_configure': False, 'cmake_target': None, 'cmake_target_skip_unavailable': False, 'install_base': '/home/daniel/danbot_v1_ws/install/omni_control', 'merge_install': False, 'path': '/home/daniel/danbot_v1_ws/src/omni_navigation/src/omni_control', 'symlink_install': True, 'test_result_base': None}
[0.261s] Level 5:colcon.colcon_core.verb:set package 'omni_robot_description' build argument 'cmake_args' from command line to 'None'
[0.261s] Level 5:colcon.colcon_core.verb:set package 'omni_robot_description' build argument 'cmake_target' from command line to 'None'
[0.261s] Level 5:colcon.colcon_core.verb:set package 'omni_robot_description' build argument 'cmake_target_skip_unavailable' from command line to 'False'
[0.261s] Level 5:colcon.colcon_core.verb:set package 'omni_robot_description' build argument 'cmake_clean_cache' from command line to 'False'
[0.261s] Level 5:colcon.colcon_core.verb:set package 'omni_robot_description' build argument 'cmake_clean_first' from command line to 'False'
[0.261s] Level 5:colcon.colcon_core.verb:set package 'omni_robot_description' build argument 'cmake_force_configure' from command line to 'False'
[0.261s] Level 5:colcon.colcon_core.verb:set package 'omni_robot_description' build argument 'ament_cmake_args' from command line to 'None'
[0.261s] Level 5:colcon.colcon_core.verb:set package 'omni_robot_description' build argument 'catkin_cmake_args' from command line to 'None'
[0.261s] Level 5:colcon.colcon_core.verb:set package 'omni_robot_description' build argument 'catkin_skip_building_tests' from command line to 'False'
[0.261s] DEBUG:colcon.colcon_core.verb:Building package 'omni_robot_description' with the following arguments: {'ament_cmake_args': None, 'build_base': '/home/daniel/danbot_v1_ws/build/omni_robot_description', 'catkin_cmake_args': None, 'catkin_skip_building_tests': False, 'cmake_args': None, 'cmake_clean_cache': False, 'cmake_clean_first': False, 'cmake_force_configure': False, 'cmake_target': None, 'cmake_target_skip_unavailable': False, 'install_base': '/home/daniel/danbot_v1_ws/install/omni_robot_description', 'merge_install': False, 'path': '/home/daniel/danbot_v1_ws/src/omni_navigation/src/omni_robot_description', 'symlink_install': True, 'test_result_base': None}
[0.262s] Level 5:colcon.colcon_core.verb:set package 'rf2o_laser_odometry' build argument 'cmake_args' from command line to 'None'
[0.262s] Level 5:colcon.colcon_core.verb:set package 'rf2o_laser_odometry' build argument 'cmake_target' from command line to 'None'
[0.262s] Level 5:colcon.colcon_core.verb:set package 'rf2o_laser_odometry' build argument 'cmake_target_skip_unavailable' from command line to 'False'
[0.262s] Level 5:colcon.colcon_core.verb:set package 'rf2o_laser_odometry' build argument 'cmake_clean_cache' from command line to 'False'
[0.262s] Level 5:colcon.colcon_core.verb:set package 'rf2o_laser_odometry' build argument 'cmake_clean_first' from command line to 'False'
[0.262s] Level 5:colcon.colcon_core.verb:set package 'rf2o_laser_odometry' build argument 'cmake_force_configure' from command line to 'False'
[0.262s] Level 5:colcon.colcon_core.verb:set package 'rf2o_laser_odometry' build argument 'ament_cmake_args' from command line to 'None'
[0.262s] Level 5:colcon.colcon_core.verb:set package 'rf2o_laser_odometry' build argument 'catkin_cmake_args' from command line to 'None'
[0.262s] Level 5:colcon.colcon_core.verb:set package 'rf2o_laser_odometry' build argument 'catkin_skip_building_tests' from command line to 'False'
[0.262s] DEBUG:colcon.colcon_core.verb:Building package 'rf2o_laser_odometry' with the following arguments: {'ament_cmake_args': None, 'build_base': '/home/daniel/danbot_v1_ws/build/rf2o_laser_odometry', 'catkin_cmake_args': None, 'catkin_skip_building_tests': False, 'cmake_args': None, 'cmake_clean_cache': False, 'cmake_clean_first': False, 'cmake_force_configure': False, 'cmake_target': None, 'cmake_target_skip_unavailable': False, 'install_base': '/home/daniel/danbot_v1_ws/install/rf2o_laser_odometry', 'merge_install': False, 'path': '/home/daniel/danbot_v1_ws/src/omni_navigation/src/rf2o_laser_odometry', 'symlink_install': True, 'test_result_base': None}
[0.262s] Level 5:colcon.colcon_core.verb:set package 'test_ground' build argument 'cmake_args' from command line to 'None'
[0.262s] Level 5:colcon.colcon_core.verb:set package 'test_ground' build argument 'cmake_target' from command line to 'None'
[0.262s] Level 5:colcon.colcon_core.verb:set package 'test_ground' build argument 'cmake_target_skip_unavailable' from command line to 'False'
[0.262s] Level 5:colcon.colcon_core.verb:set package 'test_ground' build argument 'cmake_clean_cache' from command line to 'False'
[0.262s] Level 5:colcon.colcon_core.verb:set package 'test_ground' build argument 'cmake_clean_first' from command line to 'False'
[0.262s] Level 5:colcon.colcon_core.verb:set package 'test_ground' build argument 'cmake_force_configure' from command line to 'False'
[0.262s] Level 5:colcon.colcon_core.verb:set package 'test_ground' build argument 'ament_cmake_args' from command line to 'None'
[0.262s] Level 5:colcon.colcon_core.verb:set package 'test_ground' build argument 'catkin_cmake_args' from command line to 'None'
[0.262s] Level 5:colcon.colcon_core.verb:set package 'test_ground' build argument 'catkin_skip_building_tests' from command line to 'False'
[0.262s] DEBUG:colcon.colcon_core.verb:Building package 'test_ground' with the following arguments: {'ament_cmake_args': None, 'build_base': '/home/daniel/danbot_v1_ws/build/test_ground', 'catkin_cmake_args': None, 'catkin_skip_building_tests': False, 'cmake_args': None, 'cmake_clean_cache': False, 'cmake_clean_first': False, 'cmake_force_configure': False, 'cmake_target': None, 'cmake_target_skip_unavailable': False, 'install_base': '/home/daniel/danbot_v1_ws/install/test_ground', 'merge_install': False, 'path': '/home/daniel/danbot_v1_ws/src/test_ground', 'symlink_install': True, 'test_result_base': None}
[0.262s] INFO:colcon.colcon_core.executor:Executing jobs using 'parallel' executor
[0.263s] DEBUG:colcon.colcon_parallel_executor.executor.parallel:run_until_complete
[0.264s] INFO:colcon.colcon_ros.task.ament_cmake.build:Building ROS package in '/home/daniel/danbot_v1_ws/src/omni_navigation/src/omni_cartographer' with build type 'ament_cmake'
[0.264s] INFO:colcon.colcon_cmake.task.cmake.build:Building CMake package in '/home/daniel/danbot_v1_ws/src/omni_navigation/src/omni_cartographer'
[0.266s] INFO:colcon.colcon_core.plugin_system:Skipping extension 'colcon_core.shell.bat': Not used on non-Windows systems
[0.266s] INFO:colcon.colcon_core.shell:Skip shell extension 'powershell' for command environment: Not usable outside of PowerShell
[0.266s] DEBUG:colcon.colcon_core.shell:Skip shell extension 'dsv' for command environment
[0.271s] INFO:colcon.colcon_ros.task.ament_cmake.build:Building ROS package in '/home/daniel/danbot_v1_ws/src/omni_navigation/src/omni_control' with build type 'ament_cmake'
[0.271s] INFO:colcon.colcon_cmake.task.cmake.build:Building CMake package in '/home/daniel/danbot_v1_ws/src/omni_navigation/src/omni_control'
[0.271s] INFO:colcon.colcon_core.shell:Skip shell extension 'powershell' for command environment: Not usable outside of PowerShell
[0.271s] DEBUG:colcon.colcon_core.shell:Skip shell extension 'dsv' for command environment
[0.276s] INFO:colcon.colcon_ros.task.ament_cmake.build:Building ROS package in '/home/daniel/danbot_v1_ws/src/omni_navigation/src/omni_robot_description' with build type 'ament_cmake'
[0.276s] INFO:colcon.colcon_cmake.task.cmake.build:Building CMake package in '/home/daniel/danbot_v1_ws/src/omni_navigation/src/omni_robot_description'
[0.276s] INFO:colcon.colcon_core.shell:Skip shell extension 'powershell' for command environment: Not usable outside of PowerShell
[0.276s] DEBUG:colcon.colcon_core.shell:Skip shell extension 'dsv' for command environment
[0.282s] INFO:colcon.colcon_ros.task.ament_cmake.build:Building ROS package in '/home/daniel/danbot_v1_ws/src/omni_navigation/src/rf2o_laser_odometry' with build type 'ament_cmake'
[0.282s] INFO:colcon.colcon_cmake.task.cmake.build:Building CMake package in '/home/daniel/danbot_v1_ws/src/omni_navigation/src/rf2o_laser_odometry'
[0.283s] INFO:colcon.colcon_core.shell:Skip shell extension 'powershell' for command environment: Not usable outside of PowerShell
[0.283s] DEBUG:colcon.colcon_core.shell:Skip shell extension 'dsv' for command environment
[0.293s] DEBUG:colcon.colcon_core.event_handler.log_command:Invoking command in '/home/daniel/danbot_v1_ws/build/omni_cartographer': CMAKE_PREFIX_PATH=${CMAKE_PREFIX_PATH}:/opt/ros/jazzy DEBUGINFOD_URLS=https://debuginfod.ubuntu.com /usr/bin/cmake --build /home/daniel/danbot_v1_ws/build/omni_cartographer -- -j4 -l4
[0.298s] DEBUG:colcon.colcon_core.event_handler.log_command:Invoking command in '/home/daniel/danbot_v1_ws/build/omni_control': CMAKE_PREFIX_PATH=${CMAKE_PREFIX_PATH}:/opt/ros/jazzy DEBUGINFOD_URLS=https://debuginfod.ubuntu.com /usr/bin/cmake --build /home/daniel/danbot_v1_ws/build/omni_control -- -j4 -l4
[0.303s] DEBUG:colcon.colcon_core.event_handler.log_command:Invoking command in '/home/daniel/danbot_v1_ws/build/omni_robot_description': CMAKE_PREFIX_PATH=${CMAKE_PREFIX_PATH}:/opt/ros/jazzy DEBUGINFOD_URLS=https://debuginfod.ubuntu.com /usr/bin/cmake --build /home/daniel/danbot_v1_ws/build/omni_robot_description -- -j4 -l4
[0.324s] DEBUG:colcon.colcon_core.event_handler.log_command:Invoking command in '/home/daniel/danbot_v1_ws/build/rf2o_laser_odometry': CMAKE_PREFIX_PATH=${CMAKE_PREFIX_PATH}:/opt/ros/jazzy DEBUGINFOD_URLS=https://debuginfod.ubuntu.com /usr/bin/cmake --build /home/daniel/danbot_v1_ws/build/rf2o_laser_odometry -- -j4 -l4
[0.364s] DEBUG:colcon.colcon_core.event_handler.log_command:Invoked command in '/home/daniel/danbot_v1_ws/build/omni_cartographer' returned '0': CMAKE_PREFIX_PATH=${CMAKE_PREFIX_PATH}:/opt/ros/jazzy DEBUGINFOD_URLS=https://debuginfod.ubuntu.com /usr/bin/cmake --build /home/daniel/danbot_v1_ws/build/omni_cartographer -- -j4 -l4
[0.370s] DEBUG:colcon.colcon_core.event_handler.log_command:Invoked command in '/home/daniel/danbot_v1_ws/build/omni_control' returned '0': CMAKE_PREFIX_PATH=${CMAKE_PREFIX_PATH}:/opt/ros/jazzy DEBUGINFOD_URLS=https://debuginfod.ubuntu.com /usr/bin/cmake --build /home/daniel/danbot_v1_ws/build/omni_control -- -j4 -l4
[0.376s] DEBUG:colcon.colcon_core.event_handler.log_command:Invoked command in '/home/daniel/danbot_v1_ws/build/omni_robot_description' returned '0': CMAKE_PREFIX_PATH=${CMAKE_PREFIX_PATH}:/opt/ros/jazzy DEBUGINFOD_URLS=https://debuginfod.ubuntu.com /usr/bin/cmake --build /home/daniel/danbot_v1_ws/build/omni_robot_description -- -j4 -l4
[0.424s] DEBUG:colcon.colcon_core.event_handler.log_command:Invoking command in '/home/daniel/danbot_v1_ws/build/omni_cartographer': CMAKE_PREFIX_PATH=${CMAKE_PREFIX_PATH}:/opt/ros/jazzy DEBUGINFOD_URLS=https://debuginfod.ubuntu.com /usr/bin/cmake --install /home/daniel/danbot_v1_ws/build/omni_cartographer
[0.427s] DEBUG:colcon.colcon_core.event_handler.log_command:Invoking command in '/home/daniel/danbot_v1_ws/build/omni_robot_description': CMAKE_PREFIX_PATH=${CMAKE_PREFIX_PATH}:/opt/ros/jazzy DEBUGINFOD_URLS=https://debuginfod.ubuntu.com /usr/bin/cmake --install /home/daniel/danbot_v1_ws/build/omni_robot_description
[0.430s] DEBUG:colcon.colcon_core.event_handler.log_command:Invoking command in '/home/daniel/danbot_v1_ws/build/omni_control': CMAKE_PREFIX_PATH=${CMAKE_PREFIX_PATH}:/opt/ros/jazzy DEBUGINFOD_URLS=https://debuginfod.ubuntu.com /usr/bin/cmake --install /home/daniel/danbot_v1_ws/build/omni_control
[0.464s] Level 1:colcon.colcon_core.environment:create_environment_scripts_only(omni_robot_description)
[0.468s] DEBUG:colcon.colcon_core.event_handler.log_command:Invoked command in '/home/daniel/danbot_v1_ws/build/omni_robot_description' returned '0': CMAKE_PREFIX_PATH=${CMAKE_PREFIX_PATH}:/opt/ros/jazzy DEBUGINFOD_URLS=https://debuginfod.ubuntu.com /usr/bin/cmake --install /home/daniel/danbot_v1_ws/build/omni_robot_description
[0.469s] Level 1:colcon.colcon_core.environment:checking '/home/daniel/danbot_v1_ws/install/omni_robot_description' for CMake module files
[0.470s] Level 1:colcon.colcon_core.environment:checking '/home/daniel/danbot_v1_ws/install/omni_robot_description' for CMake config files
[0.470s] Level 1:colcon.colcon_core.shell:create_environment_hook('omni_robot_description', 'cmake_prefix_path')
[0.470s] INFO:colcon.colcon_core.shell:Creating environment hook '/home/daniel/danbot_v1_ws/install/omni_robot_description/share/omni_robot_description/hook/cmake_prefix_path.ps1'
[0.471s] INFO:colcon.colcon_core.shell:Creating environment descriptor '/home/daniel/danbot_v1_ws/install/omni_robot_description/share/omni_robot_description/hook/cmake_prefix_path.dsv'
[0.472s] INFO:colcon.colcon_core.shell:Creating environment hook '/home/daniel/danbot_v1_ws/install/omni_robot_description/share/omni_robot_description/hook/cmake_prefix_path.sh'
[0.474s] Level 1:colcon.colcon_core.environment:checking '/home/daniel/danbot_v1_ws/install/omni_robot_description/bin'
[0.475s] Level 1:colcon.colcon_core.environment:checking '/home/daniel/danbot_v1_ws/install/omni_robot_description/lib/pkgconfig/omni_robot_description.pc'
[0.475s] Level 1:colcon.colcon_core.environment:checking '/home/daniel/danbot_v1_ws/install/omni_robot_description/lib/python3.12/site-packages'
[0.475s] Level 1:colcon.colcon_core.environment:checking '/home/daniel/danbot_v1_ws/install/omni_robot_description/bin'
[0.476s] INFO:colcon.colcon_core.shell:Creating package script '/home/daniel/danbot_v1_ws/install/omni_robot_description/share/omni_robot_description/package.ps1'
[0.477s] INFO:colcon.colcon_core.shell:Creating package descriptor '/home/daniel/danbot_v1_ws/install/omni_robot_description/share/omni_robot_description/package.dsv'
[0.478s] INFO:colcon.colcon_core.shell:Creating package script '/home/daniel/danbot_v1_ws/install/omni_robot_description/share/omni_robot_description/package.sh'
[0.478s] INFO:colcon.colcon_core.shell:Creating package script '/home/daniel/danbot_v1_ws/install/omni_robot_description/share/omni_robot_description/package.bash'
[0.479s] INFO:colcon.colcon_core.shell:Creating package script '/home/daniel/danbot_v1_ws/install/omni_robot_description/share/omni_robot_description/package.zsh'
[0.480s] Level 1:colcon.colcon_core.environment:create_file_with_runtime_dependencies(/home/daniel/danbot_v1_ws/install/omni_robot_description/share/colcon-core/packages/omni_robot_description)
[0.483s] DEBUG:colcon.colcon_core.event_handler.log_command:Invoked command in '/home/daniel/danbot_v1_ws/build/rf2o_laser_odometry' returned '0': CMAKE_PREFIX_PATH=${CMAKE_PREFIX_PATH}:/opt/ros/jazzy DEBUGINFOD_URLS=https://debuginfod.ubuntu.com /usr/bin/cmake --build /home/daniel/danbot_v1_ws/build/rf2o_laser_odometry -- -j4 -l4
[0.485s] Level 1:colcon.colcon_core.environment:create_environment_scripts_only(omni_control)
[0.486s] Level 1:colcon.colcon_core.environment:checking '/home/daniel/danbot_v1_ws/install/omni_control' for CMake module files
[0.486s] Level 1:colcon.colcon_core.environment:checking '/home/daniel/danbot_v1_ws/install/omni_control' for CMake config files
[0.487s] DEBUG:colcon.colcon_core.event_handler.log_command:Invoked command in '/home/daniel/danbot_v1_ws/build/omni_control' returned '0': CMAKE_PREFIX_PATH=${CMAKE_PREFIX_PATH}:/opt/ros/jazzy DEBUGINFOD_URLS=https://debuginfod.ubuntu.com /usr/bin/cmake --install /home/daniel/danbot_v1_ws/build/omni_control
[0.487s] Level 1:colcon.colcon_core.shell:create_environment_hook('omni_control', 'cmake_prefix_path')
[0.488s] INFO:colcon.colcon_core.shell:Creating environment hook '/home/daniel/danbot_v1_ws/install/omni_control/share/omni_control/hook/cmake_prefix_path.ps1'
[0.488s] INFO:colcon.colcon_core.shell:Creating environment descriptor '/home/daniel/danbot_v1_ws/install/omni_control/share/omni_control/hook/cmake_prefix_path.dsv'
[0.489s] INFO:colcon.colcon_core.shell:Creating environment hook '/home/daniel/danbot_v1_ws/install/omni_control/share/omni_control/hook/cmake_prefix_path.sh'
[0.490s] Level 1:colcon.colcon_core.environment:checking '/home/daniel/danbot_v1_ws/install/omni_control/lib'
[0.490s] Level 1:colcon.colcon_core.environment:checking '/home/daniel/danbot_v1_ws/install/omni_control/bin'
[0.490s] Level 1:colcon.colcon_core.environment:checking '/home/daniel/danbot_v1_ws/install/omni_control/lib/pkgconfig/omni_control.pc'
[0.490s] Level 1:colcon.colcon_core.environment:checking '/home/daniel/danbot_v1_ws/install/omni_control/lib/python3.12/site-packages'
[0.491s] Level 1:colcon.colcon_core.environment:checking '/home/daniel/danbot_v1_ws/install/omni_control/bin'
[0.491s] INFO:colcon.colcon_core.shell:Creating package script '/home/daniel/danbot_v1_ws/install/omni_control/share/omni_control/package.ps1'
[0.492s] INFO:colcon.colcon_core.shell:Creating package descriptor '/home/daniel/danbot_v1_ws/install/omni_control/share/omni_control/package.dsv'
[0.493s] INFO:colcon.colcon_core.shell:Creating package script '/home/daniel/danbot_v1_ws/install/omni_control/share/omni_control/package.sh'
[0.493s] INFO:colcon.colcon_core.shell:Creating package script '/home/daniel/danbot_v1_ws/install/omni_control/share/omni_control/package.bash'
[0.494s] INFO:colcon.colcon_core.shell:Creating package script '/home/daniel/danbot_v1_ws/install/omni_control/share/omni_control/package.zsh'
[0.494s] Level 1:colcon.colcon_core.environment:create_file_with_runtime_dependencies(/home/daniel/danbot_v1_ws/install/omni_control/share/colcon-core/packages/omni_control)
[0.495s] Level 1:colcon.colcon_core.environment:create_environment_scripts_only(omni_cartographer)
[0.496s] Level 1:colcon.colcon_core.environment:checking '/home/daniel/danbot_v1_ws/install/omni_cartographer' for CMake module files
[0.496s] Level 1:colcon.colcon_core.environment:checking '/home/daniel/danbot_v1_ws/install/omni_cartographer' for CMake config files
[0.497s] Level 1:colcon.colcon_core.shell:create_environment_hook('omni_cartographer', 'cmake_prefix_path')
[0.497s] INFO:colcon.colcon_core.shell:Creating environment hook '/home/daniel/danbot_v1_ws/install/omni_cartographer/share/omni_cartographer/hook/cmake_prefix_path.ps1'
[0.499s] DEBUG:colcon.colcon_core.event_handler.log_command:Invoked command in '/home/daniel/danbot_v1_ws/build/omni_cartographer' returned '0': CMAKE_PREFIX_PATH=${CMAKE_PREFIX_PATH}:/opt/ros/jazzy DEBUGINFOD_URLS=https://debuginfod.ubuntu.com /usr/bin/cmake --install /home/daniel/danbot_v1_ws/build/omni_cartographer
[0.499s] INFO:colcon.colcon_core.shell:Creating environment descriptor '/home/daniel/danbot_v1_ws/install/omni_cartographer/share/omni_cartographer/hook/cmake_prefix_path.dsv'
[0.500s] INFO:colcon.colcon_core.shell:Creating environment hook '/home/daniel/danbot_v1_ws/install/omni_cartographer/share/omni_cartographer/hook/cmake_prefix_path.sh'
[0.501s] Level 1:colcon.colcon_core.environment:checking '/home/daniel/danbot_v1_ws/install/omni_cartographer/bin'
[0.501s] Level 1:colcon.colcon_core.environment:checking '/home/daniel/danbot_v1_ws/install/omni_cartographer/lib/pkgconfig/omni_cartographer.pc'
[0.501s] Level 1:colcon.colcon_core.environment:checking '/home/daniel/danbot_v1_ws/install/omni_cartographer/lib/python3.12/site-packages'
[0.501s] Level 1:colcon.colcon_core.environment:checking '/home/daniel/danbot_v1_ws/install/omni_cartographer/bin'
[0.502s] INFO:colcon.colcon_core.shell:Creating package script '/home/daniel/danbot_v1_ws/install/omni_cartographer/share/omni_cartographer/package.ps1'
[0.503s] INFO:colcon.colcon_core.shell:Creating package descriptor '/home/daniel/danbot_v1_ws/install/omni_cartographer/share/omni_cartographer/package.dsv'
[0.504s] INFO:colcon.colcon_core.shell:Creating package script '/home/daniel/danbot_v1_ws/install/omni_cartographer/share/omni_cartographer/package.sh'
[0.504s] INFO:colcon.colcon_core.shell:Creating package script '/home/daniel/danbot_v1_ws/install/omni_cartographer/share/omni_cartographer/package.bash'
[0.506s] INFO:colcon.colcon_core.shell:Creating package script '/home/daniel/danbot_v1_ws/install/omni_cartographer/share/omni_cartographer/package.zsh'
[0.507s] Level 1:colcon.colcon_core.environment:create_file_with_runtime_dependencies(/home/daniel/danbot_v1_ws/install/omni_cartographer/share/colcon-core/packages/omni_cartographer)
[0.512s] Level 1:colcon.colcon_core.environment:create_environment_scripts_only(omni_robot_description)
[0.513s] Level 1:colcon.colcon_core.environment:checking '/home/daniel/danbot_v1_ws/install/omni_robot_description' for CMake module files
[0.514s] Level 1:colcon.colcon_core.environment:checking '/home/daniel/danbot_v1_ws/install/omni_robot_description' for CMake config files
[0.514s] Level 1:colcon.colcon_core.shell:create_environment_hook('omni_robot_description', 'cmake_prefix_path')
[0.514s] INFO:colcon.colcon_core.shell:Creating environment hook '/home/daniel/danbot_v1_ws/install/omni_robot_description/share/omni_robot_description/hook/cmake_prefix_path.ps1'
[0.515s] INFO:colcon.colcon_core.shell:Creating environment descriptor '/home/daniel/danbot_v1_ws/install/omni_robot_description/share/omni_robot_description/hook/cmake_prefix_path.dsv'
[0.516s] INFO:colcon.colcon_core.shell:Creating environment hook '/home/daniel/danbot_v1_ws/install/omni_robot_description/share/omni_robot_description/hook/cmake_prefix_path.sh'
[0.516s] Level 1:colcon.colcon_core.environment:checking '/home/daniel/danbot_v1_ws/install/omni_robot_description/bin'
[0.517s] Level 1:colcon.colcon_core.environment:checking '/home/daniel/danbot_v1_ws/install/omni_robot_description/lib/pkgconfig/omni_robot_description.pc'
[0.517s] Level 1:colcon.colcon_core.environment:checking '/home/daniel/danbot_v1_ws/install/omni_robot_description/lib/python3.12/site-packages'
[0.517s] Level 1:colcon.colcon_core.environment:checking '/home/daniel/danbot_v1_ws/install/omni_robot_description/bin'
[0.518s] INFO:colcon.colcon_core.shell:Creating package script '/home/daniel/danbot_v1_ws/install/omni_robot_description/share/omni_robot_description/package.ps1'
[0.519s] INFO:colcon.colcon_core.shell:Creating package descriptor '/home/daniel/danbot_v1_ws/install/omni_robot_description/share/omni_robot_description/package.dsv'
[0.519s] INFO:colcon.colcon_core.shell:Creating package script '/home/daniel/danbot_v1_ws/install/omni_robot_description/share/omni_robot_description/package.sh'
[0.520s] INFO:colcon.colcon_core.shell:Creating package script '/home/daniel/danbot_v1_ws/install/omni_robot_description/share/omni_robot_description/package.bash'
[0.521s] INFO:colcon.colcon_core.shell:Creating package script '/home/daniel/danbot_v1_ws/install/omni_robot_description/share/omni_robot_description/package.zsh'
[0.521s] Level 1:colcon.colcon_core.environment:create_file_with_runtime_dependencies(/home/daniel/danbot_v1_ws/install/omni_robot_description/share/colcon-core/packages/omni_robot_description)
[0.522s] INFO:colcon.colcon_ros.task.ament_cmake.build:Building ROS package in '/home/daniel/danbot_v1_ws/src/test_ground' with build type 'ament_cmake'
[0.522s] INFO:colcon.colcon_cmake.task.cmake.build:Building CMake package in '/home/daniel/danbot_v1_ws/src/test_ground'
[0.522s] INFO:colcon.colcon_core.shell:Skip shell extension 'powershell' for command environment: Not usable outside of PowerShell
[0.522s] DEBUG:colcon.colcon_core.shell:Skip shell extension 'dsv' for command environment
[0.531s] DEBUG:colcon.colcon_core.event_handler.log_command:Invoking command in '/home/daniel/danbot_v1_ws/build/rf2o_laser_odometry': CMAKE_PREFIX_PATH=${CMAKE_PREFIX_PATH}:/opt/ros/jazzy DEBUGINFOD_URLS=https://debuginfod.ubuntu.com /usr/bin/cmake --install /home/daniel/danbot_v1_ws/build/rf2o_laser_odometry
[0.532s] Level 1:colcon.colcon_core.environment:create_environment_scripts_only(omni_control)
[0.532s] Level 1:colcon.colcon_core.environment:checking '/home/daniel/danbot_v1_ws/install/omni_control' for CMake module files
[0.533s] Level 1:colcon.colcon_core.environment:checking '/home/daniel/danbot_v1_ws/install/omni_control' for CMake config files
[0.534s] Level 1:colcon.colcon_core.shell:create_environment_hook('omni_control', 'cmake_prefix_path')
[0.534s] INFO:colcon.colcon_core.shell:Creating environment hook '/home/daniel/danbot_v1_ws/install/omni_control/share/omni_control/hook/cmake_prefix_path.ps1'
[0.535s] INFO:colcon.colcon_core.shell:Creating environment descriptor '/home/daniel/danbot_v1_ws/install/omni_control/share/omni_control/hook/cmake_prefix_path.dsv'
[0.535s] INFO:colcon.colcon_core.shell:Creating environment hook '/home/daniel/danbot_v1_ws/install/omni_control/share/omni_control/hook/cmake_prefix_path.sh'
[0.536s] Level 1:colcon.colcon_core.environment:checking '/home/daniel/danbot_v1_ws/install/omni_control/lib'
[0.537s] Level 1:colcon.colcon_core.environment:checking '/home/daniel/danbot_v1_ws/install/omni_control/bin'
[0.537s] Level 1:colcon.colcon_core.environment:checking '/home/daniel/danbot_v1_ws/install/omni_control/lib/pkgconfig/omni_control.pc'
[0.537s] Level 1:colcon.colcon_core.environment:checking '/home/daniel/danbot_v1_ws/install/omni_control/lib/python3.12/site-packages'
[0.537s] Level 1:colcon.colcon_core.environment:checking '/home/daniel/danbot_v1_ws/install/omni_control/bin'
[0.538s] INFO:colcon.colcon_core.shell:Creating package script '/home/daniel/danbot_v1_ws/install/omni_control/share/omni_control/package.ps1'
[0.538s] INFO:colcon.colcon_core.shell:Creating package descriptor '/home/daniel/danbot_v1_ws/install/omni_control/share/omni_control/package.dsv'
[0.539s] INFO:colcon.colcon_core.shell:Creating package script '/home/daniel/danbot_v1_ws/install/omni_control/share/omni_control/package.sh'
[0.540s] INFO:colcon.colcon_core.shell:Creating package script '/home/daniel/danbot_v1_ws/install/omni_control/share/omni_control/package.bash'
[0.541s] INFO:colcon.colcon_core.shell:Creating package script '/home/daniel/danbot_v1_ws/install/omni_control/share/omni_control/package.zsh'
[0.541s] Level 1:colcon.colcon_core.environment:create_file_with_runtime_dependencies(/home/daniel/danbot_v1_ws/install/omni_control/share/colcon-core/packages/omni_control)
[0.551s] DEBUG:colcon.colcon_core.event_handler.log_command:Invoking command in '/home/daniel/danbot_v1_ws/build/test_ground': CMAKE_PREFIX_PATH=${CMAKE_PREFIX_PATH}:/opt/ros/jazzy DEBUGINFOD_URLS=https://debuginfod.ubuntu.com /usr/bin/cmake --build /home/daniel/danbot_v1_ws/build/test_ground -- -j4 -l4
[0.554s] Level 1:colcon.colcon_core.environment:create_environment_scripts_only(omni_cartographer)
[0.555s] Level 1:colcon.colcon_core.environment:checking '/home/daniel/danbot_v1_ws/install/omni_cartographer' for CMake module files
[0.555s] Level 1:colcon.colcon_core.environment:checking '/home/daniel/danbot_v1_ws/install/omni_cartographer' for CMake config files
[0.556s] Level 1:colcon.colcon_core.shell:create_environment_hook('omni_cartographer', 'cmake_prefix_path')
[0.557s] INFO:colcon.colcon_core.shell:Creating environment hook '/home/daniel/danbot_v1_ws/install/omni_cartographer/share/omni_cartographer/hook/cmake_prefix_path.ps1'
[0.558s] INFO:colcon.colcon_core.shell:Creating environment descriptor '/home/daniel/danbot_v1_ws/install/omni_cartographer/share/omni_cartographer/hook/cmake_prefix_path.dsv'
[0.559s] INFO:colcon.colcon_core.shell:Creating environment hook '/home/daniel/danbot_v1_ws/install/omni_cartographer/share/omni_cartographer/hook/cmake_prefix_path.sh'
[0.560s] Level 1:colcon.colcon_core.environment:checking '/home/daniel/danbot_v1_ws/install/omni_cartographer/bin'
[0.560s] Level 1:colcon.colcon_core.environment:checking '/home/daniel/danbot_v1_ws/install/omni_cartographer/lib/pkgconfig/omni_cartographer.pc'
[0.561s] Level 1:colcon.colcon_core.environment:checking '/home/daniel/danbot_v1_ws/install/omni_cartographer/lib/python3.12/site-packages'
[0.561s] Level 1:colcon.colcon_core.environment:checking '/home/daniel/danbot_v1_ws/install/omni_cartographer/bin'
[0.561s] INFO:colcon.colcon_core.shell:Creating package script '/home/daniel/danbot_v1_ws/install/omni_cartographer/share/omni_cartographer/package.ps1'
[0.562s] INFO:colcon.colcon_core.shell:Creating package descriptor '/home/daniel/danbot_v1_ws/install/omni_cartographer/share/omni_cartographer/package.dsv'
[0.564s] INFO:colcon.colcon_core.shell:Creating package script '/home/daniel/danbot_v1_ws/install/omni_cartographer/share/omni_cartographer/package.sh'
[0.565s] INFO:colcon.colcon_core.shell:Creating package script '/home/daniel/danbot_v1_ws/install/omni_cartographer/share/omni_cartographer/package.bash'
[0.566s] INFO:colcon.colcon_core.shell:Creating package script '/home/daniel/danbot_v1_ws/install/omni_cartographer/share/omni_cartographer/package.zsh'
[0.567s] Level 1:colcon.colcon_core.environment:create_file_with_runtime_dependencies(/home/daniel/danbot_v1_ws/install/omni_cartographer/share/colcon-core/packages/omni_cartographer)
[0.568s] Level 1:colcon.colcon_core.environment:create_environment_scripts_only(rf2o_laser_odometry)
[0.569s] Level 1:colcon.colcon_core.environment:checking '/home/daniel/danbot_v1_ws/install/rf2o_laser_odometry' for CMake module files
[0.569s] DEBUG:colcon.colcon_core.event_handler.log_command:Invoked command in '/home/daniel/danbot_v1_ws/build/rf2o_laser_odometry' returned '0': CMAKE_PREFIX_PATH=${CMAKE_PREFIX_PATH}:/opt/ros/jazzy DEBUGINFOD_URLS=https://debuginfod.ubuntu.com /usr/bin/cmake --install /home/daniel/danbot_v1_ws/build/rf2o_laser_odometry
[0.570s] Level 1:colcon.colcon_core.environment:checking '/home/daniel/danbot_v1_ws/install/rf2o_laser_odometry' for CMake config files
[0.571s] Level 1:colcon.colcon_core.shell:create_environment_hook('rf2o_laser_odometry', 'cmake_prefix_path')
[0.571s] INFO:colcon.colcon_core.shell:Creating environment hook '/home/daniel/danbot_v1_ws/install/rf2o_laser_odometry/share/rf2o_laser_odometry/hook/cmake_prefix_path.ps1'
[0.572s] INFO:colcon.colcon_core.shell:Creating environment descriptor '/home/daniel/danbot_v1_ws/install/rf2o_laser_odometry/share/rf2o_laser_odometry/hook/cmake_prefix_path.dsv'
[0.573s] INFO:colcon.colcon_core.shell:Creating environment hook '/home/daniel/danbot_v1_ws/install/rf2o_laser_odometry/share/rf2o_laser_odometry/hook/cmake_prefix_path.sh'
[0.574s] Level 1:colcon.colcon_core.environment:checking '/home/daniel/danbot_v1_ws/install/rf2o_laser_odometry/lib'
[0.575s] Level 1:colcon.colcon_core.environment:checking '/home/daniel/danbot_v1_ws/install/rf2o_laser_odometry/bin'
[0.575s] Level 1:colcon.colcon_core.environment:checking '/home/daniel/danbot_v1_ws/install/rf2o_laser_odometry/lib/pkgconfig/rf2o_laser_odometry.pc'
[0.575s] Level 1:colcon.colcon_core.environment:checking '/home/daniel/danbot_v1_ws/install/rf2o_laser_odometry/lib/python3.12/site-packages'
[0.575s] Level 1:colcon.colcon_core.environment:checking '/home/daniel/danbot_v1_ws/install/rf2o_laser_odometry/bin'
[0.576s] INFO:colcon.colcon_core.shell:Creating package script '/home/daniel/danbot_v1_ws/install/rf2o_laser_odometry/share/rf2o_laser_odometry/package.ps1'
[0.577s] INFO:colcon.colcon_core.shell:Creating package descriptor '/home/daniel/danbot_v1_ws/install/rf2o_laser_odometry/share/rf2o_laser_odometry/package.dsv'
[0.577s] INFO:colcon.colcon_core.shell:Creating package script '/home/daniel/danbot_v1_ws/install/rf2o_laser_odometry/share/rf2o_laser_odometry/package.sh'
[0.578s] INFO:colcon.colcon_core.shell:Creating package script '/home/daniel/danbot_v1_ws/install/rf2o_laser_odometry/share/rf2o_laser_odometry/package.bash'
[0.579s] INFO:colcon.colcon_core.shell:Creating package script '/home/daniel/danbot_v1_ws/install/rf2o_laser_odometry/share/rf2o_laser_odometry/package.zsh'
[0.579s] Level 1:colcon.colcon_core.environment:create_file_with_runtime_dependencies(/home/daniel/danbot_v1_ws/install/rf2o_laser_odometry/share/colcon-core/packages/rf2o_laser_odometry)
[0.632s] Level 1:colcon.colcon_core.environment:create_environment_scripts_only(rf2o_laser_odometry)
[0.632s] Level 1:colcon.colcon_core.environment:checking '/home/daniel/danbot_v1_ws/install/rf2o_laser_odometry' for CMake module files
[0.633s] Level 1:colcon.colcon_core.environment:checking '/home/daniel/danbot_v1_ws/install/rf2o_laser_odometry' for CMake config files
[0.634s] Level 1:colcon.colcon_core.shell:create_environment_hook('rf2o_laser_odometry', 'cmake_prefix_path')
[0.634s] INFO:colcon.colcon_core.shell:Creating environment hook '/home/daniel/danbot_v1_ws/install/rf2o_laser_odometry/share/rf2o_laser_odometry/hook/cmake_prefix_path.ps1'
[0.635s] INFO:colcon.colcon_core.shell:Creating environment descriptor '/home/daniel/danbot_v1_ws/install/rf2o_laser_odometry/share/rf2o_laser_odometry/hook/cmake_prefix_path.dsv'
[0.635s] INFO:colcon.colcon_core.shell:Creating environment hook '/home/daniel/danbot_v1_ws/install/rf2o_laser_odometry/share/rf2o_laser_odometry/hook/cmake_prefix_path.sh'
[0.636s] Level 1:colcon.colcon_core.environment:checking '/home/daniel/danbot_v1_ws/install/rf2o_laser_odometry/lib'
[0.636s] Level 1:colcon.colcon_core.environment:checking '/home/daniel/danbot_v1_ws/install/rf2o_laser_odometry/bin'
[0.636s] Level 1:colcon.colcon_core.environment:checking '/home/daniel/danbot_v1_ws/install/rf2o_laser_odometry/lib/pkgconfig/rf2o_laser_odometry.pc'
[0.637s] Level 1:colcon.colcon_core.environment:checking '/home/daniel/danbot_v1_ws/install/rf2o_laser_odometry/lib/python3.12/site-packages'
[0.637s] Level 1:colcon.colcon_core.environment:checking '/home/daniel/danbot_v1_ws/install/rf2o_laser_odometry/bin'
[0.637s] INFO:colcon.colcon_core.shell:Creating package script '/home/daniel/danbot_v1_ws/install/rf2o_laser_odometry/share/rf2o_laser_odometry/package.ps1'
[0.638s] INFO:colcon.colcon_core.shell:Creating package descriptor '/home/daniel/danbot_v1_ws/install/rf2o_laser_odometry/share/rf2o_laser_odometry/package.dsv'
[0.639s] INFO:colcon.colcon_core.shell:Creating package script '/home/daniel/danbot_v1_ws/install/rf2o_laser_odometry/share/rf2o_laser_odometry/package.sh'
[0.639s] INFO:colcon.colcon_core.shell:Creating package script '/home/daniel/danbot_v1_ws/install/rf2o_laser_odometry/share/rf2o_laser_odometry/package.bash'
[0.640s] INFO:colcon.colcon_core.shell:Creating package script '/home/daniel/danbot_v1_ws/install/rf2o_laser_odometry/share/rf2o_laser_odometry/package.zsh'
[0.640s] Level 1:colcon.colcon_core.environment:create_file_with_runtime_dependencies(/home/daniel/danbot_v1_ws/install/rf2o_laser_odometry/share/colcon-core/packages/rf2o_laser_odometry)
[1.336s] DEBUG:colcon.colcon_core.event_handler.log_command:Invoked command in '/home/daniel/danbot_v1_ws/build/test_ground' returned '2': CMAKE_PREFIX_PATH=${CMAKE_PREFIX_PATH}:/opt/ros/jazzy DEBUGINFOD_URLS=https://debuginfod.ubuntu.com /usr/bin/cmake --build /home/daniel/danbot_v1_ws/build/test_ground -- -j4 -l4
[1.367s] Level 1:colcon.colcon_core.environment:create_environment_scripts_only(test_ground)
[1.367s] Level 1:colcon.colcon_core.environment:checking '/home/daniel/danbot_v1_ws/install/test_ground' for CMake module files
[1.368s] Level 1:colcon.colcon_core.environment:checking '/home/daniel/danbot_v1_ws/install/test_ground' for CMake config files
[1.368s] Level 1:colcon.colcon_core.shell:create_environment_hook('test_ground', 'cmake_prefix_path')
[1.369s] INFO:colcon.colcon_core.shell:Creating environment hook '/home/daniel/danbot_v1_ws/install/test_ground/share/test_ground/hook/cmake_prefix_path.ps1'
[1.369s] INFO:colcon.colcon_core.shell:Creating environment descriptor '/home/daniel/danbot_v1_ws/install/test_ground/share/test_ground/hook/cmake_prefix_path.dsv'
[1.370s] INFO:colcon.colcon_core.shell:Creating environment hook '/home/daniel/danbot_v1_ws/install/test_ground/share/test_ground/hook/cmake_prefix_path.sh'
[1.370s] Level 1:colcon.colcon_core.environment:checking '/home/daniel/danbot_v1_ws/install/test_ground/lib'
[1.370s] Level 1:colcon.colcon_core.environment:checking '/home/daniel/danbot_v1_ws/install/test_ground/bin'
[1.370s] Level 1:colcon.colcon_core.environment:checking '/home/daniel/danbot_v1_ws/install/test_ground/lib/pkgconfig/test_ground.pc'
[1.371s] Level 1:colcon.colcon_core.environment:checking '/home/daniel/danbot_v1_ws/install/test_ground/lib/python3.12/site-packages'
[1.371s] Level 1:colcon.colcon_core.environment:checking '/home/daniel/danbot_v1_ws/install/test_ground/bin'
[1.371s] INFO:colcon.colcon_core.shell:Creating package script '/home/daniel/danbot_v1_ws/install/test_ground/share/test_ground/package.ps1'
[1.372s] INFO:colcon.colcon_core.shell:Creating package descriptor '/home/daniel/danbot_v1_ws/install/test_ground/share/test_ground/package.dsv'
[1.372s] INFO:colcon.colcon_core.shell:Creating package script '/home/daniel/danbot_v1_ws/install/test_ground/share/test_ground/package.sh'
[1.373s] INFO:colcon.colcon_core.shell:Creating package script '/home/daniel/danbot_v1_ws/install/test_ground/share/test_ground/package.bash'
[1.373s] INFO:colcon.colcon_core.shell:Creating package script '/home/daniel/danbot_v1_ws/install/test_ground/share/test_ground/package.zsh'
[1.374s] Level 1:colcon.colcon_core.environment:create_file_with_runtime_dependencies(/home/daniel/danbot_v1_ws/install/test_ground/share/colcon-core/packages/test_ground)
[1.384s] DEBUG:colcon.colcon_parallel_executor.executor.parallel:closing loop
[1.385s] DEBUG:colcon.colcon_parallel_executor.executor.parallel:loop closed
[1.385s] DEBUG:colcon.colcon_parallel_executor.executor.parallel:run_until_complete finished with '2'
[1.385s] DEBUG:colcon.colcon_core.event_reactor:joining thread
[1.393s] INFO:colcon.colcon_core.plugin_system:Skipping extension 'colcon_notification.desktop_notification.terminal_notifier': Not used on non-Darwin systems
[1.393s] INFO:colcon.colcon_core.plugin_system:Skipping extension 'colcon_notification.desktop_notification.win32': Not used on non-Windows systems
[1.393s] INFO:colcon.colcon_notification.desktop_notification:Sending desktop notification using 'notify2'
[1.416s] DEBUG:colcon.colcon_core.event_reactor:joined thread
[1.416s] INFO:colcon.colcon_core.shell:Creating prefix script '/home/daniel/danbot_v1_ws/install/local_setup.ps1'
[1.417s] INFO:colcon.colcon_core.shell:Creating prefix util module '/home/daniel/danbot_v1_ws/install/_local_setup_util_ps1.py'
[1.419s] INFO:colcon.colcon_core.shell:Creating prefix chain script '/home/daniel/danbot_v1_ws/install/setup.ps1'
[1.420s] INFO:colcon.colcon_core.shell:Creating prefix script '/home/daniel/danbot_v1_ws/install/local_setup.sh'
[1.421s] INFO:colcon.colcon_core.shell:Creating prefix util module '/home/daniel/danbot_v1_ws/install/_local_setup_util_sh.py'
[1.422s] INFO:colcon.colcon_core.shell:Creating prefix chain script '/home/daniel/danbot_v1_ws/install/setup.sh'
[1.423s] INFO:colcon.colcon_core.shell:Creating prefix script '/home/daniel/danbot_v1_ws/install/local_setup.bash'
[1.424s] INFO:colcon.colcon_core.shell:Creating prefix chain script '/home/daniel/danbot_v1_ws/install/setup.bash'
[1.425s] INFO:colcon.colcon_core.shell:Creating prefix script '/home/daniel/danbot_v1_ws/install/local_setup.zsh'
[1.425s] INFO:colcon.colcon_core.shell:Creating prefix chain script '/home/daniel/danbot_v1_ws/install/setup.zsh'
