[0.115s] DEBUG:colcon:Command line arguments: ['/usr/bin/colcon', 'build', '--symlink-install']
[0.115s] DEBUG:colcon:Parsed command line arguments: Namespace(log_base=None, log_level=None, verb_name='build', build_base='build', install_base='install', merge_install=False, symlink_install=True, test_result_base=None, continue_on_error=False, executor='parallel', parallel_workers=4, event_handlers=None, ignore_user_meta=False, metas=['./colcon.meta'], base_paths=['.'], packages_ignore=None, packages_ignore_regex=None, paths=None, packages_up_to=None, packages_up_to_regex=None, packages_above=None, packages_above_and_dependencies=None, packages_above_depth=None, packages_select_by_dep=None, packages_skip_by_dep=None, packages_skip_up_to=None, packages_select_build_failed=False, packages_skip_build_finished=False, packages_select_test_failures=False, packages_skip_test_passed=False, packages_select=None, packages_skip=None, packages_select_regex=None, packages_skip_regex=None, packages_start=None, packages_end=None, allow_overriding=[], cmake_args=None, cmake_target=None, cmake_target_skip_unavailable=False, cmake_clean_cache=False, cmake_clean_first=False, cmake_force_configure=False, ament_cmake_args=None, catkin_cmake_args=None, catkin_skip_building_tests=False, mixin_files=None, mixin=None, verb_parser=<colcon_mixin.mixin.mixin_argument.MixinArgumentDecorator object at 0x7a02fee8f140>, verb_extension=<colcon_core.verb.build.BuildVerb object at 0x7a02fee8ed20>, main=<bound method BuildVerb.main of <colcon_core.verb.build.BuildVerb object at 0x7a02fee8ed20>>, mixin_verb=('build',))
[0.152s] Level 1:colcon.colcon_core.package_discovery:discover_packages(colcon_meta) check parameters
[0.152s] Level 1:colcon.colcon_core.package_discovery:discover_packages(recursive) check parameters
[0.152s] Level 1:colcon.colcon_core.package_discovery:discover_packages(ignore) check parameters
[0.152s] Level 1:colcon.colcon_core.package_discovery:discover_packages(path) check parameters
[0.152s] Level 1:colcon.colcon_core.package_discovery:discover_packages(colcon_meta) discover
[0.153s] Level 1:colcon.colcon_core.package_discovery:discover_packages(recursive) discover
[0.153s] INFO:colcon.colcon_core.package_discovery:Crawling recursively for packages in '/home/daniel/danbot_v1_ws'
[0.153s] Level 1:colcon.colcon_core.package_identification:_identify(.) by extensions ['ignore', 'ignore_ament_install']
[0.153s] Level 1:colcon.colcon_core.package_identification:_identify(.) by extension 'ignore'
[0.153s] Level 1:colcon.colcon_core.package_identification:_identify(.) by extension 'ignore_ament_install'
[0.153s] Level 1:colcon.colcon_core.package_identification:_identify(.) by extensions ['colcon_pkg']
[0.153s] Level 1:colcon.colcon_core.package_identification:_identify(.) by extension 'colcon_pkg'
[0.153s] Level 1:colcon.colcon_core.package_identification:_identify(.) by extensions ['colcon_meta']
[0.153s] Level 1:colcon.colcon_core.package_identification:_identify(.) by extension 'colcon_meta'
[0.153s] Level 1:colcon.colcon_core.package_identification:_identify(.) by extensions ['ros']
[0.153s] Level 1:colcon.colcon_core.package_identification:_identify(.) by extension 'ros'
[0.180s] Level 1:colcon.colcon_core.package_identification:_identify(.) by extensions ['cmake', 'python']
[0.181s] Level 1:colcon.colcon_core.package_identification:_identify(.) by extension 'cmake'
[0.181s] Level 1:colcon.colcon_core.package_identification:_identify(.) by extension 'python'
[0.181s] Level 1:colcon.colcon_core.package_identification:_identify(.) by extensions ['python_setup_py']
[0.181s] Level 1:colcon.colcon_core.package_identification:_identify(.) by extension 'python_setup_py'
[0.181s] Level 1:colcon.colcon_core.package_identification:_identify(build) by extensions ['ignore', 'ignore_ament_install']
[0.181s] Level 1:colcon.colcon_core.package_identification:_identify(build) by extension 'ignore'
[0.181s] Level 1:colcon.colcon_core.package_identification:_identify(build) ignored
[0.181s] Level 1:colcon.colcon_core.package_identification:_identify(install) by extensions ['ignore', 'ignore_ament_install']
[0.181s] Level 1:colcon.colcon_core.package_identification:_identify(install) by extension 'ignore'
[0.181s] Level 1:colcon.colcon_core.package_identification:_identify(install) ignored
[0.182s] Level 1:colcon.colcon_core.package_identification:_identify(log) by extensions ['ignore', 'ignore_ament_install']
[0.182s] Level 1:colcon.colcon_core.package_identification:_identify(log) by extension 'ignore'
[0.182s] Level 1:colcon.colcon_core.package_identification:_identify(log) ignored
[0.182s] Level 1:colcon.colcon_core.package_identification:_identify(src) by extensions ['ignore', 'ignore_ament_install']
[0.182s] Level 1:colcon.colcon_core.package_identification:_identify(src) by extension 'ignore'
[0.182s] Level 1:colcon.colcon_core.package_identification:_identify(src) by extension 'ignore_ament_install'
[0.182s] Level 1:colcon.colcon_core.package_identification:_identify(src) by extensions ['colcon_pkg']
[0.182s] Level 1:colcon.colcon_core.package_identification:_identify(src) by extension 'colcon_pkg'
[0.182s] Level 1:colcon.colcon_core.package_identification:_identify(src) by extensions ['colcon_meta']
[0.182s] Level 1:colcon.colcon_core.package_identification:_identify(src) by extension 'colcon_meta'
[0.182s] Level 1:colcon.colcon_core.package_identification:_identify(src) by extensions ['ros']
[0.182s] Level 1:colcon.colcon_core.package_identification:_identify(src) by extension 'ros'
[0.182s] Level 1:colcon.colcon_core.package_identification:_identify(src) by extensions ['cmake', 'python']
[0.182s] Level 1:colcon.colcon_core.package_identification:_identify(src) by extension 'cmake'
[0.183s] Level 1:colcon.colcon_core.package_identification:_identify(src) by extension 'python'
[0.183s] Level 1:colcon.colcon_core.package_identification:_identify(src) by extensions ['python_setup_py']
[0.183s] Level 1:colcon.colcon_core.package_identification:_identify(src) by extension 'python_setup_py'
[0.183s] Level 1:colcon.colcon_core.package_identification:_identify(src/cinematica_v1) by extensions ['ignore', 'ignore_ament_install']
[0.183s] Level 1:colcon.colcon_core.package_identification:_identify(src/cinematica_v1) by extension 'ignore'
[0.183s] Level 1:colcon.colcon_core.package_identification:_identify(src/cinematica_v1) by extension 'ignore_ament_install'
[0.183s] Level 1:colcon.colcon_core.package_identification:_identify(src/cinematica_v1) by extensions ['colcon_pkg']
[0.183s] Level 1:colcon.colcon_core.package_identification:_identify(src/cinematica_v1) by extension 'colcon_pkg'
[0.183s] Level 1:colcon.colcon_core.package_identification:_identify(src/cinematica_v1) by extensions ['colcon_meta']
[0.183s] Level 1:colcon.colcon_core.package_identification:_identify(src/cinematica_v1) by extension 'colcon_meta'
[0.183s] Level 1:colcon.colcon_core.package_identification:_identify(src/cinematica_v1) by extensions ['ros']
[0.183s] Level 1:colcon.colcon_core.package_identification:_identify(src/cinematica_v1) by extension 'ros'
[0.186s] DEBUG:colcon.colcon_core.package_identification:Package 'src/cinematica_v1' with type 'ros.ament_python' and name 'cinematica_v1'
[0.186s] Level 1:colcon.colcon_core.package_identification:_identify(src/controlador_motores_v1) by extensions ['ignore', 'ignore_ament_install']
[0.186s] Level 1:colcon.colcon_core.package_identification:_identify(src/controlador_motores_v1) by extension 'ignore'
[0.186s] Level 1:colcon.colcon_core.package_identification:_identify(src/controlador_motores_v1) by extension 'ignore_ament_install'
[0.186s] Level 1:colcon.colcon_core.package_identification:_identify(src/controlador_motores_v1) by extensions ['colcon_pkg']
[0.186s] Level 1:colcon.colcon_core.package_identification:_identify(src/controlador_motores_v1) by extension 'colcon_pkg'
[0.186s] Level 1:colcon.colcon_core.package_identification:_identify(src/controlador_motores_v1) by extensions ['colcon_meta']
[0.186s] Level 1:colcon.colcon_core.package_identification:_identify(src/controlador_motores_v1) by extension 'colcon_meta'
[0.186s] Level 1:colcon.colcon_core.package_identification:_identify(src/controlador_motores_v1) by extensions ['ros']
[0.186s] Level 1:colcon.colcon_core.package_identification:_identify(src/controlador_motores_v1) by extension 'ros'
[0.187s] DEBUG:colcon.colcon_core.package_identification:Package 'src/controlador_motores_v1' with type 'ros.ament_python' and name 'controlador_motores_v1'
[0.187s] Level 1:colcon.colcon_core.package_identification:_identify(src/controlador_motores_v2) by extensions ['ignore', 'ignore_ament_install']
[0.187s] Level 1:colcon.colcon_core.package_identification:_identify(src/controlador_motores_v2) by extension 'ignore'
[0.187s] Level 1:colcon.colcon_core.package_identification:_identify(src/controlador_motores_v2) by extension 'ignore_ament_install'
[0.187s] Level 1:colcon.colcon_core.package_identification:_identify(src/controlador_motores_v2) by extensions ['colcon_pkg']
[0.187s] Level 1:colcon.colcon_core.package_identification:_identify(src/controlador_motores_v2) by extension 'colcon_pkg'
[0.187s] Level 1:colcon.colcon_core.package_identification:_identify(src/controlador_motores_v2) by extensions ['colcon_meta']
[0.187s] Level 1:colcon.colcon_core.package_identification:_identify(src/controlador_motores_v2) by extension 'colcon_meta'
[0.188s] Level 1:colcon.colcon_core.package_identification:_identify(src/controlador_motores_v2) by extensions ['ros']
[0.188s] Level 1:colcon.colcon_core.package_identification:_identify(src/controlador_motores_v2) by extension 'ros'
[0.188s] DEBUG:colcon.colcon_core.package_identification:Package 'src/controlador_motores_v2' with type 'ros.ament_python' and name 'controlador_motores_v2'
[0.188s] Level 1:colcon.colcon_core.package_identification:_identify(src/omni_navigation) by extensions ['ignore', 'ignore_ament_install']
[0.188s] Level 1:colcon.colcon_core.package_identification:_identify(src/omni_navigation) by extension 'ignore'
[0.188s] Level 1:colcon.colcon_core.package_identification:_identify(src/omni_navigation) by extension 'ignore_ament_install'
[0.188s] Level 1:colcon.colcon_core.package_identification:_identify(src/omni_navigation) by extensions ['colcon_pkg']
[0.189s] Level 1:colcon.colcon_core.package_identification:_identify(src/omni_navigation) by extension 'colcon_pkg'
[0.189s] Level 1:colcon.colcon_core.package_identification:_identify(src/omni_navigation) by extensions ['colcon_meta']
[0.189s] Level 1:colcon.colcon_core.package_identification:_identify(src/omni_navigation) by extension 'colcon_meta'
[0.189s] Level 1:colcon.colcon_core.package_identification:_identify(src/omni_navigation) by extensions ['ros']
[0.189s] Level 1:colcon.colcon_core.package_identification:_identify(src/omni_navigation) by extension 'ros'
[0.189s] Level 1:colcon.colcon_core.package_identification:_identify(src/omni_navigation) by extensions ['cmake', 'python']
[0.189s] Level 1:colcon.colcon_core.package_identification:_identify(src/omni_navigation) by extension 'cmake'
[0.189s] Level 1:colcon.colcon_core.package_identification:_identify(src/omni_navigation) by extension 'python'
[0.189s] Level 1:colcon.colcon_core.package_identification:_identify(src/omni_navigation) by extensions ['python_setup_py']
[0.189s] Level 1:colcon.colcon_core.package_identification:_identify(src/omni_navigation) by extension 'python_setup_py'
[0.189s] Level 1:colcon.colcon_core.package_identification:_identify(src/omni_navigation/omni_stage) by extensions ['ignore', 'ignore_ament_install']
[0.189s] Level 1:colcon.colcon_core.package_identification:_identify(src/omni_navigation/omni_stage) by extension 'ignore'
[0.189s] Level 1:colcon.colcon_core.package_identification:_identify(src/omni_navigation/omni_stage) by extension 'ignore_ament_install'
[0.189s] Level 1:colcon.colcon_core.package_identification:_identify(src/omni_navigation/omni_stage) by extensions ['colcon_pkg']
[0.189s] Level 1:colcon.colcon_core.package_identification:_identify(src/omni_navigation/omni_stage) by extension 'colcon_pkg'
[0.189s] Level 1:colcon.colcon_core.package_identification:_identify(src/omni_navigation/omni_stage) by extensions ['colcon_meta']
[0.189s] Level 1:colcon.colcon_core.package_identification:_identify(src/omni_navigation/omni_stage) by extension 'colcon_meta'
[0.189s] Level 1:colcon.colcon_core.package_identification:_identify(src/omni_navigation/omni_stage) by extensions ['ros']
[0.190s] Level 1:colcon.colcon_core.package_identification:_identify(src/omni_navigation/omni_stage) by extension 'ros'
[0.190s] Level 1:colcon.colcon_core.package_identification:_identify(src/omni_navigation/omni_stage) by extensions ['cmake', 'python']
[0.190s] Level 1:colcon.colcon_core.package_identification:_identify(src/omni_navigation/omni_stage) by extension 'cmake'
[0.190s] Level 1:colcon.colcon_core.package_identification:_identify(src/omni_navigation/omni_stage) by extension 'python'
[0.190s] Level 1:colcon.colcon_core.package_identification:_identify(src/omni_navigation/omni_stage) by extensions ['python_setup_py']
[0.190s] Level 1:colcon.colcon_core.package_identification:_identify(src/omni_navigation/omni_stage) by extension 'python_setup_py'
[0.190s] Level 1:colcon.colcon_core.package_identification:_identify(src/omni_navigation/omni_stage/materials) by extensions ['ignore', 'ignore_ament_install']
[0.190s] Level 1:colcon.colcon_core.package_identification:_identify(src/omni_navigation/omni_stage/materials) by extension 'ignore'
[0.190s] Level 1:colcon.colcon_core.package_identification:_identify(src/omni_navigation/omni_stage/materials) by extension 'ignore_ament_install'
[0.190s] Level 1:colcon.colcon_core.package_identification:_identify(src/omni_navigation/omni_stage/materials) by extensions ['colcon_pkg']
[0.190s] Level 1:colcon.colcon_core.package_identification:_identify(src/omni_navigation/omni_stage/materials) by extension 'colcon_pkg'
[0.190s] Level 1:colcon.colcon_core.package_identification:_identify(src/omni_navigation/omni_stage/materials) by extensions ['colcon_meta']
[0.190s] Level 1:colcon.colcon_core.package_identification:_identify(src/omni_navigation/omni_stage/materials) by extension 'colcon_meta'
[0.190s] Level 1:colcon.colcon_core.package_identification:_identify(src/omni_navigation/omni_stage/materials) by extensions ['ros']
[0.190s] Level 1:colcon.colcon_core.package_identification:_identify(src/omni_navigation/omni_stage/materials) by extension 'ros'
[0.191s] Level 1:colcon.colcon_core.package_identification:_identify(src/omni_navigation/omni_stage/materials) by extensions ['cmake', 'python']
[0.191s] Level 1:colcon.colcon_core.package_identification:_identify(src/omni_navigation/omni_stage/materials) by extension 'cmake'
[0.191s] Level 1:colcon.colcon_core.package_identification:_identify(src/omni_navigation/omni_stage/materials) by extension 'python'
[0.191s] Level 1:colcon.colcon_core.package_identification:_identify(src/omni_navigation/omni_stage/materials) by extensions ['python_setup_py']
[0.191s] Level 1:colcon.colcon_core.package_identification:_identify(src/omni_navigation/omni_stage/materials) by extension 'python_setup_py'
[0.191s] Level 1:colcon.colcon_core.package_identification:_identify(src/omni_navigation/omni_stage/meshes) by extensions ['ignore', 'ignore_ament_install']
[0.191s] Level 1:colcon.colcon_core.package_identification:_identify(src/omni_navigation/omni_stage/meshes) by extension 'ignore'
[0.191s] Level 1:colcon.colcon_core.package_identification:_identify(src/omni_navigation/omni_stage/meshes) by extension 'ignore_ament_install'
[0.191s] Level 1:colcon.colcon_core.package_identification:_identify(src/omni_navigation/omni_stage/meshes) by extensions ['colcon_pkg']
[0.191s] Level 1:colcon.colcon_core.package_identification:_identify(src/omni_navigation/omni_stage/meshes) by extension 'colcon_pkg'
[0.191s] Level 1:colcon.colcon_core.package_identification:_identify(src/omni_navigation/omni_stage/meshes) by extensions ['colcon_meta']
[0.191s] Level 1:colcon.colcon_core.package_identification:_identify(src/omni_navigation/omni_stage/meshes) by extension 'colcon_meta'
[0.191s] Level 1:colcon.colcon_core.package_identification:_identify(src/omni_navigation/omni_stage/meshes) by extensions ['ros']
[0.191s] Level 1:colcon.colcon_core.package_identification:_identify(src/omni_navigation/omni_stage/meshes) by extension 'ros'
[0.191s] Level 1:colcon.colcon_core.package_identification:_identify(src/omni_navigation/omni_stage/meshes) by extensions ['cmake', 'python']
[0.191s] Level 1:colcon.colcon_core.package_identification:_identify(src/omni_navigation/omni_stage/meshes) by extension 'cmake'
[0.191s] Level 1:colcon.colcon_core.package_identification:_identify(src/omni_navigation/omni_stage/meshes) by extension 'python'
[0.191s] Level 1:colcon.colcon_core.package_identification:_identify(src/omni_navigation/omni_stage/meshes) by extensions ['python_setup_py']
[0.191s] Level 1:colcon.colcon_core.package_identification:_identify(src/omni_navigation/omni_stage/meshes) by extension 'python_setup_py'
[0.192s] Level 1:colcon.colcon_core.package_identification:_identify(src/omni_navigation/src) by extensions ['ignore', 'ignore_ament_install']
[0.192s] Level 1:colcon.colcon_core.package_identification:_identify(src/omni_navigation/src) by extension 'ignore'
[0.192s] Level 1:colcon.colcon_core.package_identification:_identify(src/omni_navigation/src) by extension 'ignore_ament_install'
[0.192s] Level 1:colcon.colcon_core.package_identification:_identify(src/omni_navigation/src) by extensions ['colcon_pkg']
[0.192s] Level 1:colcon.colcon_core.package_identification:_identify(src/omni_navigation/src) by extension 'colcon_pkg'
[0.192s] Level 1:colcon.colcon_core.package_identification:_identify(src/omni_navigation/src) by extensions ['colcon_meta']
[0.192s] Level 1:colcon.colcon_core.package_identification:_identify(src/omni_navigation/src) by extension 'colcon_meta'
[0.192s] Level 1:colcon.colcon_core.package_identification:_identify(src/omni_navigation/src) by extensions ['ros']
[0.192s] Level 1:colcon.colcon_core.package_identification:_identify(src/omni_navigation/src) by extension 'ros'
[0.192s] Level 1:colcon.colcon_core.package_identification:_identify(src/omni_navigation/src) by extensions ['cmake', 'python']
[0.192s] Level 1:colcon.colcon_core.package_identification:_identify(src/omni_navigation/src) by extension 'cmake'
[0.192s] Level 1:colcon.colcon_core.package_identification:_identify(src/omni_navigation/src) by extension 'python'
[0.192s] Level 1:colcon.colcon_core.package_identification:_identify(src/omni_navigation/src) by extensions ['python_setup_py']
[0.192s] Level 1:colcon.colcon_core.package_identification:_identify(src/omni_navigation/src) by extension 'python_setup_py'
[0.192s] Level 1:colcon.colcon_core.package_identification:_identify(src/omni_navigation/src/omni_cartographer) by extensions ['ignore', 'ignore_ament_install']
[0.192s] Level 1:colcon.colcon_core.package_identification:_identify(src/omni_navigation/src/omni_cartographer) by extension 'ignore'
[0.193s] Level 1:colcon.colcon_core.package_identification:_identify(src/omni_navigation/src/omni_cartographer) by extension 'ignore_ament_install'
[0.193s] Level 1:colcon.colcon_core.package_identification:_identify(src/omni_navigation/src/omni_cartographer) by extensions ['colcon_pkg']
[0.193s] Level 1:colcon.colcon_core.package_identification:_identify(src/omni_navigation/src/omni_cartographer) by extension 'colcon_pkg'
[0.193s] Level 1:colcon.colcon_core.package_identification:_identify(src/omni_navigation/src/omni_cartographer) by extensions ['colcon_meta']
[0.193s] Level 1:colcon.colcon_core.package_identification:_identify(src/omni_navigation/src/omni_cartographer) by extension 'colcon_meta'
[0.193s] Level 1:colcon.colcon_core.package_identification:_identify(src/omni_navigation/src/omni_cartographer) by extensions ['ros']
[0.193s] Level 1:colcon.colcon_core.package_identification:_identify(src/omni_navigation/src/omni_cartographer) by extension 'ros'
[0.193s] DEBUG:colcon.colcon_core.package_identification:Package 'src/omni_navigation/src/omni_cartographer' with type 'ros.ament_cmake' and name 'omni_cartographer'
[0.194s] Level 1:colcon.colcon_core.package_identification:_identify(src/omni_navigation/src/omni_control) by extensions ['ignore', 'ignore_ament_install']
[0.194s] Level 1:colcon.colcon_core.package_identification:_identify(src/omni_navigation/src/omni_control) by extension 'ignore'
[0.194s] Level 1:colcon.colcon_core.package_identification:_identify(src/omni_navigation/src/omni_control) by extension 'ignore_ament_install'
[0.194s] Level 1:colcon.colcon_core.package_identification:_identify(src/omni_navigation/src/omni_control) by extensions ['colcon_pkg']
[0.194s] Level 1:colcon.colcon_core.package_identification:_identify(src/omni_navigation/src/omni_control) by extension 'colcon_pkg'
[0.194s] Level 1:colcon.colcon_core.package_identification:_identify(src/omni_navigation/src/omni_control) by extensions ['colcon_meta']
[0.194s] Level 1:colcon.colcon_core.package_identification:_identify(src/omni_navigation/src/omni_control) by extension 'colcon_meta'
[0.194s] Level 1:colcon.colcon_core.package_identification:_identify(src/omni_navigation/src/omni_control) by extensions ['ros']
[0.194s] Level 1:colcon.colcon_core.package_identification:_identify(src/omni_navigation/src/omni_control) by extension 'ros'
[0.194s] DEBUG:colcon.colcon_core.package_identification:Package 'src/omni_navigation/src/omni_control' with type 'ros.ament_cmake' and name 'omni_control'
[0.195s] Level 1:colcon.colcon_core.package_identification:_identify(src/omni_navigation/src/omni_robot_description) by extensions ['ignore', 'ignore_ament_install']
[0.195s] Level 1:colcon.colcon_core.package_identification:_identify(src/omni_navigation/src/omni_robot_description) by extension 'ignore'
[0.195s] Level 1:colcon.colcon_core.package_identification:_identify(src/omni_navigation/src/omni_robot_description) by extension 'ignore_ament_install'
[0.195s] Level 1:colcon.colcon_core.package_identification:_identify(src/omni_navigation/src/omni_robot_description) by extensions ['colcon_pkg']
[0.195s] Level 1:colcon.colcon_core.package_identification:_identify(src/omni_navigation/src/omni_robot_description) by extension 'colcon_pkg'
[0.195s] Level 1:colcon.colcon_core.package_identification:_identify(src/omni_navigation/src/omni_robot_description) by extensions ['colcon_meta']
[0.195s] Level 1:colcon.colcon_core.package_identification:_identify(src/omni_navigation/src/omni_robot_description) by extension 'colcon_meta'
[0.195s] Level 1:colcon.colcon_core.package_identification:_identify(src/omni_navigation/src/omni_robot_description) by extensions ['ros']
[0.195s] Level 1:colcon.colcon_core.package_identification:_identify(src/omni_navigation/src/omni_robot_description) by extension 'ros'
[0.195s] DEBUG:colcon.colcon_core.package_identification:Package 'src/omni_navigation/src/omni_robot_description' with type 'ros.ament_cmake' and name 'omni_robot_description'
[0.196s] Level 1:colcon.colcon_core.package_identification:_identify(src/omni_navigation/src/rf2o_laser_odometry) by extensions ['ignore', 'ignore_ament_install']
[0.196s] Level 1:colcon.colcon_core.package_identification:_identify(src/omni_navigation/src/rf2o_laser_odometry) by extension 'ignore'
[0.196s] Level 1:colcon.colcon_core.package_identification:_identify(src/omni_navigation/src/rf2o_laser_odometry) by extension 'ignore_ament_install'
[0.196s] Level 1:colcon.colcon_core.package_identification:_identify(src/omni_navigation/src/rf2o_laser_odometry) by extensions ['colcon_pkg']
[0.196s] Level 1:colcon.colcon_core.package_identification:_identify(src/omni_navigation/src/rf2o_laser_odometry) by extension 'colcon_pkg'
[0.196s] Level 1:colcon.colcon_core.package_identification:_identify(src/omni_navigation/src/rf2o_laser_odometry) by extensions ['colcon_meta']
[0.196s] Level 1:colcon.colcon_core.package_identification:_identify(src/omni_navigation/src/rf2o_laser_odometry) by extension 'colcon_meta'
[0.196s] Level 1:colcon.colcon_core.package_identification:_identify(src/omni_navigation/src/rf2o_laser_odometry) by extensions ['ros']
[0.196s] Level 1:colcon.colcon_core.package_identification:_identify(src/omni_navigation/src/rf2o_laser_odometry) by extension 'ros'
[0.197s] DEBUG:colcon.colcon_core.package_identification:Package 'src/omni_navigation/src/rf2o_laser_odometry' with type 'ros.ament_cmake' and name 'rf2o_laser_odometry'
[0.197s] Level 1:colcon.colcon_core.package_identification:_identify(src/test_ground) by extensions ['ignore', 'ignore_ament_install']
[0.197s] Level 1:colcon.colcon_core.package_identification:_identify(src/test_ground) by extension 'ignore'
[0.197s] Level 1:colcon.colcon_core.package_identification:_identify(src/test_ground) by extension 'ignore_ament_install'
[0.197s] Level 1:colcon.colcon_core.package_identification:_identify(src/test_ground) by extensions ['colcon_pkg']
[0.197s] Level 1:colcon.colcon_core.package_identification:_identify(src/test_ground) by extension 'colcon_pkg'
[0.197s] Level 1:colcon.colcon_core.package_identification:_identify(src/test_ground) by extensions ['colcon_meta']
[0.197s] Level 1:colcon.colcon_core.package_identification:_identify(src/test_ground) by extension 'colcon_meta'
[0.197s] Level 1:colcon.colcon_core.package_identification:_identify(src/test_ground) by extensions ['ros']
[0.197s] Level 1:colcon.colcon_core.package_identification:_identify(src/test_ground) by extension 'ros'
[0.198s] DEBUG:colcon.colcon_core.package_identification:Package 'src/test_ground' with type 'ros.ament_cmake' and name 'test_ground'
[0.198s] Level 1:colcon.colcon_core.package_discovery:discover_packages(recursive) using defaults
[0.198s] Level 1:colcon.colcon_core.package_discovery:discover_packages(ignore) discover
[0.198s] Level 1:colcon.colcon_core.package_discovery:discover_packages(ignore) using defaults
[0.198s] Level 1:colcon.colcon_core.package_discovery:discover_packages(path) discover
[0.198s] Level 1:colcon.colcon_core.package_discovery:discover_packages(path) using defaults
[0.217s] Level 1:colcon.colcon_core.package_discovery:discover_packages(prefix_path) check parameters
[0.217s] Level 1:colcon.colcon_core.package_discovery:discover_packages(prefix_path) discover
[0.220s] DEBUG:colcon.colcon_installed_package_information.package_discovery:Found 10 installed packages in /home/daniel/danbot_v1_ws/install
[0.222s] DEBUG:colcon.colcon_installed_package_information.package_discovery:Found 299 installed packages in /opt/ros/jazzy
[0.223s] Level 1:colcon.colcon_core.package_discovery:discover_packages(prefix_path) using defaults
[0.271s] Level 5:colcon.colcon_core.verb:set package 'cinematica_v1' build argument 'cmake_args' from command line to 'None'
[0.271s] Level 5:colcon.colcon_core.verb:set package 'cinematica_v1' build argument 'cmake_target' from command line to 'None'
[0.271s] Level 5:colcon.colcon_core.verb:set package 'cinematica_v1' build argument 'cmake_target_skip_unavailable' from command line to 'False'
[0.271s] Level 5:colcon.colcon_core.verb:set package 'cinematica_v1' build argument 'cmake_clean_cache' from command line to 'False'
[0.271s] Level 5:colcon.colcon_core.verb:set package 'cinematica_v1' build argument 'cmake_clean_first' from command line to 'False'
[0.271s] Level 5:colcon.colcon_core.verb:set package 'cinematica_v1' build argument 'cmake_force_configure' from command line to 'False'
[0.271s] Level 5:colcon.colcon_core.verb:set package 'cinematica_v1' build argument 'ament_cmake_args' from command line to 'None'
[0.271s] Level 5:colcon.colcon_core.verb:set package 'cinematica_v1' build argument 'catkin_cmake_args' from command line to 'None'
[0.271s] Level 5:colcon.colcon_core.verb:set package 'cinematica_v1' build argument 'catkin_skip_building_tests' from command line to 'False'
[0.271s] DEBUG:colcon.colcon_core.verb:Building package 'cinematica_v1' with the following arguments: {'ament_cmake_args': None, 'build_base': '/home/daniel/danbot_v1_ws/build/cinematica_v1', 'catkin_cmake_args': None, 'catkin_skip_building_tests': False, 'cmake_args': None, 'cmake_clean_cache': False, 'cmake_clean_first': False, 'cmake_force_configure': False, 'cmake_target': None, 'cmake_target_skip_unavailable': False, 'install_base': '/home/daniel/danbot_v1_ws/install/cinematica_v1', 'merge_install': False, 'path': '/home/daniel/danbot_v1_ws/src/cinematica_v1', 'symlink_install': True, 'test_result_base': None}
[0.272s] Level 5:colcon.colcon_core.verb:set package 'controlador_motores_v1' build argument 'cmake_args' from command line to 'None'
[0.272s] Level 5:colcon.colcon_core.verb:set package 'controlador_motores_v1' build argument 'cmake_target' from command line to 'None'
[0.272s] Level 5:colcon.colcon_core.verb:set package 'controlador_motores_v1' build argument 'cmake_target_skip_unavailable' from command line to 'False'
[0.272s] Level 5:colcon.colcon_core.verb:set package 'controlador_motores_v1' build argument 'cmake_clean_cache' from command line to 'False'
[0.272s] Level 5:colcon.colcon_core.verb:set package 'controlador_motores_v1' build argument 'cmake_clean_first' from command line to 'False'
[0.272s] Level 5:colcon.colcon_core.verb:set package 'controlador_motores_v1' build argument 'cmake_force_configure' from command line to 'False'
[0.272s] Level 5:colcon.colcon_core.verb:set package 'controlador_motores_v1' build argument 'ament_cmake_args' from command line to 'None'
[0.272s] Level 5:colcon.colcon_core.verb:set package 'controlador_motores_v1' build argument 'catkin_cmake_args' from command line to 'None'
[0.272s] Level 5:colcon.colcon_core.verb:set package 'controlador_motores_v1' build argument 'catkin_skip_building_tests' from command line to 'False'
[0.272s] DEBUG:colcon.colcon_core.verb:Building package 'controlador_motores_v1' with the following arguments: {'ament_cmake_args': None, 'build_base': '/home/daniel/danbot_v1_ws/build/controlador_motores_v1', 'catkin_cmake_args': None, 'catkin_skip_building_tests': False, 'cmake_args': None, 'cmake_clean_cache': False, 'cmake_clean_first': False, 'cmake_force_configure': False, 'cmake_target': None, 'cmake_target_skip_unavailable': False, 'install_base': '/home/daniel/danbot_v1_ws/install/controlador_motores_v1', 'merge_install': False, 'path': '/home/daniel/danbot_v1_ws/src/controlador_motores_v1', 'symlink_install': True, 'test_result_base': None}
[0.272s] Level 5:colcon.colcon_core.verb:set package 'controlador_motores_v2' build argument 'cmake_args' from command line to 'None'
[0.272s] Level 5:colcon.colcon_core.verb:set package 'controlador_motores_v2' build argument 'cmake_target' from command line to 'None'
[0.272s] Level 5:colcon.colcon_core.verb:set package 'controlador_motores_v2' build argument 'cmake_target_skip_unavailable' from command line to 'False'
[0.272s] Level 5:colcon.colcon_core.verb:set package 'controlador_motores_v2' build argument 'cmake_clean_cache' from command line to 'False'
[0.272s] Level 5:colcon.colcon_core.verb:set package 'controlador_motores_v2' build argument 'cmake_clean_first' from command line to 'False'
[0.272s] Level 5:colcon.colcon_core.verb:set package 'controlador_motores_v2' build argument 'cmake_force_configure' from command line to 'False'
[0.272s] Level 5:colcon.colcon_core.verb:set package 'controlador_motores_v2' build argument 'ament_cmake_args' from command line to 'None'
[0.272s] Level 5:colcon.colcon_core.verb:set package 'controlador_motores_v2' build argument 'catkin_cmake_args' from command line to 'None'
[0.272s] Level 5:colcon.colcon_core.verb:set package 'controlador_motores_v2' build argument 'catkin_skip_building_tests' from command line to 'False'
[0.272s] DEBUG:colcon.colcon_core.verb:Building package 'controlador_motores_v2' with the following arguments: {'ament_cmake_args': None, 'build_base': '/home/daniel/danbot_v1_ws/build/controlador_motores_v2', 'catkin_cmake_args': None, 'catkin_skip_building_tests': False, 'cmake_args': None, 'cmake_clean_cache': False, 'cmake_clean_first': False, 'cmake_force_configure': False, 'cmake_target': None, 'cmake_target_skip_unavailable': False, 'install_base': '/home/daniel/danbot_v1_ws/install/controlador_motores_v2', 'merge_install': False, 'path': '/home/daniel/danbot_v1_ws/src/controlador_motores_v2', 'symlink_install': True, 'test_result_base': None}
[0.273s] Level 5:colcon.colcon_core.verb:set package 'omni_cartographer' build argument 'cmake_args' from command line to 'None'
[0.273s] Level 5:colcon.colcon_core.verb:set package 'omni_cartographer' build argument 'cmake_target' from command line to 'None'
[0.273s] Level 5:colcon.colcon_core.verb:set package 'omni_cartographer' build argument 'cmake_target_skip_unavailable' from command line to 'False'
[0.273s] Level 5:colcon.colcon_core.verb:set package 'omni_cartographer' build argument 'cmake_clean_cache' from command line to 'False'
[0.273s] Level 5:colcon.colcon_core.verb:set package 'omni_cartographer' build argument 'cmake_clean_first' from command line to 'False'
[0.273s] Level 5:colcon.colcon_core.verb:set package 'omni_cartographer' build argument 'cmake_force_configure' from command line to 'False'
[0.273s] Level 5:colcon.colcon_core.verb:set package 'omni_cartographer' build argument 'ament_cmake_args' from command line to 'None'
[0.273s] Level 5:colcon.colcon_core.verb:set package 'omni_cartographer' build argument 'catkin_cmake_args' from command line to 'None'
[0.273s] Level 5:colcon.colcon_core.verb:set package 'omni_cartographer' build argument 'catkin_skip_building_tests' from command line to 'False'
[0.273s] DEBUG:colcon.colcon_core.verb:Building package 'omni_cartographer' with the following arguments: {'ament_cmake_args': None, 'build_base': '/home/daniel/danbot_v1_ws/build/omni_cartographer', 'catkin_cmake_args': None, 'catkin_skip_building_tests': False, 'cmake_args': None, 'cmake_clean_cache': False, 'cmake_clean_first': False, 'cmake_force_configure': False, 'cmake_target': None, 'cmake_target_skip_unavailable': False, 'install_base': '/home/daniel/danbot_v1_ws/install/omni_cartographer', 'merge_install': False, 'path': '/home/daniel/danbot_v1_ws/src/omni_navigation/src/omni_cartographer', 'symlink_install': True, 'test_result_base': None}
[0.273s] Level 5:colcon.colcon_core.verb:set package 'omni_control' build argument 'cmake_args' from command line to 'None'
[0.273s] Level 5:colcon.colcon_core.verb:set package 'omni_control' build argument 'cmake_target' from command line to 'None'
[0.273s] Level 5:colcon.colcon_core.verb:set package 'omni_control' build argument 'cmake_target_skip_unavailable' from command line to 'False'
[0.273s] Level 5:colcon.colcon_core.verb:set package 'omni_control' build argument 'cmake_clean_cache' from command line to 'False'
[0.273s] Level 5:colcon.colcon_core.verb:set package 'omni_control' build argument 'cmake_clean_first' from command line to 'False'
[0.273s] Level 5:colcon.colcon_core.verb:set package 'omni_control' build argument 'cmake_force_configure' from command line to 'False'
[0.273s] Level 5:colcon.colcon_core.verb:set package 'omni_control' build argument 'ament_cmake_args' from command line to 'None'
[0.273s] Level 5:colcon.colcon_core.verb:set package 'omni_control' build argument 'catkin_cmake_args' from command line to 'None'
[0.273s] Level 5:colcon.colcon_core.verb:set package 'omni_control' build argument 'catkin_skip_building_tests' from command line to 'False'
[0.273s] DEBUG:colcon.colcon_core.verb:Building package 'omni_control' with the following arguments: {'ament_cmake_args': None, 'build_base': '/home/daniel/danbot_v1_ws/build/omni_control', 'catkin_cmake_args': None, 'catkin_skip_building_tests': False, 'cmake_args': None, 'cmake_clean_cache': False, 'cmake_clean_first': False, 'cmake_force_configure': False, 'cmake_target': None, 'cmake_target_skip_unavailable': False, 'install_base': '/home/daniel/danbot_v1_ws/install/omni_control', 'merge_install': False, 'path': '/home/daniel/danbot_v1_ws/src/omni_navigation/src/omni_control', 'symlink_install': True, 'test_result_base': None}
[0.274s] Level 5:colcon.colcon_core.verb:set package 'omni_robot_description' build argument 'cmake_args' from command line to 'None'
[0.274s] Level 5:colcon.colcon_core.verb:set package 'omni_robot_description' build argument 'cmake_target' from command line to 'None'
[0.274s] Level 5:colcon.colcon_core.verb:set package 'omni_robot_description' build argument 'cmake_target_skip_unavailable' from command line to 'False'
[0.274s] Level 5:colcon.colcon_core.verb:set package 'omni_robot_description' build argument 'cmake_clean_cache' from command line to 'False'
[0.274s] Level 5:colcon.colcon_core.verb:set package 'omni_robot_description' build argument 'cmake_clean_first' from command line to 'False'
[0.274s] Level 5:colcon.colcon_core.verb:set package 'omni_robot_description' build argument 'cmake_force_configure' from command line to 'False'
[0.274s] Level 5:colcon.colcon_core.verb:set package 'omni_robot_description' build argument 'ament_cmake_args' from command line to 'None'
[0.274s] Level 5:colcon.colcon_core.verb:set package 'omni_robot_description' build argument 'catkin_cmake_args' from command line to 'None'
[0.274s] Level 5:colcon.colcon_core.verb:set package 'omni_robot_description' build argument 'catkin_skip_building_tests' from command line to 'False'
[0.274s] DEBUG:colcon.colcon_core.verb:Building package 'omni_robot_description' with the following arguments: {'ament_cmake_args': None, 'build_base': '/home/daniel/danbot_v1_ws/build/omni_robot_description', 'catkin_cmake_args': None, 'catkin_skip_building_tests': False, 'cmake_args': None, 'cmake_clean_cache': False, 'cmake_clean_first': False, 'cmake_force_configure': False, 'cmake_target': None, 'cmake_target_skip_unavailable': False, 'install_base': '/home/daniel/danbot_v1_ws/install/omni_robot_description', 'merge_install': False, 'path': '/home/daniel/danbot_v1_ws/src/omni_navigation/src/omni_robot_description', 'symlink_install': True, 'test_result_base': None}
[0.274s] Level 5:colcon.colcon_core.verb:set package 'rf2o_laser_odometry' build argument 'cmake_args' from command line to 'None'
[0.274s] Level 5:colcon.colcon_core.verb:set package 'rf2o_laser_odometry' build argument 'cmake_target' from command line to 'None'
[0.274s] Level 5:colcon.colcon_core.verb:set package 'rf2o_laser_odometry' build argument 'cmake_target_skip_unavailable' from command line to 'False'
[0.274s] Level 5:colcon.colcon_core.verb:set package 'rf2o_laser_odometry' build argument 'cmake_clean_cache' from command line to 'False'
[0.274s] Level 5:colcon.colcon_core.verb:set package 'rf2o_laser_odometry' build argument 'cmake_clean_first' from command line to 'False'
[0.274s] Level 5:colcon.colcon_core.verb:set package 'rf2o_laser_odometry' build argument 'cmake_force_configure' from command line to 'False'
[0.274s] Level 5:colcon.colcon_core.verb:set package 'rf2o_laser_odometry' build argument 'ament_cmake_args' from command line to 'None'
[0.274s] Level 5:colcon.colcon_core.verb:set package 'rf2o_laser_odometry' build argument 'catkin_cmake_args' from command line to 'None'
[0.274s] Level 5:colcon.colcon_core.verb:set package 'rf2o_laser_odometry' build argument 'catkin_skip_building_tests' from command line to 'False'
[0.274s] DEBUG:colcon.colcon_core.verb:Building package 'rf2o_laser_odometry' with the following arguments: {'ament_cmake_args': None, 'build_base': '/home/daniel/danbot_v1_ws/build/rf2o_laser_odometry', 'catkin_cmake_args': None, 'catkin_skip_building_tests': False, 'cmake_args': None, 'cmake_clean_cache': False, 'cmake_clean_first': False, 'cmake_force_configure': False, 'cmake_target': None, 'cmake_target_skip_unavailable': False, 'install_base': '/home/daniel/danbot_v1_ws/install/rf2o_laser_odometry', 'merge_install': False, 'path': '/home/daniel/danbot_v1_ws/src/omni_navigation/src/rf2o_laser_odometry', 'symlink_install': True, 'test_result_base': None}
[0.275s] Level 5:colcon.colcon_core.verb:set package 'test_ground' build argument 'cmake_args' from command line to 'None'
[0.275s] Level 5:colcon.colcon_core.verb:set package 'test_ground' build argument 'cmake_target' from command line to 'None'
[0.275s] Level 5:colcon.colcon_core.verb:set package 'test_ground' build argument 'cmake_target_skip_unavailable' from command line to 'False'
[0.275s] Level 5:colcon.colcon_core.verb:set package 'test_ground' build argument 'cmake_clean_cache' from command line to 'False'
[0.275s] Level 5:colcon.colcon_core.verb:set package 'test_ground' build argument 'cmake_clean_first' from command line to 'False'
[0.275s] Level 5:colcon.colcon_core.verb:set package 'test_ground' build argument 'cmake_force_configure' from command line to 'False'
[0.275s] Level 5:colcon.colcon_core.verb:set package 'test_ground' build argument 'ament_cmake_args' from command line to 'None'
[0.275s] Level 5:colcon.colcon_core.verb:set package 'test_ground' build argument 'catkin_cmake_args' from command line to 'None'
[0.275s] Level 5:colcon.colcon_core.verb:set package 'test_ground' build argument 'catkin_skip_building_tests' from command line to 'False'
[0.275s] DEBUG:colcon.colcon_core.verb:Building package 'test_ground' with the following arguments: {'ament_cmake_args': None, 'build_base': '/home/daniel/danbot_v1_ws/build/test_ground', 'catkin_cmake_args': None, 'catkin_skip_building_tests': False, 'cmake_args': None, 'cmake_clean_cache': False, 'cmake_clean_first': False, 'cmake_force_configure': False, 'cmake_target': None, 'cmake_target_skip_unavailable': False, 'install_base': '/home/daniel/danbot_v1_ws/install/test_ground', 'merge_install': False, 'path': '/home/daniel/danbot_v1_ws/src/test_ground', 'symlink_install': True, 'test_result_base': None}
[0.275s] INFO:colcon.colcon_core.executor:Executing jobs using 'parallel' executor
[0.276s] DEBUG:colcon.colcon_parallel_executor.executor.parallel:run_until_complete
[0.276s] INFO:colcon.colcon_ros.task.ament_python.build:Building ROS package in '/home/daniel/danbot_v1_ws/src/cinematica_v1' with build type 'ament_python'
[0.276s] Level 1:colcon.colcon_core.shell:create_environment_hook('cinematica_v1', 'ament_prefix_path')
[0.279s] INFO:colcon.colcon_core.plugin_system:Skipping extension 'colcon_core.shell.bat': Not used on non-Windows systems
[0.279s] INFO:colcon.colcon_core.shell:Creating environment hook '/home/daniel/danbot_v1_ws/install/cinematica_v1/share/cinematica_v1/hook/ament_prefix_path.ps1'
[0.280s] INFO:colcon.colcon_core.shell:Creating environment descriptor '/home/daniel/danbot_v1_ws/install/cinematica_v1/share/cinematica_v1/hook/ament_prefix_path.dsv'
[0.280s] INFO:colcon.colcon_core.shell:Creating environment hook '/home/daniel/danbot_v1_ws/install/cinematica_v1/share/cinematica_v1/hook/ament_prefix_path.sh'
[0.281s] INFO:colcon.colcon_core.shell:Skip shell extension 'powershell' for command environment: Not usable outside of PowerShell
[0.281s] DEBUG:colcon.colcon_core.shell:Skip shell extension 'dsv' for command environment
[0.287s] INFO:colcon.colcon_ros.task.ament_python.build:Building ROS package in '/home/daniel/danbot_v1_ws/src/controlador_motores_v1' with build type 'ament_python'
[0.287s] Level 1:colcon.colcon_core.shell:create_environment_hook('controlador_motores_v1', 'ament_prefix_path')
[0.287s] INFO:colcon.colcon_core.shell:Creating environment hook '/home/daniel/danbot_v1_ws/install/controlador_motores_v1/share/controlador_motores_v1/hook/ament_prefix_path.ps1'
[0.288s] INFO:colcon.colcon_core.shell:Creating environment descriptor '/home/daniel/danbot_v1_ws/install/controlador_motores_v1/share/controlador_motores_v1/hook/ament_prefix_path.dsv'
[0.288s] INFO:colcon.colcon_core.shell:Creating environment hook '/home/daniel/danbot_v1_ws/install/controlador_motores_v1/share/controlador_motores_v1/hook/ament_prefix_path.sh'
[0.289s] INFO:colcon.colcon_core.shell:Skip shell extension 'powershell' for command environment: Not usable outside of PowerShell
[0.289s] DEBUG:colcon.colcon_core.shell:Skip shell extension 'dsv' for command environment
[0.295s] INFO:colcon.colcon_ros.task.ament_python.build:Building ROS package in '/home/daniel/danbot_v1_ws/src/controlador_motores_v2' with build type 'ament_python'
[0.295s] Level 1:colcon.colcon_core.shell:create_environment_hook('controlador_motores_v2', 'ament_prefix_path')
[0.296s] INFO:colcon.colcon_core.shell:Creating environment hook '/home/daniel/danbot_v1_ws/install/controlador_motores_v2/share/controlador_motores_v2/hook/ament_prefix_path.ps1'
[0.296s] INFO:colcon.colcon_core.shell:Creating environment descriptor '/home/daniel/danbot_v1_ws/install/controlador_motores_v2/share/controlador_motores_v2/hook/ament_prefix_path.dsv'
[0.297s] INFO:colcon.colcon_core.shell:Creating environment hook '/home/daniel/danbot_v1_ws/install/controlador_motores_v2/share/controlador_motores_v2/hook/ament_prefix_path.sh'
[0.298s] INFO:colcon.colcon_core.shell:Skip shell extension 'powershell' for command environment: Not usable outside of PowerShell
[0.298s] DEBUG:colcon.colcon_core.shell:Skip shell extension 'dsv' for command environment
[0.303s] INFO:colcon.colcon_ros.task.ament_cmake.build:Building ROS package in '/home/daniel/danbot_v1_ws/src/omni_navigation/src/omni_cartographer' with build type 'ament_cmake'
[0.303s] INFO:colcon.colcon_cmake.task.cmake.build:Building CMake package in '/home/daniel/danbot_v1_ws/src/omni_navigation/src/omni_cartographer'
[0.303s] INFO:colcon.colcon_core.shell:Skip shell extension 'powershell' for command environment: Not usable outside of PowerShell
[0.303s] DEBUG:colcon.colcon_core.shell:Skip shell extension 'dsv' for command environment
[0.580s] INFO:colcon.colcon_core.task.python.build:Building Python package in '/home/daniel/danbot_v1_ws/src/cinematica_v1'
[0.580s] INFO:colcon.colcon_core.shell:Skip shell extension 'powershell' for command environment: Not usable outside of PowerShell
[0.580s] DEBUG:colcon.colcon_core.shell:Skip shell extension 'dsv' for command environment
[0.898s] INFO:colcon.colcon_core.task.python.build:Building Python package in '/home/daniel/danbot_v1_ws/src/controlador_motores_v1'
[0.898s] INFO:colcon.colcon_core.shell:Skip shell extension 'powershell' for command environment: Not usable outside of PowerShell
[0.898s] DEBUG:colcon.colcon_core.shell:Skip shell extension 'dsv' for command environment
[1.147s] INFO:colcon.colcon_core.task.python.build:Building Python package in '/home/daniel/danbot_v1_ws/src/controlador_motores_v2'
[1.147s] INFO:colcon.colcon_core.shell:Skip shell extension 'powershell' for command environment: Not usable outside of PowerShell
[1.147s] DEBUG:colcon.colcon_core.shell:Skip shell extension 'dsv' for command environment
[1.155s] DEBUG:colcon.colcon_core.event_handler.log_command:Invoking command in '/home/daniel/danbot_v1_ws/build/omni_cartographer': CMAKE_PREFIX_PATH=${CMAKE_PREFIX_PATH}:/home/daniel/danbot_v1_ws/install/cinematica_v1:/home/daniel/danbot_v1_ws/install/controlador_motores_v2:/home/daniel/danbot_v1_ws/install/controlador_motores_v1:/opt/ros/jazzy DEBUGINFOD_URLS=https://debuginfod.ubuntu.com /usr/bin/cmake --build /home/daniel/danbot_v1_ws/build/omni_cartographer -- -j4 -l4
[1.216s] DEBUG:colcon.colcon_core.event_handler.log_command:Invoked command in '/home/daniel/danbot_v1_ws/build/omni_cartographer' returned '0': CMAKE_PREFIX_PATH=${CMAKE_PREFIX_PATH}:/home/daniel/danbot_v1_ws/install/cinematica_v1:/home/daniel/danbot_v1_ws/install/controlador_motores_v2:/home/daniel/danbot_v1_ws/install/controlador_motores_v1:/opt/ros/jazzy DEBUGINFOD_URLS=https://debuginfod.ubuntu.com /usr/bin/cmake --build /home/daniel/danbot_v1_ws/build/omni_cartographer -- -j4 -l4
[1.269s] DEBUG:colcon.colcon_core.event_handler.log_command:Invoking command in '/home/daniel/danbot_v1_ws/build/omni_cartographer': CMAKE_PREFIX_PATH=${CMAKE_PREFIX_PATH}:/home/daniel/danbot_v1_ws/install/cinematica_v1:/home/daniel/danbot_v1_ws/install/controlador_motores_v2:/home/daniel/danbot_v1_ws/install/controlador_motores_v1:/opt/ros/jazzy DEBUGINFOD_URLS=https://debuginfod.ubuntu.com /usr/bin/cmake --install /home/daniel/danbot_v1_ws/build/omni_cartographer
[1.323s] Level 1:colcon.colcon_core.environment:create_environment_scripts_only(omni_cartographer)
[1.325s] DEBUG:colcon.colcon_core.event_handler.log_command:Invoked command in '/home/daniel/danbot_v1_ws/build/omni_cartographer' returned '0': CMAKE_PREFIX_PATH=${CMAKE_PREFIX_PATH}:/home/daniel/danbot_v1_ws/install/cinematica_v1:/home/daniel/danbot_v1_ws/install/controlador_motores_v2:/home/daniel/danbot_v1_ws/install/controlador_motores_v1:/opt/ros/jazzy DEBUGINFOD_URLS=https://debuginfod.ubuntu.com /usr/bin/cmake --install /home/daniel/danbot_v1_ws/build/omni_cartographer
[1.327s] Level 1:colcon.colcon_core.environment:checking '/home/daniel/danbot_v1_ws/install/omni_cartographer' for CMake module files
[1.328s] Level 1:colcon.colcon_core.environment:checking '/home/daniel/danbot_v1_ws/install/omni_cartographer' for CMake config files
[1.329s] Level 1:colcon.colcon_core.shell:create_environment_hook('omni_cartographer', 'cmake_prefix_path')
[1.329s] INFO:colcon.colcon_core.shell:Creating environment hook '/home/daniel/danbot_v1_ws/install/omni_cartographer/share/omni_cartographer/hook/cmake_prefix_path.ps1'
[1.330s] INFO:colcon.colcon_core.shell:Creating environment descriptor '/home/daniel/danbot_v1_ws/install/omni_cartographer/share/omni_cartographer/hook/cmake_prefix_path.dsv'
[1.331s] INFO:colcon.colcon_core.shell:Creating environment hook '/home/daniel/danbot_v1_ws/install/omni_cartographer/share/omni_cartographer/hook/cmake_prefix_path.sh'
[1.332s] Level 1:colcon.colcon_core.environment:checking '/home/daniel/danbot_v1_ws/install/omni_cartographer/bin'
[1.332s] Level 1:colcon.colcon_core.environment:checking '/home/daniel/danbot_v1_ws/install/omni_cartographer/lib/pkgconfig/omni_cartographer.pc'
[1.333s] Level 1:colcon.colcon_core.environment:checking '/home/daniel/danbot_v1_ws/install/omni_cartographer/lib/python3.12/site-packages'
[1.333s] Level 1:colcon.colcon_core.environment:checking '/home/daniel/danbot_v1_ws/install/omni_cartographer/bin'
[1.334s] INFO:colcon.colcon_core.shell:Creating package script '/home/daniel/danbot_v1_ws/install/omni_cartographer/share/omni_cartographer/package.ps1'
[1.335s] INFO:colcon.colcon_core.shell:Creating package descriptor '/home/daniel/danbot_v1_ws/install/omni_cartographer/share/omni_cartographer/package.dsv'
[1.336s] INFO:colcon.colcon_core.shell:Creating package script '/home/daniel/danbot_v1_ws/install/omni_cartographer/share/omni_cartographer/package.sh'
[1.337s] INFO:colcon.colcon_core.shell:Creating package script '/home/daniel/danbot_v1_ws/install/omni_cartographer/share/omni_cartographer/package.bash'
[1.338s] INFO:colcon.colcon_core.shell:Creating package script '/home/daniel/danbot_v1_ws/install/omni_cartographer/share/omni_cartographer/package.zsh'
[1.339s] Level 1:colcon.colcon_core.environment:create_file_with_runtime_dependencies(/home/daniel/danbot_v1_ws/install/omni_cartographer/share/colcon-core/packages/omni_cartographer)
[1.374s] Level 1:colcon.colcon_core.environment:create_environment_scripts_only(omni_cartographer)
[1.375s] Level 1:colcon.colcon_core.environment:checking '/home/daniel/danbot_v1_ws/install/omni_cartographer' for CMake module files
[1.376s] Level 1:colcon.colcon_core.environment:checking '/home/daniel/danbot_v1_ws/install/omni_cartographer' for CMake config files
[1.376s] Level 1:colcon.colcon_core.shell:create_environment_hook('omni_cartographer', 'cmake_prefix_path')
[1.376s] INFO:colcon.colcon_core.shell:Creating environment hook '/home/daniel/danbot_v1_ws/install/omni_cartographer/share/omni_cartographer/hook/cmake_prefix_path.ps1'
[1.377s] INFO:colcon.colcon_core.shell:Creating environment descriptor '/home/daniel/danbot_v1_ws/install/omni_cartographer/share/omni_cartographer/hook/cmake_prefix_path.dsv'
[1.378s] INFO:colcon.colcon_core.shell:Creating environment hook '/home/daniel/danbot_v1_ws/install/omni_cartographer/share/omni_cartographer/hook/cmake_prefix_path.sh'
[1.379s] Level 1:colcon.colcon_core.environment:checking '/home/daniel/danbot_v1_ws/install/omni_cartographer/bin'
[1.379s] Level 1:colcon.colcon_core.environment:checking '/home/daniel/danbot_v1_ws/install/omni_cartographer/lib/pkgconfig/omni_cartographer.pc'
[1.380s] Level 1:colcon.colcon_core.environment:checking '/home/daniel/danbot_v1_ws/install/omni_cartographer/lib/python3.12/site-packages'
[1.380s] Level 1:colcon.colcon_core.environment:checking '/home/daniel/danbot_v1_ws/install/omni_cartographer/bin'
[1.381s] INFO:colcon.colcon_core.shell:Creating package script '/home/daniel/danbot_v1_ws/install/omni_cartographer/share/omni_cartographer/package.ps1'
[1.382s] INFO:colcon.colcon_core.shell:Creating package descriptor '/home/daniel/danbot_v1_ws/install/omni_cartographer/share/omni_cartographer/package.dsv'
[1.383s] INFO:colcon.colcon_core.shell:Creating package script '/home/daniel/danbot_v1_ws/install/omni_cartographer/share/omni_cartographer/package.sh'
[1.384s] INFO:colcon.colcon_core.shell:Creating package script '/home/daniel/danbot_v1_ws/install/omni_cartographer/share/omni_cartographer/package.bash'
[1.385s] INFO:colcon.colcon_core.shell:Creating package script '/home/daniel/danbot_v1_ws/install/omni_cartographer/share/omni_cartographer/package.zsh'
[1.386s] Level 1:colcon.colcon_core.environment:create_file_with_runtime_dependencies(/home/daniel/danbot_v1_ws/install/omni_cartographer/share/colcon-core/packages/omni_cartographer)
[1.387s] INFO:colcon.colcon_ros.task.ament_cmake.build:Building ROS package in '/home/daniel/danbot_v1_ws/src/omni_navigation/src/omni_control' with build type 'ament_cmake'
[1.389s] INFO:colcon.colcon_cmake.task.cmake.build:Building CMake package in '/home/daniel/danbot_v1_ws/src/omni_navigation/src/omni_control'
[1.389s] INFO:colcon.colcon_core.shell:Skip shell extension 'powershell' for command environment: Not usable outside of PowerShell
[1.389s] DEBUG:colcon.colcon_core.shell:Skip shell extension 'dsv' for command environment
[1.424s] DEBUG:colcon.colcon_core.event_handler.log_command:Invoking command in '/home/daniel/danbot_v1_ws/build/omni_control': CMAKE_PREFIX_PATH=${CMAKE_PREFIX_PATH}:/home/daniel/danbot_v1_ws/install/cinematica_v1:/home/daniel/danbot_v1_ws/install/controlador_motores_v2:/home/daniel/danbot_v1_ws/install/controlador_motores_v1:/opt/ros/jazzy DEBUGINFOD_URLS=https://debuginfod.ubuntu.com /usr/bin/cmake --build /home/daniel/danbot_v1_ws/build/omni_control -- -j4 -l4
[1.504s] DEBUG:colcon.colcon_core.event_handler.log_command:Invoked command in '/home/daniel/danbot_v1_ws/build/omni_control' returned '0': CMAKE_PREFIX_PATH=${CMAKE_PREFIX_PATH}:/home/daniel/danbot_v1_ws/install/cinematica_v1:/home/daniel/danbot_v1_ws/install/controlador_motores_v2:/home/daniel/danbot_v1_ws/install/controlador_motores_v1:/opt/ros/jazzy DEBUGINFOD_URLS=https://debuginfod.ubuntu.com /usr/bin/cmake --build /home/daniel/danbot_v1_ws/build/omni_control -- -j4 -l4
[1.551s] DEBUG:colcon.colcon_core.event_handler.log_command:Invoking command in '/home/daniel/danbot_v1_ws/build/omni_control': CMAKE_PREFIX_PATH=${CMAKE_PREFIX_PATH}:/home/daniel/danbot_v1_ws/install/cinematica_v1:/home/daniel/danbot_v1_ws/install/controlador_motores_v2:/home/daniel/danbot_v1_ws/install/controlador_motores_v1:/opt/ros/jazzy DEBUGINFOD_URLS=https://debuginfod.ubuntu.com /usr/bin/cmake --install /home/daniel/danbot_v1_ws/build/omni_control
[1.624s] Level 1:colcon.colcon_core.environment:create_environment_scripts_only(omni_control)
[1.624s] Level 1:colcon.colcon_core.environment:checking '/home/daniel/danbot_v1_ws/install/omni_control' for CMake module files
[1.625s] DEBUG:colcon.colcon_core.event_handler.log_command:Invoked command in '/home/daniel/danbot_v1_ws/build/omni_control' returned '0': CMAKE_PREFIX_PATH=${CMAKE_PREFIX_PATH}:/home/daniel/danbot_v1_ws/install/cinematica_v1:/home/daniel/danbot_v1_ws/install/controlador_motores_v2:/home/daniel/danbot_v1_ws/install/controlador_motores_v1:/opt/ros/jazzy DEBUGINFOD_URLS=https://debuginfod.ubuntu.com /usr/bin/cmake --install /home/daniel/danbot_v1_ws/build/omni_control
[1.625s] Level 1:colcon.colcon_core.environment:checking '/home/daniel/danbot_v1_ws/install/omni_control' for CMake config files
[1.626s] Level 1:colcon.colcon_core.shell:create_environment_hook('omni_control', 'cmake_prefix_path')
[1.626s] INFO:colcon.colcon_core.shell:Creating environment hook '/home/daniel/danbot_v1_ws/install/omni_control/share/omni_control/hook/cmake_prefix_path.ps1'
[1.628s] INFO:colcon.colcon_core.shell:Creating environment descriptor '/home/daniel/danbot_v1_ws/install/omni_control/share/omni_control/hook/cmake_prefix_path.dsv'
[1.628s] INFO:colcon.colcon_core.shell:Creating environment hook '/home/daniel/danbot_v1_ws/install/omni_control/share/omni_control/hook/cmake_prefix_path.sh'
[1.629s] Level 1:colcon.colcon_core.environment:checking '/home/daniel/danbot_v1_ws/install/omni_control/lib'
[1.630s] Level 1:colcon.colcon_core.environment:checking '/home/daniel/danbot_v1_ws/install/omni_control/bin'
[1.630s] Level 1:colcon.colcon_core.environment:checking '/home/daniel/danbot_v1_ws/install/omni_control/lib/pkgconfig/omni_control.pc'
[1.630s] Level 1:colcon.colcon_core.environment:checking '/home/daniel/danbot_v1_ws/install/omni_control/lib/python3.12/site-packages'
[1.631s] Level 1:colcon.colcon_core.environment:checking '/home/daniel/danbot_v1_ws/install/omni_control/bin'
[1.631s] INFO:colcon.colcon_core.shell:Creating package script '/home/daniel/danbot_v1_ws/install/omni_control/share/omni_control/package.ps1'
[1.632s] INFO:colcon.colcon_core.shell:Creating package descriptor '/home/daniel/danbot_v1_ws/install/omni_control/share/omni_control/package.dsv'
[1.633s] INFO:colcon.colcon_core.shell:Creating package script '/home/daniel/danbot_v1_ws/install/omni_control/share/omni_control/package.sh'
[1.633s] INFO:colcon.colcon_core.shell:Creating package script '/home/daniel/danbot_v1_ws/install/omni_control/share/omni_control/package.bash'
[1.634s] INFO:colcon.colcon_core.shell:Creating package script '/home/daniel/danbot_v1_ws/install/omni_control/share/omni_control/package.zsh'
[1.635s] Level 1:colcon.colcon_core.environment:create_file_with_runtime_dependencies(/home/daniel/danbot_v1_ws/install/omni_control/share/colcon-core/packages/omni_control)
[1.673s] Level 1:colcon.colcon_core.environment:create_environment_scripts_only(omni_control)
[1.673s] Level 1:colcon.colcon_core.environment:checking '/home/daniel/danbot_v1_ws/install/omni_control' for CMake module files
[1.674s] Level 1:colcon.colcon_core.environment:checking '/home/daniel/danbot_v1_ws/install/omni_control' for CMake config files
[1.675s] Level 1:colcon.colcon_core.shell:create_environment_hook('omni_control', 'cmake_prefix_path')
[1.675s] INFO:colcon.colcon_core.shell:Creating environment hook '/home/daniel/danbot_v1_ws/install/omni_control/share/omni_control/hook/cmake_prefix_path.ps1'
[1.676s] INFO:colcon.colcon_core.shell:Creating environment descriptor '/home/daniel/danbot_v1_ws/install/omni_control/share/omni_control/hook/cmake_prefix_path.dsv'
[1.677s] INFO:colcon.colcon_core.shell:Creating environment hook '/home/daniel/danbot_v1_ws/install/omni_control/share/omni_control/hook/cmake_prefix_path.sh'
[1.678s] Level 1:colcon.colcon_core.environment:checking '/home/daniel/danbot_v1_ws/install/omni_control/lib'
[1.678s] Level 1:colcon.colcon_core.environment:checking '/home/daniel/danbot_v1_ws/install/omni_control/bin'
[1.678s] Level 1:colcon.colcon_core.environment:checking '/home/daniel/danbot_v1_ws/install/omni_control/lib/pkgconfig/omni_control.pc'
[1.678s] Level 1:colcon.colcon_core.environment:checking '/home/daniel/danbot_v1_ws/install/omni_control/lib/python3.12/site-packages'
[1.679s] Level 1:colcon.colcon_core.environment:checking '/home/daniel/danbot_v1_ws/install/omni_control/bin'
[1.679s] INFO:colcon.colcon_core.shell:Creating package script '/home/daniel/danbot_v1_ws/install/omni_control/share/omni_control/package.ps1'
[1.680s] INFO:colcon.colcon_core.shell:Creating package descriptor '/home/daniel/danbot_v1_ws/install/omni_control/share/omni_control/package.dsv'
[1.681s] INFO:colcon.colcon_core.shell:Creating package script '/home/daniel/danbot_v1_ws/install/omni_control/share/omni_control/package.sh'
[1.682s] INFO:colcon.colcon_core.shell:Creating package script '/home/daniel/danbot_v1_ws/install/omni_control/share/omni_control/package.bash'
[1.683s] INFO:colcon.colcon_core.shell:Creating package script '/home/daniel/danbot_v1_ws/install/omni_control/share/omni_control/package.zsh'
[1.684s] Level 1:colcon.colcon_core.environment:create_file_with_runtime_dependencies(/home/daniel/danbot_v1_ws/install/omni_control/share/colcon-core/packages/omni_control)
[1.685s] INFO:colcon.colcon_ros.task.ament_cmake.build:Building ROS package in '/home/daniel/danbot_v1_ws/src/omni_navigation/src/omni_robot_description' with build type 'ament_cmake'
[1.685s] INFO:colcon.colcon_cmake.task.cmake.build:Building CMake package in '/home/daniel/danbot_v1_ws/src/omni_navigation/src/omni_robot_description'
[1.686s] INFO:colcon.colcon_core.shell:Skip shell extension 'powershell' for command environment: Not usable outside of PowerShell
[1.686s] DEBUG:colcon.colcon_core.shell:Skip shell extension 'dsv' for command environment
[1.715s] DEBUG:colcon.colcon_core.event_handler.log_command:Invoking command in '/home/daniel/danbot_v1_ws/build/omni_robot_description': CMAKE_PREFIX_PATH=${CMAKE_PREFIX_PATH}:/home/daniel/danbot_v1_ws/install/cinematica_v1:/home/daniel/danbot_v1_ws/install/controlador_motores_v2:/home/daniel/danbot_v1_ws/install/controlador_motores_v1:/opt/ros/jazzy DEBUGINFOD_URLS=https://debuginfod.ubuntu.com /usr/bin/cmake --build /home/daniel/danbot_v1_ws/build/omni_robot_description -- -j4 -l4
[1.788s] DEBUG:colcon.colcon_core.event_handler.log_command:Invoked command in '/home/daniel/danbot_v1_ws/build/omni_robot_description' returned '0': CMAKE_PREFIX_PATH=${CMAKE_PREFIX_PATH}:/home/daniel/danbot_v1_ws/install/cinematica_v1:/home/daniel/danbot_v1_ws/install/controlador_motores_v2:/home/daniel/danbot_v1_ws/install/controlador_motores_v1:/opt/ros/jazzy DEBUGINFOD_URLS=https://debuginfod.ubuntu.com /usr/bin/cmake --build /home/daniel/danbot_v1_ws/build/omni_robot_description -- -j4 -l4
[1.827s] DEBUG:colcon.colcon_core.event_handler.log_command:Invoking command in '/home/daniel/danbot_v1_ws/build/omni_robot_description': CMAKE_PREFIX_PATH=${CMAKE_PREFIX_PATH}:/home/daniel/danbot_v1_ws/install/cinematica_v1:/home/daniel/danbot_v1_ws/install/controlador_motores_v2:/home/daniel/danbot_v1_ws/install/controlador_motores_v1:/opt/ros/jazzy DEBUGINFOD_URLS=https://debuginfod.ubuntu.com /usr/bin/cmake --install /home/daniel/danbot_v1_ws/build/omni_robot_description
[1.884s] Level 1:colcon.colcon_core.environment:create_environment_scripts_only(omni_robot_description)
[1.885s] DEBUG:colcon.colcon_core.event_handler.log_command:Invoked command in '/home/daniel/danbot_v1_ws/build/omni_robot_description' returned '0': CMAKE_PREFIX_PATH=${CMAKE_PREFIX_PATH}:/home/daniel/danbot_v1_ws/install/cinematica_v1:/home/daniel/danbot_v1_ws/install/controlador_motores_v2:/home/daniel/danbot_v1_ws/install/controlador_motores_v1:/opt/ros/jazzy DEBUGINFOD_URLS=https://debuginfod.ubuntu.com /usr/bin/cmake --install /home/daniel/danbot_v1_ws/build/omni_robot_description
[1.885s] Level 1:colcon.colcon_core.environment:checking '/home/daniel/danbot_v1_ws/install/omni_robot_description' for CMake module files
[1.887s] Level 1:colcon.colcon_core.environment:checking '/home/daniel/danbot_v1_ws/install/omni_robot_description' for CMake config files
[1.887s] Level 1:colcon.colcon_core.shell:create_environment_hook('omni_robot_description', 'cmake_prefix_path')
[1.888s] INFO:colcon.colcon_core.shell:Creating environment hook '/home/daniel/danbot_v1_ws/install/omni_robot_description/share/omni_robot_description/hook/cmake_prefix_path.ps1'
[1.888s] INFO:colcon.colcon_core.shell:Creating environment descriptor '/home/daniel/danbot_v1_ws/install/omni_robot_description/share/omni_robot_description/hook/cmake_prefix_path.dsv'
[1.889s] INFO:colcon.colcon_core.shell:Creating environment hook '/home/daniel/danbot_v1_ws/install/omni_robot_description/share/omni_robot_description/hook/cmake_prefix_path.sh'
[1.890s] Level 1:colcon.colcon_core.environment:checking '/home/daniel/danbot_v1_ws/install/omni_robot_description/bin'
[1.891s] Level 1:colcon.colcon_core.environment:checking '/home/daniel/danbot_v1_ws/install/omni_robot_description/lib/pkgconfig/omni_robot_description.pc'
[1.891s] Level 1:colcon.colcon_core.environment:checking '/home/daniel/danbot_v1_ws/install/omni_robot_description/lib/python3.12/site-packages'
[1.891s] Level 1:colcon.colcon_core.environment:checking '/home/daniel/danbot_v1_ws/install/omni_robot_description/bin'
[1.892s] INFO:colcon.colcon_core.shell:Creating package script '/home/daniel/danbot_v1_ws/install/omni_robot_description/share/omni_robot_description/package.ps1'
[1.892s] INFO:colcon.colcon_core.shell:Creating package descriptor '/home/daniel/danbot_v1_ws/install/omni_robot_description/share/omni_robot_description/package.dsv'
[1.893s] INFO:colcon.colcon_core.shell:Creating package script '/home/daniel/danbot_v1_ws/install/omni_robot_description/share/omni_robot_description/package.sh'
[1.894s] INFO:colcon.colcon_core.shell:Creating package script '/home/daniel/danbot_v1_ws/install/omni_robot_description/share/omni_robot_description/package.bash'
[1.895s] INFO:colcon.colcon_core.shell:Creating package script '/home/daniel/danbot_v1_ws/install/omni_robot_description/share/omni_robot_description/package.zsh'
[1.895s] Level 1:colcon.colcon_core.environment:create_file_with_runtime_dependencies(/home/daniel/danbot_v1_ws/install/omni_robot_description/share/colcon-core/packages/omni_robot_description)
[1.953s] Level 1:colcon.colcon_core.environment:create_environment_scripts_only(omni_robot_description)
[1.954s] Level 1:colcon.colcon_core.environment:checking '/home/daniel/danbot_v1_ws/install/omni_robot_description' for CMake module files
[1.955s] Level 1:colcon.colcon_core.environment:checking '/home/daniel/danbot_v1_ws/install/omni_robot_description' for CMake config files
[1.955s] Level 1:colcon.colcon_core.shell:create_environment_hook('omni_robot_description', 'cmake_prefix_path')
[1.956s] INFO:colcon.colcon_core.shell:Creating environment hook '/home/daniel/danbot_v1_ws/install/omni_robot_description/share/omni_robot_description/hook/cmake_prefix_path.ps1'
[1.956s] INFO:colcon.colcon_core.shell:Creating environment descriptor '/home/daniel/danbot_v1_ws/install/omni_robot_description/share/omni_robot_description/hook/cmake_prefix_path.dsv'
[1.957s] INFO:colcon.colcon_core.shell:Creating environment hook '/home/daniel/danbot_v1_ws/install/omni_robot_description/share/omni_robot_description/hook/cmake_prefix_path.sh'
[1.958s] Level 1:colcon.colcon_core.environment:checking '/home/daniel/danbot_v1_ws/install/omni_robot_description/bin'
[1.958s] Level 1:colcon.colcon_core.environment:checking '/home/daniel/danbot_v1_ws/install/omni_robot_description/lib/pkgconfig/omni_robot_description.pc'
[1.959s] Level 1:colcon.colcon_core.environment:checking '/home/daniel/danbot_v1_ws/install/omni_robot_description/lib/python3.12/site-packages'
[1.959s] Level 1:colcon.colcon_core.environment:checking '/home/daniel/danbot_v1_ws/install/omni_robot_description/bin'
[1.959s] INFO:colcon.colcon_core.shell:Creating package script '/home/daniel/danbot_v1_ws/install/omni_robot_description/share/omni_robot_description/package.ps1'
[1.960s] INFO:colcon.colcon_core.shell:Creating package descriptor '/home/daniel/danbot_v1_ws/install/omni_robot_description/share/omni_robot_description/package.dsv'
[1.961s] INFO:colcon.colcon_core.shell:Creating package script '/home/daniel/danbot_v1_ws/install/omni_robot_description/share/omni_robot_description/package.sh'
[1.962s] INFO:colcon.colcon_core.shell:Creating package script '/home/daniel/danbot_v1_ws/install/omni_robot_description/share/omni_robot_description/package.bash'
[1.963s] INFO:colcon.colcon_core.shell:Creating package script '/home/daniel/danbot_v1_ws/install/omni_robot_description/share/omni_robot_description/package.zsh'
[1.963s] Level 1:colcon.colcon_core.environment:create_file_with_runtime_dependencies(/home/daniel/danbot_v1_ws/install/omni_robot_description/share/colcon-core/packages/omni_robot_description)
[1.964s] INFO:colcon.colcon_ros.task.ament_cmake.build:Building ROS package in '/home/daniel/danbot_v1_ws/src/omni_navigation/src/rf2o_laser_odometry' with build type 'ament_cmake'
[1.967s] INFO:colcon.colcon_cmake.task.cmake.build:Building CMake package in '/home/daniel/danbot_v1_ws/src/omni_navigation/src/rf2o_laser_odometry'
[1.968s] INFO:colcon.colcon_core.shell:Skip shell extension 'powershell' for command environment: Not usable outside of PowerShell
[1.968s] DEBUG:colcon.colcon_core.shell:Skip shell extension 'dsv' for command environment
[1.994s] DEBUG:colcon.colcon_core.event_handler.log_command:Invoking command in '/home/daniel/danbot_v1_ws/build/rf2o_laser_odometry': CMAKE_PREFIX_PATH=${CMAKE_PREFIX_PATH}:/home/daniel/danbot_v1_ws/install/cinematica_v1:/home/daniel/danbot_v1_ws/install/controlador_motores_v2:/home/daniel/danbot_v1_ws/install/controlador_motores_v1:/opt/ros/jazzy DEBUGINFOD_URLS=https://debuginfod.ubuntu.com /usr/bin/cmake --build /home/daniel/danbot_v1_ws/build/rf2o_laser_odometry -- -j4 -l4
[2.146s] DEBUG:colcon.colcon_core.event_handler.log_command:Invoking command in '/home/daniel/danbot_v1_ws/build/controlador_motores_v2': DEBUGINFOD_URLS=https://debuginfod.ubuntu.com PYTHONPATH=/home/daniel/danbot_v1_ws/build/controlador_motores_v2/prefix_override:/usr/lib/python3/dist-packages/colcon_core/task/python/colcon_distutils_commands:/home/daniel/danbot_v1_ws/install/controlador_motores_v2/lib/python3.12/site-packages:${PYTHONPATH} /usr/bin/python3 -W ignore:setup.py install is deprecated setup.py develop --editable --build-directory /home/daniel/danbot_v1_ws/build/controlador_motores_v2/build --no-deps symlink_data
[2.189s] DEBUG:colcon.colcon_core.event_handler.log_command:Invoked command in '/home/daniel/danbot_v1_ws/build/rf2o_laser_odometry' returned '0': CMAKE_PREFIX_PATH=${CMAKE_PREFIX_PATH}:/home/daniel/danbot_v1_ws/install/cinematica_v1:/home/daniel/danbot_v1_ws/install/controlador_motores_v2:/home/daniel/danbot_v1_ws/install/controlador_motores_v1:/opt/ros/jazzy DEBUGINFOD_URLS=https://debuginfod.ubuntu.com /usr/bin/cmake --build /home/daniel/danbot_v1_ws/build/rf2o_laser_odometry -- -j4 -l4
[2.238s] DEBUG:colcon.colcon_core.event_handler.log_command:Invoking command in '/home/daniel/danbot_v1_ws/build/rf2o_laser_odometry': CMAKE_PREFIX_PATH=${CMAKE_PREFIX_PATH}:/home/daniel/danbot_v1_ws/install/cinematica_v1:/home/daniel/danbot_v1_ws/install/controlador_motores_v2:/home/daniel/danbot_v1_ws/install/controlador_motores_v1:/opt/ros/jazzy DEBUGINFOD_URLS=https://debuginfod.ubuntu.com /usr/bin/cmake --install /home/daniel/danbot_v1_ws/build/rf2o_laser_odometry
[2.287s] Level 1:colcon.colcon_core.environment:create_environment_scripts_only(rf2o_laser_odometry)
[2.287s] Level 1:colcon.colcon_core.environment:checking '/home/daniel/danbot_v1_ws/install/rf2o_laser_odometry' for CMake module files
[2.288s] Level 1:colcon.colcon_core.environment:checking '/home/daniel/danbot_v1_ws/install/rf2o_laser_odometry' for CMake config files
[2.289s] DEBUG:colcon.colcon_core.event_handler.log_command:Invoked command in '/home/daniel/danbot_v1_ws/build/rf2o_laser_odometry' returned '0': CMAKE_PREFIX_PATH=${CMAKE_PREFIX_PATH}:/home/daniel/danbot_v1_ws/install/cinematica_v1:/home/daniel/danbot_v1_ws/install/controlador_motores_v2:/home/daniel/danbot_v1_ws/install/controlador_motores_v1:/opt/ros/jazzy DEBUGINFOD_URLS=https://debuginfod.ubuntu.com /usr/bin/cmake --install /home/daniel/danbot_v1_ws/build/rf2o_laser_odometry
[2.290s] Level 1:colcon.colcon_core.shell:create_environment_hook('rf2o_laser_odometry', 'cmake_prefix_path')
[2.291s] INFO:colcon.colcon_core.shell:Creating environment hook '/home/daniel/danbot_v1_ws/install/rf2o_laser_odometry/share/rf2o_laser_odometry/hook/cmake_prefix_path.ps1'
[2.292s] INFO:colcon.colcon_core.shell:Creating environment descriptor '/home/daniel/danbot_v1_ws/install/rf2o_laser_odometry/share/rf2o_laser_odometry/hook/cmake_prefix_path.dsv'
[2.293s] INFO:colcon.colcon_core.shell:Creating environment hook '/home/daniel/danbot_v1_ws/install/rf2o_laser_odometry/share/rf2o_laser_odometry/hook/cmake_prefix_path.sh'
[2.294s] Level 1:colcon.colcon_core.environment:checking '/home/daniel/danbot_v1_ws/install/rf2o_laser_odometry/lib'
[2.294s] Level 1:colcon.colcon_core.environment:checking '/home/daniel/danbot_v1_ws/install/rf2o_laser_odometry/bin'
[2.294s] Level 1:colcon.colcon_core.environment:checking '/home/daniel/danbot_v1_ws/install/rf2o_laser_odometry/lib/pkgconfig/rf2o_laser_odometry.pc'
[2.295s] Level 1:colcon.colcon_core.environment:checking '/home/daniel/danbot_v1_ws/install/rf2o_laser_odometry/lib/python3.12/site-packages'
[2.295s] Level 1:colcon.colcon_core.environment:checking '/home/daniel/danbot_v1_ws/install/rf2o_laser_odometry/bin'
[2.296s] INFO:colcon.colcon_core.shell:Creating package script '/home/daniel/danbot_v1_ws/install/rf2o_laser_odometry/share/rf2o_laser_odometry/package.ps1'
[2.297s] INFO:colcon.colcon_core.shell:Creating package descriptor '/home/daniel/danbot_v1_ws/install/rf2o_laser_odometry/share/rf2o_laser_odometry/package.dsv'
[2.298s] INFO:colcon.colcon_core.shell:Creating package script '/home/daniel/danbot_v1_ws/install/rf2o_laser_odometry/share/rf2o_laser_odometry/package.sh'
[2.299s] INFO:colcon.colcon_core.shell:Creating package script '/home/daniel/danbot_v1_ws/install/rf2o_laser_odometry/share/rf2o_laser_odometry/package.bash'
[2.300s] INFO:colcon.colcon_core.shell:Creating package script '/home/daniel/danbot_v1_ws/install/rf2o_laser_odometry/share/rf2o_laser_odometry/package.zsh'
[2.301s] Level 1:colcon.colcon_core.environment:create_file_with_runtime_dependencies(/home/daniel/danbot_v1_ws/install/rf2o_laser_odometry/share/colcon-core/packages/rf2o_laser_odometry)
[2.316s] DEBUG:colcon.colcon_core.event_handler.log_command:Invoking command in '/home/daniel/danbot_v1_ws/build/controlador_motores_v1': DEBUGINFOD_URLS=https://debuginfod.ubuntu.com PYTHONPATH=/home/daniel/danbot_v1_ws/build/controlador_motores_v1/prefix_override:/usr/lib/python3/dist-packages/colcon_core/task/python/colcon_distutils_commands:/home/daniel/danbot_v1_ws/install/controlador_motores_v1/lib/python3.12/site-packages:${PYTHONPATH} /usr/bin/python3 -W ignore:setup.py install is deprecated setup.py develop --editable --build-directory /home/daniel/danbot_v1_ws/build/controlador_motores_v1/build --no-deps symlink_data
[2.330s] DEBUG:colcon.colcon_core.event_handler.log_command:Invoking command in '/home/daniel/danbot_v1_ws/build/cinematica_v1': DEBUGINFOD_URLS=https://debuginfod.ubuntu.com PYTHONPATH=/home/daniel/danbot_v1_ws/build/cinematica_v1/prefix_override:/usr/lib/python3/dist-packages/colcon_core/task/python/colcon_distutils_commands:/home/daniel/danbot_v1_ws/install/cinematica_v1/lib/python3.12/site-packages:${PYTHONPATH} /usr/bin/python3 -W ignore:setup.py install is deprecated setup.py develop --editable --build-directory /home/daniel/danbot_v1_ws/build/cinematica_v1/build --no-deps symlink_data
[2.364s] Level 1:colcon.colcon_core.environment:create_environment_scripts_only(rf2o_laser_odometry)
[2.364s] Level 1:colcon.colcon_core.environment:checking '/home/daniel/danbot_v1_ws/install/rf2o_laser_odometry' for CMake module files
[2.365s] Level 1:colcon.colcon_core.environment:checking '/home/daniel/danbot_v1_ws/install/rf2o_laser_odometry' for CMake config files
[2.365s] Level 1:colcon.colcon_core.shell:create_environment_hook('rf2o_laser_odometry', 'cmake_prefix_path')
[2.366s] INFO:colcon.colcon_core.shell:Creating environment hook '/home/daniel/danbot_v1_ws/install/rf2o_laser_odometry/share/rf2o_laser_odometry/hook/cmake_prefix_path.ps1'
[2.366s] INFO:colcon.colcon_core.shell:Creating environment descriptor '/home/daniel/danbot_v1_ws/install/rf2o_laser_odometry/share/rf2o_laser_odometry/hook/cmake_prefix_path.dsv'
[2.367s] INFO:colcon.colcon_core.shell:Creating environment hook '/home/daniel/danbot_v1_ws/install/rf2o_laser_odometry/share/rf2o_laser_odometry/hook/cmake_prefix_path.sh'
[2.368s] Level 1:colcon.colcon_core.environment:checking '/home/daniel/danbot_v1_ws/install/rf2o_laser_odometry/lib'
[2.368s] Level 1:colcon.colcon_core.environment:checking '/home/daniel/danbot_v1_ws/install/rf2o_laser_odometry/bin'
[2.368s] Level 1:colcon.colcon_core.environment:checking '/home/daniel/danbot_v1_ws/install/rf2o_laser_odometry/lib/pkgconfig/rf2o_laser_odometry.pc'
[2.369s] Level 1:colcon.colcon_core.environment:checking '/home/daniel/danbot_v1_ws/install/rf2o_laser_odometry/lib/python3.12/site-packages'
[2.369s] Level 1:colcon.colcon_core.environment:checking '/home/daniel/danbot_v1_ws/install/rf2o_laser_odometry/bin'
[2.369s] INFO:colcon.colcon_core.shell:Creating package script '/home/daniel/danbot_v1_ws/install/rf2o_laser_odometry/share/rf2o_laser_odometry/package.ps1'
[2.370s] INFO:colcon.colcon_core.shell:Creating package descriptor '/home/daniel/danbot_v1_ws/install/rf2o_laser_odometry/share/rf2o_laser_odometry/package.dsv'
[2.371s] INFO:colcon.colcon_core.shell:Creating package script '/home/daniel/danbot_v1_ws/install/rf2o_laser_odometry/share/rf2o_laser_odometry/package.sh'
[2.372s] INFO:colcon.colcon_core.shell:Creating package script '/home/daniel/danbot_v1_ws/install/rf2o_laser_odometry/share/rf2o_laser_odometry/package.bash'
[2.372s] INFO:colcon.colcon_core.shell:Creating package script '/home/daniel/danbot_v1_ws/install/rf2o_laser_odometry/share/rf2o_laser_odometry/package.zsh'
[2.373s] Level 1:colcon.colcon_core.environment:create_file_with_runtime_dependencies(/home/daniel/danbot_v1_ws/install/rf2o_laser_odometry/share/colcon-core/packages/rf2o_laser_odometry)
[2.373s] INFO:colcon.colcon_ros.task.ament_cmake.build:Building ROS package in '/home/daniel/danbot_v1_ws/src/test_ground' with build type 'ament_cmake'
[2.373s] INFO:colcon.colcon_cmake.task.cmake.build:Building CMake package in '/home/daniel/danbot_v1_ws/src/test_ground'
[2.374s] INFO:colcon.colcon_core.shell:Skip shell extension 'powershell' for command environment: Not usable outside of PowerShell
[2.374s] DEBUG:colcon.colcon_core.shell:Skip shell extension 'dsv' for command environment
[2.388s] DEBUG:colcon.colcon_core.event_handler.log_command:Invoking command in '/home/daniel/danbot_v1_ws/build/test_ground': CMAKE_PREFIX_PATH=${CMAKE_PREFIX_PATH}:/home/daniel/danbot_v1_ws/install/cinematica_v1:/home/daniel/danbot_v1_ws/install/controlador_motores_v2:/home/daniel/danbot_v1_ws/install/controlador_motores_v1:/opt/ros/jazzy DEBUGINFOD_URLS=https://debuginfod.ubuntu.com /usr/bin/cmake --build /home/daniel/danbot_v1_ws/build/test_ground -- -j4 -l4
[2.550s] DEBUG:colcon.colcon_core.event_handler.log_command:Invoked command in '/home/daniel/danbot_v1_ws/build/test_ground' returned '0': CMAKE_PREFIX_PATH=${CMAKE_PREFIX_PATH}:/home/daniel/danbot_v1_ws/install/cinematica_v1:/home/daniel/danbot_v1_ws/install/controlador_motores_v2:/home/daniel/danbot_v1_ws/install/controlador_motores_v1:/opt/ros/jazzy DEBUGINFOD_URLS=https://debuginfod.ubuntu.com /usr/bin/cmake --build /home/daniel/danbot_v1_ws/build/test_ground -- -j4 -l4
[2.613s] DEBUG:colcon.colcon_core.event_handler.log_command:Invoking command in '/home/daniel/danbot_v1_ws/build/test_ground': CMAKE_PREFIX_PATH=${CMAKE_PREFIX_PATH}:/home/daniel/danbot_v1_ws/install/cinematica_v1:/home/daniel/danbot_v1_ws/install/controlador_motores_v2:/home/daniel/danbot_v1_ws/install/controlador_motores_v1:/opt/ros/jazzy DEBUGINFOD_URLS=https://debuginfod.ubuntu.com /usr/bin/cmake --install /home/daniel/danbot_v1_ws/build/test_ground
[2.658s] Level 1:colcon.colcon_core.environment:create_environment_scripts_only(test_ground)
[2.658s] Level 1:colcon.colcon_core.environment:checking '/home/daniel/danbot_v1_ws/install/test_ground' for CMake module files
[2.659s] Level 1:colcon.colcon_core.environment:checking '/home/daniel/danbot_v1_ws/install/test_ground' for CMake config files
[2.660s] Level 1:colcon.colcon_core.shell:create_environment_hook('test_ground', 'cmake_prefix_path')
[2.660s] INFO:colcon.colcon_core.shell:Creating environment hook '/home/daniel/danbot_v1_ws/install/test_ground/share/test_ground/hook/cmake_prefix_path.ps1'
[2.660s] DEBUG:colcon.colcon_core.event_handler.log_command:Invoked command in '/home/daniel/danbot_v1_ws/build/test_ground' returned '0': CMAKE_PREFIX_PATH=${CMAKE_PREFIX_PATH}:/home/daniel/danbot_v1_ws/install/cinematica_v1:/home/daniel/danbot_v1_ws/install/controlador_motores_v2:/home/daniel/danbot_v1_ws/install/controlador_motores_v1:/opt/ros/jazzy DEBUGINFOD_URLS=https://debuginfod.ubuntu.com /usr/bin/cmake --install /home/daniel/danbot_v1_ws/build/test_ground
[2.662s] INFO:colcon.colcon_core.shell:Creating environment descriptor '/home/daniel/danbot_v1_ws/install/test_ground/share/test_ground/hook/cmake_prefix_path.dsv'
[2.663s] INFO:colcon.colcon_core.shell:Creating environment hook '/home/daniel/danbot_v1_ws/install/test_ground/share/test_ground/hook/cmake_prefix_path.sh'
[2.665s] Level 1:colcon.colcon_core.environment:checking '/home/daniel/danbot_v1_ws/install/test_ground/lib'
[2.665s] Level 1:colcon.colcon_core.environment:checking '/home/daniel/danbot_v1_ws/install/test_ground/bin'
[2.665s] Level 1:colcon.colcon_core.environment:checking '/home/daniel/danbot_v1_ws/install/test_ground/lib/pkgconfig/test_ground.pc'
[2.665s] Level 1:colcon.colcon_core.environment:checking '/home/daniel/danbot_v1_ws/install/test_ground/lib/python3.12/site-packages'
[2.665s] Level 1:colcon.colcon_core.environment:checking '/home/daniel/danbot_v1_ws/install/test_ground/bin'
[2.666s] INFO:colcon.colcon_core.shell:Creating package script '/home/daniel/danbot_v1_ws/install/test_ground/share/test_ground/package.ps1'
[2.667s] INFO:colcon.colcon_core.shell:Creating package descriptor '/home/daniel/danbot_v1_ws/install/test_ground/share/test_ground/package.dsv'
[2.667s] INFO:colcon.colcon_core.shell:Creating package script '/home/daniel/danbot_v1_ws/install/test_ground/share/test_ground/package.sh'
[2.668s] INFO:colcon.colcon_core.shell:Creating package script '/home/daniel/danbot_v1_ws/install/test_ground/share/test_ground/package.bash'
[2.669s] INFO:colcon.colcon_core.shell:Creating package script '/home/daniel/danbot_v1_ws/install/test_ground/share/test_ground/package.zsh'
[2.670s] Level 1:colcon.colcon_core.environment:create_file_with_runtime_dependencies(/home/daniel/danbot_v1_ws/install/test_ground/share/colcon-core/packages/test_ground)
[2.733s] Level 1:colcon.colcon_core.environment:create_environment_scripts_only(test_ground)
[2.733s] Level 1:colcon.colcon_core.environment:checking '/home/daniel/danbot_v1_ws/install/test_ground' for CMake module files
[2.734s] Level 1:colcon.colcon_core.environment:checking '/home/daniel/danbot_v1_ws/install/test_ground' for CMake config files
[2.735s] Level 1:colcon.colcon_core.shell:create_environment_hook('test_ground', 'cmake_prefix_path')
[2.735s] INFO:colcon.colcon_core.shell:Creating environment hook '/home/daniel/danbot_v1_ws/install/test_ground/share/test_ground/hook/cmake_prefix_path.ps1'
[2.737s] INFO:colcon.colcon_core.shell:Creating environment descriptor '/home/daniel/danbot_v1_ws/install/test_ground/share/test_ground/hook/cmake_prefix_path.dsv'
[2.737s] INFO:colcon.colcon_core.shell:Creating environment hook '/home/daniel/danbot_v1_ws/install/test_ground/share/test_ground/hook/cmake_prefix_path.sh'
[2.738s] Level 1:colcon.colcon_core.environment:checking '/home/daniel/danbot_v1_ws/install/test_ground/lib'
[2.738s] Level 1:colcon.colcon_core.environment:checking '/home/daniel/danbot_v1_ws/install/test_ground/bin'
[2.738s] Level 1:colcon.colcon_core.environment:checking '/home/daniel/danbot_v1_ws/install/test_ground/lib/pkgconfig/test_ground.pc'
[2.739s] Level 1:colcon.colcon_core.environment:checking '/home/daniel/danbot_v1_ws/install/test_ground/lib/python3.12/site-packages'
[2.740s] Level 1:colcon.colcon_core.environment:checking '/home/daniel/danbot_v1_ws/install/test_ground/bin'
[2.740s] INFO:colcon.colcon_core.shell:Creating package script '/home/daniel/danbot_v1_ws/install/test_ground/share/test_ground/package.ps1'
[2.742s] INFO:colcon.colcon_core.shell:Creating package descriptor '/home/daniel/danbot_v1_ws/install/test_ground/share/test_ground/package.dsv'
[2.743s] INFO:colcon.colcon_core.shell:Creating package script '/home/daniel/danbot_v1_ws/install/test_ground/share/test_ground/package.sh'
[2.743s] INFO:colcon.colcon_core.shell:Creating package script '/home/daniel/danbot_v1_ws/install/test_ground/share/test_ground/package.bash'
[2.744s] INFO:colcon.colcon_core.shell:Creating package script '/home/daniel/danbot_v1_ws/install/test_ground/share/test_ground/package.zsh'
[2.745s] Level 1:colcon.colcon_core.environment:create_file_with_runtime_dependencies(/home/daniel/danbot_v1_ws/install/test_ground/share/colcon-core/packages/test_ground)
[3.364s] Level 1:colcon.colcon_core.shell:create_environment_hook('controlador_motores_v2', 'pythonpath_develop')
[3.365s] INFO:colcon.colcon_core.shell:Creating environment hook '/home/daniel/danbot_v1_ws/build/controlador_motores_v2/share/controlador_motores_v2/hook/pythonpath_develop.ps1'
[3.366s] INFO:colcon.colcon_core.shell:Creating environment descriptor '/home/daniel/danbot_v1_ws/build/controlador_motores_v2/share/controlador_motores_v2/hook/pythonpath_develop.dsv'
[3.366s] INFO:colcon.colcon_core.shell:Creating environment hook '/home/daniel/danbot_v1_ws/build/controlador_motores_v2/share/controlador_motores_v2/hook/pythonpath_develop.sh'
[3.367s] Level 1:colcon.colcon_core.environment:checking '/home/daniel/danbot_v1_ws/install/controlador_motores_v2' for CMake module files
[3.365s] DEBUG:colcon.colcon_core.event_handler.log_command:Invoked command in '/home/daniel/danbot_v1_ws/build/controlador_motores_v2' returned '0': DEBUGINFOD_URLS=https://debuginfod.ubuntu.com PYTHONPATH=/home/daniel/danbot_v1_ws/build/controlador_motores_v2/prefix_override:/usr/lib/python3/dist-packages/colcon_core/task/python/colcon_distutils_commands:/home/daniel/danbot_v1_ws/install/controlador_motores_v2/lib/python3.12/site-packages:${PYTHONPATH} /usr/bin/python3 -W ignore:setup.py install is deprecated setup.py develop --editable --build-directory /home/daniel/danbot_v1_ws/build/controlador_motores_v2/build --no-deps symlink_data
[3.368s] Level 1:colcon.colcon_core.environment:checking '/home/daniel/danbot_v1_ws/install/controlador_motores_v2' for CMake config files
[3.368s] Level 1:colcon.colcon_core.environment:checking '/home/daniel/danbot_v1_ws/install/controlador_motores_v2/lib'
[3.369s] Level 1:colcon.colcon_core.environment:checking '/home/daniel/danbot_v1_ws/install/controlador_motores_v2/bin'
[3.369s] Level 1:colcon.colcon_core.environment:checking '/home/daniel/danbot_v1_ws/install/controlador_motores_v2/lib/pkgconfig/controlador_motores_v2.pc'
[3.369s] Level 1:colcon.colcon_core.environment:checking '/home/daniel/danbot_v1_ws/install/controlador_motores_v2/lib/python3.12/site-packages'
[3.369s] Level 1:colcon.colcon_core.shell:create_environment_hook('controlador_motores_v2', 'pythonpath')
[3.370s] INFO:colcon.colcon_core.shell:Creating environment hook '/home/daniel/danbot_v1_ws/install/controlador_motores_v2/share/controlador_motores_v2/hook/pythonpath.ps1'
[3.370s] INFO:colcon.colcon_core.shell:Creating environment descriptor '/home/daniel/danbot_v1_ws/install/controlador_motores_v2/share/controlador_motores_v2/hook/pythonpath.dsv'
[3.371s] INFO:colcon.colcon_core.shell:Creating environment hook '/home/daniel/danbot_v1_ws/install/controlador_motores_v2/share/controlador_motores_v2/hook/pythonpath.sh'
[3.372s] Level 1:colcon.colcon_core.environment:checking '/home/daniel/danbot_v1_ws/install/controlador_motores_v2/bin'
[3.372s] Level 1:colcon.colcon_core.environment:create_environment_scripts_only(controlador_motores_v2)
[3.372s] INFO:colcon.colcon_core.shell:Creating package script '/home/daniel/danbot_v1_ws/install/controlador_motores_v2/share/controlador_motores_v2/package.ps1'
[3.374s] INFO:colcon.colcon_core.shell:Creating package descriptor '/home/daniel/danbot_v1_ws/install/controlador_motores_v2/share/controlador_motores_v2/package.dsv'
[3.375s] INFO:colcon.colcon_core.shell:Creating package script '/home/daniel/danbot_v1_ws/install/controlador_motores_v2/share/controlador_motores_v2/package.sh'
[3.376s] INFO:colcon.colcon_core.shell:Creating package script '/home/daniel/danbot_v1_ws/install/controlador_motores_v2/share/controlador_motores_v2/package.bash'
[3.376s] INFO:colcon.colcon_core.shell:Creating package script '/home/daniel/danbot_v1_ws/install/controlador_motores_v2/share/controlador_motores_v2/package.zsh'
[3.377s] Level 1:colcon.colcon_core.environment:create_file_with_runtime_dependencies(/home/daniel/danbot_v1_ws/install/controlador_motores_v2/share/colcon-core/packages/controlador_motores_v2)
[3.395s] Level 1:colcon.colcon_core.shell:create_environment_hook('cinematica_v1', 'pythonpath_develop')
[3.395s] INFO:colcon.colcon_core.shell:Creating environment hook '/home/daniel/danbot_v1_ws/build/cinematica_v1/share/cinematica_v1/hook/pythonpath_develop.ps1'
[3.396s] INFO:colcon.colcon_core.shell:Creating environment descriptor '/home/daniel/danbot_v1_ws/build/cinematica_v1/share/cinematica_v1/hook/pythonpath_develop.dsv'
[3.397s] DEBUG:colcon.colcon_core.event_handler.log_command:Invoked command in '/home/daniel/danbot_v1_ws/build/cinematica_v1' returned '0': DEBUGINFOD_URLS=https://debuginfod.ubuntu.com PYTHONPATH=/home/daniel/danbot_v1_ws/build/cinematica_v1/prefix_override:/usr/lib/python3/dist-packages/colcon_core/task/python/colcon_distutils_commands:/home/daniel/danbot_v1_ws/install/cinematica_v1/lib/python3.12/site-packages:${PYTHONPATH} /usr/bin/python3 -W ignore:setup.py install is deprecated setup.py develop --editable --build-directory /home/daniel/danbot_v1_ws/build/cinematica_v1/build --no-deps symlink_data
[3.398s] INFO:colcon.colcon_core.shell:Creating environment hook '/home/daniel/danbot_v1_ws/build/cinematica_v1/share/cinematica_v1/hook/pythonpath_develop.sh'
[3.399s] Level 1:colcon.colcon_core.environment:checking '/home/daniel/danbot_v1_ws/install/cinematica_v1' for CMake module files
[3.400s] Level 1:colcon.colcon_core.environment:checking '/home/daniel/danbot_v1_ws/install/cinematica_v1' for CMake config files
[3.401s] Level 1:colcon.colcon_core.environment:checking '/home/daniel/danbot_v1_ws/install/cinematica_v1/lib'
[3.401s] Level 1:colcon.colcon_core.environment:checking '/home/daniel/danbot_v1_ws/install/cinematica_v1/bin'
[3.401s] Level 1:colcon.colcon_core.environment:checking '/home/daniel/danbot_v1_ws/install/cinematica_v1/lib/pkgconfig/cinematica_v1.pc'
[3.401s] Level 1:colcon.colcon_core.environment:checking '/home/daniel/danbot_v1_ws/install/cinematica_v1/lib/python3.12/site-packages'
[3.402s] Level 1:colcon.colcon_core.shell:create_environment_hook('cinematica_v1', 'pythonpath')
[3.402s] INFO:colcon.colcon_core.shell:Creating environment hook '/home/daniel/danbot_v1_ws/install/cinematica_v1/share/cinematica_v1/hook/pythonpath.ps1'
[3.403s] INFO:colcon.colcon_core.shell:Creating environment descriptor '/home/daniel/danbot_v1_ws/install/cinematica_v1/share/cinematica_v1/hook/pythonpath.dsv'
[3.404s] INFO:colcon.colcon_core.shell:Creating environment hook '/home/daniel/danbot_v1_ws/install/cinematica_v1/share/cinematica_v1/hook/pythonpath.sh'
[3.405s] Level 1:colcon.colcon_core.environment:checking '/home/daniel/danbot_v1_ws/install/cinematica_v1/bin'
[3.405s] Level 1:colcon.colcon_core.environment:create_environment_scripts_only(cinematica_v1)
[3.405s] INFO:colcon.colcon_core.shell:Creating package script '/home/daniel/danbot_v1_ws/install/cinematica_v1/share/cinematica_v1/package.ps1'
[3.407s] INFO:colcon.colcon_core.shell:Creating package descriptor '/home/daniel/danbot_v1_ws/install/cinematica_v1/share/cinematica_v1/package.dsv'
[3.407s] INFO:colcon.colcon_core.shell:Creating package script '/home/daniel/danbot_v1_ws/install/cinematica_v1/share/cinematica_v1/package.sh'
[3.408s] INFO:colcon.colcon_core.shell:Creating package script '/home/daniel/danbot_v1_ws/install/cinematica_v1/share/cinematica_v1/package.bash'
[3.409s] INFO:colcon.colcon_core.shell:Creating package script '/home/daniel/danbot_v1_ws/install/cinematica_v1/share/cinematica_v1/package.zsh'
[3.410s] Level 1:colcon.colcon_core.environment:create_file_with_runtime_dependencies(/home/daniel/danbot_v1_ws/install/cinematica_v1/share/colcon-core/packages/cinematica_v1)
[3.445s] Level 1:colcon.colcon_core.shell:create_environment_hook('controlador_motores_v1', 'pythonpath_develop')
[3.445s] INFO:colcon.colcon_core.shell:Creating environment hook '/home/daniel/danbot_v1_ws/build/controlador_motores_v1/share/controlador_motores_v1/hook/pythonpath_develop.ps1'
[3.446s] DEBUG:colcon.colcon_core.event_handler.log_command:Invoked command in '/home/daniel/danbot_v1_ws/build/controlador_motores_v1' returned '0': DEBUGINFOD_URLS=https://debuginfod.ubuntu.com PYTHONPATH=/home/daniel/danbot_v1_ws/build/controlador_motores_v1/prefix_override:/usr/lib/python3/dist-packages/colcon_core/task/python/colcon_distutils_commands:/home/daniel/danbot_v1_ws/install/controlador_motores_v1/lib/python3.12/site-packages:${PYTHONPATH} /usr/bin/python3 -W ignore:setup.py install is deprecated setup.py develop --editable --build-directory /home/daniel/danbot_v1_ws/build/controlador_motores_v1/build --no-deps symlink_data
[3.446s] INFO:colcon.colcon_core.shell:Creating environment descriptor '/home/daniel/danbot_v1_ws/build/controlador_motores_v1/share/controlador_motores_v1/hook/pythonpath_develop.dsv'
[3.447s] INFO:colcon.colcon_core.shell:Creating environment hook '/home/daniel/danbot_v1_ws/build/controlador_motores_v1/share/controlador_motores_v1/hook/pythonpath_develop.sh'
[3.448s] Level 1:colcon.colcon_core.environment:checking '/home/daniel/danbot_v1_ws/install/controlador_motores_v1' for CMake module files
[3.448s] Level 1:colcon.colcon_core.environment:checking '/home/daniel/danbot_v1_ws/install/controlador_motores_v1' for CMake config files
[3.449s] Level 1:colcon.colcon_core.environment:checking '/home/daniel/danbot_v1_ws/install/controlador_motores_v1/lib'
[3.449s] Level 1:colcon.colcon_core.environment:checking '/home/daniel/danbot_v1_ws/install/controlador_motores_v1/bin'
[3.449s] Level 1:colcon.colcon_core.environment:checking '/home/daniel/danbot_v1_ws/install/controlador_motores_v1/lib/pkgconfig/controlador_motores_v1.pc'
[3.450s] Level 1:colcon.colcon_core.environment:checking '/home/daniel/danbot_v1_ws/install/controlador_motores_v1/lib/python3.12/site-packages'
[3.450s] Level 1:colcon.colcon_core.shell:create_environment_hook('controlador_motores_v1', 'pythonpath')
[3.450s] INFO:colcon.colcon_core.shell:Creating environment hook '/home/daniel/danbot_v1_ws/install/controlador_motores_v1/share/controlador_motores_v1/hook/pythonpath.ps1'
[3.450s] INFO:colcon.colcon_core.shell:Creating environment descriptor '/home/daniel/danbot_v1_ws/install/controlador_motores_v1/share/controlador_motores_v1/hook/pythonpath.dsv'
[3.451s] INFO:colcon.colcon_core.shell:Creating environment hook '/home/daniel/danbot_v1_ws/install/controlador_motores_v1/share/controlador_motores_v1/hook/pythonpath.sh'
[3.451s] Level 1:colcon.colcon_core.environment:checking '/home/daniel/danbot_v1_ws/install/controlador_motores_v1/bin'
[3.452s] Level 1:colcon.colcon_core.environment:create_environment_scripts_only(controlador_motores_v1)
[3.452s] INFO:colcon.colcon_core.shell:Creating package script '/home/daniel/danbot_v1_ws/install/controlador_motores_v1/share/controlador_motores_v1/package.ps1'
[3.452s] INFO:colcon.colcon_core.shell:Creating package descriptor '/home/daniel/danbot_v1_ws/install/controlador_motores_v1/share/controlador_motores_v1/package.dsv'
[3.453s] INFO:colcon.colcon_core.shell:Creating package script '/home/daniel/danbot_v1_ws/install/controlador_motores_v1/share/controlador_motores_v1/package.sh'
[3.454s] INFO:colcon.colcon_core.shell:Creating package script '/home/daniel/danbot_v1_ws/install/controlador_motores_v1/share/controlador_motores_v1/package.bash'
[3.454s] INFO:colcon.colcon_core.shell:Creating package script '/home/daniel/danbot_v1_ws/install/controlador_motores_v1/share/controlador_motores_v1/package.zsh'
[3.454s] Level 1:colcon.colcon_core.environment:create_file_with_runtime_dependencies(/home/daniel/danbot_v1_ws/install/controlador_motores_v1/share/colcon-core/packages/controlador_motores_v1)
[3.455s] DEBUG:colcon.colcon_parallel_executor.executor.parallel:closing loop
[3.455s] DEBUG:colcon.colcon_parallel_executor.executor.parallel:loop closed
[3.455s] DEBUG:colcon.colcon_parallel_executor.executor.parallel:run_until_complete finished with '0'
[3.455s] DEBUG:colcon.colcon_core.event_reactor:joining thread
[3.462s] INFO:colcon.colcon_core.plugin_system:Skipping extension 'colcon_notification.desktop_notification.terminal_notifier': Not used on non-Darwin systems
[3.462s] INFO:colcon.colcon_core.plugin_system:Skipping extension 'colcon_notification.desktop_notification.win32': Not used on non-Windows systems
[3.462s] INFO:colcon.colcon_notification.desktop_notification:Sending desktop notification using 'notify2'
[3.479s] DEBUG:colcon.colcon_core.event_reactor:joined thread
[3.480s] INFO:colcon.colcon_core.shell:Creating prefix script '/home/daniel/danbot_v1_ws/install/local_setup.ps1'
[3.481s] INFO:colcon.colcon_core.shell:Creating prefix util module '/home/daniel/danbot_v1_ws/install/_local_setup_util_ps1.py'
[3.482s] INFO:colcon.colcon_core.shell:Creating prefix chain script '/home/daniel/danbot_v1_ws/install/setup.ps1'
[3.484s] INFO:colcon.colcon_core.shell:Creating prefix script '/home/daniel/danbot_v1_ws/install/local_setup.sh'
[3.485s] INFO:colcon.colcon_core.shell:Creating prefix util module '/home/daniel/danbot_v1_ws/install/_local_setup_util_sh.py'
[3.486s] INFO:colcon.colcon_core.shell:Creating prefix chain script '/home/daniel/danbot_v1_ws/install/setup.sh'
[3.488s] INFO:colcon.colcon_core.shell:Creating prefix script '/home/daniel/danbot_v1_ws/install/local_setup.bash'
[3.489s] INFO:colcon.colcon_core.shell:Creating prefix chain script '/home/daniel/danbot_v1_ws/install/setup.bash'
[3.491s] INFO:colcon.colcon_core.shell:Creating prefix script '/home/daniel/danbot_v1_ws/install/local_setup.zsh'
[3.492s] INFO:colcon.colcon_core.shell:Creating prefix chain script '/home/daniel/danbot_v1_ws/install/setup.zsh'
