[0.019s] Invoking command in '/home/daniel/danbot_v1_ws/build/rf2o_laser_odometry': CMAKE_PREFIX_PATH=${CMAKE_PREFIX_PATH}:/opt/ros/jazzy DEBUGINFOD_URLS=https://debuginfod.ubuntu.com /usr/bin/cmake --build /home/daniel/danbot_v1_ws/build/rf2o_laser_odometry -- -j4 -l4
[0.134s] [ 40%] Built target rf2o_laser_odometry
[0.153s] [100%] Built target rf2o_laser_odometry_node
[0.192s] Invoked command in '/home/daniel/danbot_v1_ws/build/rf2o_laser_odometry' returned '0': CMAKE_PREFIX_PATH=${CMAKE_PREFIX_PATH}:/opt/ros/jazzy DEBUGINFOD_URLS=https://debuginfod.ubuntu.com /usr/bin/cmake --build /home/daniel/danbot_v1_ws/build/rf2o_laser_odometry -- -j4 -l4
[0.258s] Invoking command in '/home/daniel/danbot_v1_ws/build/rf2o_laser_odometry': CMAKE_PREFIX_PATH=${CMAKE_PREFIX_PATH}:/opt/ros/jazzy DEBUGINFOD_URLS=https://debuginfod.ubuntu.com /usr/bin/cmake --install /home/daniel/danbot_v1_ws/build/rf2o_laser_odometry
[0.270s] -- Install configuration: ""
[0.271s] -- Execute custom install script
[0.272s] -- Up-to-date symlink: /home/daniel/danbot_v1_ws/install/rf2o_laser_odometry/lib/rf2o_laser_odometry/rf2o_laser_odometry_node
[0.273s] -- Up-to-date symlink: /home/daniel/danbot_v1_ws/install/rf2o_laser_odometry/share/rf2o_laser_odometry/launch/rf2o_laser_odometry.launch.py
[0.273s] -- Up-to-date symlink: /home/daniel/danbot_v1_ws/install/rf2o_laser_odometry/share/ament_index/resource_index/package_run_dependencies/rf2o_laser_odometry
[0.274s] -- Up-to-date symlink: /home/daniel/danbot_v1_ws/install/rf2o_laser_odometry/share/ament_index/resource_index/parent_prefix_path/rf2o_laser_odometry
[0.275s] -- Up-to-date symlink: /home/daniel/danbot_v1_ws/install/rf2o_laser_odometry/share/rf2o_laser_odometry/environment/ament_prefix_path.sh
[0.275s] -- Up-to-date symlink: /home/daniel/danbot_v1_ws/install/rf2o_laser_odometry/share/rf2o_laser_odometry/environment/ament_prefix_path.dsv
[0.277s] -- Up-to-date symlink: /home/daniel/danbot_v1_ws/install/rf2o_laser_odometry/share/rf2o_laser_odometry/environment/path.sh
[0.277s] -- Up-to-date symlink: /home/daniel/danbot_v1_ws/install/rf2o_laser_odometry/share/rf2o_laser_odometry/environment/path.dsv
[0.277s] -- Up-to-date symlink: /home/daniel/danbot_v1_ws/install/rf2o_laser_odometry/share/rf2o_laser_odometry/local_setup.bash
[0.277s] -- Up-to-date symlink: /home/daniel/danbot_v1_ws/install/rf2o_laser_odometry/share/rf2o_laser_odometry/local_setup.sh
[0.277s] -- Up-to-date symlink: /home/daniel/danbot_v1_ws/install/rf2o_laser_odometry/share/rf2o_laser_odometry/local_setup.zsh
[0.278s] -- Up-to-date symlink: /home/daniel/danbot_v1_ws/install/rf2o_laser_odometry/share/rf2o_laser_odometry/local_setup.dsv
[0.282s] -- Symlinking: /home/daniel/danbot_v1_ws/install/rf2o_laser_odometry/share/rf2o_laser_odometry/package.dsv
[0.296s] -- Up-to-date symlink: /home/daniel/danbot_v1_ws/install/rf2o_laser_odometry/share/ament_index/resource_index/packages/rf2o_laser_odometry
[0.297s] -- Up-to-date symlink: /home/daniel/danbot_v1_ws/install/rf2o_laser_odometry/share/rf2o_laser_odometry/cmake/rf2o_laser_odometryConfig.cmake
[0.297s] -- Up-to-date symlink: /home/daniel/danbot_v1_ws/install/rf2o_laser_odometry/share/rf2o_laser_odometry/cmake/rf2o_laser_odometryConfig-version.cmake
[0.300s] -- Up-to-date symlink: /home/daniel/danbot_v1_ws/install/rf2o_laser_odometry/share/rf2o_laser_odometry/package.xml
[0.303s] Invoked command in '/home/daniel/danbot_v1_ws/build/rf2o_laser_odometry' returned '0': CMAKE_PREFIX_PATH=${CMAKE_PREFIX_PATH}:/opt/ros/jazzy DEBUGINFOD_URLS=https://debuginfod.ubuntu.com /usr/bin/cmake --install /home/daniel/danbot_v1_ws/build/rf2o_laser_odometry
