[1.396s] Invoking command in '/home/daniel/danbot_v1_ws/build/controlador_motores_v1': DEBUGINFOD_URLS=https://debuginfod.ubuntu.com PYTHONPATH=/home/daniel/danbot_v1_ws/build/controlador_motores_v1/prefix_override:/usr/lib/python3/dist-packages/colcon_core/task/python/colcon_distutils_commands:/home/daniel/danbot_v1_ws/install/controlador_motores_v1/lib/python3.12/site-packages:${PYTHONPATH} /usr/bin/python3 -W ignore:setup.py install is deprecated setup.py develop --editable --build-directory /home/daniel/danbot_v1_ws/build/controlador_motores_v1/build --no-deps symlink_data
[1.790s] running develop
[1.791s] /usr/lib/python3/dist-packages/setuptools/command/develop.py:40: EasyInstallDeprecationWarning: easy_install command is deprecated.
[1.791s] !!
[1.791s] 
[1.791s]         ********************************************************************************
[1.791s]         Please avoid running ``setup.py`` and ``easy_install``.
[1.791s]         Instead, use pypa/build, pypa/installer or other
[1.791s]         standards-based tools.
[1.792s] 
[1.792s]         See https://github.com/pypa/setuptools/issues/917 for details.
[1.792s]         ********************************************************************************
[1.792s] 
[1.792s] !!
[1.792s]   easy_install.initialize_options(self)
[2.029s] running egg_info
[2.052s] writing controlador_motores_v1.egg-info/PKG-INFO
[2.053s] writing dependency_links to controlador_motores_v1.egg-info/dependency_links.txt
[2.053s] writing entry points to controlador_motores_v1.egg-info/entry_points.txt
[2.053s] writing requirements to controlador_motores_v1.egg-info/requires.txt
[2.053s] writing top-level names to controlador_motores_v1.egg-info/top_level.txt
[2.100s] reading manifest file 'controlador_motores_v1.egg-info/SOURCES.txt'
[2.101s] writing manifest file 'controlador_motores_v1.egg-info/SOURCES.txt'
[2.126s] running build_ext
[2.126s] Creating /home/daniel/danbot_v1_ws/install/controlador_motores_v1/lib/python3.12/site-packages/controlador-motores-v1.egg-link (link to .)
[2.127s] Installing motor_controller script to /home/daniel/danbot_v1_ws/install/controlador_motores_v1/lib/controlador_motores_v1
[2.127s] 
[2.127s] Installed /home/daniel/danbot_v1_ws/build/controlador_motores_v1
[2.128s] running symlink_data
[2.178s] Invoked command in '/home/daniel/danbot_v1_ws/build/controlador_motores_v1' returned '0': DEBUGINFOD_URLS=https://debuginfod.ubuntu.com PYTHONPATH=/home/daniel/danbot_v1_ws/build/controlador_motores_v1/prefix_override:/usr/lib/python3/dist-packages/colcon_core/task/python/colcon_distutils_commands:/home/daniel/danbot_v1_ws/install/controlador_motores_v1/lib/python3.12/site-packages:${PYTHONPATH} /usr/bin/python3 -W ignore:setup.py install is deprecated setup.py develop --editable --build-directory /home/daniel/danbot_v1_ws/build/controlador_motores_v1/build --no-deps symlink_data
