[1.173s] Invoking command in '/home/daniel/danbot_v1_ws/build/controlador_motores_v1': DEBUGINFOD_URLS=https://debuginfod.ubuntu.com PYTHONPATH=/home/daniel/danbot_v1_ws/build/controlador_motores_v1/prefix_override:/usr/lib/python3/dist-packages/colcon_core/task/python/colcon_distutils_commands:/home/daniel/danbot_v1_ws/install/controlador_motores_v1/lib/python3.12/site-packages:${PYTHONPATH} /usr/bin/python3 -W ignore:setup.py install is deprecated setup.py develop --editable --build-directory /home/daniel/danbot_v1_ws/build/controlador_motores_v1/build --no-deps symlink_data
[1.531s] running develop
[1.531s] /usr/lib/python3/dist-packages/setuptools/command/develop.py:40: EasyInstallDeprecationWarning: easy_install command is deprecated.
[1.532s] !!
[1.532s] 
[1.532s]         ********************************************************************************
[1.532s]         Please avoid running ``setup.py`` and ``easy_install``.
[1.532s]         Instead, use pypa/build, pypa/installer or other
[1.532s]         standards-based tools.
[1.532s] 
[1.532s]         See https://github.com/pypa/setuptools/issues/917 for details.
[1.532s]         ********************************************************************************
[1.532s] 
[1.532s] !!
[1.532s]   easy_install.initialize_options(self)
[1.756s] running egg_info
[1.777s] writing controlador_motores_v1.egg-info/PKG-INFO
[1.777s] writing dependency_links to controlador_motores_v1.egg-info/dependency_links.txt
[1.777s] writing entry points to controlador_motores_v1.egg-info/entry_points.txt
[1.778s] writing requirements to controlador_motores_v1.egg-info/requires.txt
[1.778s] writing top-level names to controlador_motores_v1.egg-info/top_level.txt
[1.822s] reading manifest file 'controlador_motores_v1.egg-info/SOURCES.txt'
[1.823s] writing manifest file 'controlador_motores_v1.egg-info/SOURCES.txt'
[1.846s] running build_ext
[1.847s] Creating /home/daniel/danbot_v1_ws/install/controlador_motores_v1/lib/python3.12/site-packages/controlador-motores-v1.egg-link (link to .)
[1.847s] Installing motor_controller script to /home/daniel/danbot_v1_ws/install/controlador_motores_v1/lib/controlador_motores_v1
[1.848s] 
[1.848s] Installed /home/daniel/danbot_v1_ws/build/controlador_motores_v1
[1.848s] running symlink_data
[1.886s] Invoked command in '/home/daniel/danbot_v1_ws/build/controlador_motores_v1' returned '0': DEBUGINFOD_URLS=https://debuginfod.ubuntu.com PYTHONPATH=/home/daniel/danbot_v1_ws/build/controlador_motores_v1/prefix_override:/usr/lib/python3/dist-packages/colcon_core/task/python/colcon_distutils_commands:/home/daniel/danbot_v1_ws/install/controlador_motores_v1/lib/python3.12/site-packages:${PYTHONPATH} /usr/bin/python3 -W ignore:setup.py install is deprecated setup.py develop --editable --build-directory /home/daniel/danbot_v1_ws/build/controlador_motores_v1/build --no-deps symlink_data
