[1.207s] Invoking command in '/home/daniel/danbot_v1_ws/build/controlador_motores_v1': DEBUGINFOD_URLS=https://debuginfod.ubuntu.com PYTHONPATH=/home/daniel/danbot_v1_ws/build/controlador_motores_v1/prefix_override:/usr/lib/python3/dist-packages/colcon_core/task/python/colcon_distutils_commands:/home/daniel/danbot_v1_ws/install/controlador_motores_v1/lib/python3.12/site-packages:${PYTHONPATH} /usr/bin/python3 -W ignore:setup.py install is deprecated setup.py develop --editable --build-directory /home/daniel/danbot_v1_ws/build/controlador_motores_v1/build --no-deps symlink_data
[1.616s] running develop
[1.616s] /usr/lib/python3/dist-packages/setuptools/command/develop.py:40: EasyInstallDeprecationWarning: easy_install command is deprecated.
[1.616s] !!
[1.616s] 
[1.616s]         ********************************************************************************
[1.616s]         Please avoid running ``setup.py`` and ``easy_install``.
[1.616s]         Instead, use pypa/build, pypa/installer or other
[1.617s]         standards-based tools.
[1.617s] 
[1.617s]         See https://github.com/pypa/setuptools/issues/917 for details.
[1.617s]         ********************************************************************************
[1.617s] 
[1.617s] !!
[1.617s]   easy_install.initialize_options(self)
[1.857s] running egg_info
[1.881s] writing controlador_motores_v1.egg-info/PKG-INFO
[1.881s] writing dependency_links to controlador_motores_v1.egg-info/dependency_links.txt
[1.881s] writing entry points to controlador_motores_v1.egg-info/entry_points.txt
[1.881s] writing requirements to controlador_motores_v1.egg-info/requires.txt
[1.882s] writing top-level names to controlador_motores_v1.egg-info/top_level.txt
[1.932s] reading manifest file 'controlador_motores_v1.egg-info/SOURCES.txt'
[1.933s] writing manifest file 'controlador_motores_v1.egg-info/SOURCES.txt'
[1.960s] running build_ext
[1.960s] Creating /home/daniel/danbot_v1_ws/install/controlador_motores_v1/lib/python3.12/site-packages/controlador-motores-v1.egg-link (link to .)
[1.960s] Installing motor_controller script to /home/daniel/danbot_v1_ws/install/controlador_motores_v1/lib/controlador_motores_v1
[1.961s] 
[1.961s] Installed /home/daniel/danbot_v1_ws/build/controlador_motores_v1
[1.962s] running symlink_data
[2.011s] Invoked command in '/home/daniel/danbot_v1_ws/build/controlador_motores_v1' returned '0': DEBUGINFOD_URLS=https://debuginfod.ubuntu.com PYTHONPATH=/home/daniel/danbot_v1_ws/build/controlador_motores_v1/prefix_override:/usr/lib/python3/dist-packages/colcon_core/task/python/colcon_distutils_commands:/home/daniel/danbot_v1_ws/install/controlador_motores_v1/lib/python3.12/site-packages:${PYTHONPATH} /usr/bin/python3 -W ignore:setup.py install is deprecated setup.py develop --editable --build-directory /home/daniel/danbot_v1_ws/build/controlador_motores_v1/build --no-deps symlink_data
