[0.852s] Invoking command in '/home/daniel/danbot_v1_ws/build/omni_cartographer': CMAKE_PREFIX_PATH=${CMAKE_PREFIX_PATH}:/home/daniel/danbot_v1_ws/install/cinematica_v1:/home/daniel/danbot_v1_ws/install/controlador_motores_v2:/home/daniel/danbot_v1_ws/install/controlador_motores_v1:/opt/ros/jazzy DEBUGINFOD_URLS=https://debuginfod.ubuntu.com /usr/bin/cmake --build /home/daniel/danbot_v1_ws/build/omni_cartographer -- -j4 -l4
[0.913s] Invoked command in '/home/daniel/danbot_v1_ws/build/omni_cartographer' returned '0': CMAKE_PREFIX_PATH=${CMAKE_PREFIX_PATH}:/home/daniel/danbot_v1_ws/install/cinematica_v1:/home/daniel/danbot_v1_ws/install/controlador_motores_v2:/home/daniel/danbot_v1_ws/install/controlador_motores_v1:/opt/ros/jazzy DEBUGINFOD_URLS=https://debuginfod.ubuntu.com /usr/bin/cmake --build /home/daniel/danbot_v1_ws/build/omni_cartographer -- -j4 -l4
[0.966s] Invoking command in '/home/daniel/danbot_v1_ws/build/omni_cartographer': CMAKE_PREFIX_PATH=${CMAKE_PREFIX_PATH}:/home/daniel/danbot_v1_ws/install/cinematica_v1:/home/daniel/danbot_v1_ws/install/controlador_motores_v2:/home/daniel/danbot_v1_ws/install/controlador_motores_v1:/opt/ros/jazzy DEBUGINFOD_URLS=https://debuginfod.ubuntu.com /usr/bin/cmake --install /home/daniel/danbot_v1_ws/build/omni_cartographer
[0.981s] -- Install configuration: ""
[0.983s] -- Execute custom install script
[0.984s] -- Up-to-date symlink: /home/daniel/danbot_v1_ws/install/omni_cartographer/share/omni_cartographer/config/omni_lds_2d.lua
[0.985s] -- Up-to-date symlink: /home/daniel/danbot_v1_ws/install/omni_cartographer/share/omni_cartographer/launch/cartographer.launch.py
[0.986s] -- Up-to-date symlink: /home/daniel/danbot_v1_ws/install/omni_cartographer/share/omni_cartographer/launch/occupancy_grid.launch.py
[0.988s] -- Up-to-date symlink: /home/daniel/danbot_v1_ws/install/omni_cartographer/share/omni_cartographer/rviz/tb3_cartographer.rviz
[0.989s] -- Up-to-date symlink: /home/daniel/danbot_v1_ws/install/omni_cartographer/share/ament_index/resource_index/package_run_dependencies/omni_cartographer
[0.991s] -- Up-to-date symlink: /home/daniel/danbot_v1_ws/install/omni_cartographer/share/ament_index/resource_index/parent_prefix_path/omni_cartographer
[0.991s] -- Up-to-date symlink: /home/daniel/danbot_v1_ws/install/omni_cartographer/share/omni_cartographer/environment/ament_prefix_path.sh
[0.993s] -- Up-to-date symlink: /home/daniel/danbot_v1_ws/install/omni_cartographer/share/omni_cartographer/environment/ament_prefix_path.dsv
[0.994s] -- Up-to-date symlink: /home/daniel/danbot_v1_ws/install/omni_cartographer/share/omni_cartographer/environment/path.sh
[0.995s] -- Up-to-date symlink: /home/daniel/danbot_v1_ws/install/omni_cartographer/share/omni_cartographer/environment/path.dsv
[0.996s] -- Up-to-date symlink: /home/daniel/danbot_v1_ws/install/omni_cartographer/share/omni_cartographer/local_setup.bash
[0.997s] -- Up-to-date symlink: /home/daniel/danbot_v1_ws/install/omni_cartographer/share/omni_cartographer/local_setup.sh
[0.998s] -- Up-to-date symlink: /home/daniel/danbot_v1_ws/install/omni_cartographer/share/omni_cartographer/local_setup.zsh
[0.999s] -- Up-to-date symlink: /home/daniel/danbot_v1_ws/install/omni_cartographer/share/omni_cartographer/local_setup.dsv
[1.000s] -- Symlinking: /home/daniel/danbot_v1_ws/install/omni_cartographer/share/omni_cartographer/package.dsv
[1.017s] -- Up-to-date symlink: /home/daniel/danbot_v1_ws/install/omni_cartographer/share/ament_index/resource_index/packages/omni_cartographer
[1.017s] -- Up-to-date symlink: /home/daniel/danbot_v1_ws/install/omni_cartographer/share/omni_cartographer/cmake/omni_cartographerConfig.cmake
[1.017s] -- Up-to-date symlink: /home/daniel/danbot_v1_ws/install/omni_cartographer/share/omni_cartographer/cmake/omni_cartographerConfig-version.cmake
[1.018s] -- Up-to-date symlink: /home/daniel/danbot_v1_ws/install/omni_cartographer/share/omni_cartographer/package.xml
[1.022s] Invoked command in '/home/daniel/danbot_v1_ws/build/omni_cartographer' returned '0': CMAKE_PREFIX_PATH=${CMAKE_PREFIX_PATH}:/home/daniel/danbot_v1_ws/install/cinematica_v1:/home/daniel/danbot_v1_ws/install/controlador_motores_v2:/home/daniel/danbot_v1_ws/install/controlador_motores_v1:/opt/ros/jazzy DEBUGINFOD_URLS=https://debuginfod.ubuntu.com /usr/bin/cmake --install /home/daniel/danbot_v1_ws/build/omni_cartographer
