[0.031s] Invoking command in '/home/daniel/danbot_v1_ws/build/rf2o_laser_odometry': CMAKE_PREFIX_PATH=${CMAKE_PREFIX_PATH}:/opt/ros/jazzy DEBUGINFOD_URLS=https://debuginfod.ubuntu.com /usr/bin/cmake --build /home/daniel/danbot_v1_ws/build/rf2o_laser_odometry -- -j4 -l4
[0.164s] [ 40%] Built target rf2o_laser_odometry
[0.170s] [100%] Built target rf2o_laser_odometry_node
[0.192s] Invoked command in '/home/daniel/danbot_v1_ws/build/rf2o_laser_odometry' returned '0': CMAKE_PREFIX_PATH=${CMAKE_PREFIX_PATH}:/opt/ros/jazzy DEBUGINFOD_URLS=https://debuginfod.ubuntu.com /usr/bin/cmake --build /home/daniel/danbot_v1_ws/build/rf2o_laser_odometry -- -j4 -l4
[0.240s] Invoking command in '/home/daniel/danbot_v1_ws/build/rf2o_laser_odometry': CMAKE_PREFIX_PATH=${CMAKE_PREFIX_PATH}:/opt/ros/jazzy DEBUGINFOD_URLS=https://debuginfod.ubuntu.com /usr/bin/cmake --install /home/daniel/danbot_v1_ws/build/rf2o_laser_odometry
[0.253s] -- Install configuration: ""
[0.255s] -- Execute custom install script
[0.256s] -- Up-to-date symlink: /home/daniel/danbot_v1_ws/install/rf2o_laser_odometry/lib/rf2o_laser_odometry/rf2o_laser_odometry_node
[0.257s] -- Up-to-date symlink: /home/daniel/danbot_v1_ws/install/rf2o_laser_odometry/share/rf2o_laser_odometry/launch/rf2o_laser_odometry.launch.py
[0.257s] -- Up-to-date symlink: /home/daniel/danbot_v1_ws/install/rf2o_laser_odometry/share/ament_index/resource_index/package_run_dependencies/rf2o_laser_odometry
[0.258s] -- Up-to-date symlink: /home/daniel/danbot_v1_ws/install/rf2o_laser_odometry/share/ament_index/resource_index/parent_prefix_path/rf2o_laser_odometry
[0.259s] -- Up-to-date symlink: /home/daniel/danbot_v1_ws/install/rf2o_laser_odometry/share/rf2o_laser_odometry/environment/ament_prefix_path.sh
[0.260s] -- Up-to-date symlink: /home/daniel/danbot_v1_ws/install/rf2o_laser_odometry/share/rf2o_laser_odometry/environment/ament_prefix_path.dsv
[0.260s] -- Up-to-date symlink: /home/daniel/danbot_v1_ws/install/rf2o_laser_odometry/share/rf2o_laser_odometry/environment/path.sh
[0.260s] -- Up-to-date symlink: /home/daniel/danbot_v1_ws/install/rf2o_laser_odometry/share/rf2o_laser_odometry/environment/path.dsv
[0.261s] -- Up-to-date symlink: /home/daniel/danbot_v1_ws/install/rf2o_laser_odometry/share/rf2o_laser_odometry/local_setup.bash
[0.261s] -- Up-to-date symlink: /home/daniel/danbot_v1_ws/install/rf2o_laser_odometry/share/rf2o_laser_odometry/local_setup.sh
[0.262s] -- Up-to-date symlink: /home/daniel/danbot_v1_ws/install/rf2o_laser_odometry/share/rf2o_laser_odometry/local_setup.zsh
[0.263s] -- Up-to-date symlink: /home/daniel/danbot_v1_ws/install/rf2o_laser_odometry/share/rf2o_laser_odometry/local_setup.dsv
[0.264s] -- Symlinking: /home/daniel/danbot_v1_ws/install/rf2o_laser_odometry/share/rf2o_laser_odometry/package.dsv
[0.281s] -- Up-to-date symlink: /home/daniel/danbot_v1_ws/install/rf2o_laser_odometry/share/ament_index/resource_index/packages/rf2o_laser_odometry
[0.282s] -- Up-to-date symlink: /home/daniel/danbot_v1_ws/install/rf2o_laser_odometry/share/rf2o_laser_odometry/cmake/rf2o_laser_odometryConfig.cmake
[0.282s] -- Up-to-date symlink: /home/daniel/danbot_v1_ws/install/rf2o_laser_odometry/share/rf2o_laser_odometry/cmake/rf2o_laser_odometryConfig-version.cmake
[0.282s] -- Up-to-date symlink: /home/daniel/danbot_v1_ws/install/rf2o_laser_odometry/share/rf2o_laser_odometry/package.xml
[0.285s] Invoked command in '/home/daniel/danbot_v1_ws/build/rf2o_laser_odometry' returned '0': CMAKE_PREFIX_PATH=${CMAKE_PREFIX_PATH}:/opt/ros/jazzy DEBUGINFOD_URLS=https://debuginfod.ubuntu.com /usr/bin/cmake --install /home/daniel/danbot_v1_ws/build/rf2o_laser_odometry
