[1.412s] Invoking command in '/home/daniel/danbot_v1_ws/build/controlador_motores_v2': DEBUGINFOD_URLS=https://debuginfod.ubuntu.com PYTHONPATH=/home/daniel/danbot_v1_ws/build/controlador_motores_v2/prefix_override:/usr/lib/python3/dist-packages/colcon_core/task/python/colcon_distutils_commands:/home/daniel/danbot_v1_ws/install/controlador_motores_v2/lib/python3.12/site-packages:${PYTHONPATH} /usr/bin/python3 -W ignore:setup.py install is deprecated setup.py develop --editable --build-directory /home/daniel/danbot_v1_ws/build/controlador_motores_v2/build --no-deps symlink_data
[1.815s] running develop
[1.815s] /usr/lib/python3/dist-packages/setuptools/command/develop.py:40: EasyInstallDeprecationWarning: easy_install command is deprecated.
[1.815s] !!
[1.815s] 
[1.816s]         ********************************************************************************
[1.816s]         Please avoid running ``setup.py`` and ``easy_install``.
[1.816s]         Instead, use pypa/build, pypa/installer or other
[1.816s]         standards-based tools.
[1.816s] 
[1.816s]         See https://github.com/pypa/setuptools/issues/917 for details.
[1.816s]         ********************************************************************************
[1.819s] 
[1.820s] !!
[1.820s]   easy_install.initialize_options(self)
[2.060s] running egg_info
[2.084s] writing controlador_motores_v2.egg-info/PKG-INFO
[2.085s] writing dependency_links to controlador_motores_v2.egg-info/dependency_links.txt
[2.085s] writing entry points to controlador_motores_v2.egg-info/entry_points.txt
[2.085s] writing requirements to controlador_motores_v2.egg-info/requires.txt
[2.085s] writing top-level names to controlador_motores_v2.egg-info/top_level.txt
[2.135s] reading manifest file 'controlador_motores_v2.egg-info/SOURCES.txt'
[2.136s] writing manifest file 'controlador_motores_v2.egg-info/SOURCES.txt'
[2.163s] running build_ext
[2.164s] Creating /home/daniel/danbot_v1_ws/install/controlador_motores_v2/lib/python3.12/site-packages/controlador-motores-v2.egg-link (link to .)
[2.164s] Installing motor_controller script to /home/daniel/danbot_v1_ws/install/controlador_motores_v2/lib/controlador_motores_v2
[2.165s] 
[2.165s] Installed /home/daniel/danbot_v1_ws/build/controlador_motores_v2
[2.165s] running symlink_data
[2.218s] Invoked command in '/home/daniel/danbot_v1_ws/build/controlador_motores_v2' returned '0': DEBUGINFOD_URLS=https://debuginfod.ubuntu.com PYTHONPATH=/home/daniel/danbot_v1_ws/build/controlador_motores_v2/prefix_override:/usr/lib/python3/dist-packages/colcon_core/task/python/colcon_distutils_commands:/home/daniel/danbot_v1_ws/install/controlador_motores_v2/lib/python3.12/site-packages:${PYTHONPATH} /usr/bin/python3 -W ignore:setup.py install is deprecated setup.py develop --editable --build-directory /home/daniel/danbot_v1_ws/build/controlador_motores_v2/build --no-deps symlink_data
