[2.029s] Invoking command in '/home/daniel/danbot_v1_ws/build/controlador_motores_v1': DEBUGINFOD_URLS=https://debuginfod.ubuntu.com PYTHONPATH=/home/daniel/danbot_v1_ws/build/controlador_motores_v1/prefix_override:/usr/lib/python3/dist-packages/colcon_core/task/python/colcon_distutils_commands:/home/daniel/danbot_v1_ws/install/controlador_motores_v1/lib/python3.12/site-packages:${PYTHONPATH} /usr/bin/python3 -W ignore:setup.py install is deprecated setup.py develop --editable --build-directory /home/daniel/danbot_v1_ws/build/controlador_motores_v1/build --no-deps symlink_data
[2.664s] running develop
[2.664s] /usr/lib/python3/dist-packages/setuptools/command/develop.py:40: EasyInstallDeprecationWarning: easy_install command is deprecated.
[2.665s] !!
[2.665s] 
[2.665s]         ********************************************************************************
[2.665s]         Please avoid running ``setup.py`` and ``easy_install``.
[2.665s]         Instead, use pypa/build, pypa/installer or other
[2.665s]         standards-based tools.
[2.665s] 
[2.666s]         See https://github.com/pypa/setuptools/issues/917 for details.
[2.667s]         ********************************************************************************
[2.668s] 
[2.668s] !!
[2.668s]   easy_install.initialize_options(self)
[2.975s] running egg_info
[3.003s] writing controlador_motores_v1.egg-info/PKG-INFO
[3.004s] writing dependency_links to controlador_motores_v1.egg-info/dependency_links.txt
[3.004s] writing entry points to controlador_motores_v1.egg-info/entry_points.txt
[3.004s] writing requirements to controlador_motores_v1.egg-info/requires.txt
[3.004s] writing top-level names to controlador_motores_v1.egg-info/top_level.txt
[3.067s] reading manifest file 'controlador_motores_v1.egg-info/SOURCES.txt'
[3.068s] writing manifest file 'controlador_motores_v1.egg-info/SOURCES.txt'
[3.101s] running build_ext
[3.101s] Creating /home/daniel/danbot_v1_ws/install/controlador_motores_v1/lib/python3.12/site-packages/controlador-motores-v1.egg-link (link to .)
[3.102s] Installing motor_controller script to /home/daniel/danbot_v1_ws/install/controlador_motores_v1/lib/controlador_motores_v1
[3.103s] 
[3.103s] Installed /home/daniel/danbot_v1_ws/build/controlador_motores_v1
[3.103s] running symlink_data
[3.159s] Invoked command in '/home/daniel/danbot_v1_ws/build/controlador_motores_v1' returned '0': DEBUGINFOD_URLS=https://debuginfod.ubuntu.com PYTHONPATH=/home/daniel/danbot_v1_ws/build/controlador_motores_v1/prefix_override:/usr/lib/python3/dist-packages/colcon_core/task/python/colcon_distutils_commands:/home/daniel/danbot_v1_ws/install/controlador_motores_v1/lib/python3.12/site-packages:${PYTHONPATH} /usr/bin/python3 -W ignore:setup.py install is deprecated setup.py develop --editable --build-directory /home/daniel/danbot_v1_ws/build/controlador_motores_v1/build --no-deps symlink_data
