[1.994s] Invoking command in '/home/daniel/danbot_v1_ws/build/controlador_motores_v1': DEBUGINFOD_URLS=https://debuginfod.ubuntu.com PYTHONPATH=/home/daniel/danbot_v1_ws/build/controlador_motores_v1/prefix_override:/usr/lib/python3/dist-packages/colcon_core/task/python/colcon_distutils_commands:/home/daniel/danbot_v1_ws/install/controlador_motores_v1/lib/python3.12/site-packages:${PYTHONPATH} /usr/bin/python3 -W ignore:setup.py install is deprecated setup.py develop --editable --build-directory /home/daniel/danbot_v1_ws/build/controlador_motores_v1/build --no-deps symlink_data
[2.577s] running develop
[2.581s] /usr/lib/python3/dist-packages/setuptools/command/develop.py:40: EasyInstallDeprecationWarning: easy_install command is deprecated.
[2.581s] !!
[2.581s] 
[2.581s]         ********************************************************************************
[2.581s]         Please avoid running ``setup.py`` and ``easy_install``.
[2.581s]         Instead, use pypa/build, pypa/installer or other
[2.581s]         standards-based tools.
[2.582s] 
[2.582s]         See https://github.com/pypa/setuptools/issues/917 for details.
[2.582s]         ********************************************************************************
[2.582s] 
[2.582s] !!
[2.582s]   easy_install.initialize_options(self)
[3.147s] running egg_info
[3.215s] writing controlador_motores_v1.egg-info/PKG-INFO
[3.215s] writing dependency_links to controlador_motores_v1.egg-info/dependency_links.txt
[3.216s] writing entry points to controlador_motores_v1.egg-info/entry_points.txt
[3.216s] writing requirements to controlador_motores_v1.egg-info/requires.txt
[3.216s] writing top-level names to controlador_motores_v1.egg-info/top_level.txt
[3.289s] reading manifest file 'controlador_motores_v1.egg-info/SOURCES.txt'
[3.291s] writing manifest file 'controlador_motores_v1.egg-info/SOURCES.txt'
[3.325s] running build_ext
[3.326s] Creating /home/daniel/danbot_v1_ws/install/controlador_motores_v1/lib/python3.12/site-packages/controlador-motores-v1.egg-link (link to .)
[3.329s] Installing motor_controller script to /home/daniel/danbot_v1_ws/install/controlador_motores_v1/lib/controlador_motores_v1
[3.330s] 
[3.330s] Installed /home/daniel/danbot_v1_ws/build/controlador_motores_v1
[3.330s] running symlink_data
[3.402s] Invoked command in '/home/daniel/danbot_v1_ws/build/controlador_motores_v1' returned '0': DEBUGINFOD_URLS=https://debuginfod.ubuntu.com PYTHONPATH=/home/daniel/danbot_v1_ws/build/controlador_motores_v1/prefix_override:/usr/lib/python3/dist-packages/colcon_core/task/python/colcon_distutils_commands:/home/daniel/danbot_v1_ws/install/controlador_motores_v1/lib/python3.12/site-packages:${PYTHONPATH} /usr/bin/python3 -W ignore:setup.py install is deprecated setup.py develop --editable --build-directory /home/daniel/danbot_v1_ws/build/controlador_motores_v1/build --no-deps symlink_data
